<?xml version="1.0" encoding="UTF-8"?>
<testsuite xmlns:xsi="http://www.w3.org/2001/XMLSchema-instance" xsi:noNamespaceSchemaLocation="https://maven.apache.org/surefire/maven-surefire-plugin/xsd/surefire-test-report.xsd" name="uk.ac.ed.inf.OrderValidatorTest" time="1.739" tests="3500" errors="0" skipped="0" failures="1">
  <properties>
    <property name="java.specification.version" value="18"/>
    <property name="sun.jnu.encoding" value="UTF-8"/>
    <property name="java.class.path" value="/Users/felixhoare/ComputerScience/YearThree/ILP/ilp/target/test-classes:/Users/felixhoare/ComputerScience/YearThree/ILP/ilp/target/classes:/Users/felixhoare/.m2/repository/junit/junit/4.11/junit-4.11.jar:/Users/felixhoare/.m2/repository/org/hamcrest/hamcrest-core/1.3/hamcrest-core-1.3.jar:/Users/felixhoare/.m2/repository/org/junit/jupiter/junit-jupiter/5.10.1/junit-jupiter-5.10.1.jar:/Users/felixhoare/.m2/repository/org/junit/jupiter/junit-jupiter-api/5.10.1/junit-jupiter-api-5.10.1.jar:/Users/felixhoare/.m2/repository/org/opentest4j/opentest4j/1.3.0/opentest4j-1.3.0.jar:/Users/felixhoare/.m2/repository/org/junit/platform/junit-platform-commons/1.10.1/junit-platform-commons-1.10.1.jar:/Users/felixhoare/.m2/repository/org/apiguardian/apiguardian-api/1.1.2/apiguardian-api-1.1.2.jar:/Users/felixhoare/.m2/repository/org/junit/jupiter/junit-jupiter-params/5.10.1/junit-jupiter-params-5.10.1.jar:/Users/felixhoare/.m2/repository/org/junit/jupiter/junit-jupiter-engine/5.10.1/junit-jupiter-engine-5.10.1.jar:/Users/felixhoare/.m2/repository/org/junit/platform/junit-platform-engine/1.10.1/junit-platform-engine-1.10.1.jar:/Users/felixhoare/.m2/repository/com/fasterxml/jackson/core/jackson-core/2.15.2/jackson-core-2.15.2.jar:/Users/felixhoare/.m2/repository/com/fasterxml/jackson/core/jackson-databind/2.15.2/jackson-databind-2.15.2.jar:/Users/felixhoare/.m2/repository/com/fasterxml/jackson/core/jackson-annotations/2.15.2/jackson-annotations-2.15.2.jar:/Users/felixhoare/.m2/repository/com/fasterxml/jackson/datatype/jackson-datatype-jsr310/2.15.2/jackson-datatype-jsr310-2.15.2.jar:/Users/felixhoare/.m2/repository/org/json/json/20230618/json-20230618.jar:/Users/felixhoare/ComputerScience/YearThree/ILP/ilp/libraries/IlpDataObjects.jar:"/>
    <property name="java.vm.vendor" value="Oracle Corporation"/>
    <property name="sun.arch.data.model" value="64"/>
    <property name="java.vendor.url" value="https://java.oracle.com/"/>
    <property name="os.name" value="Mac OS X"/>
    <property name="java.vm.specification.version" value="18"/>
    <property name="sun.java.launcher" value="SUN_STANDARD"/>
    <property name="user.country" value="GB"/>
    <property name="sun.boot.library.path" value="/Library/Java/JavaVirtualMachines/jdk-18.0.2.1.jdk/Contents/Home/lib"/>
    <property name="sun.java.command" value="/Users/felixhoare/ComputerScience/YearThree/ILP/ilp/target/surefire/surefirebooter13979229578906535305.jar /Users/felixhoare/ComputerScience/YearThree/ILP/ilp/target/surefire 2023-11-30T14-23-41_971-jvmRun1 surefire6389778835590675582tmp surefire_05205686530928275071tmp"/>
    <property name="http.nonProxyHosts" value="local|*.local|169.254/16|*.169.254/16"/>
    <property name="jdk.debug" value="release"/>
    <property name="surefire.test.class.path" value="/Users/felixhoare/ComputerScience/YearThree/ILP/ilp/target/test-classes:/Users/felixhoare/ComputerScience/YearThree/ILP/ilp/target/classes:/Users/felixhoare/.m2/repository/junit/junit/4.11/junit-4.11.jar:/Users/felixhoare/.m2/repository/org/hamcrest/hamcrest-core/1.3/hamcrest-core-1.3.jar:/Users/felixhoare/.m2/repository/org/junit/jupiter/junit-jupiter/5.10.1/junit-jupiter-5.10.1.jar:/Users/felixhoare/.m2/repository/org/junit/jupiter/junit-jupiter-api/5.10.1/junit-jupiter-api-5.10.1.jar:/Users/felixhoare/.m2/repository/org/opentest4j/opentest4j/1.3.0/opentest4j-1.3.0.jar:/Users/felixhoare/.m2/repository/org/junit/platform/junit-platform-commons/1.10.1/junit-platform-commons-1.10.1.jar:/Users/felixhoare/.m2/repository/org/apiguardian/apiguardian-api/1.1.2/apiguardian-api-1.1.2.jar:/Users/felixhoare/.m2/repository/org/junit/jupiter/junit-jupiter-params/5.10.1/junit-jupiter-params-5.10.1.jar:/Users/felixhoare/.m2/repository/org/junit/jupiter/junit-jupiter-engine/5.10.1/junit-jupiter-engine-5.10.1.jar:/Users/felixhoare/.m2/repository/org/junit/platform/junit-platform-engine/1.10.1/junit-platform-engine-1.10.1.jar:/Users/felixhoare/.m2/repository/com/fasterxml/jackson/core/jackson-core/2.15.2/jackson-core-2.15.2.jar:/Users/felixhoare/.m2/repository/com/fasterxml/jackson/core/jackson-databind/2.15.2/jackson-databind-2.15.2.jar:/Users/felixhoare/.m2/repository/com/fasterxml/jackson/core/jackson-annotations/2.15.2/jackson-annotations-2.15.2.jar:/Users/felixhoare/.m2/repository/com/fasterxml/jackson/datatype/jackson-datatype-jsr310/2.15.2/jackson-datatype-jsr310-2.15.2.jar:/Users/felixhoare/.m2/repository/org/json/json/20230618/json-20230618.jar:/Users/felixhoare/ComputerScience/YearThree/ILP/ilp/libraries/IlpDataObjects.jar:"/>
    <property name="sun.cpu.endian" value="little"/>
    <property name="user.home" value="/Users/felixhoare"/>
    <property name="user.language" value="en"/>
    <property name="java.specification.vendor" value="Oracle Corporation"/>
    <property name="java.version.date" value="2022-08-18"/>
    <property name="java.home" value="/Library/Java/JavaVirtualMachines/jdk-18.0.2.1.jdk/Contents/Home"/>
    <property name="file.separator" value="/"/>
    <property name="basedir" value="/Users/felixhoare/ComputerScience/YearThree/ILP/ilp"/>
    <property name="java.vm.compressedOopsMode" value="Zero based"/>
    <property name="line.separator" value="&#10;"/>
    <property name="java.vm.specification.vendor" value="Oracle Corporation"/>
    <property name="java.specification.name" value="Java Platform API Specification"/>
    <property name="apple.awt.application.name" value="ForkedBooter"/>
    <property name="surefire.real.class.path" value="/Users/felixhoare/ComputerScience/YearThree/ILP/ilp/target/surefire/surefirebooter13979229578906535305.jar"/>
    <property name="sun.management.compiler" value="HotSpot 64-Bit Tiered Compilers"/>
    <property name="ftp.nonProxyHosts" value="local|*.local|169.254/16|*.169.254/16"/>
    <property name="java.runtime.version" value="18.0.2.1+1-1"/>
    <property name="user.name" value="felixhoare"/>
    <property name="path.separator" value=":"/>
    <property name="os.version" value="13.5"/>
    <property name="java.runtime.name" value="Java(TM) SE Runtime Environment"/>
    <property name="file.encoding" value="UTF-8"/>
    <property name="java.vm.name" value="Java HotSpot(TM) 64-Bit Server VM"/>
    <property name="localRepository" value="/Users/felixhoare/.m2/repository"/>
    <property name="java.vendor.url.bug" value="https://bugreport.java.com/bugreport/"/>
    <property name="java.io.tmpdir" value="/var/folders/z9/cm7sm3g127n68j1yhvddfqjc0000gn/T/"/>
    <property name="idea.version" value="2021.3.2"/>
    <property name="java.version" value="18.0.2.1"/>
    <property name="user.dir" value="/Users/felixhoare/ComputerScience/YearThree/ILP/ilp"/>
    <property name="os.arch" value="x86_64"/>
    <property name="java.vm.specification.name" value="Java Virtual Machine Specification"/>
    <property name="native.encoding" value="UTF-8"/>
    <property name="java.library.path" value="/Users/felixhoare/Library/Java/Extensions:/Library/Java/Extensions:/Network/Library/Java/Extensions:/System/Library/Java/Extensions:/usr/lib/java:."/>
    <property name="java.vm.info" value="mixed mode, sharing"/>
    <property name="java.vendor" value="Oracle Corporation"/>
    <property name="java.vm.version" value="18.0.2.1+1-1"/>
    <property name="sun.io.unicode.encoding" value="UnicodeBig"/>
    <property name="socksNonProxyHosts" value="local|*.local|169.254/16|*.169.254/16"/>
    <property name="java.class.version" value="62.0"/>
  </properties>
  <testcase name="testCreditCardNumber16Characters[1]" classname="uk.ac.ed.inf.OrderValidatorTest" time="0.038"/>
  <testcase name="testCreditCardNumber16Characters[2]" classname="uk.ac.ed.inf.OrderValidatorTest" time="0.001"/>
  <testcase name="testCreditCardNumber16Characters[3]" classname="uk.ac.ed.inf.OrderValidatorTest" time="0.001"/>
  <testcase name="testCreditCardNumber16Characters[4]" classname="uk.ac.ed.inf.OrderValidatorTest" time="0.001"/>
  <testcase name="testCreditCardNumber16Characters[5]" classname="uk.ac.ed.inf.OrderValidatorTest" time="0.001"/>
  <testcase name="testCreditCardNumber16Characters[6]" classname="uk.ac.ed.inf.OrderValidatorTest" time="0.001"/>
  <testcase name="testCreditCardNumber16Characters[7]" classname="uk.ac.ed.inf.OrderValidatorTest" time="0.001"/>
  <testcase name="testCreditCardNumber16Characters[8]" classname="uk.ac.ed.inf.OrderValidatorTest" time="0.001"/>
  <testcase name="testCreditCardNumber16Characters[9]" classname="uk.ac.ed.inf.OrderValidatorTest" time="0.001"/>
  <testcase name="testCreditCardNumber16Characters[10]" classname="uk.ac.ed.inf.OrderValidatorTest" time="0.001"/>
  <testcase name="testCreditCardNumber16Characters[11]" classname="uk.ac.ed.inf.OrderValidatorTest" time="0"/>
  <testcase name="testCreditCardNumber16Characters[12]" classname="uk.ac.ed.inf.OrderValidatorTest" time="0.001"/>
  <testcase name="testCreditCardNumber16Characters[13]" classname="uk.ac.ed.inf.OrderValidatorTest" time="0.001"/>
  <testcase name="testCreditCardNumber16Characters[14]" classname="uk.ac.ed.inf.OrderValidatorTest" time="0.001"/>
  <testcase name="testCreditCardNumber16Characters[15]" classname="uk.ac.ed.inf.OrderValidatorTest" time="0.001"/>
  <testcase name="testCreditCardNumber16Characters[16]" classname="uk.ac.ed.inf.OrderValidatorTest" time="0.001"/>
  <testcase name="testCreditCardNumber16Characters[17]" classname="uk.ac.ed.inf.OrderValidatorTest" time="0.001"/>
  <testcase name="testCreditCardNumber16Characters[18]" classname="uk.ac.ed.inf.OrderValidatorTest" time="0"/>
  <testcase name="testCreditCardNumber16Characters[19]" classname="uk.ac.ed.inf.OrderValidatorTest" time="0"/>
  <testcase name="testCreditCardNumber16Characters[20]" classname="uk.ac.ed.inf.OrderValidatorTest" time="0.001"/>
  <testcase name="testCreditCardNumber16Characters[21]" classname="uk.ac.ed.inf.OrderValidatorTest" time="0.001"/>
  <testcase name="testCreditCardNumber16Characters[22]" classname="uk.ac.ed.inf.OrderValidatorTest" time="0.001"/>
  <testcase name="testCreditCardNumber16Characters[23]" classname="uk.ac.ed.inf.OrderValidatorTest" time="0"/>
  <testcase name="testCreditCardNumber16Characters[24]" classname="uk.ac.ed.inf.OrderValidatorTest" time="0.001"/>
  <testcase name="testCreditCardNumber16Characters[25]" classname="uk.ac.ed.inf.OrderValidatorTest" time="0.001"/>
  <testcase name="testCreditCardNumber16Characters[26]" classname="uk.ac.ed.inf.OrderValidatorTest" time="0.001"/>
  <testcase name="testCreditCardNumber16Characters[27]" classname="uk.ac.ed.inf.OrderValidatorTest" time="0.001"/>
  <testcase name="testCreditCardNumber16Characters[28]" classname="uk.ac.ed.inf.OrderValidatorTest" time="0"/>
  <testcase name="testCreditCardNumber16Characters[29]" classname="uk.ac.ed.inf.OrderValidatorTest" time="0.001"/>
  <testcase name="testCreditCardNumber16Characters[30]" classname="uk.ac.ed.inf.OrderValidatorTest" time="0.001"/>
  <testcase name="testCreditCardNumber16Characters[31]" classname="uk.ac.ed.inf.OrderValidatorTest" time="0"/>
  <testcase name="testCreditCardNumber16Characters[32]" classname="uk.ac.ed.inf.OrderValidatorTest" time="0"/>
  <testcase name="testCreditCardNumber16Characters[33]" classname="uk.ac.ed.inf.OrderValidatorTest" time="0.001"/>
  <testcase name="testCreditCardNumber16Characters[34]" classname="uk.ac.ed.inf.OrderValidatorTest" time="0.001"/>
  <testcase name="testCreditCardNumber16Characters[35]" classname="uk.ac.ed.inf.OrderValidatorTest" time="0"/>
  <testcase name="testCreditCardNumber16Characters[36]" classname="uk.ac.ed.inf.OrderValidatorTest" time="0.001"/>
  <testcase name="testCreditCardNumber16Characters[37]" classname="uk.ac.ed.inf.OrderValidatorTest" time="0"/>
  <testcase name="testCreditCardNumber16Characters[38]" classname="uk.ac.ed.inf.OrderValidatorTest" time="0.001"/>
  <testcase name="testCreditCardNumber16Characters[39]" classname="uk.ac.ed.inf.OrderValidatorTest" time="0.001"/>
  <testcase name="testCreditCardNumber16Characters[40]" classname="uk.ac.ed.inf.OrderValidatorTest" time="0"/>
  <testcase name="testCreditCardNumber16Characters[41]" classname="uk.ac.ed.inf.OrderValidatorTest" time="0.001"/>
  <testcase name="testCreditCardNumber16Characters[42]" classname="uk.ac.ed.inf.OrderValidatorTest" time="0.001"/>
  <testcase name="testCreditCardNumber16Characters[43]" classname="uk.ac.ed.inf.OrderValidatorTest" time="0"/>
  <testcase name="testCreditCardNumber16Characters[44]" classname="uk.ac.ed.inf.OrderValidatorTest" time="0.001"/>
  <testcase name="testCreditCardNumber16Characters[45]" classname="uk.ac.ed.inf.OrderValidatorTest" time="0.001"/>
  <testcase name="testCreditCardNumber16Characters[46]" classname="uk.ac.ed.inf.OrderValidatorTest" time="0"/>
  <testcase name="testCreditCardNumber16Characters[47]" classname="uk.ac.ed.inf.OrderValidatorTest" time="0.001"/>
  <testcase name="testCreditCardNumber16Characters[48]" classname="uk.ac.ed.inf.OrderValidatorTest" time="0"/>
  <testcase name="testCreditCardNumber16Characters[49]" classname="uk.ac.ed.inf.OrderValidatorTest" time="0.001"/>
  <testcase name="testCreditCardNumber16Characters[50]" classname="uk.ac.ed.inf.OrderValidatorTest" time="0.001"/>
  <testcase name="testCreditCardNumber16Characters[51]" classname="uk.ac.ed.inf.OrderValidatorTest" time="0.001"/>
  <testcase name="testCreditCardNumber16Characters[52]" classname="uk.ac.ed.inf.OrderValidatorTest" time="0.001"/>
  <testcase name="testCreditCardNumber16Characters[53]" classname="uk.ac.ed.inf.OrderValidatorTest" time="0"/>
  <testcase name="testCreditCardNumber16Characters[54]" classname="uk.ac.ed.inf.OrderValidatorTest" time="0.001"/>
  <testcase name="testCreditCardNumber16Characters[55]" classname="uk.ac.ed.inf.OrderValidatorTest" time="0"/>
  <testcase name="testCreditCardNumber16Characters[56]" classname="uk.ac.ed.inf.OrderValidatorTest" time="0.001"/>
  <testcase name="testCreditCardNumber16Characters[57]" classname="uk.ac.ed.inf.OrderValidatorTest" time="0"/>
  <testcase name="testCreditCardNumber16Characters[58]" classname="uk.ac.ed.inf.OrderValidatorTest" time="0.001"/>
  <testcase name="testCreditCardNumber16Characters[59]" classname="uk.ac.ed.inf.OrderValidatorTest" time="0.001"/>
  <testcase name="testCreditCardNumber16Characters[60]" classname="uk.ac.ed.inf.OrderValidatorTest" time="0"/>
  <testcase name="testCreditCardNumber16Characters[61]" classname="uk.ac.ed.inf.OrderValidatorTest" time="0.001"/>
  <testcase name="testCreditCardNumber16Characters[62]" classname="uk.ac.ed.inf.OrderValidatorTest" time="0.001"/>
  <testcase name="testCreditCardNumber16Characters[63]" classname="uk.ac.ed.inf.OrderValidatorTest" time="0"/>
  <testcase name="testCreditCardNumber16Characters[64]" classname="uk.ac.ed.inf.OrderValidatorTest" time="0.001"/>
  <testcase name="testCreditCardNumber16Characters[65]" classname="uk.ac.ed.inf.OrderValidatorTest" time="0"/>
  <testcase name="testCreditCardNumber16Characters[66]" classname="uk.ac.ed.inf.OrderValidatorTest" time="0"/>
  <testcase name="testCreditCardNumber16Characters[67]" classname="uk.ac.ed.inf.OrderValidatorTest" time="0.001"/>
  <testcase name="testCreditCardNumber16Characters[68]" classname="uk.ac.ed.inf.OrderValidatorTest" time="0"/>
  <testcase name="testCreditCardNumber16Characters[69]" classname="uk.ac.ed.inf.OrderValidatorTest" time="0.001"/>
  <testcase name="testCreditCardNumber16Characters[70]" classname="uk.ac.ed.inf.OrderValidatorTest" time="0.001"/>
  <testcase name="testCreditCardNumber16Characters[71]" classname="uk.ac.ed.inf.OrderValidatorTest" time="0"/>
  <testcase name="testCreditCardNumber16Characters[72]" classname="uk.ac.ed.inf.OrderValidatorTest" time="0.001"/>
  <testcase name="testCreditCardNumber16Characters[73]" classname="uk.ac.ed.inf.OrderValidatorTest" time="0"/>
  <testcase name="testCreditCardNumber16Characters[74]" classname="uk.ac.ed.inf.OrderValidatorTest" time="0"/>
  <testcase name="testCreditCardNumber16Characters[75]" classname="uk.ac.ed.inf.OrderValidatorTest" time="0"/>
  <testcase name="testCreditCardNumber16Characters[76]" classname="uk.ac.ed.inf.OrderValidatorTest" time="0"/>
  <testcase name="testCreditCardNumber16Characters[77]" classname="uk.ac.ed.inf.OrderValidatorTest" time="0.001"/>
  <testcase name="testCreditCardNumber16Characters[78]" classname="uk.ac.ed.inf.OrderValidatorTest" time="0"/>
  <testcase name="testCreditCardNumber16Characters[79]" classname="uk.ac.ed.inf.OrderValidatorTest" time="0.001"/>
  <testcase name="testCreditCardNumber16Characters[80]" classname="uk.ac.ed.inf.OrderValidatorTest" time="0.001"/>
  <testcase name="testCreditCardNumber16Characters[81]" classname="uk.ac.ed.inf.OrderValidatorTest" time="0"/>
  <testcase name="testCreditCardNumber16Characters[82]" classname="uk.ac.ed.inf.OrderValidatorTest" time="0.001"/>
  <testcase name="testCreditCardNumber16Characters[83]" classname="uk.ac.ed.inf.OrderValidatorTest" time="0.001"/>
  <testcase name="testCreditCardNumber16Characters[84]" classname="uk.ac.ed.inf.OrderValidatorTest" time="0"/>
  <testcase name="testCreditCardNumber16Characters[85]" classname="uk.ac.ed.inf.OrderValidatorTest" time="0.001"/>
  <testcase name="testCreditCardNumber16Characters[86]" classname="uk.ac.ed.inf.OrderValidatorTest" time="0"/>
  <testcase name="testCreditCardNumber16Characters[87]" classname="uk.ac.ed.inf.OrderValidatorTest" time="0.001"/>
  <testcase name="testCreditCardNumber16Characters[88]" classname="uk.ac.ed.inf.OrderValidatorTest" time="0.001"/>
  <testcase name="testCreditCardNumber16Characters[89]" classname="uk.ac.ed.inf.OrderValidatorTest" time="0"/>
  <testcase name="testCreditCardNumber16Characters[90]" classname="uk.ac.ed.inf.OrderValidatorTest" time="0.001"/>
  <testcase name="testCreditCardNumber16Characters[91]" classname="uk.ac.ed.inf.OrderValidatorTest" time="0.001"/>
  <testcase name="testCreditCardNumber16Characters[92]" classname="uk.ac.ed.inf.OrderValidatorTest" time="0"/>
  <testcase name="testCreditCardNumber16Characters[93]" classname="uk.ac.ed.inf.OrderValidatorTest" time="0.001"/>
  <testcase name="testCreditCardNumber16Characters[94]" classname="uk.ac.ed.inf.OrderValidatorTest" time="0"/>
  <testcase name="testCreditCardNumber16Characters[95]" classname="uk.ac.ed.inf.OrderValidatorTest" time="0.001"/>
  <testcase name="testCreditCardNumber16Characters[96]" classname="uk.ac.ed.inf.OrderValidatorTest" time="0"/>
  <testcase name="testCreditCardNumber16Characters[97]" classname="uk.ac.ed.inf.OrderValidatorTest" time="0.001"/>
  <testcase name="testCreditCardNumber16Characters[98]" classname="uk.ac.ed.inf.OrderValidatorTest" time="0"/>
  <testcase name="testCreditCardNumber16Characters[99]" classname="uk.ac.ed.inf.OrderValidatorTest" time="0.001"/>
  <testcase name="testCreditCardNumber16Characters[100]" classname="uk.ac.ed.inf.OrderValidatorTest" time="0"/>
  <testcase name="testPizzaInSecondRestaurant[1]" classname="uk.ac.ed.inf.OrderValidatorTest" time="0.014"/>
  <testcase name="testPizzaInSecondRestaurant[2]" classname="uk.ac.ed.inf.OrderValidatorTest" time="0"/>
  <testcase name="testPizzaInSecondRestaurant[3]" classname="uk.ac.ed.inf.OrderValidatorTest" time="0"/>
  <testcase name="testPizzaInSecondRestaurant[4]" classname="uk.ac.ed.inf.OrderValidatorTest" time="0.001"/>
  <testcase name="testPizzaInSecondRestaurant[5]" classname="uk.ac.ed.inf.OrderValidatorTest" time="0"/>
  <testcase name="testPizzaInSecondRestaurant[6]" classname="uk.ac.ed.inf.OrderValidatorTest" time="0.001"/>
  <testcase name="testPizzaInSecondRestaurant[7]" classname="uk.ac.ed.inf.OrderValidatorTest" time="0.001"/>
  <testcase name="testPizzaInSecondRestaurant[8]" classname="uk.ac.ed.inf.OrderValidatorTest" time="0.001"/>
  <testcase name="testPizzaInSecondRestaurant[9]" classname="uk.ac.ed.inf.OrderValidatorTest" time="0"/>
  <testcase name="testPizzaInSecondRestaurant[10]" classname="uk.ac.ed.inf.OrderValidatorTest" time="0.001"/>
  <testcase name="testPizzaInSecondRestaurant[11]" classname="uk.ac.ed.inf.OrderValidatorTest" time="0.001"/>
  <testcase name="testPizzaInSecondRestaurant[12]" classname="uk.ac.ed.inf.OrderValidatorTest" time="0.001"/>
  <testcase name="testPizzaInSecondRestaurant[13]" classname="uk.ac.ed.inf.OrderValidatorTest" time="0"/>
  <testcase name="testPizzaInSecondRestaurant[14]" classname="uk.ac.ed.inf.OrderValidatorTest" time="0.001"/>
  <testcase name="testPizzaInSecondRestaurant[15]" classname="uk.ac.ed.inf.OrderValidatorTest" time="0.001"/>
  <testcase name="testPizzaInSecondRestaurant[16]" classname="uk.ac.ed.inf.OrderValidatorTest" time="0"/>
  <testcase name="testPizzaInSecondRestaurant[17]" classname="uk.ac.ed.inf.OrderValidatorTest" time="0.001"/>
  <testcase name="testPizzaInSecondRestaurant[18]" classname="uk.ac.ed.inf.OrderValidatorTest" time="0"/>
  <testcase name="testPizzaInSecondRestaurant[19]" classname="uk.ac.ed.inf.OrderValidatorTest" time="0.001"/>
  <testcase name="testPizzaInSecondRestaurant[20]" classname="uk.ac.ed.inf.OrderValidatorTest" time="0.001"/>
  <testcase name="testPizzaInSecondRestaurant[21]" classname="uk.ac.ed.inf.OrderValidatorTest" time="0"/>
  <testcase name="testPizzaInSecondRestaurant[22]" classname="uk.ac.ed.inf.OrderValidatorTest" time="0.001"/>
  <testcase name="testPizzaInSecondRestaurant[23]" classname="uk.ac.ed.inf.OrderValidatorTest" time="0.001"/>
  <testcase name="testPizzaInSecondRestaurant[24]" classname="uk.ac.ed.inf.OrderValidatorTest" time="0"/>
  <testcase name="testPizzaInSecondRestaurant[25]" classname="uk.ac.ed.inf.OrderValidatorTest" time="0.001"/>
  <testcase name="testPizzaInSecondRestaurant[26]" classname="uk.ac.ed.inf.OrderValidatorTest" time="0.001"/>
  <testcase name="testPizzaInSecondRestaurant[27]" classname="uk.ac.ed.inf.OrderValidatorTest" time="0.001"/>
  <testcase name="testPizzaInSecondRestaurant[28]" classname="uk.ac.ed.inf.OrderValidatorTest" time="0"/>
  <testcase name="testPizzaInSecondRestaurant[29]" classname="uk.ac.ed.inf.OrderValidatorTest" time="0.001"/>
  <testcase name="testPizzaInSecondRestaurant[30]" classname="uk.ac.ed.inf.OrderValidatorTest" time="0.001"/>
  <testcase name="testPizzaInSecondRestaurant[31]" classname="uk.ac.ed.inf.OrderValidatorTest" time="0"/>
  <testcase name="testPizzaInSecondRestaurant[32]" classname="uk.ac.ed.inf.OrderValidatorTest" time="0.001"/>
  <testcase name="testPizzaInSecondRestaurant[33]" classname="uk.ac.ed.inf.OrderValidatorTest" time="0"/>
  <testcase name="testPizzaInSecondRestaurant[34]" classname="uk.ac.ed.inf.OrderValidatorTest" time="0.001"/>
  <testcase name="testPizzaInSecondRestaurant[35]" classname="uk.ac.ed.inf.OrderValidatorTest" time="0"/>
  <testcase name="testPizzaInSecondRestaurant[36]" classname="uk.ac.ed.inf.OrderValidatorTest" time="0.001"/>
  <testcase name="testPizzaInSecondRestaurant[37]" classname="uk.ac.ed.inf.OrderValidatorTest" time="0.001"/>
  <testcase name="testPizzaInSecondRestaurant[38]" classname="uk.ac.ed.inf.OrderValidatorTest" time="0"/>
  <testcase name="testPizzaInSecondRestaurant[39]" classname="uk.ac.ed.inf.OrderValidatorTest" time="0.001"/>
  <testcase name="testPizzaInSecondRestaurant[40]" classname="uk.ac.ed.inf.OrderValidatorTest" time="0"/>
  <testcase name="testPizzaInSecondRestaurant[41]" classname="uk.ac.ed.inf.OrderValidatorTest" time="0.001"/>
  <testcase name="testPizzaInSecondRestaurant[42]" classname="uk.ac.ed.inf.OrderValidatorTest" time="0"/>
  <testcase name="testPizzaInSecondRestaurant[43]" classname="uk.ac.ed.inf.OrderValidatorTest" time="0.001"/>
  <testcase name="testPizzaInSecondRestaurant[44]" classname="uk.ac.ed.inf.OrderValidatorTest" time="0"/>
  <testcase name="testPizzaInSecondRestaurant[45]" classname="uk.ac.ed.inf.OrderValidatorTest" time="0.001"/>
  <testcase name="testPizzaInSecondRestaurant[46]" classname="uk.ac.ed.inf.OrderValidatorTest" time="0.001"/>
  <testcase name="testPizzaInSecondRestaurant[47]" classname="uk.ac.ed.inf.OrderValidatorTest" time="0"/>
  <testcase name="testPizzaInSecondRestaurant[48]" classname="uk.ac.ed.inf.OrderValidatorTest" time="0.001"/>
  <testcase name="testPizzaInSecondRestaurant[49]" classname="uk.ac.ed.inf.OrderValidatorTest" time="0.001"/>
  <testcase name="testPizzaInSecondRestaurant[50]" classname="uk.ac.ed.inf.OrderValidatorTest" time="0"/>
  <testcase name="testPizzaInSecondRestaurant[51]" classname="uk.ac.ed.inf.OrderValidatorTest" time="0.001"/>
  <testcase name="testPizzaInSecondRestaurant[52]" classname="uk.ac.ed.inf.OrderValidatorTest" time="0"/>
  <testcase name="testPizzaInSecondRestaurant[53]" classname="uk.ac.ed.inf.OrderValidatorTest" time="0.001"/>
  <testcase name="testPizzaInSecondRestaurant[54]" classname="uk.ac.ed.inf.OrderValidatorTest" time="0"/>
  <testcase name="testPizzaInSecondRestaurant[55]" classname="uk.ac.ed.inf.OrderValidatorTest" time="0.001"/>
  <testcase name="testPizzaInSecondRestaurant[56]" classname="uk.ac.ed.inf.OrderValidatorTest" time="0"/>
  <testcase name="testPizzaInSecondRestaurant[57]" classname="uk.ac.ed.inf.OrderValidatorTest" time="0.001"/>
  <testcase name="testPizzaInSecondRestaurant[58]" classname="uk.ac.ed.inf.OrderValidatorTest" time="0.001"/>
  <testcase name="testPizzaInSecondRestaurant[59]" classname="uk.ac.ed.inf.OrderValidatorTest" time="0"/>
  <testcase name="testPizzaInSecondRestaurant[60]" classname="uk.ac.ed.inf.OrderValidatorTest" time="0.001"/>
  <testcase name="testPizzaInSecondRestaurant[61]" classname="uk.ac.ed.inf.OrderValidatorTest" time="0.001"/>
  <testcase name="testPizzaInSecondRestaurant[62]" classname="uk.ac.ed.inf.OrderValidatorTest" time="0"/>
  <testcase name="testPizzaInSecondRestaurant[63]" classname="uk.ac.ed.inf.OrderValidatorTest" time="0.001"/>
  <testcase name="testPizzaInSecondRestaurant[64]" classname="uk.ac.ed.inf.OrderValidatorTest" time="0"/>
  <testcase name="testPizzaInSecondRestaurant[65]" classname="uk.ac.ed.inf.OrderValidatorTest" time="0.001"/>
  <testcase name="testPizzaInSecondRestaurant[66]" classname="uk.ac.ed.inf.OrderValidatorTest" time="0.001"/>
  <testcase name="testPizzaInSecondRestaurant[67]" classname="uk.ac.ed.inf.OrderValidatorTest" time="0"/>
  <testcase name="testPizzaInSecondRestaurant[68]" classname="uk.ac.ed.inf.OrderValidatorTest" time="0.001"/>
  <testcase name="testPizzaInSecondRestaurant[69]" classname="uk.ac.ed.inf.OrderValidatorTest" time="0"/>
  <testcase name="testPizzaInSecondRestaurant[70]" classname="uk.ac.ed.inf.OrderValidatorTest" time="0.001"/>
  <testcase name="testPizzaInSecondRestaurant[71]" classname="uk.ac.ed.inf.OrderValidatorTest" time="0.001"/>
  <testcase name="testPizzaInSecondRestaurant[72]" classname="uk.ac.ed.inf.OrderValidatorTest" time="0"/>
  <testcase name="testPizzaInSecondRestaurant[73]" classname="uk.ac.ed.inf.OrderValidatorTest" time="0.001"/>
  <testcase name="testPizzaInSecondRestaurant[74]" classname="uk.ac.ed.inf.OrderValidatorTest" time="0"/>
  <testcase name="testPizzaInSecondRestaurant[75]" classname="uk.ac.ed.inf.OrderValidatorTest" time="0.001"/>
  <testcase name="testPizzaInSecondRestaurant[76]" classname="uk.ac.ed.inf.OrderValidatorTest" time="0"/>
  <testcase name="testPizzaInSecondRestaurant[77]" classname="uk.ac.ed.inf.OrderValidatorTest" time="0.001"/>
  <testcase name="testPizzaInSecondRestaurant[78]" classname="uk.ac.ed.inf.OrderValidatorTest" time="0"/>
  <testcase name="testPizzaInSecondRestaurant[79]" classname="uk.ac.ed.inf.OrderValidatorTest" time="0.001"/>
  <testcase name="testPizzaInSecondRestaurant[80]" classname="uk.ac.ed.inf.OrderValidatorTest" time="0.001"/>
  <testcase name="testPizzaInSecondRestaurant[81]" classname="uk.ac.ed.inf.OrderValidatorTest" time="0"/>
  <testcase name="testPizzaInSecondRestaurant[82]" classname="uk.ac.ed.inf.OrderValidatorTest" time="0.001"/>
  <testcase name="testPizzaInSecondRestaurant[83]" classname="uk.ac.ed.inf.OrderValidatorTest" time="0"/>
  <testcase name="testPizzaInSecondRestaurant[84]" classname="uk.ac.ed.inf.OrderValidatorTest" time="0.001"/>
  <testcase name="testPizzaInSecondRestaurant[85]" classname="uk.ac.ed.inf.OrderValidatorTest" time="0"/>
  <testcase name="testPizzaInSecondRestaurant[86]" classname="uk.ac.ed.inf.OrderValidatorTest" time="0.001"/>
  <testcase name="testPizzaInSecondRestaurant[87]" classname="uk.ac.ed.inf.OrderValidatorTest" time="0.001"/>
  <testcase name="testPizzaInSecondRestaurant[88]" classname="uk.ac.ed.inf.OrderValidatorTest" time="0.001"/>
  <testcase name="testPizzaInSecondRestaurant[89]" classname="uk.ac.ed.inf.OrderValidatorTest" time="0"/>
  <testcase name="testPizzaInSecondRestaurant[90]" classname="uk.ac.ed.inf.OrderValidatorTest" time="0.001"/>
  <testcase name="testPizzaInSecondRestaurant[91]" classname="uk.ac.ed.inf.OrderValidatorTest" time="0"/>
  <testcase name="testPizzaInSecondRestaurant[92]" classname="uk.ac.ed.inf.OrderValidatorTest" time="0.001"/>
  <testcase name="testPizzaInSecondRestaurant[93]" classname="uk.ac.ed.inf.OrderValidatorTest" time="0.001"/>
  <testcase name="testPizzaInSecondRestaurant[94]" classname="uk.ac.ed.inf.OrderValidatorTest" time="0"/>
  <testcase name="testPizzaInSecondRestaurant[95]" classname="uk.ac.ed.inf.OrderValidatorTest" time="0.001"/>
  <testcase name="testPizzaInSecondRestaurant[96]" classname="uk.ac.ed.inf.OrderValidatorTest" time="0.001"/>
  <testcase name="testPizzaInSecondRestaurant[97]" classname="uk.ac.ed.inf.OrderValidatorTest" time="0"/>
  <testcase name="testPizzaInSecondRestaurant[98]" classname="uk.ac.ed.inf.OrderValidatorTest" time="0.001"/>
  <testcase name="testPizzaInSecondRestaurant[99]" classname="uk.ac.ed.inf.OrderValidatorTest" time="0"/>
  <testcase name="testPizzaInSecondRestaurant[100]" classname="uk.ac.ed.inf.OrderValidatorTest" time="0.001"/>
  <testcase name="testPizzaNotInRestaurant[1]" classname="uk.ac.ed.inf.OrderValidatorTest" time="0.001"/>
  <testcase name="testPizzaNotInRestaurant[2]" classname="uk.ac.ed.inf.OrderValidatorTest" time="0"/>
  <testcase name="testPizzaNotInRestaurant[3]" classname="uk.ac.ed.inf.OrderValidatorTest" time="0.001"/>
  <testcase name="testPizzaNotInRestaurant[4]" classname="uk.ac.ed.inf.OrderValidatorTest" time="0"/>
  <testcase name="testPizzaNotInRestaurant[5]" classname="uk.ac.ed.inf.OrderValidatorTest" time="0.001"/>
  <testcase name="testPizzaNotInRestaurant[6]" classname="uk.ac.ed.inf.OrderValidatorTest" time="0.001"/>
  <testcase name="testPizzaNotInRestaurant[7]" classname="uk.ac.ed.inf.OrderValidatorTest" time="0"/>
  <testcase name="testPizzaNotInRestaurant[8]" classname="uk.ac.ed.inf.OrderValidatorTest" time="0.001"/>
  <testcase name="testPizzaNotInRestaurant[9]" classname="uk.ac.ed.inf.OrderValidatorTest" time="0.001"/>
  <testcase name="testPizzaNotInRestaurant[10]" classname="uk.ac.ed.inf.OrderValidatorTest" time="0"/>
  <testcase name="testPizzaNotInRestaurant[11]" classname="uk.ac.ed.inf.OrderValidatorTest" time="0.001"/>
  <testcase name="testPizzaNotInRestaurant[12]" classname="uk.ac.ed.inf.OrderValidatorTest" time="0"/>
  <testcase name="testPizzaNotInRestaurant[13]" classname="uk.ac.ed.inf.OrderValidatorTest" time="0.001"/>
  <testcase name="testPizzaNotInRestaurant[14]" classname="uk.ac.ed.inf.OrderValidatorTest" time="0"/>
  <testcase name="testPizzaNotInRestaurant[15]" classname="uk.ac.ed.inf.OrderValidatorTest" time="0.001"/>
  <testcase name="testPizzaNotInRestaurant[16]" classname="uk.ac.ed.inf.OrderValidatorTest" time="0"/>
  <testcase name="testPizzaNotInRestaurant[17]" classname="uk.ac.ed.inf.OrderValidatorTest" time="0.001"/>
  <testcase name="testPizzaNotInRestaurant[18]" classname="uk.ac.ed.inf.OrderValidatorTest" time="0"/>
  <testcase name="testPizzaNotInRestaurant[19]" classname="uk.ac.ed.inf.OrderValidatorTest" time="0.001"/>
  <testcase name="testPizzaNotInRestaurant[20]" classname="uk.ac.ed.inf.OrderValidatorTest" time="0.001"/>
  <testcase name="testPizzaNotInRestaurant[21]" classname="uk.ac.ed.inf.OrderValidatorTest" time="0"/>
  <testcase name="testPizzaNotInRestaurant[22]" classname="uk.ac.ed.inf.OrderValidatorTest" time="0.001"/>
  <testcase name="testPizzaNotInRestaurant[23]" classname="uk.ac.ed.inf.OrderValidatorTest" time="0"/>
  <testcase name="testPizzaNotInRestaurant[24]" classname="uk.ac.ed.inf.OrderValidatorTest" time="0.001"/>
  <testcase name="testPizzaNotInRestaurant[25]" classname="uk.ac.ed.inf.OrderValidatorTest" time="0"/>
  <testcase name="testPizzaNotInRestaurant[26]" classname="uk.ac.ed.inf.OrderValidatorTest" time="0.001"/>
  <testcase name="testPizzaNotInRestaurant[27]" classname="uk.ac.ed.inf.OrderValidatorTest" time="0.001"/>
  <testcase name="testPizzaNotInRestaurant[28]" classname="uk.ac.ed.inf.OrderValidatorTest" time="0.001"/>
  <testcase name="testPizzaNotInRestaurant[29]" classname="uk.ac.ed.inf.OrderValidatorTest" time="0"/>
  <testcase name="testPizzaNotInRestaurant[30]" classname="uk.ac.ed.inf.OrderValidatorTest" time="0.001"/>
  <testcase name="testPizzaNotInRestaurant[31]" classname="uk.ac.ed.inf.OrderValidatorTest" time="0"/>
  <testcase name="testPizzaNotInRestaurant[32]" classname="uk.ac.ed.inf.OrderValidatorTest" time="0.001"/>
  <testcase name="testPizzaNotInRestaurant[33]" classname="uk.ac.ed.inf.OrderValidatorTest" time="0.001"/>
  <testcase name="testPizzaNotInRestaurant[34]" classname="uk.ac.ed.inf.OrderValidatorTest" time="0"/>
  <testcase name="testPizzaNotInRestaurant[35]" classname="uk.ac.ed.inf.OrderValidatorTest" time="0.001"/>
  <testcase name="testPizzaNotInRestaurant[36]" classname="uk.ac.ed.inf.OrderValidatorTest" time="0.001"/>
  <testcase name="testPizzaNotInRestaurant[37]" classname="uk.ac.ed.inf.OrderValidatorTest" time="0"/>
  <testcase name="testPizzaNotInRestaurant[38]" classname="uk.ac.ed.inf.OrderValidatorTest" time="0.001"/>
  <testcase name="testPizzaNotInRestaurant[39]" classname="uk.ac.ed.inf.OrderValidatorTest" time="0"/>
  <testcase name="testPizzaNotInRestaurant[40]" classname="uk.ac.ed.inf.OrderValidatorTest" time="0.001"/>
  <testcase name="testPizzaNotInRestaurant[41]" classname="uk.ac.ed.inf.OrderValidatorTest" time="0.001"/>
  <testcase name="testPizzaNotInRestaurant[42]" classname="uk.ac.ed.inf.OrderValidatorTest" time="0.001"/>
  <testcase name="testPizzaNotInRestaurant[43]" classname="uk.ac.ed.inf.OrderValidatorTest" time="0"/>
  <testcase name="testPizzaNotInRestaurant[44]" classname="uk.ac.ed.inf.OrderValidatorTest" time="0"/>
  <testcase name="testPizzaNotInRestaurant[45]" classname="uk.ac.ed.inf.OrderValidatorTest" time="0.001"/>
  <testcase name="testPizzaNotInRestaurant[46]" classname="uk.ac.ed.inf.OrderValidatorTest" time="0.001"/>
  <testcase name="testPizzaNotInRestaurant[47]" classname="uk.ac.ed.inf.OrderValidatorTest" time="0"/>
  <testcase name="testPizzaNotInRestaurant[48]" classname="uk.ac.ed.inf.OrderValidatorTest" time="0.001"/>
  <testcase name="testPizzaNotInRestaurant[49]" classname="uk.ac.ed.inf.OrderValidatorTest" time="0"/>
  <testcase name="testPizzaNotInRestaurant[50]" classname="uk.ac.ed.inf.OrderValidatorTest" time="0.001"/>
  <testcase name="testPizzaNotInRestaurant[51]" classname="uk.ac.ed.inf.OrderValidatorTest" time="0.001"/>
  <testcase name="testPizzaNotInRestaurant[52]" classname="uk.ac.ed.inf.OrderValidatorTest" time="0"/>
  <testcase name="testPizzaNotInRestaurant[53]" classname="uk.ac.ed.inf.OrderValidatorTest" time="0.001"/>
  <testcase name="testPizzaNotInRestaurant[54]" classname="uk.ac.ed.inf.OrderValidatorTest" time="0"/>
  <testcase name="testPizzaNotInRestaurant[55]" classname="uk.ac.ed.inf.OrderValidatorTest" time="0.001"/>
  <testcase name="testPizzaNotInRestaurant[56]" classname="uk.ac.ed.inf.OrderValidatorTest" time="0.001"/>
  <testcase name="testPizzaNotInRestaurant[57]" classname="uk.ac.ed.inf.OrderValidatorTest" time="0"/>
  <testcase name="testPizzaNotInRestaurant[58]" classname="uk.ac.ed.inf.OrderValidatorTest" time="0.001"/>
  <testcase name="testPizzaNotInRestaurant[59]" classname="uk.ac.ed.inf.OrderValidatorTest" time="0"/>
  <testcase name="testPizzaNotInRestaurant[60]" classname="uk.ac.ed.inf.OrderValidatorTest" time="0.001"/>
  <testcase name="testPizzaNotInRestaurant[61]" classname="uk.ac.ed.inf.OrderValidatorTest" time="0"/>
  <testcase name="testPizzaNotInRestaurant[62]" classname="uk.ac.ed.inf.OrderValidatorTest" time="0.001"/>
  <testcase name="testPizzaNotInRestaurant[63]" classname="uk.ac.ed.inf.OrderValidatorTest" time="0.001"/>
  <testcase name="testPizzaNotInRestaurant[64]" classname="uk.ac.ed.inf.OrderValidatorTest" time="0.001"/>
  <testcase name="testPizzaNotInRestaurant[65]" classname="uk.ac.ed.inf.OrderValidatorTest" time="0.001"/>
  <testcase name="testPizzaNotInRestaurant[66]" classname="uk.ac.ed.inf.OrderValidatorTest" time="0"/>
  <testcase name="testPizzaNotInRestaurant[67]" classname="uk.ac.ed.inf.OrderValidatorTest" time="0"/>
  <testcase name="testPizzaNotInRestaurant[68]" classname="uk.ac.ed.inf.OrderValidatorTest" time="0.001"/>
  <testcase name="testPizzaNotInRestaurant[69]" classname="uk.ac.ed.inf.OrderValidatorTest" time="0"/>
  <testcase name="testPizzaNotInRestaurant[70]" classname="uk.ac.ed.inf.OrderValidatorTest" time="0.001"/>
  <testcase name="testPizzaNotInRestaurant[71]" classname="uk.ac.ed.inf.OrderValidatorTest" time="0.001"/>
  <testcase name="testPizzaNotInRestaurant[72]" classname="uk.ac.ed.inf.OrderValidatorTest" time="0.001"/>
  <testcase name="testPizzaNotInRestaurant[73]" classname="uk.ac.ed.inf.OrderValidatorTest" time="0"/>
  <testcase name="testPizzaNotInRestaurant[74]" classname="uk.ac.ed.inf.OrderValidatorTest" time="0.001"/>
  <testcase name="testPizzaNotInRestaurant[75]" classname="uk.ac.ed.inf.OrderValidatorTest" time="0"/>
  <testcase name="testPizzaNotInRestaurant[76]" classname="uk.ac.ed.inf.OrderValidatorTest" time="0.001"/>
  <testcase name="testPizzaNotInRestaurant[77]" classname="uk.ac.ed.inf.OrderValidatorTest" time="0.001"/>
  <testcase name="testPizzaNotInRestaurant[78]" classname="uk.ac.ed.inf.OrderValidatorTest" time="0"/>
  <testcase name="testPizzaNotInRestaurant[79]" classname="uk.ac.ed.inf.OrderValidatorTest" time="0.001"/>
  <testcase name="testPizzaNotInRestaurant[80]" classname="uk.ac.ed.inf.OrderValidatorTest" time="0"/>
  <testcase name="testPizzaNotInRestaurant[81]" classname="uk.ac.ed.inf.OrderValidatorTest" time="0.001"/>
  <testcase name="testPizzaNotInRestaurant[82]" classname="uk.ac.ed.inf.OrderValidatorTest" time="0.001"/>
  <testcase name="testPizzaNotInRestaurant[83]" classname="uk.ac.ed.inf.OrderValidatorTest" time="0"/>
  <testcase name="testPizzaNotInRestaurant[84]" classname="uk.ac.ed.inf.OrderValidatorTest" time="0.001"/>
  <testcase name="testPizzaNotInRestaurant[85]" classname="uk.ac.ed.inf.OrderValidatorTest" time="0"/>
  <testcase name="testPizzaNotInRestaurant[86]" classname="uk.ac.ed.inf.OrderValidatorTest" time="0.001"/>
  <testcase name="testPizzaNotInRestaurant[87]" classname="uk.ac.ed.inf.OrderValidatorTest" time="0"/>
  <testcase name="testPizzaNotInRestaurant[88]" classname="uk.ac.ed.inf.OrderValidatorTest" time="0.001"/>
  <testcase name="testPizzaNotInRestaurant[89]" classname="uk.ac.ed.inf.OrderValidatorTest" time="0.001"/>
  <testcase name="testPizzaNotInRestaurant[90]" classname="uk.ac.ed.inf.OrderValidatorTest" time="0"/>
  <testcase name="testPizzaNotInRestaurant[91]" classname="uk.ac.ed.inf.OrderValidatorTest" time="0.001"/>
  <testcase name="testPizzaNotInRestaurant[92]" classname="uk.ac.ed.inf.OrderValidatorTest" time="0"/>
  <testcase name="testPizzaNotInRestaurant[93]" classname="uk.ac.ed.inf.OrderValidatorTest" time="0.001"/>
  <testcase name="testPizzaNotInRestaurant[94]" classname="uk.ac.ed.inf.OrderValidatorTest" time="0"/>
  <testcase name="testPizzaNotInRestaurant[95]" classname="uk.ac.ed.inf.OrderValidatorTest" time="0.001"/>
  <testcase name="testPizzaNotInRestaurant[96]" classname="uk.ac.ed.inf.OrderValidatorTest" time="0"/>
  <testcase name="testPizzaNotInRestaurant[97]" classname="uk.ac.ed.inf.OrderValidatorTest" time="0.001"/>
  <testcase name="testPizzaNotInRestaurant[98]" classname="uk.ac.ed.inf.OrderValidatorTest" time="0.001"/>
  <testcase name="testPizzaNotInRestaurant[99]" classname="uk.ac.ed.inf.OrderValidatorTest" time="0"/>
  <testcase name="testPizzaNotInRestaurant[100]" classname="uk.ac.ed.inf.OrderValidatorTest" time="0.001"/>
  <testcase name="testCreditCardNumberNull[1]" classname="uk.ac.ed.inf.OrderValidatorTest" time="0.001"/>
  <testcase name="testCreditCardNumberNull[2]" classname="uk.ac.ed.inf.OrderValidatorTest" time="0"/>
  <testcase name="testCreditCardNumberNull[3]" classname="uk.ac.ed.inf.OrderValidatorTest" time="0.001"/>
  <testcase name="testCreditCardNumberNull[4]" classname="uk.ac.ed.inf.OrderValidatorTest" time="0"/>
  <testcase name="testCreditCardNumberNull[5]" classname="uk.ac.ed.inf.OrderValidatorTest" time="0.001"/>
  <testcase name="testCreditCardNumberNull[6]" classname="uk.ac.ed.inf.OrderValidatorTest" time="0"/>
  <testcase name="testCreditCardNumberNull[7]" classname="uk.ac.ed.inf.OrderValidatorTest" time="0.001"/>
  <testcase name="testCreditCardNumberNull[8]" classname="uk.ac.ed.inf.OrderValidatorTest" time="0"/>
  <testcase name="testCreditCardNumberNull[9]" classname="uk.ac.ed.inf.OrderValidatorTest" time="0.001"/>
  <testcase name="testCreditCardNumberNull[10]" classname="uk.ac.ed.inf.OrderValidatorTest" time="0"/>
  <testcase name="testCreditCardNumberNull[11]" classname="uk.ac.ed.inf.OrderValidatorTest" time="0"/>
  <testcase name="testCreditCardNumberNull[12]" classname="uk.ac.ed.inf.OrderValidatorTest" time="0.001"/>
  <testcase name="testCreditCardNumberNull[13]" classname="uk.ac.ed.inf.OrderValidatorTest" time="0"/>
  <testcase name="testCreditCardNumberNull[14]" classname="uk.ac.ed.inf.OrderValidatorTest" time="0.001"/>
  <testcase name="testCreditCardNumberNull[15]" classname="uk.ac.ed.inf.OrderValidatorTest" time="0"/>
  <testcase name="testCreditCardNumberNull[16]" classname="uk.ac.ed.inf.OrderValidatorTest" time="0.001"/>
  <testcase name="testCreditCardNumberNull[17]" classname="uk.ac.ed.inf.OrderValidatorTest" time="0"/>
  <testcase name="testCreditCardNumberNull[18]" classname="uk.ac.ed.inf.OrderValidatorTest" time="0.001"/>
  <testcase name="testCreditCardNumberNull[19]" classname="uk.ac.ed.inf.OrderValidatorTest" time="0"/>
  <testcase name="testCreditCardNumberNull[20]" classname="uk.ac.ed.inf.OrderValidatorTest" time="0.001"/>
  <testcase name="testCreditCardNumberNull[21]" classname="uk.ac.ed.inf.OrderValidatorTest" time="0"/>
  <testcase name="testCreditCardNumberNull[22]" classname="uk.ac.ed.inf.OrderValidatorTest" time="0.001"/>
  <testcase name="testCreditCardNumberNull[23]" classname="uk.ac.ed.inf.OrderValidatorTest" time="0"/>
  <testcase name="testCreditCardNumberNull[24]" classname="uk.ac.ed.inf.OrderValidatorTest" time="0.001"/>
  <testcase name="testCreditCardNumberNull[25]" classname="uk.ac.ed.inf.OrderValidatorTest" time="0"/>
  <testcase name="testCreditCardNumberNull[26]" classname="uk.ac.ed.inf.OrderValidatorTest" time="0.001"/>
  <testcase name="testCreditCardNumberNull[27]" classname="uk.ac.ed.inf.OrderValidatorTest" time="0"/>
  <testcase name="testCreditCardNumberNull[28]" classname="uk.ac.ed.inf.OrderValidatorTest" time="0.001"/>
  <testcase name="testCreditCardNumberNull[29]" classname="uk.ac.ed.inf.OrderValidatorTest" time="0"/>
  <testcase name="testCreditCardNumberNull[30]" classname="uk.ac.ed.inf.OrderValidatorTest" time="0.001"/>
  <testcase name="testCreditCardNumberNull[31]" classname="uk.ac.ed.inf.OrderValidatorTest" time="0"/>
  <testcase name="testCreditCardNumberNull[32]" classname="uk.ac.ed.inf.OrderValidatorTest" time="0"/>
  <testcase name="testCreditCardNumberNull[33]" classname="uk.ac.ed.inf.OrderValidatorTest" time="0.001"/>
  <testcase name="testCreditCardNumberNull[34]" classname="uk.ac.ed.inf.OrderValidatorTest" time="0"/>
  <testcase name="testCreditCardNumberNull[35]" classname="uk.ac.ed.inf.OrderValidatorTest" time="0.001"/>
  <testcase name="testCreditCardNumberNull[36]" classname="uk.ac.ed.inf.OrderValidatorTest" time="0"/>
  <testcase name="testCreditCardNumberNull[37]" classname="uk.ac.ed.inf.OrderValidatorTest" time="0"/>
  <testcase name="testCreditCardNumberNull[38]" classname="uk.ac.ed.inf.OrderValidatorTest" time="0"/>
  <testcase name="testCreditCardNumberNull[39]" classname="uk.ac.ed.inf.OrderValidatorTest" time="0"/>
  <testcase name="testCreditCardNumberNull[40]" classname="uk.ac.ed.inf.OrderValidatorTest" time="0.001"/>
  <testcase name="testCreditCardNumberNull[41]" classname="uk.ac.ed.inf.OrderValidatorTest" time="0"/>
  <testcase name="testCreditCardNumberNull[42]" classname="uk.ac.ed.inf.OrderValidatorTest" time="0.001"/>
  <testcase name="testCreditCardNumberNull[43]" classname="uk.ac.ed.inf.OrderValidatorTest" time="0"/>
  <testcase name="testCreditCardNumberNull[44]" classname="uk.ac.ed.inf.OrderValidatorTest" time="0"/>
  <testcase name="testCreditCardNumberNull[45]" classname="uk.ac.ed.inf.OrderValidatorTest" time="0.001"/>
  <testcase name="testCreditCardNumberNull[46]" classname="uk.ac.ed.inf.OrderValidatorTest" time="0"/>
  <testcase name="testCreditCardNumberNull[47]" classname="uk.ac.ed.inf.OrderValidatorTest" time="0.001"/>
  <testcase name="testCreditCardNumberNull[48]" classname="uk.ac.ed.inf.OrderValidatorTest" time="0"/>
  <testcase name="testCreditCardNumberNull[49]" classname="uk.ac.ed.inf.OrderValidatorTest" time="0"/>
  <testcase name="testCreditCardNumberNull[50]" classname="uk.ac.ed.inf.OrderValidatorTest" time="0.001"/>
  <testcase name="testCreditCardNumberNull[51]" classname="uk.ac.ed.inf.OrderValidatorTest" time="0"/>
  <testcase name="testCreditCardNumberNull[52]" classname="uk.ac.ed.inf.OrderValidatorTest" time="0.001"/>
  <testcase name="testCreditCardNumberNull[53]" classname="uk.ac.ed.inf.OrderValidatorTest" time="0"/>
  <testcase name="testCreditCardNumberNull[54]" classname="uk.ac.ed.inf.OrderValidatorTest" time="0.001"/>
  <testcase name="testCreditCardNumberNull[55]" classname="uk.ac.ed.inf.OrderValidatorTest" time="0"/>
  <testcase name="testCreditCardNumberNull[56]" classname="uk.ac.ed.inf.OrderValidatorTest" time="0"/>
  <testcase name="testCreditCardNumberNull[57]" classname="uk.ac.ed.inf.OrderValidatorTest" time="0.001"/>
  <testcase name="testCreditCardNumberNull[58]" classname="uk.ac.ed.inf.OrderValidatorTest" time="0"/>
  <testcase name="testCreditCardNumberNull[59]" classname="uk.ac.ed.inf.OrderValidatorTest" time="0.001"/>
  <testcase name="testCreditCardNumberNull[60]" classname="uk.ac.ed.inf.OrderValidatorTest" time="0"/>
  <testcase name="testCreditCardNumberNull[61]" classname="uk.ac.ed.inf.OrderValidatorTest" time="0"/>
  <testcase name="testCreditCardNumberNull[62]" classname="uk.ac.ed.inf.OrderValidatorTest" time="0.001"/>
  <testcase name="testCreditCardNumberNull[63]" classname="uk.ac.ed.inf.OrderValidatorTest" time="0"/>
  <testcase name="testCreditCardNumberNull[64]" classname="uk.ac.ed.inf.OrderValidatorTest" time="0.001"/>
  <testcase name="testCreditCardNumberNull[65]" classname="uk.ac.ed.inf.OrderValidatorTest" time="0"/>
  <testcase name="testCreditCardNumberNull[66]" classname="uk.ac.ed.inf.OrderValidatorTest" time="0"/>
  <testcase name="testCreditCardNumberNull[67]" classname="uk.ac.ed.inf.OrderValidatorTest" time="0.001"/>
  <testcase name="testCreditCardNumberNull[68]" classname="uk.ac.ed.inf.OrderValidatorTest" time="0"/>
  <testcase name="testCreditCardNumberNull[69]" classname="uk.ac.ed.inf.OrderValidatorTest" time="0.001"/>
  <testcase name="testCreditCardNumberNull[70]" classname="uk.ac.ed.inf.OrderValidatorTest" time="0"/>
  <testcase name="testCreditCardNumberNull[71]" classname="uk.ac.ed.inf.OrderValidatorTest" time="0"/>
  <testcase name="testCreditCardNumberNull[72]" classname="uk.ac.ed.inf.OrderValidatorTest" time="0.001"/>
  <testcase name="testCreditCardNumberNull[73]" classname="uk.ac.ed.inf.OrderValidatorTest" time="0"/>
  <testcase name="testCreditCardNumberNull[74]" classname="uk.ac.ed.inf.OrderValidatorTest" time="0.001"/>
  <testcase name="testCreditCardNumberNull[75]" classname="uk.ac.ed.inf.OrderValidatorTest" time="0"/>
  <testcase name="testCreditCardNumberNull[76]" classname="uk.ac.ed.inf.OrderValidatorTest" time="0.001"/>
  <testcase name="testCreditCardNumberNull[77]" classname="uk.ac.ed.inf.OrderValidatorTest" time="0"/>
  <testcase name="testCreditCardNumberNull[78]" classname="uk.ac.ed.inf.OrderValidatorTest" time="0"/>
  <testcase name="testCreditCardNumberNull[79]" classname="uk.ac.ed.inf.OrderValidatorTest" time="0.001"/>
  <testcase name="testCreditCardNumberNull[80]" classname="uk.ac.ed.inf.OrderValidatorTest" time="0"/>
  <testcase name="testCreditCardNumberNull[81]" classname="uk.ac.ed.inf.OrderValidatorTest" time="0.001"/>
  <testcase name="testCreditCardNumberNull[82]" classname="uk.ac.ed.inf.OrderValidatorTest" time="0"/>
  <testcase name="testCreditCardNumberNull[83]" classname="uk.ac.ed.inf.OrderValidatorTest" time="0.001"/>
  <testcase name="testCreditCardNumberNull[84]" classname="uk.ac.ed.inf.OrderValidatorTest" time="0"/>
  <testcase name="testCreditCardNumberNull[85]" classname="uk.ac.ed.inf.OrderValidatorTest" time="0.001"/>
  <testcase name="testCreditCardNumberNull[86]" classname="uk.ac.ed.inf.OrderValidatorTest" time="0"/>
  <testcase name="testCreditCardNumberNull[87]" classname="uk.ac.ed.inf.OrderValidatorTest" time="0.001"/>
  <testcase name="testCreditCardNumberNull[88]" classname="uk.ac.ed.inf.OrderValidatorTest" time="0"/>
  <testcase name="testCreditCardNumberNull[89]" classname="uk.ac.ed.inf.OrderValidatorTest" time="0.001"/>
  <testcase name="testCreditCardNumberNull[90]" classname="uk.ac.ed.inf.OrderValidatorTest" time="0"/>
  <testcase name="testCreditCardNumberNull[91]" classname="uk.ac.ed.inf.OrderValidatorTest" time="0.001"/>
  <testcase name="testCreditCardNumberNull[92]" classname="uk.ac.ed.inf.OrderValidatorTest" time="0"/>
  <testcase name="testCreditCardNumberNull[93]" classname="uk.ac.ed.inf.OrderValidatorTest" time="0"/>
  <testcase name="testCreditCardNumberNull[94]" classname="uk.ac.ed.inf.OrderValidatorTest" time="0.001"/>
  <testcase name="testCreditCardNumberNull[95]" classname="uk.ac.ed.inf.OrderValidatorTest" time="0"/>
  <testcase name="testCreditCardNumberNull[96]" classname="uk.ac.ed.inf.OrderValidatorTest" time="0.001"/>
  <testcase name="testCreditCardNumberNull[97]" classname="uk.ac.ed.inf.OrderValidatorTest" time="0"/>
  <testcase name="testCreditCardNumberNull[98]" classname="uk.ac.ed.inf.OrderValidatorTest" time="0"/>
  <testcase name="testCreditCardNumberNull[99]" classname="uk.ac.ed.inf.OrderValidatorTest" time="0.001"/>
  <testcase name="testCreditCardNumberNull[100]" classname="uk.ac.ed.inf.OrderValidatorTest" time="0"/>
  <testcase name="testCreditCardCExpiryDateDigits[1]" classname="uk.ac.ed.inf.OrderValidatorTest" time="0.002"/>
  <testcase name="testCreditCardCExpiryDateDigits[2]" classname="uk.ac.ed.inf.OrderValidatorTest" time="0"/>
  <testcase name="testCreditCardCExpiryDateDigits[3]" classname="uk.ac.ed.inf.OrderValidatorTest" time="0.001"/>
  <testcase name="testCreditCardCExpiryDateDigits[4]" classname="uk.ac.ed.inf.OrderValidatorTest" time="0"/>
  <testcase name="testCreditCardCExpiryDateDigits[5]" classname="uk.ac.ed.inf.OrderValidatorTest" time="0.001"/>
  <testcase name="testCreditCardCExpiryDateDigits[6]" classname="uk.ac.ed.inf.OrderValidatorTest" time="0"/>
  <testcase name="testCreditCardCExpiryDateDigits[7]" classname="uk.ac.ed.inf.OrderValidatorTest" time="0.001"/>
  <testcase name="testCreditCardCExpiryDateDigits[8]" classname="uk.ac.ed.inf.OrderValidatorTest" time="0"/>
  <testcase name="testCreditCardCExpiryDateDigits[9]" classname="uk.ac.ed.inf.OrderValidatorTest" time="0.001"/>
  <testcase name="testCreditCardCExpiryDateDigits[10]" classname="uk.ac.ed.inf.OrderValidatorTest" time="0"/>
  <testcase name="testCreditCardCExpiryDateDigits[11]" classname="uk.ac.ed.inf.OrderValidatorTest" time="0.001"/>
  <testcase name="testCreditCardCExpiryDateDigits[12]" classname="uk.ac.ed.inf.OrderValidatorTest" time="0"/>
  <testcase name="testCreditCardCExpiryDateDigits[13]" classname="uk.ac.ed.inf.OrderValidatorTest" time="0"/>
  <testcase name="testCreditCardCExpiryDateDigits[14]" classname="uk.ac.ed.inf.OrderValidatorTest" time="0.001"/>
  <testcase name="testCreditCardCExpiryDateDigits[15]" classname="uk.ac.ed.inf.OrderValidatorTest" time="0"/>
  <testcase name="testCreditCardCExpiryDateDigits[16]" classname="uk.ac.ed.inf.OrderValidatorTest" time="0"/>
  <testcase name="testCreditCardCExpiryDateDigits[17]" classname="uk.ac.ed.inf.OrderValidatorTest" time="0.001"/>
  <testcase name="testCreditCardCExpiryDateDigits[18]" classname="uk.ac.ed.inf.OrderValidatorTest" time="0.001"/>
  <testcase name="testCreditCardCExpiryDateDigits[19]" classname="uk.ac.ed.inf.OrderValidatorTest" time="0"/>
  <testcase name="testCreditCardCExpiryDateDigits[20]" classname="uk.ac.ed.inf.OrderValidatorTest" time="0"/>
  <testcase name="testCreditCardCExpiryDateDigits[21]" classname="uk.ac.ed.inf.OrderValidatorTest" time="0.001"/>
  <testcase name="testCreditCardCExpiryDateDigits[22]" classname="uk.ac.ed.inf.OrderValidatorTest" time="0"/>
  <testcase name="testCreditCardCExpiryDateDigits[23]" classname="uk.ac.ed.inf.OrderValidatorTest" time="0.001"/>
  <testcase name="testCreditCardCExpiryDateDigits[24]" classname="uk.ac.ed.inf.OrderValidatorTest" time="0.001"/>
  <testcase name="testCreditCardCExpiryDateDigits[25]" classname="uk.ac.ed.inf.OrderValidatorTest" time="0"/>
  <testcase name="testCreditCardCExpiryDateDigits[26]" classname="uk.ac.ed.inf.OrderValidatorTest" time="0"/>
  <testcase name="testCreditCardCExpiryDateDigits[27]" classname="uk.ac.ed.inf.OrderValidatorTest" time="0.001"/>
  <testcase name="testCreditCardCExpiryDateDigits[28]" classname="uk.ac.ed.inf.OrderValidatorTest" time="0"/>
  <testcase name="testCreditCardCExpiryDateDigits[29]" classname="uk.ac.ed.inf.OrderValidatorTest" time="0.001"/>
  <testcase name="testCreditCardCExpiryDateDigits[30]" classname="uk.ac.ed.inf.OrderValidatorTest" time="0"/>
  <testcase name="testCreditCardCExpiryDateDigits[31]" classname="uk.ac.ed.inf.OrderValidatorTest" time="0"/>
  <testcase name="testCreditCardCExpiryDateDigits[32]" classname="uk.ac.ed.inf.OrderValidatorTest" time="0.001"/>
  <testcase name="testCreditCardCExpiryDateDigits[33]" classname="uk.ac.ed.inf.OrderValidatorTest" time="0"/>
  <testcase name="testCreditCardCExpiryDateDigits[34]" classname="uk.ac.ed.inf.OrderValidatorTest" time="0"/>
  <testcase name="testCreditCardCExpiryDateDigits[35]" classname="uk.ac.ed.inf.OrderValidatorTest" time="0.001"/>
  <testcase name="testCreditCardCExpiryDateDigits[36]" classname="uk.ac.ed.inf.OrderValidatorTest" time="0"/>
  <testcase name="testCreditCardCExpiryDateDigits[37]" classname="uk.ac.ed.inf.OrderValidatorTest" time="0.001"/>
  <testcase name="testCreditCardCExpiryDateDigits[38]" classname="uk.ac.ed.inf.OrderValidatorTest" time="0"/>
  <testcase name="testCreditCardCExpiryDateDigits[39]" classname="uk.ac.ed.inf.OrderValidatorTest" time="0"/>
  <testcase name="testCreditCardCExpiryDateDigits[40]" classname="uk.ac.ed.inf.OrderValidatorTest" time="0.001"/>
  <testcase name="testCreditCardCExpiryDateDigits[41]" classname="uk.ac.ed.inf.OrderValidatorTest" time="0"/>
  <testcase name="testCreditCardCExpiryDateDigits[42]" classname="uk.ac.ed.inf.OrderValidatorTest" time="0"/>
  <testcase name="testCreditCardCExpiryDateDigits[43]" classname="uk.ac.ed.inf.OrderValidatorTest" time="0.001"/>
  <testcase name="testCreditCardCExpiryDateDigits[44]" classname="uk.ac.ed.inf.OrderValidatorTest" time="0"/>
  <testcase name="testCreditCardCExpiryDateDigits[45]" classname="uk.ac.ed.inf.OrderValidatorTest" time="0.001"/>
  <testcase name="testCreditCardCExpiryDateDigits[46]" classname="uk.ac.ed.inf.OrderValidatorTest" time="0"/>
  <testcase name="testCreditCardCExpiryDateDigits[47]" classname="uk.ac.ed.inf.OrderValidatorTest" time="0"/>
  <testcase name="testCreditCardCExpiryDateDigits[48]" classname="uk.ac.ed.inf.OrderValidatorTest" time="0.001"/>
  <testcase name="testCreditCardCExpiryDateDigits[49]" classname="uk.ac.ed.inf.OrderValidatorTest" time="0"/>
  <testcase name="testCreditCardCExpiryDateDigits[50]" classname="uk.ac.ed.inf.OrderValidatorTest" time="0.001"/>
  <testcase name="testCreditCardCExpiryDateDigits[51]" classname="uk.ac.ed.inf.OrderValidatorTest" time="0"/>
  <testcase name="testCreditCardCExpiryDateDigits[52]" classname="uk.ac.ed.inf.OrderValidatorTest" time="0.001"/>
  <testcase name="testCreditCardCExpiryDateDigits[53]" classname="uk.ac.ed.inf.OrderValidatorTest" time="0"/>
  <testcase name="testCreditCardCExpiryDateDigits[54]" classname="uk.ac.ed.inf.OrderValidatorTest" time="0"/>
  <testcase name="testCreditCardCExpiryDateDigits[55]" classname="uk.ac.ed.inf.OrderValidatorTest" time="0.001"/>
  <testcase name="testCreditCardCExpiryDateDigits[56]" classname="uk.ac.ed.inf.OrderValidatorTest" time="0"/>
  <testcase name="testCreditCardCExpiryDateDigits[57]" classname="uk.ac.ed.inf.OrderValidatorTest" time="0.001"/>
  <testcase name="testCreditCardCExpiryDateDigits[58]" classname="uk.ac.ed.inf.OrderValidatorTest" time="0"/>
  <testcase name="testCreditCardCExpiryDateDigits[59]" classname="uk.ac.ed.inf.OrderValidatorTest" time="0.001"/>
  <testcase name="testCreditCardCExpiryDateDigits[60]" classname="uk.ac.ed.inf.OrderValidatorTest" time="0"/>
  <testcase name="testCreditCardCExpiryDateDigits[61]" classname="uk.ac.ed.inf.OrderValidatorTest" time="0"/>
  <testcase name="testCreditCardCExpiryDateDigits[62]" classname="uk.ac.ed.inf.OrderValidatorTest" time="0.001"/>
  <testcase name="testCreditCardCExpiryDateDigits[63]" classname="uk.ac.ed.inf.OrderValidatorTest" time="0"/>
  <testcase name="testCreditCardCExpiryDateDigits[64]" classname="uk.ac.ed.inf.OrderValidatorTest" time="0"/>
  <testcase name="testCreditCardCExpiryDateDigits[65]" classname="uk.ac.ed.inf.OrderValidatorTest" time="0.001"/>
  <testcase name="testCreditCardCExpiryDateDigits[66]" classname="uk.ac.ed.inf.OrderValidatorTest" time="0"/>
  <testcase name="testCreditCardCExpiryDateDigits[67]" classname="uk.ac.ed.inf.OrderValidatorTest" time="0.001"/>
  <testcase name="testCreditCardCExpiryDateDigits[68]" classname="uk.ac.ed.inf.OrderValidatorTest" time="0"/>
  <testcase name="testCreditCardCExpiryDateDigits[69]" classname="uk.ac.ed.inf.OrderValidatorTest" time="0"/>
  <testcase name="testCreditCardCExpiryDateDigits[70]" classname="uk.ac.ed.inf.OrderValidatorTest" time="0.001"/>
  <testcase name="testCreditCardCExpiryDateDigits[71]" classname="uk.ac.ed.inf.OrderValidatorTest" time="0"/>
  <testcase name="testCreditCardCExpiryDateDigits[72]" classname="uk.ac.ed.inf.OrderValidatorTest" time="0.001"/>
  <testcase name="testCreditCardCExpiryDateDigits[73]" classname="uk.ac.ed.inf.OrderValidatorTest" time="0"/>
  <testcase name="testCreditCardCExpiryDateDigits[74]" classname="uk.ac.ed.inf.OrderValidatorTest" time="0"/>
  <testcase name="testCreditCardCExpiryDateDigits[75]" classname="uk.ac.ed.inf.OrderValidatorTest" time="0.001"/>
  <testcase name="testCreditCardCExpiryDateDigits[76]" classname="uk.ac.ed.inf.OrderValidatorTest" time="0"/>
  <testcase name="testCreditCardCExpiryDateDigits[77]" classname="uk.ac.ed.inf.OrderValidatorTest" time="0"/>
  <testcase name="testCreditCardCExpiryDateDigits[78]" classname="uk.ac.ed.inf.OrderValidatorTest" time="0.001"/>
  <testcase name="testCreditCardCExpiryDateDigits[79]" classname="uk.ac.ed.inf.OrderValidatorTest" time="0"/>
  <testcase name="testCreditCardCExpiryDateDigits[80]" classname="uk.ac.ed.inf.OrderValidatorTest" time="0.001"/>
  <testcase name="testCreditCardCExpiryDateDigits[81]" classname="uk.ac.ed.inf.OrderValidatorTest" time="0"/>
  <testcase name="testCreditCardCExpiryDateDigits[82]" classname="uk.ac.ed.inf.OrderValidatorTest" time="0"/>
  <testcase name="testCreditCardCExpiryDateDigits[83]" classname="uk.ac.ed.inf.OrderValidatorTest" time="0.001"/>
  <testcase name="testCreditCardCExpiryDateDigits[84]" classname="uk.ac.ed.inf.OrderValidatorTest" time="0"/>
  <testcase name="testCreditCardCExpiryDateDigits[85]" classname="uk.ac.ed.inf.OrderValidatorTest" time="0.001"/>
  <testcase name="testCreditCardCExpiryDateDigits[86]" classname="uk.ac.ed.inf.OrderValidatorTest" time="0"/>
  <testcase name="testCreditCardCExpiryDateDigits[87]" classname="uk.ac.ed.inf.OrderValidatorTest" time="0.001"/>
  <testcase name="testCreditCardCExpiryDateDigits[88]" classname="uk.ac.ed.inf.OrderValidatorTest" time="0"/>
  <testcase name="testCreditCardCExpiryDateDigits[89]" classname="uk.ac.ed.inf.OrderValidatorTest" time="0.001"/>
  <testcase name="testCreditCardCExpiryDateDigits[90]" classname="uk.ac.ed.inf.OrderValidatorTest" time="0"/>
  <testcase name="testCreditCardCExpiryDateDigits[91]" classname="uk.ac.ed.inf.OrderValidatorTest" time="0"/>
  <testcase name="testCreditCardCExpiryDateDigits[92]" classname="uk.ac.ed.inf.OrderValidatorTest" time="0.001"/>
  <testcase name="testCreditCardCExpiryDateDigits[93]" classname="uk.ac.ed.inf.OrderValidatorTest" time="0"/>
  <testcase name="testCreditCardCExpiryDateDigits[94]" classname="uk.ac.ed.inf.OrderValidatorTest" time="0.001"/>
  <testcase name="testCreditCardCExpiryDateDigits[95]" classname="uk.ac.ed.inf.OrderValidatorTest" time="0"/>
  <testcase name="testCreditCardCExpiryDateDigits[96]" classname="uk.ac.ed.inf.OrderValidatorTest" time="0"/>
  <testcase name="testCreditCardCExpiryDateDigits[97]" classname="uk.ac.ed.inf.OrderValidatorTest" time="0.001"/>
  <testcase name="testCreditCardCExpiryDateDigits[98]" classname="uk.ac.ed.inf.OrderValidatorTest" time="0"/>
  <testcase name="testCreditCardCExpiryDateDigits[99]" classname="uk.ac.ed.inf.OrderValidatorTest" time="0.001"/>
  <testcase name="testCreditCardCExpiryDateDigits[100]" classname="uk.ac.ed.inf.OrderValidatorTest" time="0"/>
  <testcase name="testCreditCardExpiryDateNull[1]" classname="uk.ac.ed.inf.OrderValidatorTest" time="0"/>
  <testcase name="testCreditCardExpiryDateNull[2]" classname="uk.ac.ed.inf.OrderValidatorTest" time="0.001"/>
  <testcase name="testCreditCardExpiryDateNull[3]" classname="uk.ac.ed.inf.OrderValidatorTest" time="0"/>
  <testcase name="testCreditCardExpiryDateNull[4]" classname="uk.ac.ed.inf.OrderValidatorTest" time="0"/>
  <testcase name="testCreditCardExpiryDateNull[5]" classname="uk.ac.ed.inf.OrderValidatorTest" time="0.001"/>
  <testcase name="testCreditCardExpiryDateNull[6]" classname="uk.ac.ed.inf.OrderValidatorTest" time="0"/>
  <testcase name="testCreditCardExpiryDateNull[7]" classname="uk.ac.ed.inf.OrderValidatorTest" time="0.001"/>
  <testcase name="testCreditCardExpiryDateNull[8]" classname="uk.ac.ed.inf.OrderValidatorTest" time="0"/>
  <testcase name="testCreditCardExpiryDateNull[9]" classname="uk.ac.ed.inf.OrderValidatorTest" time="0"/>
  <testcase name="testCreditCardExpiryDateNull[10]" classname="uk.ac.ed.inf.OrderValidatorTest" time="0"/>
  <testcase name="testCreditCardExpiryDateNull[11]" classname="uk.ac.ed.inf.OrderValidatorTest" time="0.001"/>
  <testcase name="testCreditCardExpiryDateNull[12]" classname="uk.ac.ed.inf.OrderValidatorTest" time="0"/>
  <testcase name="testCreditCardExpiryDateNull[13]" classname="uk.ac.ed.inf.OrderValidatorTest" time="0.001"/>
  <testcase name="testCreditCardExpiryDateNull[14]" classname="uk.ac.ed.inf.OrderValidatorTest" time="0"/>
  <testcase name="testCreditCardExpiryDateNull[15]" classname="uk.ac.ed.inf.OrderValidatorTest" time="0"/>
  <testcase name="testCreditCardExpiryDateNull[16]" classname="uk.ac.ed.inf.OrderValidatorTest" time="0.001"/>
  <testcase name="testCreditCardExpiryDateNull[17]" classname="uk.ac.ed.inf.OrderValidatorTest" time="0"/>
  <testcase name="testCreditCardExpiryDateNull[18]" classname="uk.ac.ed.inf.OrderValidatorTest" time="0"/>
  <testcase name="testCreditCardExpiryDateNull[19]" classname="uk.ac.ed.inf.OrderValidatorTest" time="0.001"/>
  <testcase name="testCreditCardExpiryDateNull[20]" classname="uk.ac.ed.inf.OrderValidatorTest" time="0"/>
  <testcase name="testCreditCardExpiryDateNull[21]" classname="uk.ac.ed.inf.OrderValidatorTest" time="0"/>
  <testcase name="testCreditCardExpiryDateNull[22]" classname="uk.ac.ed.inf.OrderValidatorTest" time="0.001"/>
  <testcase name="testCreditCardExpiryDateNull[23]" classname="uk.ac.ed.inf.OrderValidatorTest" time="0"/>
  <testcase name="testCreditCardExpiryDateNull[24]" classname="uk.ac.ed.inf.OrderValidatorTest" time="0.001"/>
  <testcase name="testCreditCardExpiryDateNull[25]" classname="uk.ac.ed.inf.OrderValidatorTest" time="0"/>
  <testcase name="testCreditCardExpiryDateNull[26]" classname="uk.ac.ed.inf.OrderValidatorTest" time="0"/>
  <testcase name="testCreditCardExpiryDateNull[27]" classname="uk.ac.ed.inf.OrderValidatorTest" time="0.001"/>
  <testcase name="testCreditCardExpiryDateNull[28]" classname="uk.ac.ed.inf.OrderValidatorTest" time="0"/>
  <testcase name="testCreditCardExpiryDateNull[29]" classname="uk.ac.ed.inf.OrderValidatorTest" time="0"/>
  <testcase name="testCreditCardExpiryDateNull[30]" classname="uk.ac.ed.inf.OrderValidatorTest" time="0.001"/>
  <testcase name="testCreditCardExpiryDateNull[31]" classname="uk.ac.ed.inf.OrderValidatorTest" time="0"/>
  <testcase name="testCreditCardExpiryDateNull[32]" classname="uk.ac.ed.inf.OrderValidatorTest" time="0"/>
  <testcase name="testCreditCardExpiryDateNull[33]" classname="uk.ac.ed.inf.OrderValidatorTest" time="0.001"/>
  <testcase name="testCreditCardExpiryDateNull[34]" classname="uk.ac.ed.inf.OrderValidatorTest" time="0"/>
  <testcase name="testCreditCardExpiryDateNull[35]" classname="uk.ac.ed.inf.OrderValidatorTest" time="0"/>
  <testcase name="testCreditCardExpiryDateNull[36]" classname="uk.ac.ed.inf.OrderValidatorTest" time="0.001"/>
  <testcase name="testCreditCardExpiryDateNull[37]" classname="uk.ac.ed.inf.OrderValidatorTest" time="0"/>
  <testcase name="testCreditCardExpiryDateNull[38]" classname="uk.ac.ed.inf.OrderValidatorTest" time="0"/>
  <testcase name="testCreditCardExpiryDateNull[39]" classname="uk.ac.ed.inf.OrderValidatorTest" time="0.001"/>
  <testcase name="testCreditCardExpiryDateNull[40]" classname="uk.ac.ed.inf.OrderValidatorTest" time="0"/>
  <testcase name="testCreditCardExpiryDateNull[41]" classname="uk.ac.ed.inf.OrderValidatorTest" time="0"/>
  <testcase name="testCreditCardExpiryDateNull[42]" classname="uk.ac.ed.inf.OrderValidatorTest" time="0.001"/>
  <testcase name="testCreditCardExpiryDateNull[43]" classname="uk.ac.ed.inf.OrderValidatorTest" time="0"/>
  <testcase name="testCreditCardExpiryDateNull[44]" classname="uk.ac.ed.inf.OrderValidatorTest" time="0"/>
  <testcase name="testCreditCardExpiryDateNull[45]" classname="uk.ac.ed.inf.OrderValidatorTest" time="0.001"/>
  <testcase name="testCreditCardExpiryDateNull[46]" classname="uk.ac.ed.inf.OrderValidatorTest" time="0"/>
  <testcase name="testCreditCardExpiryDateNull[47]" classname="uk.ac.ed.inf.OrderValidatorTest" time="0"/>
  <testcase name="testCreditCardExpiryDateNull[48]" classname="uk.ac.ed.inf.OrderValidatorTest" time="0.001"/>
  <testcase name="testCreditCardExpiryDateNull[49]" classname="uk.ac.ed.inf.OrderValidatorTest" time="0"/>
  <testcase name="testCreditCardExpiryDateNull[50]" classname="uk.ac.ed.inf.OrderValidatorTest" time="0.001"/>
  <testcase name="testCreditCardExpiryDateNull[51]" classname="uk.ac.ed.inf.OrderValidatorTest" time="0"/>
  <testcase name="testCreditCardExpiryDateNull[52]" classname="uk.ac.ed.inf.OrderValidatorTest" time="0"/>
  <testcase name="testCreditCardExpiryDateNull[53]" classname="uk.ac.ed.inf.OrderValidatorTest" time="0.001"/>
  <testcase name="testCreditCardExpiryDateNull[54]" classname="uk.ac.ed.inf.OrderValidatorTest" time="0"/>
  <testcase name="testCreditCardExpiryDateNull[55]" classname="uk.ac.ed.inf.OrderValidatorTest" time="0"/>
  <testcase name="testCreditCardExpiryDateNull[56]" classname="uk.ac.ed.inf.OrderValidatorTest" time="0.001"/>
  <testcase name="testCreditCardExpiryDateNull[57]" classname="uk.ac.ed.inf.OrderValidatorTest" time="0"/>
  <testcase name="testCreditCardExpiryDateNull[58]" classname="uk.ac.ed.inf.OrderValidatorTest" time="0"/>
  <testcase name="testCreditCardExpiryDateNull[59]" classname="uk.ac.ed.inf.OrderValidatorTest" time="0.001"/>
  <testcase name="testCreditCardExpiryDateNull[60]" classname="uk.ac.ed.inf.OrderValidatorTest" time="0"/>
  <testcase name="testCreditCardExpiryDateNull[61]" classname="uk.ac.ed.inf.OrderValidatorTest" time="0"/>
  <testcase name="testCreditCardExpiryDateNull[62]" classname="uk.ac.ed.inf.OrderValidatorTest" time="0.001"/>
  <testcase name="testCreditCardExpiryDateNull[63]" classname="uk.ac.ed.inf.OrderValidatorTest" time="0"/>
  <testcase name="testCreditCardExpiryDateNull[64]" classname="uk.ac.ed.inf.OrderValidatorTest" time="0"/>
  <testcase name="testCreditCardExpiryDateNull[65]" classname="uk.ac.ed.inf.OrderValidatorTest" time="0.001"/>
  <testcase name="testCreditCardExpiryDateNull[66]" classname="uk.ac.ed.inf.OrderValidatorTest" time="0"/>
  <testcase name="testCreditCardExpiryDateNull[67]" classname="uk.ac.ed.inf.OrderValidatorTest" time="0"/>
  <testcase name="testCreditCardExpiryDateNull[68]" classname="uk.ac.ed.inf.OrderValidatorTest" time="0.001"/>
  <testcase name="testCreditCardExpiryDateNull[69]" classname="uk.ac.ed.inf.OrderValidatorTest" time="0"/>
  <testcase name="testCreditCardExpiryDateNull[70]" classname="uk.ac.ed.inf.OrderValidatorTest" time="0"/>
  <testcase name="testCreditCardExpiryDateNull[71]" classname="uk.ac.ed.inf.OrderValidatorTest" time="0.001"/>
  <testcase name="testCreditCardExpiryDateNull[72]" classname="uk.ac.ed.inf.OrderValidatorTest" time="0"/>
  <testcase name="testCreditCardExpiryDateNull[73]" classname="uk.ac.ed.inf.OrderValidatorTest" time="0"/>
  <testcase name="testCreditCardExpiryDateNull[74]" classname="uk.ac.ed.inf.OrderValidatorTest" time="0.001"/>
  <testcase name="testCreditCardExpiryDateNull[75]" classname="uk.ac.ed.inf.OrderValidatorTest" time="0"/>
  <testcase name="testCreditCardExpiryDateNull[76]" classname="uk.ac.ed.inf.OrderValidatorTest" time="0"/>
  <testcase name="testCreditCardExpiryDateNull[77]" classname="uk.ac.ed.inf.OrderValidatorTest" time="0.001"/>
  <testcase name="testCreditCardExpiryDateNull[78]" classname="uk.ac.ed.inf.OrderValidatorTest" time="0"/>
  <testcase name="testCreditCardExpiryDateNull[79]" classname="uk.ac.ed.inf.OrderValidatorTest" time="0"/>
  <testcase name="testCreditCardExpiryDateNull[80]" classname="uk.ac.ed.inf.OrderValidatorTest" time="0.001"/>
  <testcase name="testCreditCardExpiryDateNull[81]" classname="uk.ac.ed.inf.OrderValidatorTest" time="0"/>
  <testcase name="testCreditCardExpiryDateNull[82]" classname="uk.ac.ed.inf.OrderValidatorTest" time="0"/>
  <testcase name="testCreditCardExpiryDateNull[83]" classname="uk.ac.ed.inf.OrderValidatorTest" time="0.001"/>
  <testcase name="testCreditCardExpiryDateNull[84]" classname="uk.ac.ed.inf.OrderValidatorTest" time="0"/>
  <testcase name="testCreditCardExpiryDateNull[85]" classname="uk.ac.ed.inf.OrderValidatorTest" time="0"/>
  <testcase name="testCreditCardExpiryDateNull[86]" classname="uk.ac.ed.inf.OrderValidatorTest" time="0.001"/>
  <testcase name="testCreditCardExpiryDateNull[87]" classname="uk.ac.ed.inf.OrderValidatorTest" time="0"/>
  <testcase name="testCreditCardExpiryDateNull[88]" classname="uk.ac.ed.inf.OrderValidatorTest" time="0"/>
  <testcase name="testCreditCardExpiryDateNull[89]" classname="uk.ac.ed.inf.OrderValidatorTest" time="0.001"/>
  <testcase name="testCreditCardExpiryDateNull[90]" classname="uk.ac.ed.inf.OrderValidatorTest" time="0"/>
  <testcase name="testCreditCardExpiryDateNull[91]" classname="uk.ac.ed.inf.OrderValidatorTest" time="0.001"/>
  <testcase name="testCreditCardExpiryDateNull[92]" classname="uk.ac.ed.inf.OrderValidatorTest" time="0"/>
  <testcase name="testCreditCardExpiryDateNull[93]" classname="uk.ac.ed.inf.OrderValidatorTest" time="0"/>
  <testcase name="testCreditCardExpiryDateNull[94]" classname="uk.ac.ed.inf.OrderValidatorTest" time="0.001"/>
  <testcase name="testCreditCardExpiryDateNull[95]" classname="uk.ac.ed.inf.OrderValidatorTest" time="0"/>
  <testcase name="testCreditCardExpiryDateNull[96]" classname="uk.ac.ed.inf.OrderValidatorTest" time="0"/>
  <testcase name="testCreditCardExpiryDateNull[97]" classname="uk.ac.ed.inf.OrderValidatorTest" time="0"/>
  <testcase name="testCreditCardExpiryDateNull[98]" classname="uk.ac.ed.inf.OrderValidatorTest" time="0.001"/>
  <testcase name="testCreditCardExpiryDateNull[99]" classname="uk.ac.ed.inf.OrderValidatorTest" time="0"/>
  <testcase name="testCreditCardExpiryDateNull[100]" classname="uk.ac.ed.inf.OrderValidatorTest" time="0"/>
  <testcase name="testCreditCardCExpiryDateInPast[1]" classname="uk.ac.ed.inf.OrderValidatorTest" time="0.001"/>
  <testcase name="testCreditCardCExpiryDateInPast[2]" classname="uk.ac.ed.inf.OrderValidatorTest" time="0"/>
  <testcase name="testCreditCardCExpiryDateInPast[3]" classname="uk.ac.ed.inf.OrderValidatorTest" time="0.001"/>
  <testcase name="testCreditCardCExpiryDateInPast[4]" classname="uk.ac.ed.inf.OrderValidatorTest" time="0"/>
  <testcase name="testCreditCardCExpiryDateInPast[5]" classname="uk.ac.ed.inf.OrderValidatorTest" time="0"/>
  <testcase name="testCreditCardCExpiryDateInPast[6]" classname="uk.ac.ed.inf.OrderValidatorTest" time="0.001"/>
  <testcase name="testCreditCardCExpiryDateInPast[7]" classname="uk.ac.ed.inf.OrderValidatorTest" time="0"/>
  <testcase name="testCreditCardCExpiryDateInPast[8]" classname="uk.ac.ed.inf.OrderValidatorTest" time="0"/>
  <testcase name="testCreditCardCExpiryDateInPast[9]" classname="uk.ac.ed.inf.OrderValidatorTest" time="0.001"/>
  <testcase name="testCreditCardCExpiryDateInPast[10]" classname="uk.ac.ed.inf.OrderValidatorTest" time="0"/>
  <testcase name="testCreditCardCExpiryDateInPast[11]" classname="uk.ac.ed.inf.OrderValidatorTest" time="0"/>
  <testcase name="testCreditCardCExpiryDateInPast[12]" classname="uk.ac.ed.inf.OrderValidatorTest" time="0.001"/>
  <testcase name="testCreditCardCExpiryDateInPast[13]" classname="uk.ac.ed.inf.OrderValidatorTest" time="0"/>
  <testcase name="testCreditCardCExpiryDateInPast[14]" classname="uk.ac.ed.inf.OrderValidatorTest" time="0"/>
  <testcase name="testCreditCardCExpiryDateInPast[15]" classname="uk.ac.ed.inf.OrderValidatorTest" time="0.001"/>
  <testcase name="testCreditCardCExpiryDateInPast[16]" classname="uk.ac.ed.inf.OrderValidatorTest" time="0"/>
  <testcase name="testCreditCardCExpiryDateInPast[17]" classname="uk.ac.ed.inf.OrderValidatorTest" time="0"/>
  <testcase name="testCreditCardCExpiryDateInPast[18]" classname="uk.ac.ed.inf.OrderValidatorTest" time="0.001"/>
  <testcase name="testCreditCardCExpiryDateInPast[19]" classname="uk.ac.ed.inf.OrderValidatorTest" time="0"/>
  <testcase name="testCreditCardCExpiryDateInPast[20]" classname="uk.ac.ed.inf.OrderValidatorTest" time="0"/>
  <testcase name="testCreditCardCExpiryDateInPast[21]" classname="uk.ac.ed.inf.OrderValidatorTest" time="0.001"/>
  <testcase name="testCreditCardCExpiryDateInPast[22]" classname="uk.ac.ed.inf.OrderValidatorTest" time="0"/>
  <testcase name="testCreditCardCExpiryDateInPast[23]" classname="uk.ac.ed.inf.OrderValidatorTest" time="0"/>
  <testcase name="testCreditCardCExpiryDateInPast[24]" classname="uk.ac.ed.inf.OrderValidatorTest" time="0.001"/>
  <testcase name="testCreditCardCExpiryDateInPast[25]" classname="uk.ac.ed.inf.OrderValidatorTest" time="0"/>
  <testcase name="testCreditCardCExpiryDateInPast[26]" classname="uk.ac.ed.inf.OrderValidatorTest" time="0"/>
  <testcase name="testCreditCardCExpiryDateInPast[27]" classname="uk.ac.ed.inf.OrderValidatorTest" time="0.001"/>
  <testcase name="testCreditCardCExpiryDateInPast[28]" classname="uk.ac.ed.inf.OrderValidatorTest" time="0"/>
  <testcase name="testCreditCardCExpiryDateInPast[29]" classname="uk.ac.ed.inf.OrderValidatorTest" time="0"/>
  <testcase name="testCreditCardCExpiryDateInPast[30]" classname="uk.ac.ed.inf.OrderValidatorTest" time="0.001"/>
  <testcase name="testCreditCardCExpiryDateInPast[31]" classname="uk.ac.ed.inf.OrderValidatorTest" time="0"/>
  <testcase name="testCreditCardCExpiryDateInPast[32]" classname="uk.ac.ed.inf.OrderValidatorTest" time="0.001"/>
  <testcase name="testCreditCardCExpiryDateInPast[33]" classname="uk.ac.ed.inf.OrderValidatorTest" time="0"/>
  <testcase name="testCreditCardCExpiryDateInPast[34]" classname="uk.ac.ed.inf.OrderValidatorTest" time="0.001"/>
  <testcase name="testCreditCardCExpiryDateInPast[35]" classname="uk.ac.ed.inf.OrderValidatorTest" time="0"/>
  <testcase name="testCreditCardCExpiryDateInPast[36]" classname="uk.ac.ed.inf.OrderValidatorTest" time="0"/>
  <testcase name="testCreditCardCExpiryDateInPast[37]" classname="uk.ac.ed.inf.OrderValidatorTest" time="0.001"/>
  <testcase name="testCreditCardCExpiryDateInPast[38]" classname="uk.ac.ed.inf.OrderValidatorTest" time="0"/>
  <testcase name="testCreditCardCExpiryDateInPast[39]" classname="uk.ac.ed.inf.OrderValidatorTest" time="0.001"/>
  <testcase name="testCreditCardCExpiryDateInPast[40]" classname="uk.ac.ed.inf.OrderValidatorTest" time="0"/>
  <testcase name="testCreditCardCExpiryDateInPast[41]" classname="uk.ac.ed.inf.OrderValidatorTest" time="0.001"/>
  <testcase name="testCreditCardCExpiryDateInPast[42]" classname="uk.ac.ed.inf.OrderValidatorTest" time="0"/>
  <testcase name="testCreditCardCExpiryDateInPast[43]" classname="uk.ac.ed.inf.OrderValidatorTest" time="0"/>
  <testcase name="testCreditCardCExpiryDateInPast[44]" classname="uk.ac.ed.inf.OrderValidatorTest" time="0.001"/>
  <testcase name="testCreditCardCExpiryDateInPast[45]" classname="uk.ac.ed.inf.OrderValidatorTest" time="0"/>
  <testcase name="testCreditCardCExpiryDateInPast[46]" classname="uk.ac.ed.inf.OrderValidatorTest" time="0.001"/>
  <testcase name="testCreditCardCExpiryDateInPast[47]" classname="uk.ac.ed.inf.OrderValidatorTest" time="0"/>
  <testcase name="testCreditCardCExpiryDateInPast[48]" classname="uk.ac.ed.inf.OrderValidatorTest" time="0.001"/>
  <testcase name="testCreditCardCExpiryDateInPast[49]" classname="uk.ac.ed.inf.OrderValidatorTest" time="0"/>
  <testcase name="testCreditCardCExpiryDateInPast[50]" classname="uk.ac.ed.inf.OrderValidatorTest" time="0"/>
  <testcase name="testCreditCardCExpiryDateInPast[51]" classname="uk.ac.ed.inf.OrderValidatorTest" time="0.001"/>
  <testcase name="testCreditCardCExpiryDateInPast[52]" classname="uk.ac.ed.inf.OrderValidatorTest" time="0"/>
  <testcase name="testCreditCardCExpiryDateInPast[53]" classname="uk.ac.ed.inf.OrderValidatorTest" time="0"/>
  <testcase name="testCreditCardCExpiryDateInPast[54]" classname="uk.ac.ed.inf.OrderValidatorTest" time="0.001"/>
  <testcase name="testCreditCardCExpiryDateInPast[55]" classname="uk.ac.ed.inf.OrderValidatorTest" time="0"/>
  <testcase name="testCreditCardCExpiryDateInPast[56]" classname="uk.ac.ed.inf.OrderValidatorTest" time="0"/>
  <testcase name="testCreditCardCExpiryDateInPast[57]" classname="uk.ac.ed.inf.OrderValidatorTest" time="0.001"/>
  <testcase name="testCreditCardCExpiryDateInPast[58]" classname="uk.ac.ed.inf.OrderValidatorTest" time="0"/>
  <testcase name="testCreditCardCExpiryDateInPast[59]" classname="uk.ac.ed.inf.OrderValidatorTest" time="0"/>
  <testcase name="testCreditCardCExpiryDateInPast[60]" classname="uk.ac.ed.inf.OrderValidatorTest" time="0.001"/>
  <testcase name="testCreditCardCExpiryDateInPast[61]" classname="uk.ac.ed.inf.OrderValidatorTest" time="0"/>
  <testcase name="testCreditCardCExpiryDateInPast[62]" classname="uk.ac.ed.inf.OrderValidatorTest" time="0"/>
  <testcase name="testCreditCardCExpiryDateInPast[63]" classname="uk.ac.ed.inf.OrderValidatorTest" time="0.001"/>
  <testcase name="testCreditCardCExpiryDateInPast[64]" classname="uk.ac.ed.inf.OrderValidatorTest" time="0"/>
  <testcase name="testCreditCardCExpiryDateInPast[65]" classname="uk.ac.ed.inf.OrderValidatorTest" time="0"/>
  <testcase name="testCreditCardCExpiryDateInPast[66]" classname="uk.ac.ed.inf.OrderValidatorTest" time="0.001"/>
  <testcase name="testCreditCardCExpiryDateInPast[67]" classname="uk.ac.ed.inf.OrderValidatorTest" time="0"/>
  <testcase name="testCreditCardCExpiryDateInPast[68]" classname="uk.ac.ed.inf.OrderValidatorTest" time="0"/>
  <testcase name="testCreditCardCExpiryDateInPast[69]" classname="uk.ac.ed.inf.OrderValidatorTest" time="0.001"/>
  <testcase name="testCreditCardCExpiryDateInPast[70]" classname="uk.ac.ed.inf.OrderValidatorTest" time="0"/>
  <testcase name="testCreditCardCExpiryDateInPast[71]" classname="uk.ac.ed.inf.OrderValidatorTest" time="0.001"/>
  <testcase name="testCreditCardCExpiryDateInPast[72]" classname="uk.ac.ed.inf.OrderValidatorTest" time="0"/>
  <testcase name="testCreditCardCExpiryDateInPast[73]" classname="uk.ac.ed.inf.OrderValidatorTest" time="0.001"/>
  <testcase name="testCreditCardCExpiryDateInPast[74]" classname="uk.ac.ed.inf.OrderValidatorTest" time="0"/>
  <testcase name="testCreditCardCExpiryDateInPast[75]" classname="uk.ac.ed.inf.OrderValidatorTest" time="0"/>
  <testcase name="testCreditCardCExpiryDateInPast[76]" classname="uk.ac.ed.inf.OrderValidatorTest" time="0.001"/>
  <testcase name="testCreditCardCExpiryDateInPast[77]" classname="uk.ac.ed.inf.OrderValidatorTest" time="0"/>
  <testcase name="testCreditCardCExpiryDateInPast[78]" classname="uk.ac.ed.inf.OrderValidatorTest" time="0"/>
  <testcase name="testCreditCardCExpiryDateInPast[79]" classname="uk.ac.ed.inf.OrderValidatorTest" time="0.001"/>
  <testcase name="testCreditCardCExpiryDateInPast[80]" classname="uk.ac.ed.inf.OrderValidatorTest" time="0"/>
  <testcase name="testCreditCardCExpiryDateInPast[81]" classname="uk.ac.ed.inf.OrderValidatorTest" time="0"/>
  <testcase name="testCreditCardCExpiryDateInPast[82]" classname="uk.ac.ed.inf.OrderValidatorTest" time="0.001"/>
  <testcase name="testCreditCardCExpiryDateInPast[83]" classname="uk.ac.ed.inf.OrderValidatorTest" time="0"/>
  <testcase name="testCreditCardCExpiryDateInPast[84]" classname="uk.ac.ed.inf.OrderValidatorTest" time="0"/>
  <testcase name="testCreditCardCExpiryDateInPast[85]" classname="uk.ac.ed.inf.OrderValidatorTest" time="0"/>
  <testcase name="testCreditCardCExpiryDateInPast[86]" classname="uk.ac.ed.inf.OrderValidatorTest" time="0"/>
  <testcase name="testCreditCardCExpiryDateInPast[87]" classname="uk.ac.ed.inf.OrderValidatorTest" time="0"/>
  <testcase name="testCreditCardCExpiryDateInPast[88]" classname="uk.ac.ed.inf.OrderValidatorTest" time="0"/>
  <testcase name="testCreditCardCExpiryDateInPast[89]" classname="uk.ac.ed.inf.OrderValidatorTest" time="0.001"/>
  <testcase name="testCreditCardCExpiryDateInPast[90]" classname="uk.ac.ed.inf.OrderValidatorTest" time="0"/>
  <testcase name="testCreditCardCExpiryDateInPast[91]" classname="uk.ac.ed.inf.OrderValidatorTest" time="0"/>
  <testcase name="testCreditCardCExpiryDateInPast[92]" classname="uk.ac.ed.inf.OrderValidatorTest" time="0.001"/>
  <testcase name="testCreditCardCExpiryDateInPast[93]" classname="uk.ac.ed.inf.OrderValidatorTest" time="0"/>
  <testcase name="testCreditCardCExpiryDateInPast[94]" classname="uk.ac.ed.inf.OrderValidatorTest" time="0"/>
  <testcase name="testCreditCardCExpiryDateInPast[95]" classname="uk.ac.ed.inf.OrderValidatorTest" time="0.001"/>
  <testcase name="testCreditCardCExpiryDateInPast[96]" classname="uk.ac.ed.inf.OrderValidatorTest" time="0"/>
  <testcase name="testCreditCardCExpiryDateInPast[97]" classname="uk.ac.ed.inf.OrderValidatorTest" time="0"/>
  <testcase name="testCreditCardCExpiryDateInPast[98]" classname="uk.ac.ed.inf.OrderValidatorTest" time="0.001"/>
  <testcase name="testCreditCardCExpiryDateInPast[99]" classname="uk.ac.ed.inf.OrderValidatorTest" time="0"/>
  <testcase name="testCreditCardCExpiryDateInPast[100]" classname="uk.ac.ed.inf.OrderValidatorTest" time="0"/>
  <testcase name="testCreditCardCExpiryDateInvalidDate[1]" classname="uk.ac.ed.inf.OrderValidatorTest" time="0.001"/>
  <testcase name="testCreditCardCExpiryDateInvalidDate[2]" classname="uk.ac.ed.inf.OrderValidatorTest" time="0"/>
  <testcase name="testCreditCardCExpiryDateInvalidDate[3]" classname="uk.ac.ed.inf.OrderValidatorTest" time="0.001"/>
  <testcase name="testCreditCardCExpiryDateInvalidDate[4]" classname="uk.ac.ed.inf.OrderValidatorTest" time="0"/>
  <testcase name="testCreditCardCExpiryDateInvalidDate[5]" classname="uk.ac.ed.inf.OrderValidatorTest" time="0"/>
  <testcase name="testCreditCardCExpiryDateInvalidDate[6]" classname="uk.ac.ed.inf.OrderValidatorTest" time="0.001"/>
  <testcase name="testCreditCardCExpiryDateInvalidDate[7]" classname="uk.ac.ed.inf.OrderValidatorTest" time="0"/>
  <testcase name="testCreditCardCExpiryDateInvalidDate[8]" classname="uk.ac.ed.inf.OrderValidatorTest" time="0"/>
  <testcase name="testCreditCardCExpiryDateInvalidDate[9]" classname="uk.ac.ed.inf.OrderValidatorTest" time="0.001"/>
  <testcase name="testCreditCardCExpiryDateInvalidDate[10]" classname="uk.ac.ed.inf.OrderValidatorTest" time="0"/>
  <testcase name="testCreditCardCExpiryDateInvalidDate[11]" classname="uk.ac.ed.inf.OrderValidatorTest" time="0"/>
  <testcase name="testCreditCardCExpiryDateInvalidDate[12]" classname="uk.ac.ed.inf.OrderValidatorTest" time="0.001"/>
  <testcase name="testCreditCardCExpiryDateInvalidDate[13]" classname="uk.ac.ed.inf.OrderValidatorTest" time="0"/>
  <testcase name="testCreditCardCExpiryDateInvalidDate[14]" classname="uk.ac.ed.inf.OrderValidatorTest" time="0"/>
  <testcase name="testCreditCardCExpiryDateInvalidDate[15]" classname="uk.ac.ed.inf.OrderValidatorTest" time="0.001"/>
  <testcase name="testCreditCardCExpiryDateInvalidDate[16]" classname="uk.ac.ed.inf.OrderValidatorTest" time="0"/>
  <testcase name="testCreditCardCExpiryDateInvalidDate[17]" classname="uk.ac.ed.inf.OrderValidatorTest" time="0.001"/>
  <testcase name="testCreditCardCExpiryDateInvalidDate[18]" classname="uk.ac.ed.inf.OrderValidatorTest" time="0"/>
  <testcase name="testCreditCardCExpiryDateInvalidDate[19]" classname="uk.ac.ed.inf.OrderValidatorTest" time="0"/>
  <testcase name="testCreditCardCExpiryDateInvalidDate[20]" classname="uk.ac.ed.inf.OrderValidatorTest" time="0.001"/>
  <testcase name="testCreditCardCExpiryDateInvalidDate[21]" classname="uk.ac.ed.inf.OrderValidatorTest" time="0"/>
  <testcase name="testCreditCardCExpiryDateInvalidDate[22]" classname="uk.ac.ed.inf.OrderValidatorTest" time="0.001"/>
  <testcase name="testCreditCardCExpiryDateInvalidDate[23]" classname="uk.ac.ed.inf.OrderValidatorTest" time="0"/>
  <testcase name="testCreditCardCExpiryDateInvalidDate[24]" classname="uk.ac.ed.inf.OrderValidatorTest" time="0"/>
  <testcase name="testCreditCardCExpiryDateInvalidDate[25]" classname="uk.ac.ed.inf.OrderValidatorTest" time="0.001"/>
  <testcase name="testCreditCardCExpiryDateInvalidDate[26]" classname="uk.ac.ed.inf.OrderValidatorTest" time="0"/>
  <testcase name="testCreditCardCExpiryDateInvalidDate[27]" classname="uk.ac.ed.inf.OrderValidatorTest" time="0.001"/>
  <testcase name="testCreditCardCExpiryDateInvalidDate[28]" classname="uk.ac.ed.inf.OrderValidatorTest" time="0"/>
  <testcase name="testCreditCardCExpiryDateInvalidDate[29]" classname="uk.ac.ed.inf.OrderValidatorTest" time="0"/>
  <testcase name="testCreditCardCExpiryDateInvalidDate[30]" classname="uk.ac.ed.inf.OrderValidatorTest" time="0.001"/>
  <testcase name="testCreditCardCExpiryDateInvalidDate[31]" classname="uk.ac.ed.inf.OrderValidatorTest" time="0"/>
  <testcase name="testCreditCardCExpiryDateInvalidDate[32]" classname="uk.ac.ed.inf.OrderValidatorTest" time="0.001"/>
  <testcase name="testCreditCardCExpiryDateInvalidDate[33]" classname="uk.ac.ed.inf.OrderValidatorTest" time="0"/>
  <testcase name="testCreditCardCExpiryDateInvalidDate[34]" classname="uk.ac.ed.inf.OrderValidatorTest" time="0"/>
  <testcase name="testCreditCardCExpiryDateInvalidDate[35]" classname="uk.ac.ed.inf.OrderValidatorTest" time="0.001"/>
  <testcase name="testCreditCardCExpiryDateInvalidDate[36]" classname="uk.ac.ed.inf.OrderValidatorTest" time="0"/>
  <testcase name="testCreditCardCExpiryDateInvalidDate[37]" classname="uk.ac.ed.inf.OrderValidatorTest" time="0"/>
  <testcase name="testCreditCardCExpiryDateInvalidDate[38]" classname="uk.ac.ed.inf.OrderValidatorTest" time="0.001"/>
  <testcase name="testCreditCardCExpiryDateInvalidDate[39]" classname="uk.ac.ed.inf.OrderValidatorTest" time="0"/>
  <testcase name="testCreditCardCExpiryDateInvalidDate[40]" classname="uk.ac.ed.inf.OrderValidatorTest" time="0.001"/>
  <testcase name="testCreditCardCExpiryDateInvalidDate[41]" classname="uk.ac.ed.inf.OrderValidatorTest" time="0"/>
  <testcase name="testCreditCardCExpiryDateInvalidDate[42]" classname="uk.ac.ed.inf.OrderValidatorTest" time="0"/>
  <testcase name="testCreditCardCExpiryDateInvalidDate[43]" classname="uk.ac.ed.inf.OrderValidatorTest" time="0.001"/>
  <testcase name="testCreditCardCExpiryDateInvalidDate[44]" classname="uk.ac.ed.inf.OrderValidatorTest" time="0"/>
  <testcase name="testCreditCardCExpiryDateInvalidDate[45]" classname="uk.ac.ed.inf.OrderValidatorTest" time="0"/>
  <testcase name="testCreditCardCExpiryDateInvalidDate[46]" classname="uk.ac.ed.inf.OrderValidatorTest" time="0.001"/>
  <testcase name="testCreditCardCExpiryDateInvalidDate[47]" classname="uk.ac.ed.inf.OrderValidatorTest" time="0"/>
  <testcase name="testCreditCardCExpiryDateInvalidDate[48]" classname="uk.ac.ed.inf.OrderValidatorTest" time="0"/>
  <testcase name="testCreditCardCExpiryDateInvalidDate[49]" classname="uk.ac.ed.inf.OrderValidatorTest" time="0.001"/>
  <testcase name="testCreditCardCExpiryDateInvalidDate[50]" classname="uk.ac.ed.inf.OrderValidatorTest" time="0"/>
  <testcase name="testCreditCardCExpiryDateInvalidDate[51]" classname="uk.ac.ed.inf.OrderValidatorTest" time="0.001"/>
  <testcase name="testCreditCardCExpiryDateInvalidDate[52]" classname="uk.ac.ed.inf.OrderValidatorTest" time="0"/>
  <testcase name="testCreditCardCExpiryDateInvalidDate[53]" classname="uk.ac.ed.inf.OrderValidatorTest" time="0.001"/>
  <testcase name="testCreditCardCExpiryDateInvalidDate[54]" classname="uk.ac.ed.inf.OrderValidatorTest" time="0"/>
  <testcase name="testCreditCardCExpiryDateInvalidDate[55]" classname="uk.ac.ed.inf.OrderValidatorTest" time="0.001"/>
  <testcase name="testCreditCardCExpiryDateInvalidDate[56]" classname="uk.ac.ed.inf.OrderValidatorTest" time="0"/>
  <testcase name="testCreditCardCExpiryDateInvalidDate[57]" classname="uk.ac.ed.inf.OrderValidatorTest" time="0.001"/>
  <testcase name="testCreditCardCExpiryDateInvalidDate[58]" classname="uk.ac.ed.inf.OrderValidatorTest" time="0"/>
  <testcase name="testCreditCardCExpiryDateInvalidDate[59]" classname="uk.ac.ed.inf.OrderValidatorTest" time="0.001"/>
  <testcase name="testCreditCardCExpiryDateInvalidDate[60]" classname="uk.ac.ed.inf.OrderValidatorTest" time="0"/>
  <testcase name="testCreditCardCExpiryDateInvalidDate[61]" classname="uk.ac.ed.inf.OrderValidatorTest" time="0.001"/>
  <testcase name="testCreditCardCExpiryDateInvalidDate[62]" classname="uk.ac.ed.inf.OrderValidatorTest" time="0"/>
  <testcase name="testCreditCardCExpiryDateInvalidDate[63]" classname="uk.ac.ed.inf.OrderValidatorTest" time="0"/>
  <testcase name="testCreditCardCExpiryDateInvalidDate[64]" classname="uk.ac.ed.inf.OrderValidatorTest" time="0.001"/>
  <testcase name="testCreditCardCExpiryDateInvalidDate[65]" classname="uk.ac.ed.inf.OrderValidatorTest" time="0"/>
  <testcase name="testCreditCardCExpiryDateInvalidDate[66]" classname="uk.ac.ed.inf.OrderValidatorTest" time="0"/>
  <testcase name="testCreditCardCExpiryDateInvalidDate[67]" classname="uk.ac.ed.inf.OrderValidatorTest" time="0.001"/>
  <testcase name="testCreditCardCExpiryDateInvalidDate[68]" classname="uk.ac.ed.inf.OrderValidatorTest" time="0"/>
  <testcase name="testCreditCardCExpiryDateInvalidDate[69]" classname="uk.ac.ed.inf.OrderValidatorTest" time="0"/>
  <testcase name="testCreditCardCExpiryDateInvalidDate[70]" classname="uk.ac.ed.inf.OrderValidatorTest" time="0.001"/>
  <testcase name="testCreditCardCExpiryDateInvalidDate[71]" classname="uk.ac.ed.inf.OrderValidatorTest" time="0"/>
  <testcase name="testCreditCardCExpiryDateInvalidDate[72]" classname="uk.ac.ed.inf.OrderValidatorTest" time="0"/>
  <testcase name="testCreditCardCExpiryDateInvalidDate[73]" classname="uk.ac.ed.inf.OrderValidatorTest" time="0.001"/>
  <testcase name="testCreditCardCExpiryDateInvalidDate[74]" classname="uk.ac.ed.inf.OrderValidatorTest" time="0"/>
  <testcase name="testCreditCardCExpiryDateInvalidDate[75]" classname="uk.ac.ed.inf.OrderValidatorTest" time="0"/>
  <testcase name="testCreditCardCExpiryDateInvalidDate[76]" classname="uk.ac.ed.inf.OrderValidatorTest" time="0.001"/>
  <testcase name="testCreditCardCExpiryDateInvalidDate[77]" classname="uk.ac.ed.inf.OrderValidatorTest" time="0"/>
  <testcase name="testCreditCardCExpiryDateInvalidDate[78]" classname="uk.ac.ed.inf.OrderValidatorTest" time="0.001"/>
  <testcase name="testCreditCardCExpiryDateInvalidDate[79]" classname="uk.ac.ed.inf.OrderValidatorTest" time="0"/>
  <testcase name="testCreditCardCExpiryDateInvalidDate[80]" classname="uk.ac.ed.inf.OrderValidatorTest" time="0"/>
  <testcase name="testCreditCardCExpiryDateInvalidDate[81]" classname="uk.ac.ed.inf.OrderValidatorTest" time="0.001"/>
  <testcase name="testCreditCardCExpiryDateInvalidDate[82]" classname="uk.ac.ed.inf.OrderValidatorTest" time="0"/>
  <testcase name="testCreditCardCExpiryDateInvalidDate[83]" classname="uk.ac.ed.inf.OrderValidatorTest" time="0"/>
  <testcase name="testCreditCardCExpiryDateInvalidDate[84]" classname="uk.ac.ed.inf.OrderValidatorTest" time="0.001"/>
  <testcase name="testCreditCardCExpiryDateInvalidDate[85]" classname="uk.ac.ed.inf.OrderValidatorTest" time="0"/>
  <testcase name="testCreditCardCExpiryDateInvalidDate[86]" classname="uk.ac.ed.inf.OrderValidatorTest" time="0"/>
  <testcase name="testCreditCardCExpiryDateInvalidDate[87]" classname="uk.ac.ed.inf.OrderValidatorTest" time="0.001"/>
  <testcase name="testCreditCardCExpiryDateInvalidDate[88]" classname="uk.ac.ed.inf.OrderValidatorTest" time="0"/>
  <testcase name="testCreditCardCExpiryDateInvalidDate[89]" classname="uk.ac.ed.inf.OrderValidatorTest" time="0.001"/>
  <testcase name="testCreditCardCExpiryDateInvalidDate[90]" classname="uk.ac.ed.inf.OrderValidatorTest" time="0"/>
  <testcase name="testCreditCardCExpiryDateInvalidDate[91]" classname="uk.ac.ed.inf.OrderValidatorTest" time="0.001"/>
  <testcase name="testCreditCardCExpiryDateInvalidDate[92]" classname="uk.ac.ed.inf.OrderValidatorTest" time="0"/>
  <testcase name="testCreditCardCExpiryDateInvalidDate[93]" classname="uk.ac.ed.inf.OrderValidatorTest" time="0"/>
  <testcase name="testCreditCardCExpiryDateInvalidDate[94]" classname="uk.ac.ed.inf.OrderValidatorTest" time="0.001"/>
  <testcase name="testCreditCardCExpiryDateInvalidDate[95]" classname="uk.ac.ed.inf.OrderValidatorTest" time="0"/>
  <testcase name="testCreditCardCExpiryDateInvalidDate[96]" classname="uk.ac.ed.inf.OrderValidatorTest" time="0"/>
  <testcase name="testCreditCardCExpiryDateInvalidDate[97]" classname="uk.ac.ed.inf.OrderValidatorTest" time="0.001"/>
  <testcase name="testCreditCardCExpiryDateInvalidDate[98]" classname="uk.ac.ed.inf.OrderValidatorTest" time="0"/>
  <testcase name="testCreditCardCExpiryDateInvalidDate[99]" classname="uk.ac.ed.inf.OrderValidatorTest" time="0"/>
  <testcase name="testCreditCardCExpiryDateInvalidDate[100]" classname="uk.ac.ed.inf.OrderValidatorTest" time="0.001"/>
  <testcase name="testCreditCardCVVNull[1]" classname="uk.ac.ed.inf.OrderValidatorTest" time="0"/>
  <testcase name="testCreditCardCVVNull[2]" classname="uk.ac.ed.inf.OrderValidatorTest" time="0"/>
  <testcase name="testCreditCardCVVNull[3]" classname="uk.ac.ed.inf.OrderValidatorTest" time="0.001"/>
  <testcase name="testCreditCardCVVNull[4]" classname="uk.ac.ed.inf.OrderValidatorTest" time="0"/>
  <testcase name="testCreditCardCVVNull[5]" classname="uk.ac.ed.inf.OrderValidatorTest" time="0"/>
  <testcase name="testCreditCardCVVNull[6]" classname="uk.ac.ed.inf.OrderValidatorTest" time="0.001"/>
  <testcase name="testCreditCardCVVNull[7]" classname="uk.ac.ed.inf.OrderValidatorTest" time="0"/>
  <testcase name="testCreditCardCVVNull[8]" classname="uk.ac.ed.inf.OrderValidatorTest" time="0"/>
  <testcase name="testCreditCardCVVNull[9]" classname="uk.ac.ed.inf.OrderValidatorTest" time="0.001"/>
  <testcase name="testCreditCardCVVNull[10]" classname="uk.ac.ed.inf.OrderValidatorTest" time="0"/>
  <testcase name="testCreditCardCVVNull[11]" classname="uk.ac.ed.inf.OrderValidatorTest" time="0"/>
  <testcase name="testCreditCardCVVNull[12]" classname="uk.ac.ed.inf.OrderValidatorTest" time="0.001"/>
  <testcase name="testCreditCardCVVNull[13]" classname="uk.ac.ed.inf.OrderValidatorTest" time="0"/>
  <testcase name="testCreditCardCVVNull[14]" classname="uk.ac.ed.inf.OrderValidatorTest" time="0"/>
  <testcase name="testCreditCardCVVNull[15]" classname="uk.ac.ed.inf.OrderValidatorTest" time="0.001"/>
  <testcase name="testCreditCardCVVNull[16]" classname="uk.ac.ed.inf.OrderValidatorTest" time="0"/>
  <testcase name="testCreditCardCVVNull[17]" classname="uk.ac.ed.inf.OrderValidatorTest" time="0"/>
  <testcase name="testCreditCardCVVNull[18]" classname="uk.ac.ed.inf.OrderValidatorTest" time="0.001"/>
  <testcase name="testCreditCardCVVNull[19]" classname="uk.ac.ed.inf.OrderValidatorTest" time="0"/>
  <testcase name="testCreditCardCVVNull[20]" classname="uk.ac.ed.inf.OrderValidatorTest" time="0"/>
  <testcase name="testCreditCardCVVNull[21]" classname="uk.ac.ed.inf.OrderValidatorTest" time="0.001"/>
  <testcase name="testCreditCardCVVNull[22]" classname="uk.ac.ed.inf.OrderValidatorTest" time="0"/>
  <testcase name="testCreditCardCVVNull[23]" classname="uk.ac.ed.inf.OrderValidatorTest" time="0"/>
  <testcase name="testCreditCardCVVNull[24]" classname="uk.ac.ed.inf.OrderValidatorTest" time="0.001"/>
  <testcase name="testCreditCardCVVNull[25]" classname="uk.ac.ed.inf.OrderValidatorTest" time="0"/>
  <testcase name="testCreditCardCVVNull[26]" classname="uk.ac.ed.inf.OrderValidatorTest" time="0"/>
  <testcase name="testCreditCardCVVNull[27]" classname="uk.ac.ed.inf.OrderValidatorTest" time="0.001"/>
  <testcase name="testCreditCardCVVNull[28]" classname="uk.ac.ed.inf.OrderValidatorTest" time="0"/>
  <testcase name="testCreditCardCVVNull[29]" classname="uk.ac.ed.inf.OrderValidatorTest" time="0"/>
  <testcase name="testCreditCardCVVNull[30]" classname="uk.ac.ed.inf.OrderValidatorTest" time="0.001"/>
  <testcase name="testCreditCardCVVNull[31]" classname="uk.ac.ed.inf.OrderValidatorTest" time="0"/>
  <testcase name="testCreditCardCVVNull[32]" classname="uk.ac.ed.inf.OrderValidatorTest" time="0"/>
  <testcase name="testCreditCardCVVNull[33]" classname="uk.ac.ed.inf.OrderValidatorTest" time="0.001"/>
  <testcase name="testCreditCardCVVNull[34]" classname="uk.ac.ed.inf.OrderValidatorTest" time="0"/>
  <testcase name="testCreditCardCVVNull[35]" classname="uk.ac.ed.inf.OrderValidatorTest" time="0"/>
  <testcase name="testCreditCardCVVNull[36]" classname="uk.ac.ed.inf.OrderValidatorTest" time="0"/>
  <testcase name="testCreditCardCVVNull[37]" classname="uk.ac.ed.inf.OrderValidatorTest" time="0.001"/>
  <testcase name="testCreditCardCVVNull[38]" classname="uk.ac.ed.inf.OrderValidatorTest" time="0"/>
  <testcase name="testCreditCardCVVNull[39]" classname="uk.ac.ed.inf.OrderValidatorTest" time="0"/>
  <testcase name="testCreditCardCVVNull[40]" classname="uk.ac.ed.inf.OrderValidatorTest" time="0.001"/>
  <testcase name="testCreditCardCVVNull[41]" classname="uk.ac.ed.inf.OrderValidatorTest" time="0"/>
  <testcase name="testCreditCardCVVNull[42]" classname="uk.ac.ed.inf.OrderValidatorTest" time="0"/>
  <testcase name="testCreditCardCVVNull[43]" classname="uk.ac.ed.inf.OrderValidatorTest" time="0.001"/>
  <testcase name="testCreditCardCVVNull[44]" classname="uk.ac.ed.inf.OrderValidatorTest" time="0"/>
  <testcase name="testCreditCardCVVNull[45]" classname="uk.ac.ed.inf.OrderValidatorTest" time="0"/>
  <testcase name="testCreditCardCVVNull[46]" classname="uk.ac.ed.inf.OrderValidatorTest" time="0.001"/>
  <testcase name="testCreditCardCVVNull[47]" classname="uk.ac.ed.inf.OrderValidatorTest" time="0"/>
  <testcase name="testCreditCardCVVNull[48]" classname="uk.ac.ed.inf.OrderValidatorTest" time="0"/>
  <testcase name="testCreditCardCVVNull[49]" classname="uk.ac.ed.inf.OrderValidatorTest" time="0.001"/>
  <testcase name="testCreditCardCVVNull[50]" classname="uk.ac.ed.inf.OrderValidatorTest" time="0"/>
  <testcase name="testCreditCardCVVNull[51]" classname="uk.ac.ed.inf.OrderValidatorTest" time="0.001"/>
  <testcase name="testCreditCardCVVNull[52]" classname="uk.ac.ed.inf.OrderValidatorTest" time="0"/>
  <testcase name="testCreditCardCVVNull[53]" classname="uk.ac.ed.inf.OrderValidatorTest" time="0"/>
  <testcase name="testCreditCardCVVNull[54]" classname="uk.ac.ed.inf.OrderValidatorTest" time="0.001"/>
  <testcase name="testCreditCardCVVNull[55]" classname="uk.ac.ed.inf.OrderValidatorTest" time="0"/>
  <testcase name="testCreditCardCVVNull[56]" classname="uk.ac.ed.inf.OrderValidatorTest" time="0.001"/>
  <testcase name="testCreditCardCVVNull[57]" classname="uk.ac.ed.inf.OrderValidatorTest" time="0"/>
  <testcase name="testCreditCardCVVNull[58]" classname="uk.ac.ed.inf.OrderValidatorTest" time="0"/>
  <testcase name="testCreditCardCVVNull[59]" classname="uk.ac.ed.inf.OrderValidatorTest" time="0.001"/>
  <testcase name="testCreditCardCVVNull[60]" classname="uk.ac.ed.inf.OrderValidatorTest" time="0"/>
  <testcase name="testCreditCardCVVNull[61]" classname="uk.ac.ed.inf.OrderValidatorTest" time="0"/>
  <testcase name="testCreditCardCVVNull[62]" classname="uk.ac.ed.inf.OrderValidatorTest" time="0.001"/>
  <testcase name="testCreditCardCVVNull[63]" classname="uk.ac.ed.inf.OrderValidatorTest" time="0"/>
  <testcase name="testCreditCardCVVNull[64]" classname="uk.ac.ed.inf.OrderValidatorTest" time="0"/>
  <testcase name="testCreditCardCVVNull[65]" classname="uk.ac.ed.inf.OrderValidatorTest" time="0.001"/>
  <testcase name="testCreditCardCVVNull[66]" classname="uk.ac.ed.inf.OrderValidatorTest" time="0"/>
  <testcase name="testCreditCardCVVNull[67]" classname="uk.ac.ed.inf.OrderValidatorTest" time="0"/>
  <testcase name="testCreditCardCVVNull[68]" classname="uk.ac.ed.inf.OrderValidatorTest" time="0"/>
  <testcase name="testCreditCardCVVNull[69]" classname="uk.ac.ed.inf.OrderValidatorTest" time="0.001"/>
  <testcase name="testCreditCardCVVNull[70]" classname="uk.ac.ed.inf.OrderValidatorTest" time="0"/>
  <testcase name="testCreditCardCVVNull[71]" classname="uk.ac.ed.inf.OrderValidatorTest" time="0"/>
  <testcase name="testCreditCardCVVNull[72]" classname="uk.ac.ed.inf.OrderValidatorTest" time="0.001"/>
  <testcase name="testCreditCardCVVNull[73]" classname="uk.ac.ed.inf.OrderValidatorTest" time="0"/>
  <testcase name="testCreditCardCVVNull[74]" classname="uk.ac.ed.inf.OrderValidatorTest" time="0"/>
  <testcase name="testCreditCardCVVNull[75]" classname="uk.ac.ed.inf.OrderValidatorTest" time="0.001"/>
  <testcase name="testCreditCardCVVNull[76]" classname="uk.ac.ed.inf.OrderValidatorTest" time="0"/>
  <testcase name="testCreditCardCVVNull[77]" classname="uk.ac.ed.inf.OrderValidatorTest" time="0"/>
  <testcase name="testCreditCardCVVNull[78]" classname="uk.ac.ed.inf.OrderValidatorTest" time="0.001"/>
  <testcase name="testCreditCardCVVNull[79]" classname="uk.ac.ed.inf.OrderValidatorTest" time="0"/>
  <testcase name="testCreditCardCVVNull[80]" classname="uk.ac.ed.inf.OrderValidatorTest" time="0"/>
  <testcase name="testCreditCardCVVNull[81]" classname="uk.ac.ed.inf.OrderValidatorTest" time="0.001"/>
  <testcase name="testCreditCardCVVNull[82]" classname="uk.ac.ed.inf.OrderValidatorTest" time="0"/>
  <testcase name="testCreditCardCVVNull[83]" classname="uk.ac.ed.inf.OrderValidatorTest" time="0"/>
  <testcase name="testCreditCardCVVNull[84]" classname="uk.ac.ed.inf.OrderValidatorTest" time="0.001"/>
  <testcase name="testCreditCardCVVNull[85]" classname="uk.ac.ed.inf.OrderValidatorTest" time="0"/>
  <testcase name="testCreditCardCVVNull[86]" classname="uk.ac.ed.inf.OrderValidatorTest" time="0"/>
  <testcase name="testCreditCardCVVNull[87]" classname="uk.ac.ed.inf.OrderValidatorTest" time="0.001"/>
  <testcase name="testCreditCardCVVNull[88]" classname="uk.ac.ed.inf.OrderValidatorTest" time="0"/>
  <testcase name="testCreditCardCVVNull[89]" classname="uk.ac.ed.inf.OrderValidatorTest" time="0"/>
  <testcase name="testCreditCardCVVNull[90]" classname="uk.ac.ed.inf.OrderValidatorTest" time="0.001"/>
  <testcase name="testCreditCardCVVNull[91]" classname="uk.ac.ed.inf.OrderValidatorTest" time="0"/>
  <testcase name="testCreditCardCVVNull[92]" classname="uk.ac.ed.inf.OrderValidatorTest" time="0"/>
  <testcase name="testCreditCardCVVNull[93]" classname="uk.ac.ed.inf.OrderValidatorTest" time="0.001"/>
  <testcase name="testCreditCardCVVNull[94]" classname="uk.ac.ed.inf.OrderValidatorTest" time="0"/>
  <testcase name="testCreditCardCVVNull[95]" classname="uk.ac.ed.inf.OrderValidatorTest" time="0"/>
  <testcase name="testCreditCardCVVNull[96]" classname="uk.ac.ed.inf.OrderValidatorTest" time="0.001"/>
  <testcase name="testCreditCardCVVNull[97]" classname="uk.ac.ed.inf.OrderValidatorTest" time="0"/>
  <testcase name="testCreditCardCVVNull[98]" classname="uk.ac.ed.inf.OrderValidatorTest" time="0.001"/>
  <testcase name="testCreditCardCVVNull[99]" classname="uk.ac.ed.inf.OrderValidatorTest" time="0"/>
  <testcase name="testCreditCardCVVNull[100]" classname="uk.ac.ed.inf.OrderValidatorTest" time="0"/>
  <testcase name="testCreditCardCVVEmptyString[1]" classname="uk.ac.ed.inf.OrderValidatorTest" time="0.001"/>
  <testcase name="testCreditCardCVVEmptyString[2]" classname="uk.ac.ed.inf.OrderValidatorTest" time="0"/>
  <testcase name="testCreditCardCVVEmptyString[3]" classname="uk.ac.ed.inf.OrderValidatorTest" time="0.001"/>
  <testcase name="testCreditCardCVVEmptyString[4]" classname="uk.ac.ed.inf.OrderValidatorTest" time="0"/>
  <testcase name="testCreditCardCVVEmptyString[5]" classname="uk.ac.ed.inf.OrderValidatorTest" time="0"/>
  <testcase name="testCreditCardCVVEmptyString[6]" classname="uk.ac.ed.inf.OrderValidatorTest" time="0.001"/>
  <testcase name="testCreditCardCVVEmptyString[7]" classname="uk.ac.ed.inf.OrderValidatorTest" time="0"/>
  <testcase name="testCreditCardCVVEmptyString[8]" classname="uk.ac.ed.inf.OrderValidatorTest" time="0"/>
  <testcase name="testCreditCardCVVEmptyString[9]" classname="uk.ac.ed.inf.OrderValidatorTest" time="0.001"/>
  <testcase name="testCreditCardCVVEmptyString[10]" classname="uk.ac.ed.inf.OrderValidatorTest" time="0"/>
  <testcase name="testCreditCardCVVEmptyString[11]" classname="uk.ac.ed.inf.OrderValidatorTest" time="0"/>
  <testcase name="testCreditCardCVVEmptyString[12]" classname="uk.ac.ed.inf.OrderValidatorTest" time="0.001"/>
  <testcase name="testCreditCardCVVEmptyString[13]" classname="uk.ac.ed.inf.OrderValidatorTest" time="0"/>
  <testcase name="testCreditCardCVVEmptyString[14]" classname="uk.ac.ed.inf.OrderValidatorTest" time="0"/>
  <testcase name="testCreditCardCVVEmptyString[15]" classname="uk.ac.ed.inf.OrderValidatorTest" time="0.001"/>
  <testcase name="testCreditCardCVVEmptyString[16]" classname="uk.ac.ed.inf.OrderValidatorTest" time="0"/>
  <testcase name="testCreditCardCVVEmptyString[17]" classname="uk.ac.ed.inf.OrderValidatorTest" time="0"/>
  <testcase name="testCreditCardCVVEmptyString[18]" classname="uk.ac.ed.inf.OrderValidatorTest" time="0.001"/>
  <testcase name="testCreditCardCVVEmptyString[19]" classname="uk.ac.ed.inf.OrderValidatorTest" time="0"/>
  <testcase name="testCreditCardCVVEmptyString[20]" classname="uk.ac.ed.inf.OrderValidatorTest" time="0"/>
  <testcase name="testCreditCardCVVEmptyString[21]" classname="uk.ac.ed.inf.OrderValidatorTest" time="0.001"/>
  <testcase name="testCreditCardCVVEmptyString[22]" classname="uk.ac.ed.inf.OrderValidatorTest" time="0"/>
  <testcase name="testCreditCardCVVEmptyString[23]" classname="uk.ac.ed.inf.OrderValidatorTest" time="0"/>
  <testcase name="testCreditCardCVVEmptyString[24]" classname="uk.ac.ed.inf.OrderValidatorTest" time="0"/>
  <testcase name="testCreditCardCVVEmptyString[25]" classname="uk.ac.ed.inf.OrderValidatorTest" time="0.001"/>
  <testcase name="testCreditCardCVVEmptyString[26]" classname="uk.ac.ed.inf.OrderValidatorTest" time="0"/>
  <testcase name="testCreditCardCVVEmptyString[27]" classname="uk.ac.ed.inf.OrderValidatorTest" time="0"/>
  <testcase name="testCreditCardCVVEmptyString[28]" classname="uk.ac.ed.inf.OrderValidatorTest" time="0.001"/>
  <testcase name="testCreditCardCVVEmptyString[29]" classname="uk.ac.ed.inf.OrderValidatorTest" time="0"/>
  <testcase name="testCreditCardCVVEmptyString[30]" classname="uk.ac.ed.inf.OrderValidatorTest" time="0.001"/>
  <testcase name="testCreditCardCVVEmptyString[31]" classname="uk.ac.ed.inf.OrderValidatorTest" time="0"/>
  <testcase name="testCreditCardCVVEmptyString[32]" classname="uk.ac.ed.inf.OrderValidatorTest" time="0"/>
  <testcase name="testCreditCardCVVEmptyString[33]" classname="uk.ac.ed.inf.OrderValidatorTest" time="0.001"/>
  <testcase name="testCreditCardCVVEmptyString[34]" classname="uk.ac.ed.inf.OrderValidatorTest" time="0"/>
  <testcase name="testCreditCardCVVEmptyString[35]" classname="uk.ac.ed.inf.OrderValidatorTest" time="0"/>
  <testcase name="testCreditCardCVVEmptyString[36]" classname="uk.ac.ed.inf.OrderValidatorTest" time="0.001"/>
  <testcase name="testCreditCardCVVEmptyString[37]" classname="uk.ac.ed.inf.OrderValidatorTest" time="0"/>
  <testcase name="testCreditCardCVVEmptyString[38]" classname="uk.ac.ed.inf.OrderValidatorTest" time="0"/>
  <testcase name="testCreditCardCVVEmptyString[39]" classname="uk.ac.ed.inf.OrderValidatorTest" time="0.001"/>
  <testcase name="testCreditCardCVVEmptyString[40]" classname="uk.ac.ed.inf.OrderValidatorTest" time="0"/>
  <testcase name="testCreditCardCVVEmptyString[41]" classname="uk.ac.ed.inf.OrderValidatorTest" time="0"/>
  <testcase name="testCreditCardCVVEmptyString[42]" classname="uk.ac.ed.inf.OrderValidatorTest" time="0.001"/>
  <testcase name="testCreditCardCVVEmptyString[43]" classname="uk.ac.ed.inf.OrderValidatorTest" time="0"/>
  <testcase name="testCreditCardCVVEmptyString[44]" classname="uk.ac.ed.inf.OrderValidatorTest" time="0"/>
  <testcase name="testCreditCardCVVEmptyString[45]" classname="uk.ac.ed.inf.OrderValidatorTest" time="0.001"/>
  <testcase name="testCreditCardCVVEmptyString[46]" classname="uk.ac.ed.inf.OrderValidatorTest" time="0"/>
  <testcase name="testCreditCardCVVEmptyString[47]" classname="uk.ac.ed.inf.OrderValidatorTest" time="0"/>
  <testcase name="testCreditCardCVVEmptyString[48]" classname="uk.ac.ed.inf.OrderValidatorTest" time="0.001"/>
  <testcase name="testCreditCardCVVEmptyString[49]" classname="uk.ac.ed.inf.OrderValidatorTest" time="0"/>
  <testcase name="testCreditCardCVVEmptyString[50]" classname="uk.ac.ed.inf.OrderValidatorTest" time="0"/>
  <testcase name="testCreditCardCVVEmptyString[51]" classname="uk.ac.ed.inf.OrderValidatorTest" time="0.001"/>
  <testcase name="testCreditCardCVVEmptyString[52]" classname="uk.ac.ed.inf.OrderValidatorTest" time="0"/>
  <testcase name="testCreditCardCVVEmptyString[53]" classname="uk.ac.ed.inf.OrderValidatorTest" time="0"/>
  <testcase name="testCreditCardCVVEmptyString[54]" classname="uk.ac.ed.inf.OrderValidatorTest" time="0.001"/>
  <testcase name="testCreditCardCVVEmptyString[55]" classname="uk.ac.ed.inf.OrderValidatorTest" time="0"/>
  <testcase name="testCreditCardCVVEmptyString[56]" classname="uk.ac.ed.inf.OrderValidatorTest" time="0.001"/>
  <testcase name="testCreditCardCVVEmptyString[57]" classname="uk.ac.ed.inf.OrderValidatorTest" time="0"/>
  <testcase name="testCreditCardCVVEmptyString[58]" classname="uk.ac.ed.inf.OrderValidatorTest" time="0.001"/>
  <testcase name="testCreditCardCVVEmptyString[59]" classname="uk.ac.ed.inf.OrderValidatorTest" time="0"/>
  <testcase name="testCreditCardCVVEmptyString[60]" classname="uk.ac.ed.inf.OrderValidatorTest" time="0"/>
  <testcase name="testCreditCardCVVEmptyString[61]" classname="uk.ac.ed.inf.OrderValidatorTest" time="0"/>
  <testcase name="testCreditCardCVVEmptyString[62]" classname="uk.ac.ed.inf.OrderValidatorTest" time="0"/>
  <testcase name="testCreditCardCVVEmptyString[63]" classname="uk.ac.ed.inf.OrderValidatorTest" time="0.001"/>
  <testcase name="testCreditCardCVVEmptyString[64]" classname="uk.ac.ed.inf.OrderValidatorTest" time="0"/>
  <testcase name="testCreditCardCVVEmptyString[65]" classname="uk.ac.ed.inf.OrderValidatorTest" time="0"/>
  <testcase name="testCreditCardCVVEmptyString[66]" classname="uk.ac.ed.inf.OrderValidatorTest" time="0.001"/>
  <testcase name="testCreditCardCVVEmptyString[67]" classname="uk.ac.ed.inf.OrderValidatorTest" time="0"/>
  <testcase name="testCreditCardCVVEmptyString[68]" classname="uk.ac.ed.inf.OrderValidatorTest" time="0"/>
  <testcase name="testCreditCardCVVEmptyString[69]" classname="uk.ac.ed.inf.OrderValidatorTest" time="0"/>
  <testcase name="testCreditCardCVVEmptyString[70]" classname="uk.ac.ed.inf.OrderValidatorTest" time="0.001"/>
  <testcase name="testCreditCardCVVEmptyString[71]" classname="uk.ac.ed.inf.OrderValidatorTest" time="0"/>
  <testcase name="testCreditCardCVVEmptyString[72]" classname="uk.ac.ed.inf.OrderValidatorTest" time="0"/>
  <testcase name="testCreditCardCVVEmptyString[73]" classname="uk.ac.ed.inf.OrderValidatorTest" time="0.001"/>
  <testcase name="testCreditCardCVVEmptyString[74]" classname="uk.ac.ed.inf.OrderValidatorTest" time="0"/>
  <testcase name="testCreditCardCVVEmptyString[75]" classname="uk.ac.ed.inf.OrderValidatorTest" time="0"/>
  <testcase name="testCreditCardCVVEmptyString[76]" classname="uk.ac.ed.inf.OrderValidatorTest" time="0.001"/>
  <testcase name="testCreditCardCVVEmptyString[77]" classname="uk.ac.ed.inf.OrderValidatorTest" time="0"/>
  <testcase name="testCreditCardCVVEmptyString[78]" classname="uk.ac.ed.inf.OrderValidatorTest" time="0"/>
  <testcase name="testCreditCardCVVEmptyString[79]" classname="uk.ac.ed.inf.OrderValidatorTest" time="0.001"/>
  <testcase name="testCreditCardCVVEmptyString[80]" classname="uk.ac.ed.inf.OrderValidatorTest" time="0"/>
  <testcase name="testCreditCardCVVEmptyString[81]" classname="uk.ac.ed.inf.OrderValidatorTest" time="0"/>
  <testcase name="testCreditCardCVVEmptyString[82]" classname="uk.ac.ed.inf.OrderValidatorTest" time="0.001"/>
  <testcase name="testCreditCardCVVEmptyString[83]" classname="uk.ac.ed.inf.OrderValidatorTest" time="0"/>
  <testcase name="testCreditCardCVVEmptyString[84]" classname="uk.ac.ed.inf.OrderValidatorTest" time="0"/>
  <testcase name="testCreditCardCVVEmptyString[85]" classname="uk.ac.ed.inf.OrderValidatorTest" time="0.001"/>
  <testcase name="testCreditCardCVVEmptyString[86]" classname="uk.ac.ed.inf.OrderValidatorTest" time="0"/>
  <testcase name="testCreditCardCVVEmptyString[87]" classname="uk.ac.ed.inf.OrderValidatorTest" time="0"/>
  <testcase name="testCreditCardCVVEmptyString[88]" classname="uk.ac.ed.inf.OrderValidatorTest" time="0.001"/>
  <testcase name="testCreditCardCVVEmptyString[89]" classname="uk.ac.ed.inf.OrderValidatorTest" time="0"/>
  <testcase name="testCreditCardCVVEmptyString[90]" classname="uk.ac.ed.inf.OrderValidatorTest" time="0"/>
  <testcase name="testCreditCardCVVEmptyString[91]" classname="uk.ac.ed.inf.OrderValidatorTest" time="0.001"/>
  <testcase name="testCreditCardCVVEmptyString[92]" classname="uk.ac.ed.inf.OrderValidatorTest" time="0"/>
  <testcase name="testCreditCardCVVEmptyString[93]" classname="uk.ac.ed.inf.OrderValidatorTest" time="0"/>
  <testcase name="testCreditCardCVVEmptyString[94]" classname="uk.ac.ed.inf.OrderValidatorTest" time="0.001"/>
  <testcase name="testCreditCardCVVEmptyString[95]" classname="uk.ac.ed.inf.OrderValidatorTest" time="0"/>
  <testcase name="testCreditCardCVVEmptyString[96]" classname="uk.ac.ed.inf.OrderValidatorTest" time="0"/>
  <testcase name="testCreditCardCVVEmptyString[97]" classname="uk.ac.ed.inf.OrderValidatorTest" time="0.001"/>
  <testcase name="testCreditCardCVVEmptyString[98]" classname="uk.ac.ed.inf.OrderValidatorTest" time="0"/>
  <testcase name="testCreditCardCVVEmptyString[99]" classname="uk.ac.ed.inf.OrderValidatorTest" time="0"/>
  <testcase name="testCreditCardCVVEmptyString[100]" classname="uk.ac.ed.inf.OrderValidatorTest" time="0.001"/>
  <testcase name="testOrderRestaurantClosed[1]" classname="uk.ac.ed.inf.OrderValidatorTest" time="0"/>
  <testcase name="testOrderRestaurantClosed[2]" classname="uk.ac.ed.inf.OrderValidatorTest" time="0"/>
  <testcase name="testOrderRestaurantClosed[3]" classname="uk.ac.ed.inf.OrderValidatorTest" time="0.001"/>
  <testcase name="testOrderRestaurantClosed[4]" classname="uk.ac.ed.inf.OrderValidatorTest" time="0"/>
  <testcase name="testOrderRestaurantClosed[5]" classname="uk.ac.ed.inf.OrderValidatorTest" time="0"/>
  <testcase name="testOrderRestaurantClosed[6]" classname="uk.ac.ed.inf.OrderValidatorTest" time="0.001"/>
  <testcase name="testOrderRestaurantClosed[7]" classname="uk.ac.ed.inf.OrderValidatorTest" time="0"/>
  <testcase name="testOrderRestaurantClosed[8]" classname="uk.ac.ed.inf.OrderValidatorTest" time="0"/>
  <testcase name="testOrderRestaurantClosed[9]" classname="uk.ac.ed.inf.OrderValidatorTest" time="0.001"/>
  <testcase name="testOrderRestaurantClosed[10]" classname="uk.ac.ed.inf.OrderValidatorTest" time="0"/>
  <testcase name="testOrderRestaurantClosed[11]" classname="uk.ac.ed.inf.OrderValidatorTest" time="0"/>
  <testcase name="testOrderRestaurantClosed[12]" classname="uk.ac.ed.inf.OrderValidatorTest" time="0.001"/>
  <testcase name="testOrderRestaurantClosed[13]" classname="uk.ac.ed.inf.OrderValidatorTest" time="0"/>
  <testcase name="testOrderRestaurantClosed[14]" classname="uk.ac.ed.inf.OrderValidatorTest" time="0"/>
  <testcase name="testOrderRestaurantClosed[15]" classname="uk.ac.ed.inf.OrderValidatorTest" time="0.001"/>
  <testcase name="testOrderRestaurantClosed[16]" classname="uk.ac.ed.inf.OrderValidatorTest" time="0"/>
  <testcase name="testOrderRestaurantClosed[17]" classname="uk.ac.ed.inf.OrderValidatorTest" time="0"/>
  <testcase name="testOrderRestaurantClosed[18]" classname="uk.ac.ed.inf.OrderValidatorTest" time="0.001"/>
  <testcase name="testOrderRestaurantClosed[19]" classname="uk.ac.ed.inf.OrderValidatorTest" time="0"/>
  <testcase name="testOrderRestaurantClosed[20]" classname="uk.ac.ed.inf.OrderValidatorTest" time="0"/>
  <testcase name="testOrderRestaurantClosed[21]" classname="uk.ac.ed.inf.OrderValidatorTest" time="0.001"/>
  <testcase name="testOrderRestaurantClosed[22]" classname="uk.ac.ed.inf.OrderValidatorTest" time="0"/>
  <testcase name="testOrderRestaurantClosed[23]" classname="uk.ac.ed.inf.OrderValidatorTest" time="0"/>
  <testcase name="testOrderRestaurantClosed[24]" classname="uk.ac.ed.inf.OrderValidatorTest" time="0"/>
  <testcase name="testOrderRestaurantClosed[25]" classname="uk.ac.ed.inf.OrderValidatorTest" time="0"/>
  <testcase name="testOrderRestaurantClosed[26]" classname="uk.ac.ed.inf.OrderValidatorTest" time="0"/>
  <testcase name="testOrderRestaurantClosed[27]" classname="uk.ac.ed.inf.OrderValidatorTest" time="0"/>
  <testcase name="testOrderRestaurantClosed[28]" classname="uk.ac.ed.inf.OrderValidatorTest" time="0.001"/>
  <testcase name="testOrderRestaurantClosed[29]" classname="uk.ac.ed.inf.OrderValidatorTest" time="0"/>
  <testcase name="testOrderRestaurantClosed[30]" classname="uk.ac.ed.inf.OrderValidatorTest" time="0"/>
  <testcase name="testOrderRestaurantClosed[31]" classname="uk.ac.ed.inf.OrderValidatorTest" time="0.001"/>
  <testcase name="testOrderRestaurantClosed[32]" classname="uk.ac.ed.inf.OrderValidatorTest" time="0"/>
  <testcase name="testOrderRestaurantClosed[33]" classname="uk.ac.ed.inf.OrderValidatorTest" time="0"/>
  <testcase name="testOrderRestaurantClosed[34]" classname="uk.ac.ed.inf.OrderValidatorTest" time="0.001"/>
  <testcase name="testOrderRestaurantClosed[35]" classname="uk.ac.ed.inf.OrderValidatorTest" time="0"/>
  <testcase name="testOrderRestaurantClosed[36]" classname="uk.ac.ed.inf.OrderValidatorTest" time="0"/>
  <testcase name="testOrderRestaurantClosed[37]" classname="uk.ac.ed.inf.OrderValidatorTest" time="0.001"/>
  <testcase name="testOrderRestaurantClosed[38]" classname="uk.ac.ed.inf.OrderValidatorTest" time="0"/>
  <testcase name="testOrderRestaurantClosed[39]" classname="uk.ac.ed.inf.OrderValidatorTest" time="0"/>
  <testcase name="testOrderRestaurantClosed[40]" classname="uk.ac.ed.inf.OrderValidatorTest" time="0.001"/>
  <testcase name="testOrderRestaurantClosed[41]" classname="uk.ac.ed.inf.OrderValidatorTest" time="0"/>
  <testcase name="testOrderRestaurantClosed[42]" classname="uk.ac.ed.inf.OrderValidatorTest" time="0"/>
  <testcase name="testOrderRestaurantClosed[43]" classname="uk.ac.ed.inf.OrderValidatorTest" time="0.001"/>
  <testcase name="testOrderRestaurantClosed[44]" classname="uk.ac.ed.inf.OrderValidatorTest" time="0"/>
  <testcase name="testOrderRestaurantClosed[45]" classname="uk.ac.ed.inf.OrderValidatorTest" time="0"/>
  <testcase name="testOrderRestaurantClosed[46]" classname="uk.ac.ed.inf.OrderValidatorTest" time="0.001"/>
  <testcase name="testOrderRestaurantClosed[47]" classname="uk.ac.ed.inf.OrderValidatorTest" time="0"/>
  <testcase name="testOrderRestaurantClosed[48]" classname="uk.ac.ed.inf.OrderValidatorTest" time="0"/>
  <testcase name="testOrderRestaurantClosed[49]" classname="uk.ac.ed.inf.OrderValidatorTest" time="0.001"/>
  <testcase name="testOrderRestaurantClosed[50]" classname="uk.ac.ed.inf.OrderValidatorTest" time="0"/>
  <testcase name="testOrderRestaurantClosed[51]" classname="uk.ac.ed.inf.OrderValidatorTest" time="0"/>
  <testcase name="testOrderRestaurantClosed[52]" classname="uk.ac.ed.inf.OrderValidatorTest" time="0.001"/>
  <testcase name="testOrderRestaurantClosed[53]" classname="uk.ac.ed.inf.OrderValidatorTest" time="0"/>
  <testcase name="testOrderRestaurantClosed[54]" classname="uk.ac.ed.inf.OrderValidatorTest" time="0"/>
  <testcase name="testOrderRestaurantClosed[55]" classname="uk.ac.ed.inf.OrderValidatorTest" time="0.001"/>
  <testcase name="testOrderRestaurantClosed[56]" classname="uk.ac.ed.inf.OrderValidatorTest" time="0"/>
  <testcase name="testOrderRestaurantClosed[57]" classname="uk.ac.ed.inf.OrderValidatorTest" time="0"/>
  <testcase name="testOrderRestaurantClosed[58]" classname="uk.ac.ed.inf.OrderValidatorTest" time="0.001"/>
  <testcase name="testOrderRestaurantClosed[59]" classname="uk.ac.ed.inf.OrderValidatorTest" time="0"/>
  <testcase name="testOrderRestaurantClosed[60]" classname="uk.ac.ed.inf.OrderValidatorTest" time="0"/>
  <testcase name="testOrderRestaurantClosed[61]" classname="uk.ac.ed.inf.OrderValidatorTest" time="0.001"/>
  <testcase name="testOrderRestaurantClosed[62]" classname="uk.ac.ed.inf.OrderValidatorTest" time="0"/>
  <testcase name="testOrderRestaurantClosed[63]" classname="uk.ac.ed.inf.OrderValidatorTest" time="0.001"/>
  <testcase name="testOrderRestaurantClosed[64]" classname="uk.ac.ed.inf.OrderValidatorTest" time="0"/>
  <testcase name="testOrderRestaurantClosed[65]" classname="uk.ac.ed.inf.OrderValidatorTest" time="0"/>
  <testcase name="testOrderRestaurantClosed[66]" classname="uk.ac.ed.inf.OrderValidatorTest" time="0.001"/>
  <testcase name="testOrderRestaurantClosed[67]" classname="uk.ac.ed.inf.OrderValidatorTest" time="0"/>
  <testcase name="testOrderRestaurantClosed[68]" classname="uk.ac.ed.inf.OrderValidatorTest" time="0"/>
  <testcase name="testOrderRestaurantClosed[69]" classname="uk.ac.ed.inf.OrderValidatorTest" time="0.001"/>
  <testcase name="testOrderRestaurantClosed[70]" classname="uk.ac.ed.inf.OrderValidatorTest" time="0"/>
  <testcase name="testOrderRestaurantClosed[71]" classname="uk.ac.ed.inf.OrderValidatorTest" time="0"/>
  <testcase name="testOrderRestaurantClosed[72]" classname="uk.ac.ed.inf.OrderValidatorTest" time="0.001"/>
  <testcase name="testOrderRestaurantClosed[73]" classname="uk.ac.ed.inf.OrderValidatorTest" time="0"/>
  <testcase name="testOrderRestaurantClosed[74]" classname="uk.ac.ed.inf.OrderValidatorTest" time="0"/>
  <testcase name="testOrderRestaurantClosed[75]" classname="uk.ac.ed.inf.OrderValidatorTest" time="0.001"/>
  <testcase name="testOrderRestaurantClosed[76]" classname="uk.ac.ed.inf.OrderValidatorTest" time="0"/>
  <testcase name="testOrderRestaurantClosed[77]" classname="uk.ac.ed.inf.OrderValidatorTest" time="0"/>
  <testcase name="testOrderRestaurantClosed[78]" classname="uk.ac.ed.inf.OrderValidatorTest" time="0.001"/>
  <testcase name="testOrderRestaurantClosed[79]" classname="uk.ac.ed.inf.OrderValidatorTest" time="0"/>
  <testcase name="testOrderRestaurantClosed[80]" classname="uk.ac.ed.inf.OrderValidatorTest" time="0"/>
  <testcase name="testOrderRestaurantClosed[81]" classname="uk.ac.ed.inf.OrderValidatorTest" time="0.001"/>
  <testcase name="testOrderRestaurantClosed[82]" classname="uk.ac.ed.inf.OrderValidatorTest" time="0"/>
  <testcase name="testOrderRestaurantClosed[83]" classname="uk.ac.ed.inf.OrderValidatorTest" time="0"/>
  <testcase name="testOrderRestaurantClosed[84]" classname="uk.ac.ed.inf.OrderValidatorTest" time="0.001"/>
  <testcase name="testOrderRestaurantClosed[85]" classname="uk.ac.ed.inf.OrderValidatorTest" time="0"/>
  <testcase name="testOrderRestaurantClosed[86]" classname="uk.ac.ed.inf.OrderValidatorTest" time="0"/>
  <testcase name="testOrderRestaurantClosed[87]" classname="uk.ac.ed.inf.OrderValidatorTest" time="0.001"/>
  <testcase name="testOrderRestaurantClosed[88]" classname="uk.ac.ed.inf.OrderValidatorTest" time="0"/>
  <testcase name="testOrderRestaurantClosed[89]" classname="uk.ac.ed.inf.OrderValidatorTest" time="0"/>
  <testcase name="testOrderRestaurantClosed[90]" classname="uk.ac.ed.inf.OrderValidatorTest" time="0.001"/>
  <testcase name="testOrderRestaurantClosed[91]" classname="uk.ac.ed.inf.OrderValidatorTest" time="0"/>
  <testcase name="testOrderRestaurantClosed[92]" classname="uk.ac.ed.inf.OrderValidatorTest" time="0"/>
  <testcase name="testOrderRestaurantClosed[93]" classname="uk.ac.ed.inf.OrderValidatorTest" time="0.001"/>
  <testcase name="testOrderRestaurantClosed[94]" classname="uk.ac.ed.inf.OrderValidatorTest" time="0"/>
  <testcase name="testOrderRestaurantClosed[95]" classname="uk.ac.ed.inf.OrderValidatorTest" time="0"/>
  <testcase name="testOrderRestaurantClosed[96]" classname="uk.ac.ed.inf.OrderValidatorTest" time="0.001"/>
  <testcase name="testOrderRestaurantClosed[97]" classname="uk.ac.ed.inf.OrderValidatorTest" time="0"/>
  <testcase name="testOrderRestaurantClosed[98]" classname="uk.ac.ed.inf.OrderValidatorTest" time="0"/>
  <testcase name="testOrderRestaurantClosed[99]" classname="uk.ac.ed.inf.OrderValidatorTest" time="0.001"/>
  <testcase name="testOrderRestaurantClosed[100]" classname="uk.ac.ed.inf.OrderValidatorTest" time="0"/>
  <testcase name="testCreditCardCExpiryDateValidMonthInFuture[1]" classname="uk.ac.ed.inf.OrderValidatorTest" time="0"/>
  <testcase name="testCreditCardCExpiryDateValidMonthInFuture[2]" classname="uk.ac.ed.inf.OrderValidatorTest" time="0.001"/>
  <testcase name="testCreditCardCExpiryDateValidMonthInFuture[3]" classname="uk.ac.ed.inf.OrderValidatorTest" time="0"/>
  <testcase name="testCreditCardCExpiryDateValidMonthInFuture[4]" classname="uk.ac.ed.inf.OrderValidatorTest" time="0.001"/>
  <testcase name="testCreditCardCExpiryDateValidMonthInFuture[5]" classname="uk.ac.ed.inf.OrderValidatorTest" time="0"/>
  <testcase name="testCreditCardCExpiryDateValidMonthInFuture[6]" classname="uk.ac.ed.inf.OrderValidatorTest" time="0.001"/>
  <testcase name="testCreditCardCExpiryDateValidMonthInFuture[7]" classname="uk.ac.ed.inf.OrderValidatorTest" time="0"/>
  <testcase name="testCreditCardCExpiryDateValidMonthInFuture[8]" classname="uk.ac.ed.inf.OrderValidatorTest" time="0"/>
  <testcase name="testCreditCardCExpiryDateValidMonthInFuture[9]" classname="uk.ac.ed.inf.OrderValidatorTest" time="0.001"/>
  <testcase name="testCreditCardCExpiryDateValidMonthInFuture[10]" classname="uk.ac.ed.inf.OrderValidatorTest" time="0.006"/>
  <testcase name="testCreditCardCExpiryDateValidMonthInFuture[11]" classname="uk.ac.ed.inf.OrderValidatorTest" time="0.001"/>
  <testcase name="testCreditCardCExpiryDateValidMonthInFuture[12]" classname="uk.ac.ed.inf.OrderValidatorTest" time="0"/>
  <testcase name="testCreditCardCExpiryDateValidMonthInFuture[13]" classname="uk.ac.ed.inf.OrderValidatorTest" time="0"/>
  <testcase name="testCreditCardCExpiryDateValidMonthInFuture[14]" classname="uk.ac.ed.inf.OrderValidatorTest" time="0"/>
  <testcase name="testCreditCardCExpiryDateValidMonthInFuture[15]" classname="uk.ac.ed.inf.OrderValidatorTest" time="0.001"/>
  <testcase name="testCreditCardCExpiryDateValidMonthInFuture[16]" classname="uk.ac.ed.inf.OrderValidatorTest" time="0"/>
  <testcase name="testCreditCardCExpiryDateValidMonthInFuture[17]" classname="uk.ac.ed.inf.OrderValidatorTest" time="0"/>
  <testcase name="testCreditCardCExpiryDateValidMonthInFuture[18]" classname="uk.ac.ed.inf.OrderValidatorTest" time="0.001"/>
  <testcase name="testCreditCardCExpiryDateValidMonthInFuture[19]" classname="uk.ac.ed.inf.OrderValidatorTest" time="0"/>
  <testcase name="testCreditCardCExpiryDateValidMonthInFuture[20]" classname="uk.ac.ed.inf.OrderValidatorTest" time="0"/>
  <testcase name="testCreditCardCExpiryDateValidMonthInFuture[21]" classname="uk.ac.ed.inf.OrderValidatorTest" time="0.001"/>
  <testcase name="testCreditCardCExpiryDateValidMonthInFuture[22]" classname="uk.ac.ed.inf.OrderValidatorTest" time="0"/>
  <testcase name="testCreditCardCExpiryDateValidMonthInFuture[23]" classname="uk.ac.ed.inf.OrderValidatorTest" time="0"/>
  <testcase name="testCreditCardCExpiryDateValidMonthInFuture[24]" classname="uk.ac.ed.inf.OrderValidatorTest" time="0.001"/>
  <testcase name="testCreditCardCExpiryDateValidMonthInFuture[25]" classname="uk.ac.ed.inf.OrderValidatorTest" time="0"/>
  <testcase name="testCreditCardCExpiryDateValidMonthInFuture[26]" classname="uk.ac.ed.inf.OrderValidatorTest" time="0"/>
  <testcase name="testCreditCardCExpiryDateValidMonthInFuture[27]" classname="uk.ac.ed.inf.OrderValidatorTest" time="0.001"/>
  <testcase name="testCreditCardCExpiryDateValidMonthInFuture[28]" classname="uk.ac.ed.inf.OrderValidatorTest" time="0"/>
  <testcase name="testCreditCardCExpiryDateValidMonthInFuture[29]" classname="uk.ac.ed.inf.OrderValidatorTest" time="0"/>
  <testcase name="testCreditCardCExpiryDateValidMonthInFuture[30]" classname="uk.ac.ed.inf.OrderValidatorTest" time="0.001"/>
  <testcase name="testCreditCardCExpiryDateValidMonthInFuture[31]" classname="uk.ac.ed.inf.OrderValidatorTest" time="0"/>
  <testcase name="testCreditCardCExpiryDateValidMonthInFuture[32]" classname="uk.ac.ed.inf.OrderValidatorTest" time="0"/>
  <testcase name="testCreditCardCExpiryDateValidMonthInFuture[33]" classname="uk.ac.ed.inf.OrderValidatorTest" time="0.001"/>
  <testcase name="testCreditCardCExpiryDateValidMonthInFuture[34]" classname="uk.ac.ed.inf.OrderValidatorTest" time="0"/>
  <testcase name="testCreditCardCExpiryDateValidMonthInFuture[35]" classname="uk.ac.ed.inf.OrderValidatorTest" time="0"/>
  <testcase name="testCreditCardCExpiryDateValidMonthInFuture[36]" classname="uk.ac.ed.inf.OrderValidatorTest" time="0.001"/>
  <testcase name="testCreditCardCExpiryDateValidMonthInFuture[37]" classname="uk.ac.ed.inf.OrderValidatorTest" time="0"/>
  <testcase name="testCreditCardCExpiryDateValidMonthInFuture[38]" classname="uk.ac.ed.inf.OrderValidatorTest" time="0.001"/>
  <testcase name="testCreditCardCExpiryDateValidMonthInFuture[39]" classname="uk.ac.ed.inf.OrderValidatorTest" time="0"/>
  <testcase name="testCreditCardCExpiryDateValidMonthInFuture[40]" classname="uk.ac.ed.inf.OrderValidatorTest" time="0"/>
  <testcase name="testCreditCardCExpiryDateValidMonthInFuture[41]" classname="uk.ac.ed.inf.OrderValidatorTest" time="0.001"/>
  <testcase name="testCreditCardCExpiryDateValidMonthInFuture[42]" classname="uk.ac.ed.inf.OrderValidatorTest" time="0"/>
  <testcase name="testCreditCardCExpiryDateValidMonthInFuture[43]" classname="uk.ac.ed.inf.OrderValidatorTest" time="0"/>
  <testcase name="testCreditCardCExpiryDateValidMonthInFuture[44]" classname="uk.ac.ed.inf.OrderValidatorTest" time="0.001"/>
  <testcase name="testCreditCardCExpiryDateValidMonthInFuture[45]" classname="uk.ac.ed.inf.OrderValidatorTest" time="0"/>
  <testcase name="testCreditCardCExpiryDateValidMonthInFuture[46]" classname="uk.ac.ed.inf.OrderValidatorTest" time="0"/>
  <testcase name="testCreditCardCExpiryDateValidMonthInFuture[47]" classname="uk.ac.ed.inf.OrderValidatorTest" time="0.001"/>
  <testcase name="testCreditCardCExpiryDateValidMonthInFuture[48]" classname="uk.ac.ed.inf.OrderValidatorTest" time="0"/>
  <testcase name="testCreditCardCExpiryDateValidMonthInFuture[49]" classname="uk.ac.ed.inf.OrderValidatorTest" time="0"/>
  <testcase name="testCreditCardCExpiryDateValidMonthInFuture[50]" classname="uk.ac.ed.inf.OrderValidatorTest" time="0.001"/>
  <testcase name="testCreditCardCExpiryDateValidMonthInFuture[51]" classname="uk.ac.ed.inf.OrderValidatorTest" time="0"/>
  <testcase name="testCreditCardCExpiryDateValidMonthInFuture[52]" classname="uk.ac.ed.inf.OrderValidatorTest" time="0.001"/>
  <testcase name="testCreditCardCExpiryDateValidMonthInFuture[53]" classname="uk.ac.ed.inf.OrderValidatorTest" time="0"/>
  <testcase name="testCreditCardCExpiryDateValidMonthInFuture[54]" classname="uk.ac.ed.inf.OrderValidatorTest" time="0"/>
  <testcase name="testCreditCardCExpiryDateValidMonthInFuture[55]" classname="uk.ac.ed.inf.OrderValidatorTest" time="0.001"/>
  <testcase name="testCreditCardCExpiryDateValidMonthInFuture[56]" classname="uk.ac.ed.inf.OrderValidatorTest" time="0"/>
  <testcase name="testCreditCardCExpiryDateValidMonthInFuture[57]" classname="uk.ac.ed.inf.OrderValidatorTest" time="0"/>
  <testcase name="testCreditCardCExpiryDateValidMonthInFuture[58]" classname="uk.ac.ed.inf.OrderValidatorTest" time="0.001"/>
  <testcase name="testCreditCardCExpiryDateValidMonthInFuture[59]" classname="uk.ac.ed.inf.OrderValidatorTest" time="0"/>
  <testcase name="testCreditCardCExpiryDateValidMonthInFuture[60]" classname="uk.ac.ed.inf.OrderValidatorTest" time="0"/>
  <testcase name="testCreditCardCExpiryDateValidMonthInFuture[61]" classname="uk.ac.ed.inf.OrderValidatorTest" time="0.001"/>
  <testcase name="testCreditCardCExpiryDateValidMonthInFuture[62]" classname="uk.ac.ed.inf.OrderValidatorTest" time="0"/>
  <testcase name="testCreditCardCExpiryDateValidMonthInFuture[63]" classname="uk.ac.ed.inf.OrderValidatorTest" time="0.001"/>
  <testcase name="testCreditCardCExpiryDateValidMonthInFuture[64]" classname="uk.ac.ed.inf.OrderValidatorTest" time="0"/>
  <testcase name="testCreditCardCExpiryDateValidMonthInFuture[65]" classname="uk.ac.ed.inf.OrderValidatorTest" time="0.001"/>
  <testcase name="testCreditCardCExpiryDateValidMonthInFuture[66]" classname="uk.ac.ed.inf.OrderValidatorTest" time="0"/>
  <testcase name="testCreditCardCExpiryDateValidMonthInFuture[67]" classname="uk.ac.ed.inf.OrderValidatorTest" time="0"/>
  <testcase name="testCreditCardCExpiryDateValidMonthInFuture[68]" classname="uk.ac.ed.inf.OrderValidatorTest" time="0.001"/>
  <testcase name="testCreditCardCExpiryDateValidMonthInFuture[69]" classname="uk.ac.ed.inf.OrderValidatorTest" time="0"/>
  <testcase name="testCreditCardCExpiryDateValidMonthInFuture[70]" classname="uk.ac.ed.inf.OrderValidatorTest" time="0"/>
  <testcase name="testCreditCardCExpiryDateValidMonthInFuture[71]" classname="uk.ac.ed.inf.OrderValidatorTest" time="0.001"/>
  <testcase name="testCreditCardCExpiryDateValidMonthInFuture[72]" classname="uk.ac.ed.inf.OrderValidatorTest" time="0"/>
  <testcase name="testCreditCardCExpiryDateValidMonthInFuture[73]" classname="uk.ac.ed.inf.OrderValidatorTest" time="0"/>
  <testcase name="testCreditCardCExpiryDateValidMonthInFuture[74]" classname="uk.ac.ed.inf.OrderValidatorTest" time="0.001"/>
  <testcase name="testCreditCardCExpiryDateValidMonthInFuture[75]" classname="uk.ac.ed.inf.OrderValidatorTest" time="0"/>
  <testcase name="testCreditCardCExpiryDateValidMonthInFuture[76]" classname="uk.ac.ed.inf.OrderValidatorTest" time="0.001"/>
  <testcase name="testCreditCardCExpiryDateValidMonthInFuture[77]" classname="uk.ac.ed.inf.OrderValidatorTest" time="0"/>
  <testcase name="testCreditCardCExpiryDateValidMonthInFuture[78]" classname="uk.ac.ed.inf.OrderValidatorTest" time="0"/>
  <testcase name="testCreditCardCExpiryDateValidMonthInFuture[79]" classname="uk.ac.ed.inf.OrderValidatorTest" time="0.001"/>
  <testcase name="testCreditCardCExpiryDateValidMonthInFuture[80]" classname="uk.ac.ed.inf.OrderValidatorTest" time="0"/>
  <testcase name="testCreditCardCExpiryDateValidMonthInFuture[81]" classname="uk.ac.ed.inf.OrderValidatorTest" time="0"/>
  <testcase name="testCreditCardCExpiryDateValidMonthInFuture[82]" classname="uk.ac.ed.inf.OrderValidatorTest" time="0.001"/>
  <testcase name="testCreditCardCExpiryDateValidMonthInFuture[83]" classname="uk.ac.ed.inf.OrderValidatorTest" time="0"/>
  <testcase name="testCreditCardCExpiryDateValidMonthInFuture[84]" classname="uk.ac.ed.inf.OrderValidatorTest" time="0"/>
  <testcase name="testCreditCardCExpiryDateValidMonthInFuture[85]" classname="uk.ac.ed.inf.OrderValidatorTest" time="0.001"/>
  <testcase name="testCreditCardCExpiryDateValidMonthInFuture[86]" classname="uk.ac.ed.inf.OrderValidatorTest" time="0"/>
  <testcase name="testCreditCardCExpiryDateValidMonthInFuture[87]" classname="uk.ac.ed.inf.OrderValidatorTest" time="0"/>
  <testcase name="testCreditCardCExpiryDateValidMonthInFuture[88]" classname="uk.ac.ed.inf.OrderValidatorTest" time="0.001"/>
  <testcase name="testCreditCardCExpiryDateValidMonthInFuture[89]" classname="uk.ac.ed.inf.OrderValidatorTest" time="0"/>
  <testcase name="testCreditCardCExpiryDateValidMonthInFuture[90]" classname="uk.ac.ed.inf.OrderValidatorTest" time="0"/>
  <testcase name="testCreditCardCExpiryDateValidMonthInFuture[91]" classname="uk.ac.ed.inf.OrderValidatorTest" time="0.001"/>
  <testcase name="testCreditCardCExpiryDateValidMonthInFuture[92]" classname="uk.ac.ed.inf.OrderValidatorTest" time="0"/>
  <testcase name="testCreditCardCExpiryDateValidMonthInFuture[93]" classname="uk.ac.ed.inf.OrderValidatorTest" time="0"/>
  <testcase name="testCreditCardCExpiryDateValidMonthInFuture[94]" classname="uk.ac.ed.inf.OrderValidatorTest" time="0.001"/>
  <testcase name="testCreditCardCExpiryDateValidMonthInFuture[95]" classname="uk.ac.ed.inf.OrderValidatorTest" time="0"/>
  <testcase name="testCreditCardCExpiryDateValidMonthInFuture[96]" classname="uk.ac.ed.inf.OrderValidatorTest" time="0"/>
  <testcase name="testCreditCardCExpiryDateValidMonthInFuture[97]" classname="uk.ac.ed.inf.OrderValidatorTest" time="0.001"/>
  <testcase name="testCreditCardCExpiryDateValidMonthInFuture[98]" classname="uk.ac.ed.inf.OrderValidatorTest" time="0"/>
  <testcase name="testCreditCardCExpiryDateValidMonthInFuture[99]" classname="uk.ac.ed.inf.OrderValidatorTest" time="0"/>
  <testcase name="testCreditCardCExpiryDateValidMonthInFuture[100]" classname="uk.ac.ed.inf.OrderValidatorTest" time="0.001"/>
  <testcase name="test5PlusPizzasInOneOrder[1]" classname="uk.ac.ed.inf.OrderValidatorTest" time="0.002"/>
  <testcase name="test5PlusPizzasInOneOrder[2]" classname="uk.ac.ed.inf.OrderValidatorTest" time="0.003"/>
  <testcase name="test5PlusPizzasInOneOrder[3]" classname="uk.ac.ed.inf.OrderValidatorTest" time="0.003"/>
  <testcase name="test5PlusPizzasInOneOrder[4]" classname="uk.ac.ed.inf.OrderValidatorTest" time="0.002"/>
  <testcase name="test5PlusPizzasInOneOrder[5]" classname="uk.ac.ed.inf.OrderValidatorTest" time="0.004"/>
  <testcase name="test5PlusPizzasInOneOrder[6]" classname="uk.ac.ed.inf.OrderValidatorTest" time="0.003"/>
  <testcase name="test5PlusPizzasInOneOrder[7]" classname="uk.ac.ed.inf.OrderValidatorTest" time="0.006"/>
  <testcase name="test5PlusPizzasInOneOrder[8]" classname="uk.ac.ed.inf.OrderValidatorTest" time="0.005"/>
  <testcase name="test5PlusPizzasInOneOrder[9]" classname="uk.ac.ed.inf.OrderValidatorTest" time="0.002"/>
  <testcase name="test5PlusPizzasInOneOrder[10]" classname="uk.ac.ed.inf.OrderValidatorTest" time="0.002"/>
  <testcase name="test5PlusPizzasInOneOrder[11]" classname="uk.ac.ed.inf.OrderValidatorTest" time="0.002"/>
  <testcase name="test5PlusPizzasInOneOrder[12]" classname="uk.ac.ed.inf.OrderValidatorTest" time="0.006"/>
  <testcase name="test5PlusPizzasInOneOrder[13]" classname="uk.ac.ed.inf.OrderValidatorTest" time="0.001"/>
  <testcase name="test5PlusPizzasInOneOrder[14]" classname="uk.ac.ed.inf.OrderValidatorTest" time="0.002"/>
  <testcase name="test5PlusPizzasInOneOrder[15]" classname="uk.ac.ed.inf.OrderValidatorTest" time="0.001"/>
  <testcase name="test5PlusPizzasInOneOrder[16]" classname="uk.ac.ed.inf.OrderValidatorTest" time="0.004"/>
  <testcase name="test5PlusPizzasInOneOrder[17]" classname="uk.ac.ed.inf.OrderValidatorTest" time="0.002"/>
  <testcase name="test5PlusPizzasInOneOrder[18]" classname="uk.ac.ed.inf.OrderValidatorTest" time="0.005"/>
  <testcase name="test5PlusPizzasInOneOrder[19]" classname="uk.ac.ed.inf.OrderValidatorTest" time="0.006"/>
  <testcase name="test5PlusPizzasInOneOrder[20]" classname="uk.ac.ed.inf.OrderValidatorTest" time="0.005"/>
  <testcase name="test5PlusPizzasInOneOrder[21]" classname="uk.ac.ed.inf.OrderValidatorTest" time="0.004"/>
  <testcase name="test5PlusPizzasInOneOrder[22]" classname="uk.ac.ed.inf.OrderValidatorTest" time="0.004"/>
  <testcase name="test5PlusPizzasInOneOrder[23]" classname="uk.ac.ed.inf.OrderValidatorTest" time="0.001"/>
  <testcase name="test5PlusPizzasInOneOrder[24]" classname="uk.ac.ed.inf.OrderValidatorTest" time="0.003"/>
  <testcase name="test5PlusPizzasInOneOrder[25]" classname="uk.ac.ed.inf.OrderValidatorTest" time="0.002"/>
  <testcase name="test5PlusPizzasInOneOrder[26]" classname="uk.ac.ed.inf.OrderValidatorTest" time="0.002"/>
  <testcase name="test5PlusPizzasInOneOrder[27]" classname="uk.ac.ed.inf.OrderValidatorTest" time="0.004"/>
  <testcase name="test5PlusPizzasInOneOrder[28]" classname="uk.ac.ed.inf.OrderValidatorTest" time="0.004"/>
  <testcase name="test5PlusPizzasInOneOrder[29]" classname="uk.ac.ed.inf.OrderValidatorTest" time="0.002"/>
  <testcase name="test5PlusPizzasInOneOrder[30]" classname="uk.ac.ed.inf.OrderValidatorTest" time="0.003"/>
  <testcase name="test5PlusPizzasInOneOrder[31]" classname="uk.ac.ed.inf.OrderValidatorTest" time="0.001"/>
  <testcase name="test5PlusPizzasInOneOrder[32]" classname="uk.ac.ed.inf.OrderValidatorTest" time="0.005"/>
  <testcase name="test5PlusPizzasInOneOrder[33]" classname="uk.ac.ed.inf.OrderValidatorTest" time="0.003"/>
  <testcase name="test5PlusPizzasInOneOrder[34]" classname="uk.ac.ed.inf.OrderValidatorTest" time="0.004"/>
  <testcase name="test5PlusPizzasInOneOrder[35]" classname="uk.ac.ed.inf.OrderValidatorTest" time="0.006"/>
  <testcase name="test5PlusPizzasInOneOrder[36]" classname="uk.ac.ed.inf.OrderValidatorTest" time="0.005"/>
  <testcase name="test5PlusPizzasInOneOrder[37]" classname="uk.ac.ed.inf.OrderValidatorTest" time="0.001"/>
  <testcase name="test5PlusPizzasInOneOrder[38]" classname="uk.ac.ed.inf.OrderValidatorTest" time="0.002"/>
  <testcase name="test5PlusPizzasInOneOrder[39]" classname="uk.ac.ed.inf.OrderValidatorTest" time="0.001"/>
  <testcase name="test5PlusPizzasInOneOrder[40]" classname="uk.ac.ed.inf.OrderValidatorTest" time="0.003"/>
  <testcase name="test5PlusPizzasInOneOrder[41]" classname="uk.ac.ed.inf.OrderValidatorTest" time="0.005"/>
  <testcase name="test5PlusPizzasInOneOrder[42]" classname="uk.ac.ed.inf.OrderValidatorTest" time="0.004"/>
  <testcase name="test5PlusPizzasInOneOrder[43]" classname="uk.ac.ed.inf.OrderValidatorTest" time="0.004"/>
  <testcase name="test5PlusPizzasInOneOrder[44]" classname="uk.ac.ed.inf.OrderValidatorTest" time="0.001"/>
  <testcase name="test5PlusPizzasInOneOrder[45]" classname="uk.ac.ed.inf.OrderValidatorTest" time="0.003"/>
  <testcase name="test5PlusPizzasInOneOrder[46]" classname="uk.ac.ed.inf.OrderValidatorTest" time="0.001"/>
  <testcase name="test5PlusPizzasInOneOrder[47]" classname="uk.ac.ed.inf.OrderValidatorTest" time="0.002"/>
  <testcase name="test5PlusPizzasInOneOrder[48]" classname="uk.ac.ed.inf.OrderValidatorTest" time="0.003"/>
  <testcase name="test5PlusPizzasInOneOrder[49]" classname="uk.ac.ed.inf.OrderValidatorTest" time="0.002"/>
  <testcase name="test5PlusPizzasInOneOrder[50]" classname="uk.ac.ed.inf.OrderValidatorTest" time="0.001"/>
  <testcase name="test5PlusPizzasInOneOrder[51]" classname="uk.ac.ed.inf.OrderValidatorTest" time="0.003"/>
  <testcase name="test5PlusPizzasInOneOrder[52]" classname="uk.ac.ed.inf.OrderValidatorTest" time="0.003"/>
  <testcase name="test5PlusPizzasInOneOrder[53]" classname="uk.ac.ed.inf.OrderValidatorTest" time="0.002"/>
  <testcase name="test5PlusPizzasInOneOrder[54]" classname="uk.ac.ed.inf.OrderValidatorTest" time="0.004"/>
  <testcase name="test5PlusPizzasInOneOrder[55]" classname="uk.ac.ed.inf.OrderValidatorTest" time="0.005"/>
  <testcase name="test5PlusPizzasInOneOrder[56]" classname="uk.ac.ed.inf.OrderValidatorTest" time="0.005"/>
  <testcase name="test5PlusPizzasInOneOrder[57]" classname="uk.ac.ed.inf.OrderValidatorTest" time="0.001"/>
  <testcase name="test5PlusPizzasInOneOrder[58]" classname="uk.ac.ed.inf.OrderValidatorTest" time="0.001"/>
  <testcase name="test5PlusPizzasInOneOrder[59]" classname="uk.ac.ed.inf.OrderValidatorTest" time="0.004"/>
  <testcase name="test5PlusPizzasInOneOrder[60]" classname="uk.ac.ed.inf.OrderValidatorTest" time="0.007"/>
  <testcase name="test5PlusPizzasInOneOrder[61]" classname="uk.ac.ed.inf.OrderValidatorTest" time="0.004"/>
  <testcase name="test5PlusPizzasInOneOrder[62]" classname="uk.ac.ed.inf.OrderValidatorTest" time="0.002"/>
  <testcase name="test5PlusPizzasInOneOrder[63]" classname="uk.ac.ed.inf.OrderValidatorTest" time="0.004"/>
  <testcase name="test5PlusPizzasInOneOrder[64]" classname="uk.ac.ed.inf.OrderValidatorTest" time="0.003"/>
  <testcase name="test5PlusPizzasInOneOrder[65]" classname="uk.ac.ed.inf.OrderValidatorTest" time="0.006"/>
  <testcase name="test5PlusPizzasInOneOrder[66]" classname="uk.ac.ed.inf.OrderValidatorTest" time="0.006"/>
  <testcase name="test5PlusPizzasInOneOrder[67]" classname="uk.ac.ed.inf.OrderValidatorTest" time="0.004"/>
  <testcase name="test5PlusPizzasInOneOrder[68]" classname="uk.ac.ed.inf.OrderValidatorTest" time="0.004"/>
  <testcase name="test5PlusPizzasInOneOrder[69]" classname="uk.ac.ed.inf.OrderValidatorTest" time="0.003"/>
  <testcase name="test5PlusPizzasInOneOrder[70]" classname="uk.ac.ed.inf.OrderValidatorTest" time="0.005"/>
  <testcase name="test5PlusPizzasInOneOrder[71]" classname="uk.ac.ed.inf.OrderValidatorTest" time="0.004"/>
  <testcase name="test5PlusPizzasInOneOrder[72]" classname="uk.ac.ed.inf.OrderValidatorTest" time="0.007"/>
  <testcase name="test5PlusPizzasInOneOrder[73]" classname="uk.ac.ed.inf.OrderValidatorTest" time="0.006"/>
  <testcase name="test5PlusPizzasInOneOrder[74]" classname="uk.ac.ed.inf.OrderValidatorTest" time="0.007"/>
  <testcase name="test5PlusPizzasInOneOrder[75]" classname="uk.ac.ed.inf.OrderValidatorTest" time="0.004"/>
  <testcase name="test5PlusPizzasInOneOrder[76]" classname="uk.ac.ed.inf.OrderValidatorTest" time="0.007"/>
  <testcase name="test5PlusPizzasInOneOrder[77]" classname="uk.ac.ed.inf.OrderValidatorTest" time="0.001"/>
  <testcase name="test5PlusPizzasInOneOrder[78]" classname="uk.ac.ed.inf.OrderValidatorTest" time="0.006"/>
  <testcase name="test5PlusPizzasInOneOrder[79]" classname="uk.ac.ed.inf.OrderValidatorTest" time="0.003"/>
  <testcase name="test5PlusPizzasInOneOrder[80]" classname="uk.ac.ed.inf.OrderValidatorTest" time="0.006"/>
  <testcase name="test5PlusPizzasInOneOrder[81]" classname="uk.ac.ed.inf.OrderValidatorTest" time="0.006"/>
  <testcase name="test5PlusPizzasInOneOrder[82]" classname="uk.ac.ed.inf.OrderValidatorTest" time="0.004"/>
  <testcase name="test5PlusPizzasInOneOrder[83]" classname="uk.ac.ed.inf.OrderValidatorTest" time="0.006"/>
  <testcase name="test5PlusPizzasInOneOrder[84]" classname="uk.ac.ed.inf.OrderValidatorTest" time="0.004"/>
  <testcase name="test5PlusPizzasInOneOrder[85]" classname="uk.ac.ed.inf.OrderValidatorTest" time="0.002"/>
  <testcase name="test5PlusPizzasInOneOrder[86]" classname="uk.ac.ed.inf.OrderValidatorTest" time="0.005"/>
  <testcase name="test5PlusPizzasInOneOrder[87]" classname="uk.ac.ed.inf.OrderValidatorTest" time="0"/>
  <testcase name="test5PlusPizzasInOneOrder[88]" classname="uk.ac.ed.inf.OrderValidatorTest" time="0.004"/>
  <testcase name="test5PlusPizzasInOneOrder[89]" classname="uk.ac.ed.inf.OrderValidatorTest" time="0.002"/>
  <testcase name="test5PlusPizzasInOneOrder[90]" classname="uk.ac.ed.inf.OrderValidatorTest" time="0.004"/>
  <testcase name="test5PlusPizzasInOneOrder[91]" classname="uk.ac.ed.inf.OrderValidatorTest" time="0.006"/>
  <testcase name="test5PlusPizzasInOneOrder[92]" classname="uk.ac.ed.inf.OrderValidatorTest" time="0.006"/>
  <testcase name="test5PlusPizzasInOneOrder[93]" classname="uk.ac.ed.inf.OrderValidatorTest" time="0.003"/>
  <testcase name="test5PlusPizzasInOneOrder[94]" classname="uk.ac.ed.inf.OrderValidatorTest" time="0.005"/>
  <testcase name="test5PlusPizzasInOneOrder[95]" classname="uk.ac.ed.inf.OrderValidatorTest" time="0.003"/>
  <testcase name="test5PlusPizzasInOneOrder[96]" classname="uk.ac.ed.inf.OrderValidatorTest" time="0.005"/>
  <testcase name="test5PlusPizzasInOneOrder[97]" classname="uk.ac.ed.inf.OrderValidatorTest" time="0.003"/>
  <testcase name="test5PlusPizzasInOneOrder[98]" classname="uk.ac.ed.inf.OrderValidatorTest" time="0.001"/>
  <testcase name="test5PlusPizzasInOneOrder[99]" classname="uk.ac.ed.inf.OrderValidatorTest" time="0.003"/>
  <testcase name="test5PlusPizzasInOneOrder[100]" classname="uk.ac.ed.inf.OrderValidatorTest" time="0.005"/>
  <testcase name="testCreditCardCVVNumbers[1]" classname="uk.ac.ed.inf.OrderValidatorTest" time="0.001"/>
  <testcase name="testCreditCardCVVNumbers[2]" classname="uk.ac.ed.inf.OrderValidatorTest" time="0"/>
  <testcase name="testCreditCardCVVNumbers[3]" classname="uk.ac.ed.inf.OrderValidatorTest" time="0.001"/>
  <testcase name="testCreditCardCVVNumbers[4]" classname="uk.ac.ed.inf.OrderValidatorTest" time="0.001"/>
  <testcase name="testCreditCardCVVNumbers[5]" classname="uk.ac.ed.inf.OrderValidatorTest" time="0"/>
  <testcase name="testCreditCardCVVNumbers[6]" classname="uk.ac.ed.inf.OrderValidatorTest" time="0.001"/>
  <testcase name="testCreditCardCVVNumbers[7]" classname="uk.ac.ed.inf.OrderValidatorTest" time="0"/>
  <testcase name="testCreditCardCVVNumbers[8]" classname="uk.ac.ed.inf.OrderValidatorTest" time="0.001"/>
  <testcase name="testCreditCardCVVNumbers[9]" classname="uk.ac.ed.inf.OrderValidatorTest" time="0"/>
  <testcase name="testCreditCardCVVNumbers[10]" classname="uk.ac.ed.inf.OrderValidatorTest" time="0"/>
  <testcase name="testCreditCardCVVNumbers[11]" classname="uk.ac.ed.inf.OrderValidatorTest" time="0.001"/>
  <testcase name="testCreditCardCVVNumbers[12]" classname="uk.ac.ed.inf.OrderValidatorTest" time="0"/>
  <testcase name="testCreditCardCVVNumbers[13]" classname="uk.ac.ed.inf.OrderValidatorTest" time="0.001"/>
  <testcase name="testCreditCardCVVNumbers[14]" classname="uk.ac.ed.inf.OrderValidatorTest" time="0"/>
  <testcase name="testCreditCardCVVNumbers[15]" classname="uk.ac.ed.inf.OrderValidatorTest" time="0.001"/>
  <testcase name="testCreditCardCVVNumbers[16]" classname="uk.ac.ed.inf.OrderValidatorTest" time="0"/>
  <testcase name="testCreditCardCVVNumbers[17]" classname="uk.ac.ed.inf.OrderValidatorTest" time="0"/>
  <testcase name="testCreditCardCVVNumbers[18]" classname="uk.ac.ed.inf.OrderValidatorTest" time="0.001"/>
  <testcase name="testCreditCardCVVNumbers[19]" classname="uk.ac.ed.inf.OrderValidatorTest" time="0"/>
  <testcase name="testCreditCardCVVNumbers[20]" classname="uk.ac.ed.inf.OrderValidatorTest" time="0"/>
  <testcase name="testCreditCardCVVNumbers[21]" classname="uk.ac.ed.inf.OrderValidatorTest" time="0.001"/>
  <testcase name="testCreditCardCVVNumbers[22]" classname="uk.ac.ed.inf.OrderValidatorTest" time="0"/>
  <testcase name="testCreditCardCVVNumbers[23]" classname="uk.ac.ed.inf.OrderValidatorTest" time="0.001"/>
  <testcase name="testCreditCardCVVNumbers[24]" classname="uk.ac.ed.inf.OrderValidatorTest" time="0"/>
  <testcase name="testCreditCardCVVNumbers[25]" classname="uk.ac.ed.inf.OrderValidatorTest" time="0"/>
  <testcase name="testCreditCardCVVNumbers[26]" classname="uk.ac.ed.inf.OrderValidatorTest" time="0.001"/>
  <testcase name="testCreditCardCVVNumbers[27]" classname="uk.ac.ed.inf.OrderValidatorTest" time="0"/>
  <testcase name="testCreditCardCVVNumbers[28]" classname="uk.ac.ed.inf.OrderValidatorTest" time="0.001"/>
  <testcase name="testCreditCardCVVNumbers[29]" classname="uk.ac.ed.inf.OrderValidatorTest" time="0"/>
  <testcase name="testCreditCardCVVNumbers[30]" classname="uk.ac.ed.inf.OrderValidatorTest" time="0.001"/>
  <testcase name="testCreditCardCVVNumbers[31]" classname="uk.ac.ed.inf.OrderValidatorTest" time="0"/>
  <testcase name="testCreditCardCVVNumbers[32]" classname="uk.ac.ed.inf.OrderValidatorTest" time="0"/>
  <testcase name="testCreditCardCVVNumbers[33]" classname="uk.ac.ed.inf.OrderValidatorTest" time="0.001"/>
  <testcase name="testCreditCardCVVNumbers[34]" classname="uk.ac.ed.inf.OrderValidatorTest" time="0"/>
  <testcase name="testCreditCardCVVNumbers[35]" classname="uk.ac.ed.inf.OrderValidatorTest" time="0.001"/>
  <testcase name="testCreditCardCVVNumbers[36]" classname="uk.ac.ed.inf.OrderValidatorTest" time="0"/>
  <testcase name="testCreditCardCVVNumbers[37]" classname="uk.ac.ed.inf.OrderValidatorTest" time="0.001"/>
  <testcase name="testCreditCardCVVNumbers[38]" classname="uk.ac.ed.inf.OrderValidatorTest" time="0"/>
  <testcase name="testCreditCardCVVNumbers[39]" classname="uk.ac.ed.inf.OrderValidatorTest" time="0.001"/>
  <testcase name="testCreditCardCVVNumbers[40]" classname="uk.ac.ed.inf.OrderValidatorTest" time="0"/>
  <testcase name="testCreditCardCVVNumbers[41]" classname="uk.ac.ed.inf.OrderValidatorTest" time="0.001"/>
  <testcase name="testCreditCardCVVNumbers[42]" classname="uk.ac.ed.inf.OrderValidatorTest" time="0.001"/>
  <testcase name="testCreditCardCVVNumbers[43]" classname="uk.ac.ed.inf.OrderValidatorTest" time="0"/>
  <testcase name="testCreditCardCVVNumbers[44]" classname="uk.ac.ed.inf.OrderValidatorTest" time="0.001"/>
  <testcase name="testCreditCardCVVNumbers[45]" classname="uk.ac.ed.inf.OrderValidatorTest" time="0.001"/>
  <testcase name="testCreditCardCVVNumbers[46]" classname="uk.ac.ed.inf.OrderValidatorTest" time="0"/>
  <testcase name="testCreditCardCVVNumbers[47]" classname="uk.ac.ed.inf.OrderValidatorTest" time="0.001"/>
  <testcase name="testCreditCardCVVNumbers[48]" classname="uk.ac.ed.inf.OrderValidatorTest" time="0"/>
  <testcase name="testCreditCardCVVNumbers[49]" classname="uk.ac.ed.inf.OrderValidatorTest" time="0.001"/>
  <testcase name="testCreditCardCVVNumbers[50]" classname="uk.ac.ed.inf.OrderValidatorTest" time="0.001"/>
  <testcase name="testCreditCardCVVNumbers[51]" classname="uk.ac.ed.inf.OrderValidatorTest" time="0"/>
  <testcase name="testCreditCardCVVNumbers[52]" classname="uk.ac.ed.inf.OrderValidatorTest" time="0.001"/>
  <testcase name="testCreditCardCVVNumbers[53]" classname="uk.ac.ed.inf.OrderValidatorTest" time="0.001"/>
  <testcase name="testCreditCardCVVNumbers[54]" classname="uk.ac.ed.inf.OrderValidatorTest" time="0"/>
  <testcase name="testCreditCardCVVNumbers[55]" classname="uk.ac.ed.inf.OrderValidatorTest" time="0.001"/>
  <testcase name="testCreditCardCVVNumbers[56]" classname="uk.ac.ed.inf.OrderValidatorTest" time="0"/>
  <testcase name="testCreditCardCVVNumbers[57]" classname="uk.ac.ed.inf.OrderValidatorTest" time="0.001"/>
  <testcase name="testCreditCardCVVNumbers[58]" classname="uk.ac.ed.inf.OrderValidatorTest" time="0"/>
  <testcase name="testCreditCardCVVNumbers[59]" classname="uk.ac.ed.inf.OrderValidatorTest" time="0.001"/>
  <testcase name="testCreditCardCVVNumbers[60]" classname="uk.ac.ed.inf.OrderValidatorTest" time="0"/>
  <testcase name="testCreditCardCVVNumbers[61]" classname="uk.ac.ed.inf.OrderValidatorTest" time="0.001"/>
  <testcase name="testCreditCardCVVNumbers[62]" classname="uk.ac.ed.inf.OrderValidatorTest" time="0"/>
  <testcase name="testCreditCardCVVNumbers[63]" classname="uk.ac.ed.inf.OrderValidatorTest" time="0.001"/>
  <testcase name="testCreditCardCVVNumbers[64]" classname="uk.ac.ed.inf.OrderValidatorTest" time="0"/>
  <testcase name="testCreditCardCVVNumbers[65]" classname="uk.ac.ed.inf.OrderValidatorTest" time="0.001"/>
  <testcase name="testCreditCardCVVNumbers[66]" classname="uk.ac.ed.inf.OrderValidatorTest" time="0"/>
  <testcase name="testCreditCardCVVNumbers[67]" classname="uk.ac.ed.inf.OrderValidatorTest" time="0.001"/>
  <testcase name="testCreditCardCVVNumbers[68]" classname="uk.ac.ed.inf.OrderValidatorTest" time="0"/>
  <testcase name="testCreditCardCVVNumbers[69]" classname="uk.ac.ed.inf.OrderValidatorTest" time="0"/>
  <testcase name="testCreditCardCVVNumbers[70]" classname="uk.ac.ed.inf.OrderValidatorTest" time="0.001"/>
  <testcase name="testCreditCardCVVNumbers[71]" classname="uk.ac.ed.inf.OrderValidatorTest" time="0"/>
  <testcase name="testCreditCardCVVNumbers[72]" classname="uk.ac.ed.inf.OrderValidatorTest" time="0.001"/>
  <testcase name="testCreditCardCVVNumbers[73]" classname="uk.ac.ed.inf.OrderValidatorTest" time="0"/>
  <testcase name="testCreditCardCVVNumbers[74]" classname="uk.ac.ed.inf.OrderValidatorTest" time="0.001"/>
  <testcase name="testCreditCardCVVNumbers[75]" classname="uk.ac.ed.inf.OrderValidatorTest" time="0"/>
  <testcase name="testCreditCardCVVNumbers[76]" classname="uk.ac.ed.inf.OrderValidatorTest" time="0.001"/>
  <testcase name="testCreditCardCVVNumbers[77]" classname="uk.ac.ed.inf.OrderValidatorTest" time="0.001"/>
  <testcase name="testCreditCardCVVNumbers[78]" classname="uk.ac.ed.inf.OrderValidatorTest" time="0"/>
  <testcase name="testCreditCardCVVNumbers[79]" classname="uk.ac.ed.inf.OrderValidatorTest" time="0"/>
  <testcase name="testCreditCardCVVNumbers[80]" classname="uk.ac.ed.inf.OrderValidatorTest" time="0.001"/>
  <testcase name="testCreditCardCVVNumbers[81]" classname="uk.ac.ed.inf.OrderValidatorTest" time="0"/>
  <testcase name="testCreditCardCVVNumbers[82]" classname="uk.ac.ed.inf.OrderValidatorTest" time="0.001"/>
  <testcase name="testCreditCardCVVNumbers[83]" classname="uk.ac.ed.inf.OrderValidatorTest" time="0"/>
  <testcase name="testCreditCardCVVNumbers[84]" classname="uk.ac.ed.inf.OrderValidatorTest" time="0"/>
  <testcase name="testCreditCardCVVNumbers[85]" classname="uk.ac.ed.inf.OrderValidatorTest" time="0.001"/>
  <testcase name="testCreditCardCVVNumbers[86]" classname="uk.ac.ed.inf.OrderValidatorTest" time="0"/>
  <testcase name="testCreditCardCVVNumbers[87]" classname="uk.ac.ed.inf.OrderValidatorTest" time="0.001"/>
  <testcase name="testCreditCardCVVNumbers[88]" classname="uk.ac.ed.inf.OrderValidatorTest" time="0"/>
  <testcase name="testCreditCardCVVNumbers[89]" classname="uk.ac.ed.inf.OrderValidatorTest" time="0.001"/>
  <testcase name="testCreditCardCVVNumbers[90]" classname="uk.ac.ed.inf.OrderValidatorTest" time="0"/>
  <testcase name="testCreditCardCVVNumbers[91]" classname="uk.ac.ed.inf.OrderValidatorTest" time="0.001"/>
  <testcase name="testCreditCardCVVNumbers[92]" classname="uk.ac.ed.inf.OrderValidatorTest" time="0"/>
  <testcase name="testCreditCardCVVNumbers[93]" classname="uk.ac.ed.inf.OrderValidatorTest" time="0"/>
  <testcase name="testCreditCardCVVNumbers[94]" classname="uk.ac.ed.inf.OrderValidatorTest" time="0.001"/>
  <testcase name="testCreditCardCVVNumbers[95]" classname="uk.ac.ed.inf.OrderValidatorTest" time="0"/>
  <testcase name="testCreditCardCVVNumbers[96]" classname="uk.ac.ed.inf.OrderValidatorTest" time="0.001"/>
  <testcase name="testCreditCardCVVNumbers[97]" classname="uk.ac.ed.inf.OrderValidatorTest" time="0"/>
  <testcase name="testCreditCardCVVNumbers[98]" classname="uk.ac.ed.inf.OrderValidatorTest" time="0.001"/>
  <testcase name="testCreditCardCVVNumbers[99]" classname="uk.ac.ed.inf.OrderValidatorTest" time="0"/>
  <testcase name="testCreditCardCVVNumbers[100]" classname="uk.ac.ed.inf.OrderValidatorTest" time="0"/>
  <testcase name="testCreditCardCExpiryDate5Digits[1]" classname="uk.ac.ed.inf.OrderValidatorTest" time="0.001"/>
  <testcase name="testCreditCardCExpiryDate5Digits[2]" classname="uk.ac.ed.inf.OrderValidatorTest" time="0"/>
  <testcase name="testCreditCardCExpiryDate5Digits[3]" classname="uk.ac.ed.inf.OrderValidatorTest" time="0"/>
  <testcase name="testCreditCardCExpiryDate5Digits[4]" classname="uk.ac.ed.inf.OrderValidatorTest" time="0.001"/>
  <testcase name="testCreditCardCExpiryDate5Digits[5]" classname="uk.ac.ed.inf.OrderValidatorTest" time="0"/>
  <testcase name="testCreditCardCExpiryDate5Digits[6]" classname="uk.ac.ed.inf.OrderValidatorTest" time="0"/>
  <testcase name="testCreditCardCExpiryDate5Digits[7]" classname="uk.ac.ed.inf.OrderValidatorTest" time="0.001"/>
  <testcase name="testCreditCardCExpiryDate5Digits[8]" classname="uk.ac.ed.inf.OrderValidatorTest" time="0"/>
  <testcase name="testCreditCardCExpiryDate5Digits[9]" classname="uk.ac.ed.inf.OrderValidatorTest" time="0"/>
  <testcase name="testCreditCardCExpiryDate5Digits[10]" classname="uk.ac.ed.inf.OrderValidatorTest" time="0.001"/>
  <testcase name="testCreditCardCExpiryDate5Digits[11]" classname="uk.ac.ed.inf.OrderValidatorTest" time="0"/>
  <testcase name="testCreditCardCExpiryDate5Digits[12]" classname="uk.ac.ed.inf.OrderValidatorTest" time="0"/>
  <testcase name="testCreditCardCExpiryDate5Digits[13]" classname="uk.ac.ed.inf.OrderValidatorTest" time="0.001"/>
  <testcase name="testCreditCardCExpiryDate5Digits[14]" classname="uk.ac.ed.inf.OrderValidatorTest" time="0"/>
  <testcase name="testCreditCardCExpiryDate5Digits[15]" classname="uk.ac.ed.inf.OrderValidatorTest" time="0.001"/>
  <testcase name="testCreditCardCExpiryDate5Digits[16]" classname="uk.ac.ed.inf.OrderValidatorTest" time="0"/>
  <testcase name="testCreditCardCExpiryDate5Digits[17]" classname="uk.ac.ed.inf.OrderValidatorTest" time="0"/>
  <testcase name="testCreditCardCExpiryDate5Digits[18]" classname="uk.ac.ed.inf.OrderValidatorTest" time="0.001"/>
  <testcase name="testCreditCardCExpiryDate5Digits[19]" classname="uk.ac.ed.inf.OrderValidatorTest" time="0"/>
  <testcase name="testCreditCardCExpiryDate5Digits[20]" classname="uk.ac.ed.inf.OrderValidatorTest" time="0"/>
  <testcase name="testCreditCardCExpiryDate5Digits[21]" classname="uk.ac.ed.inf.OrderValidatorTest" time="0.001"/>
  <testcase name="testCreditCardCExpiryDate5Digits[22]" classname="uk.ac.ed.inf.OrderValidatorTest" time="0"/>
  <testcase name="testCreditCardCExpiryDate5Digits[23]" classname="uk.ac.ed.inf.OrderValidatorTest" time="0"/>
  <testcase name="testCreditCardCExpiryDate5Digits[24]" classname="uk.ac.ed.inf.OrderValidatorTest" time="0.001"/>
  <testcase name="testCreditCardCExpiryDate5Digits[25]" classname="uk.ac.ed.inf.OrderValidatorTest" time="0"/>
  <testcase name="testCreditCardCExpiryDate5Digits[26]" classname="uk.ac.ed.inf.OrderValidatorTest" time="0.001"/>
  <testcase name="testCreditCardCExpiryDate5Digits[27]" classname="uk.ac.ed.inf.OrderValidatorTest" time="0"/>
  <testcase name="testCreditCardCExpiryDate5Digits[28]" classname="uk.ac.ed.inf.OrderValidatorTest" time="0"/>
  <testcase name="testCreditCardCExpiryDate5Digits[29]" classname="uk.ac.ed.inf.OrderValidatorTest" time="0"/>
  <testcase name="testCreditCardCExpiryDate5Digits[30]" classname="uk.ac.ed.inf.OrderValidatorTest" time="0.001"/>
  <testcase name="testCreditCardCExpiryDate5Digits[31]" classname="uk.ac.ed.inf.OrderValidatorTest" time="0"/>
  <testcase name="testCreditCardCExpiryDate5Digits[32]" classname="uk.ac.ed.inf.OrderValidatorTest" time="0.001"/>
  <testcase name="testCreditCardCExpiryDate5Digits[33]" classname="uk.ac.ed.inf.OrderValidatorTest" time="0"/>
  <testcase name="testCreditCardCExpiryDate5Digits[34]" classname="uk.ac.ed.inf.OrderValidatorTest" time="0"/>
  <testcase name="testCreditCardCExpiryDate5Digits[35]" classname="uk.ac.ed.inf.OrderValidatorTest" time="0.001"/>
  <testcase name="testCreditCardCExpiryDate5Digits[36]" classname="uk.ac.ed.inf.OrderValidatorTest" time="0"/>
  <testcase name="testCreditCardCExpiryDate5Digits[37]" classname="uk.ac.ed.inf.OrderValidatorTest" time="0"/>
  <testcase name="testCreditCardCExpiryDate5Digits[38]" classname="uk.ac.ed.inf.OrderValidatorTest" time="0.001"/>
  <testcase name="testCreditCardCExpiryDate5Digits[39]" classname="uk.ac.ed.inf.OrderValidatorTest" time="0"/>
  <testcase name="testCreditCardCExpiryDate5Digits[40]" classname="uk.ac.ed.inf.OrderValidatorTest" time="0"/>
  <testcase name="testCreditCardCExpiryDate5Digits[41]" classname="uk.ac.ed.inf.OrderValidatorTest" time="0.001"/>
  <testcase name="testCreditCardCExpiryDate5Digits[42]" classname="uk.ac.ed.inf.OrderValidatorTest" time="0"/>
  <testcase name="testCreditCardCExpiryDate5Digits[43]" classname="uk.ac.ed.inf.OrderValidatorTest" time="0"/>
  <testcase name="testCreditCardCExpiryDate5Digits[44]" classname="uk.ac.ed.inf.OrderValidatorTest" time="0.001"/>
  <testcase name="testCreditCardCExpiryDate5Digits[45]" classname="uk.ac.ed.inf.OrderValidatorTest" time="0"/>
  <testcase name="testCreditCardCExpiryDate5Digits[46]" classname="uk.ac.ed.inf.OrderValidatorTest" time="0"/>
  <testcase name="testCreditCardCExpiryDate5Digits[47]" classname="uk.ac.ed.inf.OrderValidatorTest" time="0.001"/>
  <testcase name="testCreditCardCExpiryDate5Digits[48]" classname="uk.ac.ed.inf.OrderValidatorTest" time="0"/>
  <testcase name="testCreditCardCExpiryDate5Digits[49]" classname="uk.ac.ed.inf.OrderValidatorTest" time="0.001"/>
  <testcase name="testCreditCardCExpiryDate5Digits[50]" classname="uk.ac.ed.inf.OrderValidatorTest" time="0"/>
  <testcase name="testCreditCardCExpiryDate5Digits[51]" classname="uk.ac.ed.inf.OrderValidatorTest" time="0"/>
  <testcase name="testCreditCardCExpiryDate5Digits[52]" classname="uk.ac.ed.inf.OrderValidatorTest" time="0.001"/>
  <testcase name="testCreditCardCExpiryDate5Digits[53]" classname="uk.ac.ed.inf.OrderValidatorTest" time="0"/>
  <testcase name="testCreditCardCExpiryDate5Digits[54]" classname="uk.ac.ed.inf.OrderValidatorTest" time="0"/>
  <testcase name="testCreditCardCExpiryDate5Digits[55]" classname="uk.ac.ed.inf.OrderValidatorTest" time="0.001"/>
  <testcase name="testCreditCardCExpiryDate5Digits[56]" classname="uk.ac.ed.inf.OrderValidatorTest" time="0"/>
  <testcase name="testCreditCardCExpiryDate5Digits[57]" classname="uk.ac.ed.inf.OrderValidatorTest" time="0.001"/>
  <testcase name="testCreditCardCExpiryDate5Digits[58]" classname="uk.ac.ed.inf.OrderValidatorTest" time="0"/>
  <testcase name="testCreditCardCExpiryDate5Digits[59]" classname="uk.ac.ed.inf.OrderValidatorTest" time="0"/>
  <testcase name="testCreditCardCExpiryDate5Digits[60]" classname="uk.ac.ed.inf.OrderValidatorTest" time="0.001"/>
  <testcase name="testCreditCardCExpiryDate5Digits[61]" classname="uk.ac.ed.inf.OrderValidatorTest" time="0"/>
  <testcase name="testCreditCardCExpiryDate5Digits[62]" classname="uk.ac.ed.inf.OrderValidatorTest" time="0.001"/>
  <testcase name="testCreditCardCExpiryDate5Digits[63]" classname="uk.ac.ed.inf.OrderValidatorTest" time="0"/>
  <testcase name="testCreditCardCExpiryDate5Digits[64]" classname="uk.ac.ed.inf.OrderValidatorTest" time="0"/>
  <testcase name="testCreditCardCExpiryDate5Digits[65]" classname="uk.ac.ed.inf.OrderValidatorTest" time="0"/>
  <testcase name="testCreditCardCExpiryDate5Digits[66]" classname="uk.ac.ed.inf.OrderValidatorTest" time="0.001"/>
  <testcase name="testCreditCardCExpiryDate5Digits[67]" classname="uk.ac.ed.inf.OrderValidatorTest" time="0"/>
  <testcase name="testCreditCardCExpiryDate5Digits[68]" classname="uk.ac.ed.inf.OrderValidatorTest" time="0"/>
  <testcase name="testCreditCardCExpiryDate5Digits[69]" classname="uk.ac.ed.inf.OrderValidatorTest" time="0.001"/>
  <testcase name="testCreditCardCExpiryDate5Digits[70]" classname="uk.ac.ed.inf.OrderValidatorTest" time="0"/>
  <testcase name="testCreditCardCExpiryDate5Digits[71]" classname="uk.ac.ed.inf.OrderValidatorTest" time="0.001"/>
  <testcase name="testCreditCardCExpiryDate5Digits[72]" classname="uk.ac.ed.inf.OrderValidatorTest" time="0"/>
  <testcase name="testCreditCardCExpiryDate5Digits[73]" classname="uk.ac.ed.inf.OrderValidatorTest" time="0"/>
  <testcase name="testCreditCardCExpiryDate5Digits[74]" classname="uk.ac.ed.inf.OrderValidatorTest" time="0.001"/>
  <testcase name="testCreditCardCExpiryDate5Digits[75]" classname="uk.ac.ed.inf.OrderValidatorTest" time="0"/>
  <testcase name="testCreditCardCExpiryDate5Digits[76]" classname="uk.ac.ed.inf.OrderValidatorTest" time="0.001"/>
  <testcase name="testCreditCardCExpiryDate5Digits[77]" classname="uk.ac.ed.inf.OrderValidatorTest" time="0"/>
  <testcase name="testCreditCardCExpiryDate5Digits[78]" classname="uk.ac.ed.inf.OrderValidatorTest" time="0.001"/>
  <testcase name="testCreditCardCExpiryDate5Digits[79]" classname="uk.ac.ed.inf.OrderValidatorTest" time="0"/>
  <testcase name="testCreditCardCExpiryDate5Digits[80]" classname="uk.ac.ed.inf.OrderValidatorTest" time="0"/>
  <testcase name="testCreditCardCExpiryDate5Digits[81]" classname="uk.ac.ed.inf.OrderValidatorTest" time="0.001"/>
  <testcase name="testCreditCardCExpiryDate5Digits[82]" classname="uk.ac.ed.inf.OrderValidatorTest" time="0"/>
  <testcase name="testCreditCardCExpiryDate5Digits[83]" classname="uk.ac.ed.inf.OrderValidatorTest" time="0.001"/>
  <testcase name="testCreditCardCExpiryDate5Digits[84]" classname="uk.ac.ed.inf.OrderValidatorTest" time="0"/>
  <testcase name="testCreditCardCExpiryDate5Digits[85]" classname="uk.ac.ed.inf.OrderValidatorTest" time="0"/>
  <testcase name="testCreditCardCExpiryDate5Digits[86]" classname="uk.ac.ed.inf.OrderValidatorTest" time="0.001"/>
  <testcase name="testCreditCardCExpiryDate5Digits[87]" classname="uk.ac.ed.inf.OrderValidatorTest" time="0"/>
  <testcase name="testCreditCardCExpiryDate5Digits[88]" classname="uk.ac.ed.inf.OrderValidatorTest" time="0.001"/>
  <testcase name="testCreditCardCExpiryDate5Digits[89]" classname="uk.ac.ed.inf.OrderValidatorTest" time="0"/>
  <testcase name="testCreditCardCExpiryDate5Digits[90]" classname="uk.ac.ed.inf.OrderValidatorTest" time="0.001"/>
  <testcase name="testCreditCardCExpiryDate5Digits[91]" classname="uk.ac.ed.inf.OrderValidatorTest" time="0"/>
  <testcase name="testCreditCardCExpiryDate5Digits[92]" classname="uk.ac.ed.inf.OrderValidatorTest" time="0.001"/>
  <testcase name="testCreditCardCExpiryDate5Digits[93]" classname="uk.ac.ed.inf.OrderValidatorTest" time="0"/>
  <testcase name="testCreditCardCExpiryDate5Digits[94]" classname="uk.ac.ed.inf.OrderValidatorTest" time="0.001"/>
  <testcase name="testCreditCardCExpiryDate5Digits[95]" classname="uk.ac.ed.inf.OrderValidatorTest" time="0"/>
  <testcase name="testCreditCardCExpiryDate5Digits[96]" classname="uk.ac.ed.inf.OrderValidatorTest" time="0"/>
  <testcase name="testCreditCardCExpiryDate5Digits[97]" classname="uk.ac.ed.inf.OrderValidatorTest" time="0"/>
  <testcase name="testCreditCardCExpiryDate5Digits[98]" classname="uk.ac.ed.inf.OrderValidatorTest" time="0"/>
  <testcase name="testCreditCardCExpiryDate5Digits[99]" classname="uk.ac.ed.inf.OrderValidatorTest" time="0.001"/>
  <testcase name="testCreditCardCExpiryDate5Digits[100]" classname="uk.ac.ed.inf.OrderValidatorTest" time="0"/>
  <testcase name="testCreditCardCVVDigits[1]" classname="uk.ac.ed.inf.OrderValidatorTest" time="0.001"/>
  <testcase name="testCreditCardCVVDigits[2]" classname="uk.ac.ed.inf.OrderValidatorTest" time="0"/>
  <testcase name="testCreditCardCVVDigits[3]" classname="uk.ac.ed.inf.OrderValidatorTest" time="0.001"/>
  <testcase name="testCreditCardCVVDigits[4]" classname="uk.ac.ed.inf.OrderValidatorTest" time="0"/>
  <testcase name="testCreditCardCVVDigits[5]" classname="uk.ac.ed.inf.OrderValidatorTest" time="0.001"/>
  <testcase name="testCreditCardCVVDigits[6]" classname="uk.ac.ed.inf.OrderValidatorTest" time="0"/>
  <testcase name="testCreditCardCVVDigits[7]" classname="uk.ac.ed.inf.OrderValidatorTest" time="0.001"/>
  <testcase name="testCreditCardCVVDigits[8]" classname="uk.ac.ed.inf.OrderValidatorTest" time="0.001"/>
  <testcase name="testCreditCardCVVDigits[9]" classname="uk.ac.ed.inf.OrderValidatorTest" time="0"/>
  <testcase name="testCreditCardCVVDigits[10]" classname="uk.ac.ed.inf.OrderValidatorTest" time="0.001"/>
  <testcase name="testCreditCardCVVDigits[11]" classname="uk.ac.ed.inf.OrderValidatorTest" time="0"/>
  <testcase name="testCreditCardCVVDigits[12]" classname="uk.ac.ed.inf.OrderValidatorTest" time="0.001"/>
  <testcase name="testCreditCardCVVDigits[13]" classname="uk.ac.ed.inf.OrderValidatorTest" time="0"/>
  <testcase name="testCreditCardCVVDigits[14]" classname="uk.ac.ed.inf.OrderValidatorTest" time="0.001"/>
  <testcase name="testCreditCardCVVDigits[15]" classname="uk.ac.ed.inf.OrderValidatorTest" time="0"/>
  <testcase name="testCreditCardCVVDigits[16]" classname="uk.ac.ed.inf.OrderValidatorTest" time="0.001"/>
  <testcase name="testCreditCardCVVDigits[17]" classname="uk.ac.ed.inf.OrderValidatorTest" time="0"/>
  <testcase name="testCreditCardCVVDigits[18]" classname="uk.ac.ed.inf.OrderValidatorTest" time="0.001"/>
  <testcase name="testCreditCardCVVDigits[19]" classname="uk.ac.ed.inf.OrderValidatorTest" time="0"/>
  <testcase name="testCreditCardCVVDigits[20]" classname="uk.ac.ed.inf.OrderValidatorTest" time="0.001"/>
  <testcase name="testCreditCardCVVDigits[21]" classname="uk.ac.ed.inf.OrderValidatorTest" time="0"/>
  <testcase name="testCreditCardCVVDigits[22]" classname="uk.ac.ed.inf.OrderValidatorTest" time="0.001"/>
  <testcase name="testCreditCardCVVDigits[23]" classname="uk.ac.ed.inf.OrderValidatorTest" time="0"/>
  <testcase name="testCreditCardCVVDigits[24]" classname="uk.ac.ed.inf.OrderValidatorTest" time="0.001"/>
  <testcase name="testCreditCardCVVDigits[25]" classname="uk.ac.ed.inf.OrderValidatorTest" time="0"/>
  <testcase name="testCreditCardCVVDigits[26]" classname="uk.ac.ed.inf.OrderValidatorTest" time="0.001"/>
  <testcase name="testCreditCardCVVDigits[27]" classname="uk.ac.ed.inf.OrderValidatorTest" time="0"/>
  <testcase name="testCreditCardCVVDigits[28]" classname="uk.ac.ed.inf.OrderValidatorTest" time="0.001"/>
  <testcase name="testCreditCardCVVDigits[29]" classname="uk.ac.ed.inf.OrderValidatorTest" time="0"/>
  <testcase name="testCreditCardCVVDigits[30]" classname="uk.ac.ed.inf.OrderValidatorTest" time="0.001"/>
  <testcase name="testCreditCardCVVDigits[31]" classname="uk.ac.ed.inf.OrderValidatorTest" time="0"/>
  <testcase name="testCreditCardCVVDigits[32]" classname="uk.ac.ed.inf.OrderValidatorTest" time="0.001"/>
  <testcase name="testCreditCardCVVDigits[33]" classname="uk.ac.ed.inf.OrderValidatorTest" time="0"/>
  <testcase name="testCreditCardCVVDigits[34]" classname="uk.ac.ed.inf.OrderValidatorTest" time="0"/>
  <testcase name="testCreditCardCVVDigits[35]" classname="uk.ac.ed.inf.OrderValidatorTest" time="0.001"/>
  <testcase name="testCreditCardCVVDigits[36]" classname="uk.ac.ed.inf.OrderValidatorTest" time="0"/>
  <testcase name="testCreditCardCVVDigits[37]" classname="uk.ac.ed.inf.OrderValidatorTest" time="0.001"/>
  <testcase name="testCreditCardCVVDigits[38]" classname="uk.ac.ed.inf.OrderValidatorTest" time="0"/>
  <testcase name="testCreditCardCVVDigits[39]" classname="uk.ac.ed.inf.OrderValidatorTest" time="0"/>
  <testcase name="testCreditCardCVVDigits[40]" classname="uk.ac.ed.inf.OrderValidatorTest" time="0.001"/>
  <testcase name="testCreditCardCVVDigits[41]" classname="uk.ac.ed.inf.OrderValidatorTest" time="0"/>
  <testcase name="testCreditCardCVVDigits[42]" classname="uk.ac.ed.inf.OrderValidatorTest" time="0"/>
  <testcase name="testCreditCardCVVDigits[43]" classname="uk.ac.ed.inf.OrderValidatorTest" time="0.001"/>
  <testcase name="testCreditCardCVVDigits[44]" classname="uk.ac.ed.inf.OrderValidatorTest" time="0"/>
  <testcase name="testCreditCardCVVDigits[45]" classname="uk.ac.ed.inf.OrderValidatorTest" time="0.001"/>
  <testcase name="testCreditCardCVVDigits[46]" classname="uk.ac.ed.inf.OrderValidatorTest" time="0"/>
  <testcase name="testCreditCardCVVDigits[47]" classname="uk.ac.ed.inf.OrderValidatorTest" time="0.001"/>
  <testcase name="testCreditCardCVVDigits[48]" classname="uk.ac.ed.inf.OrderValidatorTest" time="0"/>
  <testcase name="testCreditCardCVVDigits[49]" classname="uk.ac.ed.inf.OrderValidatorTest" time="0.001"/>
  <testcase name="testCreditCardCVVDigits[50]" classname="uk.ac.ed.inf.OrderValidatorTest" time="0"/>
  <testcase name="testCreditCardCVVDigits[51]" classname="uk.ac.ed.inf.OrderValidatorTest" time="0"/>
  <testcase name="testCreditCardCVVDigits[52]" classname="uk.ac.ed.inf.OrderValidatorTest" time="0.001"/>
  <testcase name="testCreditCardCVVDigits[53]" classname="uk.ac.ed.inf.OrderValidatorTest" time="0"/>
  <testcase name="testCreditCardCVVDigits[54]" classname="uk.ac.ed.inf.OrderValidatorTest" time="0.001"/>
  <testcase name="testCreditCardCVVDigits[55]" classname="uk.ac.ed.inf.OrderValidatorTest" time="0"/>
  <testcase name="testCreditCardCVVDigits[56]" classname="uk.ac.ed.inf.OrderValidatorTest" time="0"/>
  <testcase name="testCreditCardCVVDigits[57]" classname="uk.ac.ed.inf.OrderValidatorTest" time="0.001"/>
  <testcase name="testCreditCardCVVDigits[58]" classname="uk.ac.ed.inf.OrderValidatorTest" time="0"/>
  <testcase name="testCreditCardCVVDigits[59]" classname="uk.ac.ed.inf.OrderValidatorTest" time="0.001"/>
  <testcase name="testCreditCardCVVDigits[60]" classname="uk.ac.ed.inf.OrderValidatorTest" time="0"/>
  <testcase name="testCreditCardCVVDigits[61]" classname="uk.ac.ed.inf.OrderValidatorTest" time="0.001"/>
  <testcase name="testCreditCardCVVDigits[62]" classname="uk.ac.ed.inf.OrderValidatorTest" time="0"/>
  <testcase name="testCreditCardCVVDigits[63]" classname="uk.ac.ed.inf.OrderValidatorTest" time="0"/>
  <testcase name="testCreditCardCVVDigits[64]" classname="uk.ac.ed.inf.OrderValidatorTest" time="0.001"/>
  <testcase name="testCreditCardCVVDigits[65]" classname="uk.ac.ed.inf.OrderValidatorTest" time="0"/>
  <testcase name="testCreditCardCVVDigits[66]" classname="uk.ac.ed.inf.OrderValidatorTest" time="0.001"/>
  <testcase name="testCreditCardCVVDigits[67]" classname="uk.ac.ed.inf.OrderValidatorTest" time="0"/>
  <testcase name="testCreditCardCVVDigits[68]" classname="uk.ac.ed.inf.OrderValidatorTest" time="0.001"/>
  <testcase name="testCreditCardCVVDigits[69]" classname="uk.ac.ed.inf.OrderValidatorTest" time="0"/>
  <testcase name="testCreditCardCVVDigits[70]" classname="uk.ac.ed.inf.OrderValidatorTest" time="0.001"/>
  <testcase name="testCreditCardCVVDigits[71]" classname="uk.ac.ed.inf.OrderValidatorTest" time="0"/>
  <testcase name="testCreditCardCVVDigits[72]" classname="uk.ac.ed.inf.OrderValidatorTest" time="0.001"/>
  <testcase name="testCreditCardCVVDigits[73]" classname="uk.ac.ed.inf.OrderValidatorTest" time="0"/>
  <testcase name="testCreditCardCVVDigits[74]" classname="uk.ac.ed.inf.OrderValidatorTest" time="0.001"/>
  <testcase name="testCreditCardCVVDigits[75]" classname="uk.ac.ed.inf.OrderValidatorTest" time="0"/>
  <testcase name="testCreditCardCVVDigits[76]" classname="uk.ac.ed.inf.OrderValidatorTest" time="0.001"/>
  <testcase name="testCreditCardCVVDigits[77]" classname="uk.ac.ed.inf.OrderValidatorTest" time="0"/>
  <testcase name="testCreditCardCVVDigits[78]" classname="uk.ac.ed.inf.OrderValidatorTest" time="0"/>
  <testcase name="testCreditCardCVVDigits[79]" classname="uk.ac.ed.inf.OrderValidatorTest" time="0.001"/>
  <testcase name="testCreditCardCVVDigits[80]" classname="uk.ac.ed.inf.OrderValidatorTest" time="0"/>
  <testcase name="testCreditCardCVVDigits[81]" classname="uk.ac.ed.inf.OrderValidatorTest" time="0.001"/>
  <testcase name="testCreditCardCVVDigits[82]" classname="uk.ac.ed.inf.OrderValidatorTest" time="0"/>
  <testcase name="testCreditCardCVVDigits[83]" classname="uk.ac.ed.inf.OrderValidatorTest" time="0"/>
  <testcase name="testCreditCardCVVDigits[84]" classname="uk.ac.ed.inf.OrderValidatorTest" time="0.001"/>
  <testcase name="testCreditCardCVVDigits[85]" classname="uk.ac.ed.inf.OrderValidatorTest" time="0"/>
  <testcase name="testCreditCardCVVDigits[86]" classname="uk.ac.ed.inf.OrderValidatorTest" time="0.001"/>
  <testcase name="testCreditCardCVVDigits[87]" classname="uk.ac.ed.inf.OrderValidatorTest" time="0"/>
  <testcase name="testCreditCardCVVDigits[88]" classname="uk.ac.ed.inf.OrderValidatorTest" time="0.001"/>
  <testcase name="testCreditCardCVVDigits[89]" classname="uk.ac.ed.inf.OrderValidatorTest" time="0"/>
  <testcase name="testCreditCardCVVDigits[90]" classname="uk.ac.ed.inf.OrderValidatorTest" time="0"/>
  <testcase name="testCreditCardCVVDigits[91]" classname="uk.ac.ed.inf.OrderValidatorTest" time="0.001"/>
  <testcase name="testCreditCardCVVDigits[92]" classname="uk.ac.ed.inf.OrderValidatorTest" time="0"/>
  <testcase name="testCreditCardCVVDigits[93]" classname="uk.ac.ed.inf.OrderValidatorTest" time="0.001"/>
  <testcase name="testCreditCardCVVDigits[94]" classname="uk.ac.ed.inf.OrderValidatorTest" time="0"/>
  <testcase name="testCreditCardCVVDigits[95]" classname="uk.ac.ed.inf.OrderValidatorTest" time="0"/>
  <testcase name="testCreditCardCVVDigits[96]" classname="uk.ac.ed.inf.OrderValidatorTest" time="0.001"/>
  <testcase name="testCreditCardCVVDigits[97]" classname="uk.ac.ed.inf.OrderValidatorTest" time="0"/>
  <testcase name="testCreditCardCVVDigits[98]" classname="uk.ac.ed.inf.OrderValidatorTest" time="0"/>
  <testcase name="testCreditCardCVVDigits[99]" classname="uk.ac.ed.inf.OrderValidatorTest" time="0.001"/>
  <testcase name="testCreditCardCVVDigits[100]" classname="uk.ac.ed.inf.OrderValidatorTest" time="0"/>
  <testcase name="testCreditCardCVV3Digits[1]" classname="uk.ac.ed.inf.OrderValidatorTest" time="0.001"/>
  <testcase name="testCreditCardCVV3Digits[2]" classname="uk.ac.ed.inf.OrderValidatorTest" time="0"/>
  <testcase name="testCreditCardCVV3Digits[3]" classname="uk.ac.ed.inf.OrderValidatorTest" time="0"/>
  <testcase name="testCreditCardCVV3Digits[4]" classname="uk.ac.ed.inf.OrderValidatorTest" time="0.001"/>
  <testcase name="testCreditCardCVV3Digits[5]" classname="uk.ac.ed.inf.OrderValidatorTest" time="0"/>
  <testcase name="testCreditCardCVV3Digits[6]" classname="uk.ac.ed.inf.OrderValidatorTest" time="0"/>
  <testcase name="testCreditCardCVV3Digits[7]" classname="uk.ac.ed.inf.OrderValidatorTest" time="0.001"/>
  <testcase name="testCreditCardCVV3Digits[8]" classname="uk.ac.ed.inf.OrderValidatorTest" time="0"/>
  <testcase name="testCreditCardCVV3Digits[9]" classname="uk.ac.ed.inf.OrderValidatorTest" time="0"/>
  <testcase name="testCreditCardCVV3Digits[10]" classname="uk.ac.ed.inf.OrderValidatorTest" time="0.001"/>
  <testcase name="testCreditCardCVV3Digits[11]" classname="uk.ac.ed.inf.OrderValidatorTest" time="0"/>
  <testcase name="testCreditCardCVV3Digits[12]" classname="uk.ac.ed.inf.OrderValidatorTest" time="0.001"/>
  <testcase name="testCreditCardCVV3Digits[13]" classname="uk.ac.ed.inf.OrderValidatorTest" time="0"/>
  <testcase name="testCreditCardCVV3Digits[14]" classname="uk.ac.ed.inf.OrderValidatorTest" time="0"/>
  <testcase name="testCreditCardCVV3Digits[15]" classname="uk.ac.ed.inf.OrderValidatorTest" time="0.001"/>
  <testcase name="testCreditCardCVV3Digits[16]" classname="uk.ac.ed.inf.OrderValidatorTest" time="0"/>
  <testcase name="testCreditCardCVV3Digits[17]" classname="uk.ac.ed.inf.OrderValidatorTest" time="0"/>
  <testcase name="testCreditCardCVV3Digits[18]" classname="uk.ac.ed.inf.OrderValidatorTest" time="0.001"/>
  <testcase name="testCreditCardCVV3Digits[19]" classname="uk.ac.ed.inf.OrderValidatorTest" time="0"/>
  <testcase name="testCreditCardCVV3Digits[20]" classname="uk.ac.ed.inf.OrderValidatorTest" time="0"/>
  <testcase name="testCreditCardCVV3Digits[21]" classname="uk.ac.ed.inf.OrderValidatorTest" time="0.001">
    <failure message="expected:&lt;INVALID&gt; but was:&lt;VALID_BUT_NOT_DELIVERED&gt;" type="junit.framework.AssertionFailedError"><![CDATA[junit.framework.AssertionFailedError: expected:<INVALID> but was:<VALID_BUT_NOT_DELIVERED>
	at uk.ac.ed.inf.OrderValidatorTest.testCreditCardCVV3Digits(OrderValidatorTest.java:330)
]]></failure>
    <system-err><![CDATA[
 -- Order info 
OrderValidationCode: NO_ERROR
OrderStatus: VALID_BUT_NOT_DELIVERED
OrderNo: 72DE43C0
Order Contents: [Pizza[name=Pizza B, priceInPence=2400]]
PriceTotalInPence: 2500
 -- Credit card info 
CreditCardNumber: 0000000000000000
CCV: 685
ExpiryDate: 03/29
]]></system-err>
  </testcase>
  <testcase name="testCreditCardCVV3Digits[22]" classname="uk.ac.ed.inf.OrderValidatorTest" time="0.001"/>
  <testcase name="testCreditCardCVV3Digits[23]" classname="uk.ac.ed.inf.OrderValidatorTest" time="0"/>
  <testcase name="testCreditCardCVV3Digits[24]" classname="uk.ac.ed.inf.OrderValidatorTest" time="0.001"/>
  <testcase name="testCreditCardCVV3Digits[25]" classname="uk.ac.ed.inf.OrderValidatorTest" time="0"/>
  <testcase name="testCreditCardCVV3Digits[26]" classname="uk.ac.ed.inf.OrderValidatorTest" time="0"/>
  <testcase name="testCreditCardCVV3Digits[27]" classname="uk.ac.ed.inf.OrderValidatorTest" time="0.001"/>
  <testcase name="testCreditCardCVV3Digits[28]" classname="uk.ac.ed.inf.OrderValidatorTest" time="0"/>
  <testcase name="testCreditCardCVV3Digits[29]" classname="uk.ac.ed.inf.OrderValidatorTest" time="0"/>
  <testcase name="testCreditCardCVV3Digits[30]" classname="uk.ac.ed.inf.OrderValidatorTest" time="0.001"/>
  <testcase name="testCreditCardCVV3Digits[31]" classname="uk.ac.ed.inf.OrderValidatorTest" time="0"/>
  <testcase name="testCreditCardCVV3Digits[32]" classname="uk.ac.ed.inf.OrderValidatorTest" time="0"/>
  <testcase name="testCreditCardCVV3Digits[33]" classname="uk.ac.ed.inf.OrderValidatorTest" time="0.001"/>
  <testcase name="testCreditCardCVV3Digits[34]" classname="uk.ac.ed.inf.OrderValidatorTest" time="0"/>
  <testcase name="testCreditCardCVV3Digits[35]" classname="uk.ac.ed.inf.OrderValidatorTest" time="0"/>
  <testcase name="testCreditCardCVV3Digits[36]" classname="uk.ac.ed.inf.OrderValidatorTest" time="0.001"/>
  <testcase name="testCreditCardCVV3Digits[37]" classname="uk.ac.ed.inf.OrderValidatorTest" time="0"/>
  <testcase name="testCreditCardCVV3Digits[38]" classname="uk.ac.ed.inf.OrderValidatorTest" time="0.001"/>
  <testcase name="testCreditCardCVV3Digits[39]" classname="uk.ac.ed.inf.OrderValidatorTest" time="0"/>
  <testcase name="testCreditCardCVV3Digits[40]" classname="uk.ac.ed.inf.OrderValidatorTest" time="0.001"/>
  <testcase name="testCreditCardCVV3Digits[41]" classname="uk.ac.ed.inf.OrderValidatorTest" time="0"/>
  <testcase name="testCreditCardCVV3Digits[42]" classname="uk.ac.ed.inf.OrderValidatorTest" time="0"/>
  <testcase name="testCreditCardCVV3Digits[43]" classname="uk.ac.ed.inf.OrderValidatorTest" time="0.001"/>
  <testcase name="testCreditCardCVV3Digits[44]" classname="uk.ac.ed.inf.OrderValidatorTest" time="0"/>
  <testcase name="testCreditCardCVV3Digits[45]" classname="uk.ac.ed.inf.OrderValidatorTest" time="0"/>
  <testcase name="testCreditCardCVV3Digits[46]" classname="uk.ac.ed.inf.OrderValidatorTest" time="0.001"/>
  <testcase name="testCreditCardCVV3Digits[47]" classname="uk.ac.ed.inf.OrderValidatorTest" time="0"/>
  <testcase name="testCreditCardCVV3Digits[48]" classname="uk.ac.ed.inf.OrderValidatorTest" time="0"/>
  <testcase name="testCreditCardCVV3Digits[49]" classname="uk.ac.ed.inf.OrderValidatorTest" time="0.001"/>
  <testcase name="testCreditCardCVV3Digits[50]" classname="uk.ac.ed.inf.OrderValidatorTest" time="0"/>
  <testcase name="testCreditCardCVV3Digits[51]" classname="uk.ac.ed.inf.OrderValidatorTest" time="0"/>
  <testcase name="testCreditCardCVV3Digits[52]" classname="uk.ac.ed.inf.OrderValidatorTest" time="0.001"/>
  <testcase name="testCreditCardCVV3Digits[53]" classname="uk.ac.ed.inf.OrderValidatorTest" time="0"/>
  <testcase name="testCreditCardCVV3Digits[54]" classname="uk.ac.ed.inf.OrderValidatorTest" time="0.001"/>
  <testcase name="testCreditCardCVV3Digits[55]" classname="uk.ac.ed.inf.OrderValidatorTest" time="0"/>
  <testcase name="testCreditCardCVV3Digits[56]" classname="uk.ac.ed.inf.OrderValidatorTest" time="0"/>
  <testcase name="testCreditCardCVV3Digits[57]" classname="uk.ac.ed.inf.OrderValidatorTest" time="0"/>
  <testcase name="testCreditCardCVV3Digits[58]" classname="uk.ac.ed.inf.OrderValidatorTest" time="0.001"/>
  <testcase name="testCreditCardCVV3Digits[59]" classname="uk.ac.ed.inf.OrderValidatorTest" time="0"/>
  <testcase name="testCreditCardCVV3Digits[60]" classname="uk.ac.ed.inf.OrderValidatorTest" time="0"/>
  <testcase name="testCreditCardCVV3Digits[61]" classname="uk.ac.ed.inf.OrderValidatorTest" time="0.001"/>
  <testcase name="testCreditCardCVV3Digits[62]" classname="uk.ac.ed.inf.OrderValidatorTest" time="0"/>
  <testcase name="testCreditCardCVV3Digits[63]" classname="uk.ac.ed.inf.OrderValidatorTest" time="0"/>
  <testcase name="testCreditCardCVV3Digits[64]" classname="uk.ac.ed.inf.OrderValidatorTest" time="0.001"/>
  <testcase name="testCreditCardCVV3Digits[65]" classname="uk.ac.ed.inf.OrderValidatorTest" time="0"/>
  <testcase name="testCreditCardCVV3Digits[66]" classname="uk.ac.ed.inf.OrderValidatorTest" time="0"/>
  <testcase name="testCreditCardCVV3Digits[67]" classname="uk.ac.ed.inf.OrderValidatorTest" time="0.001"/>
  <testcase name="testCreditCardCVV3Digits[68]" classname="uk.ac.ed.inf.OrderValidatorTest" time="0"/>
  <testcase name="testCreditCardCVV3Digits[69]" classname="uk.ac.ed.inf.OrderValidatorTest" time="0"/>
  <testcase name="testCreditCardCVV3Digits[70]" classname="uk.ac.ed.inf.OrderValidatorTest" time="0.001"/>
  <testcase name="testCreditCardCVV3Digits[71]" classname="uk.ac.ed.inf.OrderValidatorTest" time="0"/>
  <testcase name="testCreditCardCVV3Digits[72]" classname="uk.ac.ed.inf.OrderValidatorTest" time="0"/>
  <testcase name="testCreditCardCVV3Digits[73]" classname="uk.ac.ed.inf.OrderValidatorTest" time="0.001"/>
  <testcase name="testCreditCardCVV3Digits[74]" classname="uk.ac.ed.inf.OrderValidatorTest" time="0"/>
  <testcase name="testCreditCardCVV3Digits[75]" classname="uk.ac.ed.inf.OrderValidatorTest" time="0"/>
  <testcase name="testCreditCardCVV3Digits[76]" classname="uk.ac.ed.inf.OrderValidatorTest" time="0.001"/>
  <testcase name="testCreditCardCVV3Digits[77]" classname="uk.ac.ed.inf.OrderValidatorTest" time="0"/>
  <testcase name="testCreditCardCVV3Digits[78]" classname="uk.ac.ed.inf.OrderValidatorTest" time="0"/>
  <testcase name="testCreditCardCVV3Digits[79]" classname="uk.ac.ed.inf.OrderValidatorTest" time="0.001"/>
  <testcase name="testCreditCardCVV3Digits[80]" classname="uk.ac.ed.inf.OrderValidatorTest" time="0"/>
  <testcase name="testCreditCardCVV3Digits[81]" classname="uk.ac.ed.inf.OrderValidatorTest" time="0"/>
  <testcase name="testCreditCardCVV3Digits[82]" classname="uk.ac.ed.inf.OrderValidatorTest" time="0.001"/>
  <testcase name="testCreditCardCVV3Digits[83]" classname="uk.ac.ed.inf.OrderValidatorTest" time="0"/>
  <testcase name="testCreditCardCVV3Digits[84]" classname="uk.ac.ed.inf.OrderValidatorTest" time="0"/>
  <testcase name="testCreditCardCVV3Digits[85]" classname="uk.ac.ed.inf.OrderValidatorTest" time="0"/>
  <testcase name="testCreditCardCVV3Digits[86]" classname="uk.ac.ed.inf.OrderValidatorTest" time="0.001"/>
  <testcase name="testCreditCardCVV3Digits[87]" classname="uk.ac.ed.inf.OrderValidatorTest" time="0"/>
  <testcase name="testCreditCardCVV3Digits[88]" classname="uk.ac.ed.inf.OrderValidatorTest" time="0"/>
  <testcase name="testCreditCardCVV3Digits[89]" classname="uk.ac.ed.inf.OrderValidatorTest" time="0.001"/>
  <testcase name="testCreditCardCVV3Digits[90]" classname="uk.ac.ed.inf.OrderValidatorTest" time="0"/>
  <testcase name="testCreditCardCVV3Digits[91]" classname="uk.ac.ed.inf.OrderValidatorTest" time="0.001"/>
  <testcase name="testCreditCardCVV3Digits[92]" classname="uk.ac.ed.inf.OrderValidatorTest" time="0"/>
  <testcase name="testCreditCardCVV3Digits[93]" classname="uk.ac.ed.inf.OrderValidatorTest" time="0"/>
  <testcase name="testCreditCardCVV3Digits[94]" classname="uk.ac.ed.inf.OrderValidatorTest" time="0.001"/>
  <testcase name="testCreditCardCVV3Digits[95]" classname="uk.ac.ed.inf.OrderValidatorTest" time="0"/>
  <testcase name="testCreditCardCVV3Digits[96]" classname="uk.ac.ed.inf.OrderValidatorTest" time="0"/>
  <testcase name="testCreditCardCVV3Digits[97]" classname="uk.ac.ed.inf.OrderValidatorTest" time="0.001"/>
  <testcase name="testCreditCardCVV3Digits[98]" classname="uk.ac.ed.inf.OrderValidatorTest" time="0"/>
  <testcase name="testCreditCardCVV3Digits[99]" classname="uk.ac.ed.inf.OrderValidatorTest" time="0"/>
  <testcase name="testCreditCardCVV3Digits[100]" classname="uk.ac.ed.inf.OrderValidatorTest" time="0.001"/>
  <testcase name="testTotalPriceOnePizzaNoOrderFee[1]" classname="uk.ac.ed.inf.OrderValidatorTest" time="0"/>
  <testcase name="testTotalPriceOnePizzaNoOrderFee[2]" classname="uk.ac.ed.inf.OrderValidatorTest" time="0"/>
  <testcase name="testTotalPriceOnePizzaNoOrderFee[3]" classname="uk.ac.ed.inf.OrderValidatorTest" time="0.001"/>
  <testcase name="testTotalPriceOnePizzaNoOrderFee[4]" classname="uk.ac.ed.inf.OrderValidatorTest" time="0"/>
  <testcase name="testTotalPriceOnePizzaNoOrderFee[5]" classname="uk.ac.ed.inf.OrderValidatorTest" time="0.001"/>
  <testcase name="testTotalPriceOnePizzaNoOrderFee[6]" classname="uk.ac.ed.inf.OrderValidatorTest" time="0"/>
  <testcase name="testTotalPriceOnePizzaNoOrderFee[7]" classname="uk.ac.ed.inf.OrderValidatorTest" time="0"/>
  <testcase name="testTotalPriceOnePizzaNoOrderFee[8]" classname="uk.ac.ed.inf.OrderValidatorTest" time="0.001"/>
  <testcase name="testTotalPriceOnePizzaNoOrderFee[9]" classname="uk.ac.ed.inf.OrderValidatorTest" time="0"/>
  <testcase name="testTotalPriceOnePizzaNoOrderFee[10]" classname="uk.ac.ed.inf.OrderValidatorTest" time="0.001"/>
  <testcase name="testTotalPriceOnePizzaNoOrderFee[11]" classname="uk.ac.ed.inf.OrderValidatorTest" time="0"/>
  <testcase name="testTotalPriceOnePizzaNoOrderFee[12]" classname="uk.ac.ed.inf.OrderValidatorTest" time="0"/>
  <testcase name="testTotalPriceOnePizzaNoOrderFee[13]" classname="uk.ac.ed.inf.OrderValidatorTest" time="0.001"/>
  <testcase name="testTotalPriceOnePizzaNoOrderFee[14]" classname="uk.ac.ed.inf.OrderValidatorTest" time="0"/>
  <testcase name="testTotalPriceOnePizzaNoOrderFee[15]" classname="uk.ac.ed.inf.OrderValidatorTest" time="0"/>
  <testcase name="testTotalPriceOnePizzaNoOrderFee[16]" classname="uk.ac.ed.inf.OrderValidatorTest" time="0.001"/>
  <testcase name="testTotalPriceOnePizzaNoOrderFee[17]" classname="uk.ac.ed.inf.OrderValidatorTest" time="0"/>
  <testcase name="testTotalPriceOnePizzaNoOrderFee[18]" classname="uk.ac.ed.inf.OrderValidatorTest" time="0"/>
  <testcase name="testTotalPriceOnePizzaNoOrderFee[19]" classname="uk.ac.ed.inf.OrderValidatorTest" time="0"/>
  <testcase name="testTotalPriceOnePizzaNoOrderFee[20]" classname="uk.ac.ed.inf.OrderValidatorTest" time="0.001"/>
  <testcase name="testTotalPriceOnePizzaNoOrderFee[21]" classname="uk.ac.ed.inf.OrderValidatorTest" time="0"/>
  <testcase name="testTotalPriceOnePizzaNoOrderFee[22]" classname="uk.ac.ed.inf.OrderValidatorTest" time="0"/>
  <testcase name="testTotalPriceOnePizzaNoOrderFee[23]" classname="uk.ac.ed.inf.OrderValidatorTest" time="0.001"/>
  <testcase name="testTotalPriceOnePizzaNoOrderFee[24]" classname="uk.ac.ed.inf.OrderValidatorTest" time="0"/>
  <testcase name="testTotalPriceOnePizzaNoOrderFee[25]" classname="uk.ac.ed.inf.OrderValidatorTest" time="0"/>
  <testcase name="testTotalPriceOnePizzaNoOrderFee[26]" classname="uk.ac.ed.inf.OrderValidatorTest" time="0.001"/>
  <testcase name="testTotalPriceOnePizzaNoOrderFee[27]" classname="uk.ac.ed.inf.OrderValidatorTest" time="0"/>
  <testcase name="testTotalPriceOnePizzaNoOrderFee[28]" classname="uk.ac.ed.inf.OrderValidatorTest" time="0"/>
  <testcase name="testTotalPriceOnePizzaNoOrderFee[29]" classname="uk.ac.ed.inf.OrderValidatorTest" time="0.001"/>
  <testcase name="testTotalPriceOnePizzaNoOrderFee[30]" classname="uk.ac.ed.inf.OrderValidatorTest" time="0"/>
  <testcase name="testTotalPriceOnePizzaNoOrderFee[31]" classname="uk.ac.ed.inf.OrderValidatorTest" time="0"/>
  <testcase name="testTotalPriceOnePizzaNoOrderFee[32]" classname="uk.ac.ed.inf.OrderValidatorTest" time="0.001"/>
  <testcase name="testTotalPriceOnePizzaNoOrderFee[33]" classname="uk.ac.ed.inf.OrderValidatorTest" time="0"/>
  <testcase name="testTotalPriceOnePizzaNoOrderFee[34]" classname="uk.ac.ed.inf.OrderValidatorTest" time="0"/>
  <testcase name="testTotalPriceOnePizzaNoOrderFee[35]" classname="uk.ac.ed.inf.OrderValidatorTest" time="0"/>
  <testcase name="testTotalPriceOnePizzaNoOrderFee[36]" classname="uk.ac.ed.inf.OrderValidatorTest" time="0.001"/>
  <testcase name="testTotalPriceOnePizzaNoOrderFee[37]" classname="uk.ac.ed.inf.OrderValidatorTest" time="0"/>
  <testcase name="testTotalPriceOnePizzaNoOrderFee[38]" classname="uk.ac.ed.inf.OrderValidatorTest" time="0"/>
  <testcase name="testTotalPriceOnePizzaNoOrderFee[39]" classname="uk.ac.ed.inf.OrderValidatorTest" time="0.001"/>
  <testcase name="testTotalPriceOnePizzaNoOrderFee[40]" classname="uk.ac.ed.inf.OrderValidatorTest" time="0"/>
  <testcase name="testTotalPriceOnePizzaNoOrderFee[41]" classname="uk.ac.ed.inf.OrderValidatorTest" time="0"/>
  <testcase name="testTotalPriceOnePizzaNoOrderFee[42]" classname="uk.ac.ed.inf.OrderValidatorTest" time="0.001"/>
  <testcase name="testTotalPriceOnePizzaNoOrderFee[43]" classname="uk.ac.ed.inf.OrderValidatorTest" time="0"/>
  <testcase name="testTotalPriceOnePizzaNoOrderFee[44]" classname="uk.ac.ed.inf.OrderValidatorTest" time="0"/>
  <testcase name="testTotalPriceOnePizzaNoOrderFee[45]" classname="uk.ac.ed.inf.OrderValidatorTest" time="0.001"/>
  <testcase name="testTotalPriceOnePizzaNoOrderFee[46]" classname="uk.ac.ed.inf.OrderValidatorTest" time="0"/>
  <testcase name="testTotalPriceOnePizzaNoOrderFee[47]" classname="uk.ac.ed.inf.OrderValidatorTest" time="0.001"/>
  <testcase name="testTotalPriceOnePizzaNoOrderFee[48]" classname="uk.ac.ed.inf.OrderValidatorTest" time="0"/>
  <testcase name="testTotalPriceOnePizzaNoOrderFee[49]" classname="uk.ac.ed.inf.OrderValidatorTest" time="0"/>
  <testcase name="testTotalPriceOnePizzaNoOrderFee[50]" classname="uk.ac.ed.inf.OrderValidatorTest" time="0.001"/>
  <testcase name="testTotalPriceOnePizzaNoOrderFee[51]" classname="uk.ac.ed.inf.OrderValidatorTest" time="0"/>
  <testcase name="testTotalPriceOnePizzaNoOrderFee[52]" classname="uk.ac.ed.inf.OrderValidatorTest" time="0.001"/>
  <testcase name="testTotalPriceOnePizzaNoOrderFee[53]" classname="uk.ac.ed.inf.OrderValidatorTest" time="0"/>
  <testcase name="testTotalPriceOnePizzaNoOrderFee[54]" classname="uk.ac.ed.inf.OrderValidatorTest" time="0"/>
  <testcase name="testTotalPriceOnePizzaNoOrderFee[55]" classname="uk.ac.ed.inf.OrderValidatorTest" time="0.001"/>
  <testcase name="testTotalPriceOnePizzaNoOrderFee[56]" classname="uk.ac.ed.inf.OrderValidatorTest" time="0"/>
  <testcase name="testTotalPriceOnePizzaNoOrderFee[57]" classname="uk.ac.ed.inf.OrderValidatorTest" time="0.001"/>
  <testcase name="testTotalPriceOnePizzaNoOrderFee[58]" classname="uk.ac.ed.inf.OrderValidatorTest" time="0"/>
  <testcase name="testTotalPriceOnePizzaNoOrderFee[59]" classname="uk.ac.ed.inf.OrderValidatorTest" time="0"/>
  <testcase name="testTotalPriceOnePizzaNoOrderFee[60]" classname="uk.ac.ed.inf.OrderValidatorTest" time="0.001"/>
  <testcase name="testTotalPriceOnePizzaNoOrderFee[61]" classname="uk.ac.ed.inf.OrderValidatorTest" time="0"/>
  <testcase name="testTotalPriceOnePizzaNoOrderFee[62]" classname="uk.ac.ed.inf.OrderValidatorTest" time="0.001"/>
  <testcase name="testTotalPriceOnePizzaNoOrderFee[63]" classname="uk.ac.ed.inf.OrderValidatorTest" time="0"/>
  <testcase name="testTotalPriceOnePizzaNoOrderFee[64]" classname="uk.ac.ed.inf.OrderValidatorTest" time="0"/>
  <testcase name="testTotalPriceOnePizzaNoOrderFee[65]" classname="uk.ac.ed.inf.OrderValidatorTest" time="0.001"/>
  <testcase name="testTotalPriceOnePizzaNoOrderFee[66]" classname="uk.ac.ed.inf.OrderValidatorTest" time="0"/>
  <testcase name="testTotalPriceOnePizzaNoOrderFee[67]" classname="uk.ac.ed.inf.OrderValidatorTest" time="0"/>
  <testcase name="testTotalPriceOnePizzaNoOrderFee[68]" classname="uk.ac.ed.inf.OrderValidatorTest" time="0.001"/>
  <testcase name="testTotalPriceOnePizzaNoOrderFee[69]" classname="uk.ac.ed.inf.OrderValidatorTest" time="0"/>
  <testcase name="testTotalPriceOnePizzaNoOrderFee[70]" classname="uk.ac.ed.inf.OrderValidatorTest" time="0"/>
  <testcase name="testTotalPriceOnePizzaNoOrderFee[71]" classname="uk.ac.ed.inf.OrderValidatorTest" time="0.001"/>
  <testcase name="testTotalPriceOnePizzaNoOrderFee[72]" classname="uk.ac.ed.inf.OrderValidatorTest" time="0"/>
  <testcase name="testTotalPriceOnePizzaNoOrderFee[73]" classname="uk.ac.ed.inf.OrderValidatorTest" time="0.001"/>
  <testcase name="testTotalPriceOnePizzaNoOrderFee[74]" classname="uk.ac.ed.inf.OrderValidatorTest" time="0"/>
  <testcase name="testTotalPriceOnePizzaNoOrderFee[75]" classname="uk.ac.ed.inf.OrderValidatorTest" time="0"/>
  <testcase name="testTotalPriceOnePizzaNoOrderFee[76]" classname="uk.ac.ed.inf.OrderValidatorTest" time="0.001"/>
  <testcase name="testTotalPriceOnePizzaNoOrderFee[77]" classname="uk.ac.ed.inf.OrderValidatorTest" time="0"/>
  <testcase name="testTotalPriceOnePizzaNoOrderFee[78]" classname="uk.ac.ed.inf.OrderValidatorTest" time="0"/>
  <testcase name="testTotalPriceOnePizzaNoOrderFee[79]" classname="uk.ac.ed.inf.OrderValidatorTest" time="0.001"/>
  <testcase name="testTotalPriceOnePizzaNoOrderFee[80]" classname="uk.ac.ed.inf.OrderValidatorTest" time="0"/>
  <testcase name="testTotalPriceOnePizzaNoOrderFee[81]" classname="uk.ac.ed.inf.OrderValidatorTest" time="0"/>
  <testcase name="testTotalPriceOnePizzaNoOrderFee[82]" classname="uk.ac.ed.inf.OrderValidatorTest" time="0.001"/>
  <testcase name="testTotalPriceOnePizzaNoOrderFee[83]" classname="uk.ac.ed.inf.OrderValidatorTest" time="0"/>
  <testcase name="testTotalPriceOnePizzaNoOrderFee[84]" classname="uk.ac.ed.inf.OrderValidatorTest" time="0.001"/>
  <testcase name="testTotalPriceOnePizzaNoOrderFee[85]" classname="uk.ac.ed.inf.OrderValidatorTest" time="0"/>
  <testcase name="testTotalPriceOnePizzaNoOrderFee[86]" classname="uk.ac.ed.inf.OrderValidatorTest" time="0"/>
  <testcase name="testTotalPriceOnePizzaNoOrderFee[87]" classname="uk.ac.ed.inf.OrderValidatorTest" time="0.001"/>
  <testcase name="testTotalPriceOnePizzaNoOrderFee[88]" classname="uk.ac.ed.inf.OrderValidatorTest" time="0"/>
  <testcase name="testTotalPriceOnePizzaNoOrderFee[89]" classname="uk.ac.ed.inf.OrderValidatorTest" time="0"/>
  <testcase name="testTotalPriceOnePizzaNoOrderFee[90]" classname="uk.ac.ed.inf.OrderValidatorTest" time="0.001"/>
  <testcase name="testTotalPriceOnePizzaNoOrderFee[91]" classname="uk.ac.ed.inf.OrderValidatorTest" time="0"/>
  <testcase name="testTotalPriceOnePizzaNoOrderFee[92]" classname="uk.ac.ed.inf.OrderValidatorTest" time="0"/>
  <testcase name="testTotalPriceOnePizzaNoOrderFee[93]" classname="uk.ac.ed.inf.OrderValidatorTest" time="0.001"/>
  <testcase name="testTotalPriceOnePizzaNoOrderFee[94]" classname="uk.ac.ed.inf.OrderValidatorTest" time="0"/>
  <testcase name="testTotalPriceOnePizzaNoOrderFee[95]" classname="uk.ac.ed.inf.OrderValidatorTest" time="0.001"/>
  <testcase name="testTotalPriceOnePizzaNoOrderFee[96]" classname="uk.ac.ed.inf.OrderValidatorTest" time="0"/>
  <testcase name="testTotalPriceOnePizzaNoOrderFee[97]" classname="uk.ac.ed.inf.OrderValidatorTest" time="0"/>
  <testcase name="testTotalPriceOnePizzaNoOrderFee[98]" classname="uk.ac.ed.inf.OrderValidatorTest" time="0.001"/>
  <testcase name="testTotalPriceOnePizzaNoOrderFee[99]" classname="uk.ac.ed.inf.OrderValidatorTest" time="0"/>
  <testcase name="testTotalPriceOnePizzaNoOrderFee[100]" classname="uk.ac.ed.inf.OrderValidatorTest" time="0"/>
  <testcase name="test3OrLessPizzasInOneOrder[1]" classname="uk.ac.ed.inf.OrderValidatorTest" time="0.001"/>
  <testcase name="test3OrLessPizzasInOneOrder[2]" classname="uk.ac.ed.inf.OrderValidatorTest" time="0"/>
  <testcase name="test3OrLessPizzasInOneOrder[3]" classname="uk.ac.ed.inf.OrderValidatorTest" time="0.001"/>
  <testcase name="test3OrLessPizzasInOneOrder[4]" classname="uk.ac.ed.inf.OrderValidatorTest" time="0"/>
  <testcase name="test3OrLessPizzasInOneOrder[5]" classname="uk.ac.ed.inf.OrderValidatorTest" time="0"/>
  <testcase name="test3OrLessPizzasInOneOrder[6]" classname="uk.ac.ed.inf.OrderValidatorTest" time="0.001"/>
  <testcase name="test3OrLessPizzasInOneOrder[7]" classname="uk.ac.ed.inf.OrderValidatorTest" time="0"/>
  <testcase name="test3OrLessPizzasInOneOrder[8]" classname="uk.ac.ed.inf.OrderValidatorTest" time="0"/>
  <testcase name="test3OrLessPizzasInOneOrder[9]" classname="uk.ac.ed.inf.OrderValidatorTest" time="0.001"/>
  <testcase name="test3OrLessPizzasInOneOrder[10]" classname="uk.ac.ed.inf.OrderValidatorTest" time="0"/>
  <testcase name="test3OrLessPizzasInOneOrder[11]" classname="uk.ac.ed.inf.OrderValidatorTest" time="0.001"/>
  <testcase name="test3OrLessPizzasInOneOrder[12]" classname="uk.ac.ed.inf.OrderValidatorTest" time="0"/>
  <testcase name="test3OrLessPizzasInOneOrder[13]" classname="uk.ac.ed.inf.OrderValidatorTest" time="0"/>
  <testcase name="test3OrLessPizzasInOneOrder[14]" classname="uk.ac.ed.inf.OrderValidatorTest" time="0.001"/>
  <testcase name="test3OrLessPizzasInOneOrder[15]" classname="uk.ac.ed.inf.OrderValidatorTest" time="0"/>
  <testcase name="test3OrLessPizzasInOneOrder[16]" classname="uk.ac.ed.inf.OrderValidatorTest" time="0"/>
  <testcase name="test3OrLessPizzasInOneOrder[17]" classname="uk.ac.ed.inf.OrderValidatorTest" time="0.001"/>
  <testcase name="test3OrLessPizzasInOneOrder[18]" classname="uk.ac.ed.inf.OrderValidatorTest" time="0"/>
  <testcase name="test3OrLessPizzasInOneOrder[19]" classname="uk.ac.ed.inf.OrderValidatorTest" time="0.001"/>
  <testcase name="test3OrLessPizzasInOneOrder[20]" classname="uk.ac.ed.inf.OrderValidatorTest" time="0"/>
  <testcase name="test3OrLessPizzasInOneOrder[21]" classname="uk.ac.ed.inf.OrderValidatorTest" time="0"/>
  <testcase name="test3OrLessPizzasInOneOrder[22]" classname="uk.ac.ed.inf.OrderValidatorTest" time="0.001"/>
  <testcase name="test3OrLessPizzasInOneOrder[23]" classname="uk.ac.ed.inf.OrderValidatorTest" time="0"/>
  <testcase name="test3OrLessPizzasInOneOrder[24]" classname="uk.ac.ed.inf.OrderValidatorTest" time="0.001"/>
  <testcase name="test3OrLessPizzasInOneOrder[25]" classname="uk.ac.ed.inf.OrderValidatorTest" time="0"/>
  <testcase name="test3OrLessPizzasInOneOrder[26]" classname="uk.ac.ed.inf.OrderValidatorTest" time="0"/>
  <testcase name="test3OrLessPizzasInOneOrder[27]" classname="uk.ac.ed.inf.OrderValidatorTest" time="0.001"/>
  <testcase name="test3OrLessPizzasInOneOrder[28]" classname="uk.ac.ed.inf.OrderValidatorTest" time="0"/>
  <testcase name="test3OrLessPizzasInOneOrder[29]" classname="uk.ac.ed.inf.OrderValidatorTest" time="0"/>
  <testcase name="test3OrLessPizzasInOneOrder[30]" classname="uk.ac.ed.inf.OrderValidatorTest" time="0.001"/>
  <testcase name="test3OrLessPizzasInOneOrder[31]" classname="uk.ac.ed.inf.OrderValidatorTest" time="0"/>
  <testcase name="test3OrLessPizzasInOneOrder[32]" classname="uk.ac.ed.inf.OrderValidatorTest" time="0.001"/>
  <testcase name="test3OrLessPizzasInOneOrder[33]" classname="uk.ac.ed.inf.OrderValidatorTest" time="0"/>
  <testcase name="test3OrLessPizzasInOneOrder[34]" classname="uk.ac.ed.inf.OrderValidatorTest" time="0"/>
  <testcase name="test3OrLessPizzasInOneOrder[35]" classname="uk.ac.ed.inf.OrderValidatorTest" time="0.001"/>
  <testcase name="test3OrLessPizzasInOneOrder[36]" classname="uk.ac.ed.inf.OrderValidatorTest" time="0"/>
  <testcase name="test3OrLessPizzasInOneOrder[37]" classname="uk.ac.ed.inf.OrderValidatorTest" time="0.001"/>
  <testcase name="test3OrLessPizzasInOneOrder[38]" classname="uk.ac.ed.inf.OrderValidatorTest" time="0"/>
  <testcase name="test3OrLessPizzasInOneOrder[39]" classname="uk.ac.ed.inf.OrderValidatorTest" time="0.001"/>
  <testcase name="test3OrLessPizzasInOneOrder[40]" classname="uk.ac.ed.inf.OrderValidatorTest" time="0"/>
  <testcase name="test3OrLessPizzasInOneOrder[41]" classname="uk.ac.ed.inf.OrderValidatorTest" time="0"/>
  <testcase name="test3OrLessPizzasInOneOrder[42]" classname="uk.ac.ed.inf.OrderValidatorTest" time="0.001"/>
  <testcase name="test3OrLessPizzasInOneOrder[43]" classname="uk.ac.ed.inf.OrderValidatorTest" time="0"/>
  <testcase name="test3OrLessPizzasInOneOrder[44]" classname="uk.ac.ed.inf.OrderValidatorTest" time="0"/>
  <testcase name="test3OrLessPizzasInOneOrder[45]" classname="uk.ac.ed.inf.OrderValidatorTest" time="0.001"/>
  <testcase name="test3OrLessPizzasInOneOrder[46]" classname="uk.ac.ed.inf.OrderValidatorTest" time="0"/>
  <testcase name="test3OrLessPizzasInOneOrder[47]" classname="uk.ac.ed.inf.OrderValidatorTest" time="0.001"/>
  <testcase name="test3OrLessPizzasInOneOrder[48]" classname="uk.ac.ed.inf.OrderValidatorTest" time="0"/>
  <testcase name="test3OrLessPizzasInOneOrder[49]" classname="uk.ac.ed.inf.OrderValidatorTest" time="0"/>
  <testcase name="test3OrLessPizzasInOneOrder[50]" classname="uk.ac.ed.inf.OrderValidatorTest" time="0.001"/>
  <testcase name="test3OrLessPizzasInOneOrder[51]" classname="uk.ac.ed.inf.OrderValidatorTest" time="0"/>
  <testcase name="test3OrLessPizzasInOneOrder[52]" classname="uk.ac.ed.inf.OrderValidatorTest" time="0"/>
  <testcase name="test3OrLessPizzasInOneOrder[53]" classname="uk.ac.ed.inf.OrderValidatorTest" time="0.001"/>
  <testcase name="test3OrLessPizzasInOneOrder[54]" classname="uk.ac.ed.inf.OrderValidatorTest" time="0"/>
  <testcase name="test3OrLessPizzasInOneOrder[55]" classname="uk.ac.ed.inf.OrderValidatorTest" time="0.001"/>
  <testcase name="test3OrLessPizzasInOneOrder[56]" classname="uk.ac.ed.inf.OrderValidatorTest" time="0"/>
  <testcase name="test3OrLessPizzasInOneOrder[57]" classname="uk.ac.ed.inf.OrderValidatorTest" time="0"/>
  <testcase name="test3OrLessPizzasInOneOrder[58]" classname="uk.ac.ed.inf.OrderValidatorTest" time="0.001"/>
  <testcase name="test3OrLessPizzasInOneOrder[59]" classname="uk.ac.ed.inf.OrderValidatorTest" time="0"/>
  <testcase name="test3OrLessPizzasInOneOrder[60]" classname="uk.ac.ed.inf.OrderValidatorTest" time="0"/>
  <testcase name="test3OrLessPizzasInOneOrder[61]" classname="uk.ac.ed.inf.OrderValidatorTest" time="0.001"/>
  <testcase name="test3OrLessPizzasInOneOrder[62]" classname="uk.ac.ed.inf.OrderValidatorTest" time="0"/>
  <testcase name="test3OrLessPizzasInOneOrder[63]" classname="uk.ac.ed.inf.OrderValidatorTest" time="0.001"/>
  <testcase name="test3OrLessPizzasInOneOrder[64]" classname="uk.ac.ed.inf.OrderValidatorTest" time="0"/>
  <testcase name="test3OrLessPizzasInOneOrder[65]" classname="uk.ac.ed.inf.OrderValidatorTest" time="0"/>
  <testcase name="test3OrLessPizzasInOneOrder[66]" classname="uk.ac.ed.inf.OrderValidatorTest" time="0.001"/>
  <testcase name="test3OrLessPizzasInOneOrder[67]" classname="uk.ac.ed.inf.OrderValidatorTest" time="0"/>
  <testcase name="test3OrLessPizzasInOneOrder[68]" classname="uk.ac.ed.inf.OrderValidatorTest" time="0"/>
  <testcase name="test3OrLessPizzasInOneOrder[69]" classname="uk.ac.ed.inf.OrderValidatorTest" time="0.001"/>
  <testcase name="test3OrLessPizzasInOneOrder[70]" classname="uk.ac.ed.inf.OrderValidatorTest" time="0"/>
  <testcase name="test3OrLessPizzasInOneOrder[71]" classname="uk.ac.ed.inf.OrderValidatorTest" time="0.001"/>
  <testcase name="test3OrLessPizzasInOneOrder[72]" classname="uk.ac.ed.inf.OrderValidatorTest" time="0"/>
  <testcase name="test3OrLessPizzasInOneOrder[73]" classname="uk.ac.ed.inf.OrderValidatorTest" time="0"/>
  <testcase name="test3OrLessPizzasInOneOrder[74]" classname="uk.ac.ed.inf.OrderValidatorTest" time="0.001"/>
  <testcase name="test3OrLessPizzasInOneOrder[75]" classname="uk.ac.ed.inf.OrderValidatorTest" time="0"/>
  <testcase name="test3OrLessPizzasInOneOrder[76]" classname="uk.ac.ed.inf.OrderValidatorTest" time="0"/>
  <testcase name="test3OrLessPizzasInOneOrder[77]" classname="uk.ac.ed.inf.OrderValidatorTest" time="0"/>
  <testcase name="test3OrLessPizzasInOneOrder[78]" classname="uk.ac.ed.inf.OrderValidatorTest" time="0"/>
  <testcase name="test3OrLessPizzasInOneOrder[79]" classname="uk.ac.ed.inf.OrderValidatorTest" time="0.001"/>
  <testcase name="test3OrLessPizzasInOneOrder[80]" classname="uk.ac.ed.inf.OrderValidatorTest" time="0"/>
  <testcase name="test3OrLessPizzasInOneOrder[81]" classname="uk.ac.ed.inf.OrderValidatorTest" time="0"/>
  <testcase name="test3OrLessPizzasInOneOrder[82]" classname="uk.ac.ed.inf.OrderValidatorTest" time="0.001"/>
  <testcase name="test3OrLessPizzasInOneOrder[83]" classname="uk.ac.ed.inf.OrderValidatorTest" time="0"/>
  <testcase name="test3OrLessPizzasInOneOrder[84]" classname="uk.ac.ed.inf.OrderValidatorTest" time="0"/>
  <testcase name="test3OrLessPizzasInOneOrder[85]" classname="uk.ac.ed.inf.OrderValidatorTest" time="0.001"/>
  <testcase name="test3OrLessPizzasInOneOrder[86]" classname="uk.ac.ed.inf.OrderValidatorTest" time="0"/>
  <testcase name="test3OrLessPizzasInOneOrder[87]" classname="uk.ac.ed.inf.OrderValidatorTest" time="0"/>
  <testcase name="test3OrLessPizzasInOneOrder[88]" classname="uk.ac.ed.inf.OrderValidatorTest" time="0.001"/>
  <testcase name="test3OrLessPizzasInOneOrder[89]" classname="uk.ac.ed.inf.OrderValidatorTest" time="0"/>
  <testcase name="test3OrLessPizzasInOneOrder[90]" classname="uk.ac.ed.inf.OrderValidatorTest" time="0"/>
  <testcase name="test3OrLessPizzasInOneOrder[91]" classname="uk.ac.ed.inf.OrderValidatorTest" time="0.001"/>
  <testcase name="test3OrLessPizzasInOneOrder[92]" classname="uk.ac.ed.inf.OrderValidatorTest" time="0"/>
  <testcase name="test3OrLessPizzasInOneOrder[93]" classname="uk.ac.ed.inf.OrderValidatorTest" time="0.001"/>
  <testcase name="test3OrLessPizzasInOneOrder[94]" classname="uk.ac.ed.inf.OrderValidatorTest" time="0"/>
  <testcase name="test3OrLessPizzasInOneOrder[95]" classname="uk.ac.ed.inf.OrderValidatorTest" time="0"/>
  <testcase name="test3OrLessPizzasInOneOrder[96]" classname="uk.ac.ed.inf.OrderValidatorTest" time="0.001"/>
  <testcase name="test3OrLessPizzasInOneOrder[97]" classname="uk.ac.ed.inf.OrderValidatorTest" time="0"/>
  <testcase name="test3OrLessPizzasInOneOrder[98]" classname="uk.ac.ed.inf.OrderValidatorTest" time="0"/>
  <testcase name="test3OrLessPizzasInOneOrder[99]" classname="uk.ac.ed.inf.OrderValidatorTest" time="0.001"/>
  <testcase name="test3OrLessPizzasInOneOrder[100]" classname="uk.ac.ed.inf.OrderValidatorTest" time="0"/>
  <testcase name="testPizzasFromDifferentRestaurants[1]" classname="uk.ac.ed.inf.OrderValidatorTest" time="0"/>
  <testcase name="testPizzasFromDifferentRestaurants[2]" classname="uk.ac.ed.inf.OrderValidatorTest" time="0.001"/>
  <testcase name="testPizzasFromDifferentRestaurants[3]" classname="uk.ac.ed.inf.OrderValidatorTest" time="0"/>
  <testcase name="testPizzasFromDifferentRestaurants[4]" classname="uk.ac.ed.inf.OrderValidatorTest" time="0"/>
  <testcase name="testPizzasFromDifferentRestaurants[5]" classname="uk.ac.ed.inf.OrderValidatorTest" time="0.001"/>
  <testcase name="testPizzasFromDifferentRestaurants[6]" classname="uk.ac.ed.inf.OrderValidatorTest" time="0"/>
  <testcase name="testPizzasFromDifferentRestaurants[7]" classname="uk.ac.ed.inf.OrderValidatorTest" time="0"/>
  <testcase name="testPizzasFromDifferentRestaurants[8]" classname="uk.ac.ed.inf.OrderValidatorTest" time="0.001"/>
  <testcase name="testPizzasFromDifferentRestaurants[9]" classname="uk.ac.ed.inf.OrderValidatorTest" time="0"/>
  <testcase name="testPizzasFromDifferentRestaurants[10]" classname="uk.ac.ed.inf.OrderValidatorTest" time="0.001"/>
  <testcase name="testPizzasFromDifferentRestaurants[11]" classname="uk.ac.ed.inf.OrderValidatorTest" time="0"/>
  <testcase name="testPizzasFromDifferentRestaurants[12]" classname="uk.ac.ed.inf.OrderValidatorTest" time="0"/>
  <testcase name="testPizzasFromDifferentRestaurants[13]" classname="uk.ac.ed.inf.OrderValidatorTest" time="0.001"/>
  <testcase name="testPizzasFromDifferentRestaurants[14]" classname="uk.ac.ed.inf.OrderValidatorTest" time="0"/>
  <testcase name="testPizzasFromDifferentRestaurants[15]" classname="uk.ac.ed.inf.OrderValidatorTest" time="0"/>
  <testcase name="testPizzasFromDifferentRestaurants[16]" classname="uk.ac.ed.inf.OrderValidatorTest" time="0.001"/>
  <testcase name="testPizzasFromDifferentRestaurants[17]" classname="uk.ac.ed.inf.OrderValidatorTest" time="0"/>
  <testcase name="testPizzasFromDifferentRestaurants[18]" classname="uk.ac.ed.inf.OrderValidatorTest" time="0.001"/>
  <testcase name="testPizzasFromDifferentRestaurants[19]" classname="uk.ac.ed.inf.OrderValidatorTest" time="0"/>
  <testcase name="testPizzasFromDifferentRestaurants[20]" classname="uk.ac.ed.inf.OrderValidatorTest" time="0"/>
  <testcase name="testPizzasFromDifferentRestaurants[21]" classname="uk.ac.ed.inf.OrderValidatorTest" time="0.001"/>
  <testcase name="testPizzasFromDifferentRestaurants[22]" classname="uk.ac.ed.inf.OrderValidatorTest" time="0"/>
  <testcase name="testPizzasFromDifferentRestaurants[23]" classname="uk.ac.ed.inf.OrderValidatorTest" time="0"/>
  <testcase name="testPizzasFromDifferentRestaurants[24]" classname="uk.ac.ed.inf.OrderValidatorTest" time="0.001"/>
  <testcase name="testPizzasFromDifferentRestaurants[25]" classname="uk.ac.ed.inf.OrderValidatorTest" time="0"/>
  <testcase name="testPizzasFromDifferentRestaurants[26]" classname="uk.ac.ed.inf.OrderValidatorTest" time="0.001"/>
  <testcase name="testPizzasFromDifferentRestaurants[27]" classname="uk.ac.ed.inf.OrderValidatorTest" time="0"/>
  <testcase name="testPizzasFromDifferentRestaurants[28]" classname="uk.ac.ed.inf.OrderValidatorTest" time="0"/>
  <testcase name="testPizzasFromDifferentRestaurants[29]" classname="uk.ac.ed.inf.OrderValidatorTest" time="0.001"/>
  <testcase name="testPizzasFromDifferentRestaurants[30]" classname="uk.ac.ed.inf.OrderValidatorTest" time="0"/>
  <testcase name="testPizzasFromDifferentRestaurants[31]" classname="uk.ac.ed.inf.OrderValidatorTest" time="0"/>
  <testcase name="testPizzasFromDifferentRestaurants[32]" classname="uk.ac.ed.inf.OrderValidatorTest" time="0.001"/>
  <testcase name="testPizzasFromDifferentRestaurants[33]" classname="uk.ac.ed.inf.OrderValidatorTest" time="0"/>
  <testcase name="testPizzasFromDifferentRestaurants[34]" classname="uk.ac.ed.inf.OrderValidatorTest" time="0.001"/>
  <testcase name="testPizzasFromDifferentRestaurants[35]" classname="uk.ac.ed.inf.OrderValidatorTest" time="0"/>
  <testcase name="testPizzasFromDifferentRestaurants[36]" classname="uk.ac.ed.inf.OrderValidatorTest" time="0.001"/>
  <testcase name="testPizzasFromDifferentRestaurants[37]" classname="uk.ac.ed.inf.OrderValidatorTest" time="0"/>
  <testcase name="testPizzasFromDifferentRestaurants[38]" classname="uk.ac.ed.inf.OrderValidatorTest" time="0"/>
  <testcase name="testPizzasFromDifferentRestaurants[39]" classname="uk.ac.ed.inf.OrderValidatorTest" time="0.001"/>
  <testcase name="testPizzasFromDifferentRestaurants[40]" classname="uk.ac.ed.inf.OrderValidatorTest" time="0"/>
  <testcase name="testPizzasFromDifferentRestaurants[41]" classname="uk.ac.ed.inf.OrderValidatorTest" time="0.001"/>
  <testcase name="testPizzasFromDifferentRestaurants[42]" classname="uk.ac.ed.inf.OrderValidatorTest" time="0"/>
  <testcase name="testPizzasFromDifferentRestaurants[43]" classname="uk.ac.ed.inf.OrderValidatorTest" time="0"/>
  <testcase name="testPizzasFromDifferentRestaurants[44]" classname="uk.ac.ed.inf.OrderValidatorTest" time="0.001"/>
  <testcase name="testPizzasFromDifferentRestaurants[45]" classname="uk.ac.ed.inf.OrderValidatorTest" time="0"/>
  <testcase name="testPizzasFromDifferentRestaurants[46]" classname="uk.ac.ed.inf.OrderValidatorTest" time="0.001"/>
  <testcase name="testPizzasFromDifferentRestaurants[47]" classname="uk.ac.ed.inf.OrderValidatorTest" time="0"/>
  <testcase name="testPizzasFromDifferentRestaurants[48]" classname="uk.ac.ed.inf.OrderValidatorTest" time="0"/>
  <testcase name="testPizzasFromDifferentRestaurants[49]" classname="uk.ac.ed.inf.OrderValidatorTest" time="0.001"/>
  <testcase name="testPizzasFromDifferentRestaurants[50]" classname="uk.ac.ed.inf.OrderValidatorTest" time="0"/>
  <testcase name="testPizzasFromDifferentRestaurants[51]" classname="uk.ac.ed.inf.OrderValidatorTest" time="0"/>
  <testcase name="testPizzasFromDifferentRestaurants[52]" classname="uk.ac.ed.inf.OrderValidatorTest" time="0.001"/>
  <testcase name="testPizzasFromDifferentRestaurants[53]" classname="uk.ac.ed.inf.OrderValidatorTest" time="0"/>
  <testcase name="testPizzasFromDifferentRestaurants[54]" classname="uk.ac.ed.inf.OrderValidatorTest" time="0.001"/>
  <testcase name="testPizzasFromDifferentRestaurants[55]" classname="uk.ac.ed.inf.OrderValidatorTest" time="0"/>
  <testcase name="testPizzasFromDifferentRestaurants[56]" classname="uk.ac.ed.inf.OrderValidatorTest" time="0"/>
  <testcase name="testPizzasFromDifferentRestaurants[57]" classname="uk.ac.ed.inf.OrderValidatorTest" time="0.001"/>
  <testcase name="testPizzasFromDifferentRestaurants[58]" classname="uk.ac.ed.inf.OrderValidatorTest" time="0"/>
  <testcase name="testPizzasFromDifferentRestaurants[59]" classname="uk.ac.ed.inf.OrderValidatorTest" time="0.001"/>
  <testcase name="testPizzasFromDifferentRestaurants[60]" classname="uk.ac.ed.inf.OrderValidatorTest" time="0"/>
  <testcase name="testPizzasFromDifferentRestaurants[61]" classname="uk.ac.ed.inf.OrderValidatorTest" time="0"/>
  <testcase name="testPizzasFromDifferentRestaurants[62]" classname="uk.ac.ed.inf.OrderValidatorTest" time="0.001"/>
  <testcase name="testPizzasFromDifferentRestaurants[63]" classname="uk.ac.ed.inf.OrderValidatorTest" time="0"/>
  <testcase name="testPizzasFromDifferentRestaurants[64]" classname="uk.ac.ed.inf.OrderValidatorTest" time="0"/>
  <testcase name="testPizzasFromDifferentRestaurants[65]" classname="uk.ac.ed.inf.OrderValidatorTest" time="0.001"/>
  <testcase name="testPizzasFromDifferentRestaurants[66]" classname="uk.ac.ed.inf.OrderValidatorTest" time="0"/>
  <testcase name="testPizzasFromDifferentRestaurants[67]" classname="uk.ac.ed.inf.OrderValidatorTest" time="0.001"/>
  <testcase name="testPizzasFromDifferentRestaurants[68]" classname="uk.ac.ed.inf.OrderValidatorTest" time="0"/>
  <testcase name="testPizzasFromDifferentRestaurants[69]" classname="uk.ac.ed.inf.OrderValidatorTest" time="0"/>
  <testcase name="testPizzasFromDifferentRestaurants[70]" classname="uk.ac.ed.inf.OrderValidatorTest" time="0.001"/>
  <testcase name="testPizzasFromDifferentRestaurants[71]" classname="uk.ac.ed.inf.OrderValidatorTest" time="0"/>
  <testcase name="testPizzasFromDifferentRestaurants[72]" classname="uk.ac.ed.inf.OrderValidatorTest" time="0.001"/>
  <testcase name="testPizzasFromDifferentRestaurants[73]" classname="uk.ac.ed.inf.OrderValidatorTest" time="0"/>
  <testcase name="testPizzasFromDifferentRestaurants[74]" classname="uk.ac.ed.inf.OrderValidatorTest" time="0"/>
  <testcase name="testPizzasFromDifferentRestaurants[75]" classname="uk.ac.ed.inf.OrderValidatorTest" time="0.001"/>
  <testcase name="testPizzasFromDifferentRestaurants[76]" classname="uk.ac.ed.inf.OrderValidatorTest" time="0"/>
  <testcase name="testPizzasFromDifferentRestaurants[77]" classname="uk.ac.ed.inf.OrderValidatorTest" time="0"/>
  <testcase name="testPizzasFromDifferentRestaurants[78]" classname="uk.ac.ed.inf.OrderValidatorTest" time="0.001"/>
  <testcase name="testPizzasFromDifferentRestaurants[79]" classname="uk.ac.ed.inf.OrderValidatorTest" time="0"/>
  <testcase name="testPizzasFromDifferentRestaurants[80]" classname="uk.ac.ed.inf.OrderValidatorTest" time="0"/>
  <testcase name="testPizzasFromDifferentRestaurants[81]" classname="uk.ac.ed.inf.OrderValidatorTest" time="0.001"/>
  <testcase name="testPizzasFromDifferentRestaurants[82]" classname="uk.ac.ed.inf.OrderValidatorTest" time="0"/>
  <testcase name="testPizzasFromDifferentRestaurants[83]" classname="uk.ac.ed.inf.OrderValidatorTest" time="0.001"/>
  <testcase name="testPizzasFromDifferentRestaurants[84]" classname="uk.ac.ed.inf.OrderValidatorTest" time="0"/>
  <testcase name="testPizzasFromDifferentRestaurants[85]" classname="uk.ac.ed.inf.OrderValidatorTest" time="0"/>
  <testcase name="testPizzasFromDifferentRestaurants[86]" classname="uk.ac.ed.inf.OrderValidatorTest" time="0.001"/>
  <testcase name="testPizzasFromDifferentRestaurants[87]" classname="uk.ac.ed.inf.OrderValidatorTest" time="0"/>
  <testcase name="testPizzasFromDifferentRestaurants[88]" classname="uk.ac.ed.inf.OrderValidatorTest" time="0.001"/>
  <testcase name="testPizzasFromDifferentRestaurants[89]" classname="uk.ac.ed.inf.OrderValidatorTest" time="0"/>
  <testcase name="testPizzasFromDifferentRestaurants[90]" classname="uk.ac.ed.inf.OrderValidatorTest" time="0"/>
  <testcase name="testPizzasFromDifferentRestaurants[91]" classname="uk.ac.ed.inf.OrderValidatorTest" time="0.001"/>
  <testcase name="testPizzasFromDifferentRestaurants[92]" classname="uk.ac.ed.inf.OrderValidatorTest" time="0"/>
  <testcase name="testPizzasFromDifferentRestaurants[93]" classname="uk.ac.ed.inf.OrderValidatorTest" time="0"/>
  <testcase name="testPizzasFromDifferentRestaurants[94]" classname="uk.ac.ed.inf.OrderValidatorTest" time="0.001"/>
  <testcase name="testPizzasFromDifferentRestaurants[95]" classname="uk.ac.ed.inf.OrderValidatorTest" time="0"/>
  <testcase name="testPizzasFromDifferentRestaurants[96]" classname="uk.ac.ed.inf.OrderValidatorTest" time="0.001"/>
  <testcase name="testPizzasFromDifferentRestaurants[97]" classname="uk.ac.ed.inf.OrderValidatorTest" time="0"/>
  <testcase name="testPizzasFromDifferentRestaurants[98]" classname="uk.ac.ed.inf.OrderValidatorTest" time="0.001"/>
  <testcase name="testPizzasFromDifferentRestaurants[99]" classname="uk.ac.ed.inf.OrderValidatorTest" time="0"/>
  <testcase name="testPizzasFromDifferentRestaurants[100]" classname="uk.ac.ed.inf.OrderValidatorTest" time="0"/>
  <testcase name="testCreditCardCExpiryDateCurrentDate[1]" classname="uk.ac.ed.inf.OrderValidatorTest" time="0.001"/>
  <testcase name="testCreditCardCExpiryDateCurrentDate[2]" classname="uk.ac.ed.inf.OrderValidatorTest" time="0"/>
  <testcase name="testCreditCardCExpiryDateCurrentDate[3]" classname="uk.ac.ed.inf.OrderValidatorTest" time="0"/>
  <testcase name="testCreditCardCExpiryDateCurrentDate[4]" classname="uk.ac.ed.inf.OrderValidatorTest" time="0.001"/>
  <testcase name="testCreditCardCExpiryDateCurrentDate[5]" classname="uk.ac.ed.inf.OrderValidatorTest" time="0"/>
  <testcase name="testCreditCardCExpiryDateCurrentDate[6]" classname="uk.ac.ed.inf.OrderValidatorTest" time="0"/>
  <testcase name="testCreditCardCExpiryDateCurrentDate[7]" classname="uk.ac.ed.inf.OrderValidatorTest" time="0.001"/>
  <testcase name="testCreditCardCExpiryDateCurrentDate[8]" classname="uk.ac.ed.inf.OrderValidatorTest" time="0"/>
  <testcase name="testCreditCardCExpiryDateCurrentDate[9]" classname="uk.ac.ed.inf.OrderValidatorTest" time="0"/>
  <testcase name="testCreditCardCExpiryDateCurrentDate[10]" classname="uk.ac.ed.inf.OrderValidatorTest" time="0.001"/>
  <testcase name="testCreditCardCExpiryDateCurrentDate[11]" classname="uk.ac.ed.inf.OrderValidatorTest" time="0"/>
  <testcase name="testCreditCardCExpiryDateCurrentDate[12]" classname="uk.ac.ed.inf.OrderValidatorTest" time="0"/>
  <testcase name="testCreditCardCExpiryDateCurrentDate[13]" classname="uk.ac.ed.inf.OrderValidatorTest" time="0.001"/>
  <testcase name="testCreditCardCExpiryDateCurrentDate[14]" classname="uk.ac.ed.inf.OrderValidatorTest" time="0"/>
  <testcase name="testCreditCardCExpiryDateCurrentDate[15]" classname="uk.ac.ed.inf.OrderValidatorTest" time="0"/>
  <testcase name="testCreditCardCExpiryDateCurrentDate[16]" classname="uk.ac.ed.inf.OrderValidatorTest" time="0.001"/>
  <testcase name="testCreditCardCExpiryDateCurrentDate[17]" classname="uk.ac.ed.inf.OrderValidatorTest" time="0"/>
  <testcase name="testCreditCardCExpiryDateCurrentDate[18]" classname="uk.ac.ed.inf.OrderValidatorTest" time="0"/>
  <testcase name="testCreditCardCExpiryDateCurrentDate[19]" classname="uk.ac.ed.inf.OrderValidatorTest" time="0.001"/>
  <testcase name="testCreditCardCExpiryDateCurrentDate[20]" classname="uk.ac.ed.inf.OrderValidatorTest" time="0"/>
  <testcase name="testCreditCardCExpiryDateCurrentDate[21]" classname="uk.ac.ed.inf.OrderValidatorTest" time="0"/>
  <testcase name="testCreditCardCExpiryDateCurrentDate[22]" classname="uk.ac.ed.inf.OrderValidatorTest" time="0.001"/>
  <testcase name="testCreditCardCExpiryDateCurrentDate[23]" classname="uk.ac.ed.inf.OrderValidatorTest" time="0"/>
  <testcase name="testCreditCardCExpiryDateCurrentDate[24]" classname="uk.ac.ed.inf.OrderValidatorTest" time="0"/>
  <testcase name="testCreditCardCExpiryDateCurrentDate[25]" classname="uk.ac.ed.inf.OrderValidatorTest" time="0.001"/>
  <testcase name="testCreditCardCExpiryDateCurrentDate[26]" classname="uk.ac.ed.inf.OrderValidatorTest" time="0"/>
  <testcase name="testCreditCardCExpiryDateCurrentDate[27]" classname="uk.ac.ed.inf.OrderValidatorTest" time="0.001"/>
  <testcase name="testCreditCardCExpiryDateCurrentDate[28]" classname="uk.ac.ed.inf.OrderValidatorTest" time="0"/>
  <testcase name="testCreditCardCExpiryDateCurrentDate[29]" classname="uk.ac.ed.inf.OrderValidatorTest" time="0"/>
  <testcase name="testCreditCardCExpiryDateCurrentDate[30]" classname="uk.ac.ed.inf.OrderValidatorTest" time="0"/>
  <testcase name="testCreditCardCExpiryDateCurrentDate[31]" classname="uk.ac.ed.inf.OrderValidatorTest" time="0.001"/>
  <testcase name="testCreditCardCExpiryDateCurrentDate[32]" classname="uk.ac.ed.inf.OrderValidatorTest" time="0"/>
  <testcase name="testCreditCardCExpiryDateCurrentDate[33]" classname="uk.ac.ed.inf.OrderValidatorTest" time="0"/>
  <testcase name="testCreditCardCExpiryDateCurrentDate[34]" classname="uk.ac.ed.inf.OrderValidatorTest" time="0.001"/>
  <testcase name="testCreditCardCExpiryDateCurrentDate[35]" classname="uk.ac.ed.inf.OrderValidatorTest" time="0"/>
  <testcase name="testCreditCardCExpiryDateCurrentDate[36]" classname="uk.ac.ed.inf.OrderValidatorTest" time="0"/>
  <testcase name="testCreditCardCExpiryDateCurrentDate[37]" classname="uk.ac.ed.inf.OrderValidatorTest" time="0.001"/>
  <testcase name="testCreditCardCExpiryDateCurrentDate[38]" classname="uk.ac.ed.inf.OrderValidatorTest" time="0"/>
  <testcase name="testCreditCardCExpiryDateCurrentDate[39]" classname="uk.ac.ed.inf.OrderValidatorTest" time="0"/>
  <testcase name="testCreditCardCExpiryDateCurrentDate[40]" classname="uk.ac.ed.inf.OrderValidatorTest" time="0.001"/>
  <testcase name="testCreditCardCExpiryDateCurrentDate[41]" classname="uk.ac.ed.inf.OrderValidatorTest" time="0"/>
  <testcase name="testCreditCardCExpiryDateCurrentDate[42]" classname="uk.ac.ed.inf.OrderValidatorTest" time="0"/>
  <testcase name="testCreditCardCExpiryDateCurrentDate[43]" classname="uk.ac.ed.inf.OrderValidatorTest" time="0.001"/>
  <testcase name="testCreditCardCExpiryDateCurrentDate[44]" classname="uk.ac.ed.inf.OrderValidatorTest" time="0"/>
  <testcase name="testCreditCardCExpiryDateCurrentDate[45]" classname="uk.ac.ed.inf.OrderValidatorTest" time="0"/>
  <testcase name="testCreditCardCExpiryDateCurrentDate[46]" classname="uk.ac.ed.inf.OrderValidatorTest" time="0.001"/>
  <testcase name="testCreditCardCExpiryDateCurrentDate[47]" classname="uk.ac.ed.inf.OrderValidatorTest" time="0"/>
  <testcase name="testCreditCardCExpiryDateCurrentDate[48]" classname="uk.ac.ed.inf.OrderValidatorTest" time="0"/>
  <testcase name="testCreditCardCExpiryDateCurrentDate[49]" classname="uk.ac.ed.inf.OrderValidatorTest" time="0.001"/>
  <testcase name="testCreditCardCExpiryDateCurrentDate[50]" classname="uk.ac.ed.inf.OrderValidatorTest" time="0"/>
  <testcase name="testCreditCardCExpiryDateCurrentDate[51]" classname="uk.ac.ed.inf.OrderValidatorTest" time="0"/>
  <testcase name="testCreditCardCExpiryDateCurrentDate[52]" classname="uk.ac.ed.inf.OrderValidatorTest" time="0.001"/>
  <testcase name="testCreditCardCExpiryDateCurrentDate[53]" classname="uk.ac.ed.inf.OrderValidatorTest" time="0"/>
  <testcase name="testCreditCardCExpiryDateCurrentDate[54]" classname="uk.ac.ed.inf.OrderValidatorTest" time="0"/>
  <testcase name="testCreditCardCExpiryDateCurrentDate[55]" classname="uk.ac.ed.inf.OrderValidatorTest" time="0.001"/>
  <testcase name="testCreditCardCExpiryDateCurrentDate[56]" classname="uk.ac.ed.inf.OrderValidatorTest" time="0"/>
  <testcase name="testCreditCardCExpiryDateCurrentDate[57]" classname="uk.ac.ed.inf.OrderValidatorTest" time="0"/>
  <testcase name="testCreditCardCExpiryDateCurrentDate[58]" classname="uk.ac.ed.inf.OrderValidatorTest" time="0.001"/>
  <testcase name="testCreditCardCExpiryDateCurrentDate[59]" classname="uk.ac.ed.inf.OrderValidatorTest" time="0"/>
  <testcase name="testCreditCardCExpiryDateCurrentDate[60]" classname="uk.ac.ed.inf.OrderValidatorTest" time="0"/>
  <testcase name="testCreditCardCExpiryDateCurrentDate[61]" classname="uk.ac.ed.inf.OrderValidatorTest" time="0.001"/>
  <testcase name="testCreditCardCExpiryDateCurrentDate[62]" classname="uk.ac.ed.inf.OrderValidatorTest" time="0"/>
  <testcase name="testCreditCardCExpiryDateCurrentDate[63]" classname="uk.ac.ed.inf.OrderValidatorTest" time="0"/>
  <testcase name="testCreditCardCExpiryDateCurrentDate[64]" classname="uk.ac.ed.inf.OrderValidatorTest" time="0.001"/>
  <testcase name="testCreditCardCExpiryDateCurrentDate[65]" classname="uk.ac.ed.inf.OrderValidatorTest" time="0"/>
  <testcase name="testCreditCardCExpiryDateCurrentDate[66]" classname="uk.ac.ed.inf.OrderValidatorTest" time="0"/>
  <testcase name="testCreditCardCExpiryDateCurrentDate[67]" classname="uk.ac.ed.inf.OrderValidatorTest" time="0.001"/>
  <testcase name="testCreditCardCExpiryDateCurrentDate[68]" classname="uk.ac.ed.inf.OrderValidatorTest" time="0"/>
  <testcase name="testCreditCardCExpiryDateCurrentDate[69]" classname="uk.ac.ed.inf.OrderValidatorTest" time="0"/>
  <testcase name="testCreditCardCExpiryDateCurrentDate[70]" classname="uk.ac.ed.inf.OrderValidatorTest" time="0.001"/>
  <testcase name="testCreditCardCExpiryDateCurrentDate[71]" classname="uk.ac.ed.inf.OrderValidatorTest" time="0"/>
  <testcase name="testCreditCardCExpiryDateCurrentDate[72]" classname="uk.ac.ed.inf.OrderValidatorTest" time="0.001"/>
  <testcase name="testCreditCardCExpiryDateCurrentDate[73]" classname="uk.ac.ed.inf.OrderValidatorTest" time="0"/>
  <testcase name="testCreditCardCExpiryDateCurrentDate[74]" classname="uk.ac.ed.inf.OrderValidatorTest" time="0"/>
  <testcase name="testCreditCardCExpiryDateCurrentDate[75]" classname="uk.ac.ed.inf.OrderValidatorTest" time="0.001"/>
  <testcase name="testCreditCardCExpiryDateCurrentDate[76]" classname="uk.ac.ed.inf.OrderValidatorTest" time="0"/>
  <testcase name="testCreditCardCExpiryDateCurrentDate[77]" classname="uk.ac.ed.inf.OrderValidatorTest" time="0"/>
  <testcase name="testCreditCardCExpiryDateCurrentDate[78]" classname="uk.ac.ed.inf.OrderValidatorTest" time="0.001"/>
  <testcase name="testCreditCardCExpiryDateCurrentDate[79]" classname="uk.ac.ed.inf.OrderValidatorTest" time="0"/>
  <testcase name="testCreditCardCExpiryDateCurrentDate[80]" classname="uk.ac.ed.inf.OrderValidatorTest" time="0.001"/>
  <testcase name="testCreditCardCExpiryDateCurrentDate[81]" classname="uk.ac.ed.inf.OrderValidatorTest" time="0"/>
  <testcase name="testCreditCardCExpiryDateCurrentDate[82]" classname="uk.ac.ed.inf.OrderValidatorTest" time="0"/>
  <testcase name="testCreditCardCExpiryDateCurrentDate[83]" classname="uk.ac.ed.inf.OrderValidatorTest" time="0.001"/>
  <testcase name="testCreditCardCExpiryDateCurrentDate[84]" classname="uk.ac.ed.inf.OrderValidatorTest" time="0"/>
  <testcase name="testCreditCardCExpiryDateCurrentDate[85]" classname="uk.ac.ed.inf.OrderValidatorTest" time="0"/>
  <testcase name="testCreditCardCExpiryDateCurrentDate[86]" classname="uk.ac.ed.inf.OrderValidatorTest" time="0.001"/>
  <testcase name="testCreditCardCExpiryDateCurrentDate[87]" classname="uk.ac.ed.inf.OrderValidatorTest" time="0"/>
  <testcase name="testCreditCardCExpiryDateCurrentDate[88]" classname="uk.ac.ed.inf.OrderValidatorTest" time="0"/>
  <testcase name="testCreditCardCExpiryDateCurrentDate[89]" classname="uk.ac.ed.inf.OrderValidatorTest" time="0.001"/>
  <testcase name="testCreditCardCExpiryDateCurrentDate[90]" classname="uk.ac.ed.inf.OrderValidatorTest" time="0"/>
  <testcase name="testCreditCardCExpiryDateCurrentDate[91]" classname="uk.ac.ed.inf.OrderValidatorTest" time="0"/>
  <testcase name="testCreditCardCExpiryDateCurrentDate[92]" classname="uk.ac.ed.inf.OrderValidatorTest" time="0.001"/>
  <testcase name="testCreditCardCExpiryDateCurrentDate[93]" classname="uk.ac.ed.inf.OrderValidatorTest" time="0"/>
  <testcase name="testCreditCardCExpiryDateCurrentDate[94]" classname="uk.ac.ed.inf.OrderValidatorTest" time="0"/>
  <testcase name="testCreditCardCExpiryDateCurrentDate[95]" classname="uk.ac.ed.inf.OrderValidatorTest" time="0.001"/>
  <testcase name="testCreditCardCExpiryDateCurrentDate[96]" classname="uk.ac.ed.inf.OrderValidatorTest" time="0"/>
  <testcase name="testCreditCardCExpiryDateCurrentDate[97]" classname="uk.ac.ed.inf.OrderValidatorTest" time="0"/>
  <testcase name="testCreditCardCExpiryDateCurrentDate[98]" classname="uk.ac.ed.inf.OrderValidatorTest" time="0.001"/>
  <testcase name="testCreditCardCExpiryDateCurrentDate[99]" classname="uk.ac.ed.inf.OrderValidatorTest" time="0"/>
  <testcase name="testCreditCardCExpiryDateCurrentDate[100]" classname="uk.ac.ed.inf.OrderValidatorTest" time="0"/>
  <testcase name="testCreditCardCVV3Numbers[1]" classname="uk.ac.ed.inf.OrderValidatorTest" time="0.001"/>
  <testcase name="testCreditCardCVV3Numbers[2]" classname="uk.ac.ed.inf.OrderValidatorTest" time="0"/>
  <testcase name="testCreditCardCVV3Numbers[3]" classname="uk.ac.ed.inf.OrderValidatorTest" time="0"/>
  <testcase name="testCreditCardCVV3Numbers[4]" classname="uk.ac.ed.inf.OrderValidatorTest" time="0.001"/>
  <testcase name="testCreditCardCVV3Numbers[5]" classname="uk.ac.ed.inf.OrderValidatorTest" time="0"/>
  <testcase name="testCreditCardCVV3Numbers[6]" classname="uk.ac.ed.inf.OrderValidatorTest" time="0"/>
  <testcase name="testCreditCardCVV3Numbers[7]" classname="uk.ac.ed.inf.OrderValidatorTest" time="0.001"/>
  <testcase name="testCreditCardCVV3Numbers[8]" classname="uk.ac.ed.inf.OrderValidatorTest" time="0"/>
  <testcase name="testCreditCardCVV3Numbers[9]" classname="uk.ac.ed.inf.OrderValidatorTest" time="0"/>
  <testcase name="testCreditCardCVV3Numbers[10]" classname="uk.ac.ed.inf.OrderValidatorTest" time="0.001"/>
  <testcase name="testCreditCardCVV3Numbers[11]" classname="uk.ac.ed.inf.OrderValidatorTest" time="0"/>
  <testcase name="testCreditCardCVV3Numbers[12]" classname="uk.ac.ed.inf.OrderValidatorTest" time="0"/>
  <testcase name="testCreditCardCVV3Numbers[13]" classname="uk.ac.ed.inf.OrderValidatorTest" time="0.001"/>
  <testcase name="testCreditCardCVV3Numbers[14]" classname="uk.ac.ed.inf.OrderValidatorTest" time="0"/>
  <testcase name="testCreditCardCVV3Numbers[15]" classname="uk.ac.ed.inf.OrderValidatorTest" time="0.001"/>
  <testcase name="testCreditCardCVV3Numbers[16]" classname="uk.ac.ed.inf.OrderValidatorTest" time="0"/>
  <testcase name="testCreditCardCVV3Numbers[17]" classname="uk.ac.ed.inf.OrderValidatorTest" time="0.001"/>
  <testcase name="testCreditCardCVV3Numbers[18]" classname="uk.ac.ed.inf.OrderValidatorTest" time="0"/>
  <testcase name="testCreditCardCVV3Numbers[19]" classname="uk.ac.ed.inf.OrderValidatorTest" time="0"/>
  <testcase name="testCreditCardCVV3Numbers[20]" classname="uk.ac.ed.inf.OrderValidatorTest" time="0"/>
  <testcase name="testCreditCardCVV3Numbers[21]" classname="uk.ac.ed.inf.OrderValidatorTest" time="0.001"/>
  <testcase name="testCreditCardCVV3Numbers[22]" classname="uk.ac.ed.inf.OrderValidatorTest" time="0"/>
  <testcase name="testCreditCardCVV3Numbers[23]" classname="uk.ac.ed.inf.OrderValidatorTest" time="0"/>
  <testcase name="testCreditCardCVV3Numbers[24]" classname="uk.ac.ed.inf.OrderValidatorTest" time="0.001"/>
  <testcase name="testCreditCardCVV3Numbers[25]" classname="uk.ac.ed.inf.OrderValidatorTest" time="0"/>
  <testcase name="testCreditCardCVV3Numbers[26]" classname="uk.ac.ed.inf.OrderValidatorTest" time="0"/>
  <testcase name="testCreditCardCVV3Numbers[27]" classname="uk.ac.ed.inf.OrderValidatorTest" time="0.001"/>
  <testcase name="testCreditCardCVV3Numbers[28]" classname="uk.ac.ed.inf.OrderValidatorTest" time="0"/>
  <testcase name="testCreditCardCVV3Numbers[29]" classname="uk.ac.ed.inf.OrderValidatorTest" time="0"/>
  <testcase name="testCreditCardCVV3Numbers[30]" classname="uk.ac.ed.inf.OrderValidatorTest" time="0.001"/>
  <testcase name="testCreditCardCVV3Numbers[31]" classname="uk.ac.ed.inf.OrderValidatorTest" time="0"/>
  <testcase name="testCreditCardCVV3Numbers[32]" classname="uk.ac.ed.inf.OrderValidatorTest" time="0"/>
  <testcase name="testCreditCardCVV3Numbers[33]" classname="uk.ac.ed.inf.OrderValidatorTest" time="0.001"/>
  <testcase name="testCreditCardCVV3Numbers[34]" classname="uk.ac.ed.inf.OrderValidatorTest" time="0"/>
  <testcase name="testCreditCardCVV3Numbers[35]" classname="uk.ac.ed.inf.OrderValidatorTest" time="0"/>
  <testcase name="testCreditCardCVV3Numbers[36]" classname="uk.ac.ed.inf.OrderValidatorTest" time="0.001"/>
  <testcase name="testCreditCardCVV3Numbers[37]" classname="uk.ac.ed.inf.OrderValidatorTest" time="0"/>
  <testcase name="testCreditCardCVV3Numbers[38]" classname="uk.ac.ed.inf.OrderValidatorTest" time="0"/>
  <testcase name="testCreditCardCVV3Numbers[39]" classname="uk.ac.ed.inf.OrderValidatorTest" time="0.001"/>
  <testcase name="testCreditCardCVV3Numbers[40]" classname="uk.ac.ed.inf.OrderValidatorTest" time="0"/>
  <testcase name="testCreditCardCVV3Numbers[41]" classname="uk.ac.ed.inf.OrderValidatorTest" time="0"/>
  <testcase name="testCreditCardCVV3Numbers[42]" classname="uk.ac.ed.inf.OrderValidatorTest" time="0"/>
  <testcase name="testCreditCardCVV3Numbers[43]" classname="uk.ac.ed.inf.OrderValidatorTest" time="0.001"/>
  <testcase name="testCreditCardCVV3Numbers[44]" classname="uk.ac.ed.inf.OrderValidatorTest" time="0"/>
  <testcase name="testCreditCardCVV3Numbers[45]" classname="uk.ac.ed.inf.OrderValidatorTest" time="0"/>
  <testcase name="testCreditCardCVV3Numbers[46]" classname="uk.ac.ed.inf.OrderValidatorTest" time="0.001"/>
  <testcase name="testCreditCardCVV3Numbers[47]" classname="uk.ac.ed.inf.OrderValidatorTest" time="0"/>
  <testcase name="testCreditCardCVV3Numbers[48]" classname="uk.ac.ed.inf.OrderValidatorTest" time="0"/>
  <testcase name="testCreditCardCVV3Numbers[49]" classname="uk.ac.ed.inf.OrderValidatorTest" time="0.001"/>
  <testcase name="testCreditCardCVV3Numbers[50]" classname="uk.ac.ed.inf.OrderValidatorTest" time="0"/>
  <testcase name="testCreditCardCVV3Numbers[51]" classname="uk.ac.ed.inf.OrderValidatorTest" time="0"/>
  <testcase name="testCreditCardCVV3Numbers[52]" classname="uk.ac.ed.inf.OrderValidatorTest" time="0.001"/>
  <testcase name="testCreditCardCVV3Numbers[53]" classname="uk.ac.ed.inf.OrderValidatorTest" time="0"/>
  <testcase name="testCreditCardCVV3Numbers[54]" classname="uk.ac.ed.inf.OrderValidatorTest" time="0"/>
  <testcase name="testCreditCardCVV3Numbers[55]" classname="uk.ac.ed.inf.OrderValidatorTest" time="0"/>
  <testcase name="testCreditCardCVV3Numbers[56]" classname="uk.ac.ed.inf.OrderValidatorTest" time="0.001"/>
  <testcase name="testCreditCardCVV3Numbers[57]" classname="uk.ac.ed.inf.OrderValidatorTest" time="0"/>
  <testcase name="testCreditCardCVV3Numbers[58]" classname="uk.ac.ed.inf.OrderValidatorTest" time="0"/>
  <testcase name="testCreditCardCVV3Numbers[59]" classname="uk.ac.ed.inf.OrderValidatorTest" time="0.001"/>
  <testcase name="testCreditCardCVV3Numbers[60]" classname="uk.ac.ed.inf.OrderValidatorTest" time="0"/>
  <testcase name="testCreditCardCVV3Numbers[61]" classname="uk.ac.ed.inf.OrderValidatorTest" time="0"/>
  <testcase name="testCreditCardCVV3Numbers[62]" classname="uk.ac.ed.inf.OrderValidatorTest" time="0.001"/>
  <testcase name="testCreditCardCVV3Numbers[63]" classname="uk.ac.ed.inf.OrderValidatorTest" time="0"/>
  <testcase name="testCreditCardCVV3Numbers[64]" classname="uk.ac.ed.inf.OrderValidatorTest" time="0"/>
  <testcase name="testCreditCardCVV3Numbers[65]" classname="uk.ac.ed.inf.OrderValidatorTest" time="0.001"/>
  <testcase name="testCreditCardCVV3Numbers[66]" classname="uk.ac.ed.inf.OrderValidatorTest" time="0"/>
  <testcase name="testCreditCardCVV3Numbers[67]" classname="uk.ac.ed.inf.OrderValidatorTest" time="0"/>
  <testcase name="testCreditCardCVV3Numbers[68]" classname="uk.ac.ed.inf.OrderValidatorTest" time="0.001"/>
  <testcase name="testCreditCardCVV3Numbers[69]" classname="uk.ac.ed.inf.OrderValidatorTest" time="0"/>
  <testcase name="testCreditCardCVV3Numbers[70]" classname="uk.ac.ed.inf.OrderValidatorTest" time="0.001"/>
  <testcase name="testCreditCardCVV3Numbers[71]" classname="uk.ac.ed.inf.OrderValidatorTest" time="0"/>
  <testcase name="testCreditCardCVV3Numbers[72]" classname="uk.ac.ed.inf.OrderValidatorTest" time="0"/>
  <testcase name="testCreditCardCVV3Numbers[73]" classname="uk.ac.ed.inf.OrderValidatorTest" time="0.001"/>
  <testcase name="testCreditCardCVV3Numbers[74]" classname="uk.ac.ed.inf.OrderValidatorTest" time="0"/>
  <testcase name="testCreditCardCVV3Numbers[75]" classname="uk.ac.ed.inf.OrderValidatorTest" time="0"/>
  <testcase name="testCreditCardCVV3Numbers[76]" classname="uk.ac.ed.inf.OrderValidatorTest" time="0.001"/>
  <testcase name="testCreditCardCVV3Numbers[77]" classname="uk.ac.ed.inf.OrderValidatorTest" time="0"/>
  <testcase name="testCreditCardCVV3Numbers[78]" classname="uk.ac.ed.inf.OrderValidatorTest" time="0"/>
  <testcase name="testCreditCardCVV3Numbers[79]" classname="uk.ac.ed.inf.OrderValidatorTest" time="0.001"/>
  <testcase name="testCreditCardCVV3Numbers[80]" classname="uk.ac.ed.inf.OrderValidatorTest" time="0"/>
  <testcase name="testCreditCardCVV3Numbers[81]" classname="uk.ac.ed.inf.OrderValidatorTest" time="0"/>
  <testcase name="testCreditCardCVV3Numbers[82]" classname="uk.ac.ed.inf.OrderValidatorTest" time="0.001"/>
  <testcase name="testCreditCardCVV3Numbers[83]" classname="uk.ac.ed.inf.OrderValidatorTest" time="0"/>
  <testcase name="testCreditCardCVV3Numbers[84]" classname="uk.ac.ed.inf.OrderValidatorTest" time="0"/>
  <testcase name="testCreditCardCVV3Numbers[85]" classname="uk.ac.ed.inf.OrderValidatorTest" time="0.001"/>
  <testcase name="testCreditCardCVV3Numbers[86]" classname="uk.ac.ed.inf.OrderValidatorTest" time="0"/>
  <testcase name="testCreditCardCVV3Numbers[87]" classname="uk.ac.ed.inf.OrderValidatorTest" time="0"/>
  <testcase name="testCreditCardCVV3Numbers[88]" classname="uk.ac.ed.inf.OrderValidatorTest" time="0.001"/>
  <testcase name="testCreditCardCVV3Numbers[89]" classname="uk.ac.ed.inf.OrderValidatorTest" time="0"/>
  <testcase name="testCreditCardCVV3Numbers[90]" classname="uk.ac.ed.inf.OrderValidatorTest" time="0"/>
  <testcase name="testCreditCardCVV3Numbers[91]" classname="uk.ac.ed.inf.OrderValidatorTest" time="0.001"/>
  <testcase name="testCreditCardCVV3Numbers[92]" classname="uk.ac.ed.inf.OrderValidatorTest" time="0"/>
  <testcase name="testCreditCardCVV3Numbers[93]" classname="uk.ac.ed.inf.OrderValidatorTest" time="0"/>
  <testcase name="testCreditCardCVV3Numbers[94]" classname="uk.ac.ed.inf.OrderValidatorTest" time="0.001"/>
  <testcase name="testCreditCardCVV3Numbers[95]" classname="uk.ac.ed.inf.OrderValidatorTest" time="0"/>
  <testcase name="testCreditCardCVV3Numbers[96]" classname="uk.ac.ed.inf.OrderValidatorTest" time="0"/>
  <testcase name="testCreditCardCVV3Numbers[97]" classname="uk.ac.ed.inf.OrderValidatorTest" time="0.001"/>
  <testcase name="testCreditCardCVV3Numbers[98]" classname="uk.ac.ed.inf.OrderValidatorTest" time="0"/>
  <testcase name="testCreditCardCVV3Numbers[99]" classname="uk.ac.ed.inf.OrderValidatorTest" time="0"/>
  <testcase name="testCreditCardCVV3Numbers[100]" classname="uk.ac.ed.inf.OrderValidatorTest" time="0.001"/>
  <testcase name="testTotalPriceTwoPizzasOrderFeeTwice[1]" classname="uk.ac.ed.inf.OrderValidatorTest" time="0"/>
  <testcase name="testTotalPriceTwoPizzasOrderFeeTwice[2]" classname="uk.ac.ed.inf.OrderValidatorTest" time="0"/>
  <testcase name="testTotalPriceTwoPizzasOrderFeeTwice[3]" classname="uk.ac.ed.inf.OrderValidatorTest" time="0.001"/>
  <testcase name="testTotalPriceTwoPizzasOrderFeeTwice[4]" classname="uk.ac.ed.inf.OrderValidatorTest" time="0"/>
  <testcase name="testTotalPriceTwoPizzasOrderFeeTwice[5]" classname="uk.ac.ed.inf.OrderValidatorTest" time="0"/>
  <testcase name="testTotalPriceTwoPizzasOrderFeeTwice[6]" classname="uk.ac.ed.inf.OrderValidatorTest" time="0.001"/>
  <testcase name="testTotalPriceTwoPizzasOrderFeeTwice[7]" classname="uk.ac.ed.inf.OrderValidatorTest" time="0"/>
  <testcase name="testTotalPriceTwoPizzasOrderFeeTwice[8]" classname="uk.ac.ed.inf.OrderValidatorTest" time="0"/>
  <testcase name="testTotalPriceTwoPizzasOrderFeeTwice[9]" classname="uk.ac.ed.inf.OrderValidatorTest" time="0.001"/>
  <testcase name="testTotalPriceTwoPizzasOrderFeeTwice[10]" classname="uk.ac.ed.inf.OrderValidatorTest" time="0"/>
  <testcase name="testTotalPriceTwoPizzasOrderFeeTwice[11]" classname="uk.ac.ed.inf.OrderValidatorTest" time="0.001"/>
  <testcase name="testTotalPriceTwoPizzasOrderFeeTwice[12]" classname="uk.ac.ed.inf.OrderValidatorTest" time="0"/>
  <testcase name="testTotalPriceTwoPizzasOrderFeeTwice[13]" classname="uk.ac.ed.inf.OrderValidatorTest" time="0"/>
  <testcase name="testTotalPriceTwoPizzasOrderFeeTwice[14]" classname="uk.ac.ed.inf.OrderValidatorTest" time="0.001"/>
  <testcase name="testTotalPriceTwoPizzasOrderFeeTwice[15]" classname="uk.ac.ed.inf.OrderValidatorTest" time="0"/>
  <testcase name="testTotalPriceTwoPizzasOrderFeeTwice[16]" classname="uk.ac.ed.inf.OrderValidatorTest" time="0"/>
  <testcase name="testTotalPriceTwoPizzasOrderFeeTwice[17]" classname="uk.ac.ed.inf.OrderValidatorTest" time="0.001"/>
  <testcase name="testTotalPriceTwoPizzasOrderFeeTwice[18]" classname="uk.ac.ed.inf.OrderValidatorTest" time="0"/>
  <testcase name="testTotalPriceTwoPizzasOrderFeeTwice[19]" classname="uk.ac.ed.inf.OrderValidatorTest" time="0"/>
  <testcase name="testTotalPriceTwoPizzasOrderFeeTwice[20]" classname="uk.ac.ed.inf.OrderValidatorTest" time="0.001"/>
  <testcase name="testTotalPriceTwoPizzasOrderFeeTwice[21]" classname="uk.ac.ed.inf.OrderValidatorTest" time="0"/>
  <testcase name="testTotalPriceTwoPizzasOrderFeeTwice[22]" classname="uk.ac.ed.inf.OrderValidatorTest" time="0.001"/>
  <testcase name="testTotalPriceTwoPizzasOrderFeeTwice[23]" classname="uk.ac.ed.inf.OrderValidatorTest" time="0"/>
  <testcase name="testTotalPriceTwoPizzasOrderFeeTwice[24]" classname="uk.ac.ed.inf.OrderValidatorTest" time="0"/>
  <testcase name="testTotalPriceTwoPizzasOrderFeeTwice[25]" classname="uk.ac.ed.inf.OrderValidatorTest" time="0.001"/>
  <testcase name="testTotalPriceTwoPizzasOrderFeeTwice[26]" classname="uk.ac.ed.inf.OrderValidatorTest" time="0"/>
  <testcase name="testTotalPriceTwoPizzasOrderFeeTwice[27]" classname="uk.ac.ed.inf.OrderValidatorTest" time="0"/>
  <testcase name="testTotalPriceTwoPizzasOrderFeeTwice[28]" classname="uk.ac.ed.inf.OrderValidatorTest" time="0.001"/>
  <testcase name="testTotalPriceTwoPizzasOrderFeeTwice[29]" classname="uk.ac.ed.inf.OrderValidatorTest" time="0"/>
  <testcase name="testTotalPriceTwoPizzasOrderFeeTwice[30]" classname="uk.ac.ed.inf.OrderValidatorTest" time="0"/>
  <testcase name="testTotalPriceTwoPizzasOrderFeeTwice[31]" classname="uk.ac.ed.inf.OrderValidatorTest" time="0.001"/>
  <testcase name="testTotalPriceTwoPizzasOrderFeeTwice[32]" classname="uk.ac.ed.inf.OrderValidatorTest" time="0"/>
  <testcase name="testTotalPriceTwoPizzasOrderFeeTwice[33]" classname="uk.ac.ed.inf.OrderValidatorTest" time="0.001"/>
  <testcase name="testTotalPriceTwoPizzasOrderFeeTwice[34]" classname="uk.ac.ed.inf.OrderValidatorTest" time="0"/>
  <testcase name="testTotalPriceTwoPizzasOrderFeeTwice[35]" classname="uk.ac.ed.inf.OrderValidatorTest" time="0"/>
  <testcase name="testTotalPriceTwoPizzasOrderFeeTwice[36]" classname="uk.ac.ed.inf.OrderValidatorTest" time="0.001"/>
  <testcase name="testTotalPriceTwoPizzasOrderFeeTwice[37]" classname="uk.ac.ed.inf.OrderValidatorTest" time="0"/>
  <testcase name="testTotalPriceTwoPizzasOrderFeeTwice[38]" classname="uk.ac.ed.inf.OrderValidatorTest" time="0.001"/>
  <testcase name="testTotalPriceTwoPizzasOrderFeeTwice[39]" classname="uk.ac.ed.inf.OrderValidatorTest" time="0"/>
  <testcase name="testTotalPriceTwoPizzasOrderFeeTwice[40]" classname="uk.ac.ed.inf.OrderValidatorTest" time="0.001"/>
  <testcase name="testTotalPriceTwoPizzasOrderFeeTwice[41]" classname="uk.ac.ed.inf.OrderValidatorTest" time="0"/>
  <testcase name="testTotalPriceTwoPizzasOrderFeeTwice[42]" classname="uk.ac.ed.inf.OrderValidatorTest" time="0.001"/>
  <testcase name="testTotalPriceTwoPizzasOrderFeeTwice[43]" classname="uk.ac.ed.inf.OrderValidatorTest" time="0"/>
  <testcase name="testTotalPriceTwoPizzasOrderFeeTwice[44]" classname="uk.ac.ed.inf.OrderValidatorTest" time="0"/>
  <testcase name="testTotalPriceTwoPizzasOrderFeeTwice[45]" classname="uk.ac.ed.inf.OrderValidatorTest" time="0.001"/>
  <testcase name="testTotalPriceTwoPizzasOrderFeeTwice[46]" classname="uk.ac.ed.inf.OrderValidatorTest" time="0"/>
  <testcase name="testTotalPriceTwoPizzasOrderFeeTwice[47]" classname="uk.ac.ed.inf.OrderValidatorTest" time="0.001"/>
  <testcase name="testTotalPriceTwoPizzasOrderFeeTwice[48]" classname="uk.ac.ed.inf.OrderValidatorTest" time="0"/>
  <testcase name="testTotalPriceTwoPizzasOrderFeeTwice[49]" classname="uk.ac.ed.inf.OrderValidatorTest" time="0"/>
  <testcase name="testTotalPriceTwoPizzasOrderFeeTwice[50]" classname="uk.ac.ed.inf.OrderValidatorTest" time="0.001"/>
  <testcase name="testTotalPriceTwoPizzasOrderFeeTwice[51]" classname="uk.ac.ed.inf.OrderValidatorTest" time="0"/>
  <testcase name="testTotalPriceTwoPizzasOrderFeeTwice[52]" classname="uk.ac.ed.inf.OrderValidatorTest" time="0.001"/>
  <testcase name="testTotalPriceTwoPizzasOrderFeeTwice[53]" classname="uk.ac.ed.inf.OrderValidatorTest" time="0"/>
  <testcase name="testTotalPriceTwoPizzasOrderFeeTwice[54]" classname="uk.ac.ed.inf.OrderValidatorTest" time="0"/>
  <testcase name="testTotalPriceTwoPizzasOrderFeeTwice[55]" classname="uk.ac.ed.inf.OrderValidatorTest" time="0.001"/>
  <testcase name="testTotalPriceTwoPizzasOrderFeeTwice[56]" classname="uk.ac.ed.inf.OrderValidatorTest" time="0"/>
  <testcase name="testTotalPriceTwoPizzasOrderFeeTwice[57]" classname="uk.ac.ed.inf.OrderValidatorTest" time="0"/>
  <testcase name="testTotalPriceTwoPizzasOrderFeeTwice[58]" classname="uk.ac.ed.inf.OrderValidatorTest" time="0.001"/>
  <testcase name="testTotalPriceTwoPizzasOrderFeeTwice[59]" classname="uk.ac.ed.inf.OrderValidatorTest" time="0"/>
  <testcase name="testTotalPriceTwoPizzasOrderFeeTwice[60]" classname="uk.ac.ed.inf.OrderValidatorTest" time="0"/>
  <testcase name="testTotalPriceTwoPizzasOrderFeeTwice[61]" classname="uk.ac.ed.inf.OrderValidatorTest" time="0.001"/>
  <testcase name="testTotalPriceTwoPizzasOrderFeeTwice[62]" classname="uk.ac.ed.inf.OrderValidatorTest" time="0"/>
  <testcase name="testTotalPriceTwoPizzasOrderFeeTwice[63]" classname="uk.ac.ed.inf.OrderValidatorTest" time="0.001"/>
  <testcase name="testTotalPriceTwoPizzasOrderFeeTwice[64]" classname="uk.ac.ed.inf.OrderValidatorTest" time="0"/>
  <testcase name="testTotalPriceTwoPizzasOrderFeeTwice[65]" classname="uk.ac.ed.inf.OrderValidatorTest" time="0"/>
  <testcase name="testTotalPriceTwoPizzasOrderFeeTwice[66]" classname="uk.ac.ed.inf.OrderValidatorTest" time="0.001"/>
  <testcase name="testTotalPriceTwoPizzasOrderFeeTwice[67]" classname="uk.ac.ed.inf.OrderValidatorTest" time="0"/>
  <testcase name="testTotalPriceTwoPizzasOrderFeeTwice[68]" classname="uk.ac.ed.inf.OrderValidatorTest" time="0"/>
  <testcase name="testTotalPriceTwoPizzasOrderFeeTwice[69]" classname="uk.ac.ed.inf.OrderValidatorTest" time="0.001"/>
  <testcase name="testTotalPriceTwoPizzasOrderFeeTwice[70]" classname="uk.ac.ed.inf.OrderValidatorTest" time="0"/>
  <testcase name="testTotalPriceTwoPizzasOrderFeeTwice[71]" classname="uk.ac.ed.inf.OrderValidatorTest" time="0"/>
  <testcase name="testTotalPriceTwoPizzasOrderFeeTwice[72]" classname="uk.ac.ed.inf.OrderValidatorTest" time="0.001"/>
  <testcase name="testTotalPriceTwoPizzasOrderFeeTwice[73]" classname="uk.ac.ed.inf.OrderValidatorTest" time="0"/>
  <testcase name="testTotalPriceTwoPizzasOrderFeeTwice[74]" classname="uk.ac.ed.inf.OrderValidatorTest" time="0"/>
  <testcase name="testTotalPriceTwoPizzasOrderFeeTwice[75]" classname="uk.ac.ed.inf.OrderValidatorTest" time="0.001"/>
  <testcase name="testTotalPriceTwoPizzasOrderFeeTwice[76]" classname="uk.ac.ed.inf.OrderValidatorTest" time="0"/>
  <testcase name="testTotalPriceTwoPizzasOrderFeeTwice[77]" classname="uk.ac.ed.inf.OrderValidatorTest" time="0.001"/>
  <testcase name="testTotalPriceTwoPizzasOrderFeeTwice[78]" classname="uk.ac.ed.inf.OrderValidatorTest" time="0"/>
  <testcase name="testTotalPriceTwoPizzasOrderFeeTwice[79]" classname="uk.ac.ed.inf.OrderValidatorTest" time="0"/>
  <testcase name="testTotalPriceTwoPizzasOrderFeeTwice[80]" classname="uk.ac.ed.inf.OrderValidatorTest" time="0.001"/>
  <testcase name="testTotalPriceTwoPizzasOrderFeeTwice[81]" classname="uk.ac.ed.inf.OrderValidatorTest" time="0"/>
  <testcase name="testTotalPriceTwoPizzasOrderFeeTwice[82]" classname="uk.ac.ed.inf.OrderValidatorTest" time="0"/>
  <testcase name="testTotalPriceTwoPizzasOrderFeeTwice[83]" classname="uk.ac.ed.inf.OrderValidatorTest" time="0.001"/>
  <testcase name="testTotalPriceTwoPizzasOrderFeeTwice[84]" classname="uk.ac.ed.inf.OrderValidatorTest" time="0"/>
  <testcase name="testTotalPriceTwoPizzasOrderFeeTwice[85]" classname="uk.ac.ed.inf.OrderValidatorTest" time="0"/>
  <testcase name="testTotalPriceTwoPizzasOrderFeeTwice[86]" classname="uk.ac.ed.inf.OrderValidatorTest" time="0.001"/>
  <testcase name="testTotalPriceTwoPizzasOrderFeeTwice[87]" classname="uk.ac.ed.inf.OrderValidatorTest" time="0"/>
  <testcase name="testTotalPriceTwoPizzasOrderFeeTwice[88]" classname="uk.ac.ed.inf.OrderValidatorTest" time="0.001"/>
  <testcase name="testTotalPriceTwoPizzasOrderFeeTwice[89]" classname="uk.ac.ed.inf.OrderValidatorTest" time="0"/>
  <testcase name="testTotalPriceTwoPizzasOrderFeeTwice[90]" classname="uk.ac.ed.inf.OrderValidatorTest" time="0"/>
  <testcase name="testTotalPriceTwoPizzasOrderFeeTwice[91]" classname="uk.ac.ed.inf.OrderValidatorTest" time="0.001"/>
  <testcase name="testTotalPriceTwoPizzasOrderFeeTwice[92]" classname="uk.ac.ed.inf.OrderValidatorTest" time="0"/>
  <testcase name="testTotalPriceTwoPizzasOrderFeeTwice[93]" classname="uk.ac.ed.inf.OrderValidatorTest" time="0"/>
  <testcase name="testTotalPriceTwoPizzasOrderFeeTwice[94]" classname="uk.ac.ed.inf.OrderValidatorTest" time="0.001"/>
  <testcase name="testTotalPriceTwoPizzasOrderFeeTwice[95]" classname="uk.ac.ed.inf.OrderValidatorTest" time="0"/>
  <testcase name="testTotalPriceTwoPizzasOrderFeeTwice[96]" classname="uk.ac.ed.inf.OrderValidatorTest" time="0"/>
  <testcase name="testTotalPriceTwoPizzasOrderFeeTwice[97]" classname="uk.ac.ed.inf.OrderValidatorTest" time="0.001"/>
  <testcase name="testTotalPriceTwoPizzasOrderFeeTwice[98]" classname="uk.ac.ed.inf.OrderValidatorTest" time="0"/>
  <testcase name="testTotalPriceTwoPizzasOrderFeeTwice[99]" classname="uk.ac.ed.inf.OrderValidatorTest" time="0"/>
  <testcase name="testTotalPriceTwoPizzasOrderFeeTwice[100]" classname="uk.ac.ed.inf.OrderValidatorTest" time="0.001"/>
  <testcase name="testCreditCardNumberOnlyNumbers[1]" classname="uk.ac.ed.inf.OrderValidatorTest" time="0"/>
  <testcase name="testCreditCardNumberOnlyNumbers[2]" classname="uk.ac.ed.inf.OrderValidatorTest" time="0"/>
  <testcase name="testCreditCardNumberOnlyNumbers[3]" classname="uk.ac.ed.inf.OrderValidatorTest" time="0.001"/>
  <testcase name="testCreditCardNumberOnlyNumbers[4]" classname="uk.ac.ed.inf.OrderValidatorTest" time="0"/>
  <testcase name="testCreditCardNumberOnlyNumbers[5]" classname="uk.ac.ed.inf.OrderValidatorTest" time="0"/>
  <testcase name="testCreditCardNumberOnlyNumbers[6]" classname="uk.ac.ed.inf.OrderValidatorTest" time="0.001"/>
  <testcase name="testCreditCardNumberOnlyNumbers[7]" classname="uk.ac.ed.inf.OrderValidatorTest" time="0"/>
  <testcase name="testCreditCardNumberOnlyNumbers[8]" classname="uk.ac.ed.inf.OrderValidatorTest" time="0.001"/>
  <testcase name="testCreditCardNumberOnlyNumbers[9]" classname="uk.ac.ed.inf.OrderValidatorTest" time="0"/>
  <testcase name="testCreditCardNumberOnlyNumbers[10]" classname="uk.ac.ed.inf.OrderValidatorTest" time="0"/>
  <testcase name="testCreditCardNumberOnlyNumbers[11]" classname="uk.ac.ed.inf.OrderValidatorTest" time="0.001"/>
  <testcase name="testCreditCardNumberOnlyNumbers[12]" classname="uk.ac.ed.inf.OrderValidatorTest" time="0"/>
  <testcase name="testCreditCardNumberOnlyNumbers[13]" classname="uk.ac.ed.inf.OrderValidatorTest" time="0"/>
  <testcase name="testCreditCardNumberOnlyNumbers[14]" classname="uk.ac.ed.inf.OrderValidatorTest" time="0.001"/>
  <testcase name="testCreditCardNumberOnlyNumbers[15]" classname="uk.ac.ed.inf.OrderValidatorTest" time="0"/>
  <testcase name="testCreditCardNumberOnlyNumbers[16]" classname="uk.ac.ed.inf.OrderValidatorTest" time="0"/>
  <testcase name="testCreditCardNumberOnlyNumbers[17]" classname="uk.ac.ed.inf.OrderValidatorTest" time="0.001"/>
  <testcase name="testCreditCardNumberOnlyNumbers[18]" classname="uk.ac.ed.inf.OrderValidatorTest" time="0"/>
  <testcase name="testCreditCardNumberOnlyNumbers[19]" classname="uk.ac.ed.inf.OrderValidatorTest" time="0"/>
  <testcase name="testCreditCardNumberOnlyNumbers[20]" classname="uk.ac.ed.inf.OrderValidatorTest" time="0.001"/>
  <testcase name="testCreditCardNumberOnlyNumbers[21]" classname="uk.ac.ed.inf.OrderValidatorTest" time="0"/>
  <testcase name="testCreditCardNumberOnlyNumbers[22]" classname="uk.ac.ed.inf.OrderValidatorTest" time="0"/>
  <testcase name="testCreditCardNumberOnlyNumbers[23]" classname="uk.ac.ed.inf.OrderValidatorTest" time="0.001"/>
  <testcase name="testCreditCardNumberOnlyNumbers[24]" classname="uk.ac.ed.inf.OrderValidatorTest" time="0"/>
  <testcase name="testCreditCardNumberOnlyNumbers[25]" classname="uk.ac.ed.inf.OrderValidatorTest" time="0"/>
  <testcase name="testCreditCardNumberOnlyNumbers[26]" classname="uk.ac.ed.inf.OrderValidatorTest" time="0"/>
  <testcase name="testCreditCardNumberOnlyNumbers[27]" classname="uk.ac.ed.inf.OrderValidatorTest" time="0"/>
  <testcase name="testCreditCardNumberOnlyNumbers[28]" classname="uk.ac.ed.inf.OrderValidatorTest" time="0"/>
  <testcase name="testCreditCardNumberOnlyNumbers[29]" classname="uk.ac.ed.inf.OrderValidatorTest" time="0.001"/>
  <testcase name="testCreditCardNumberOnlyNumbers[30]" classname="uk.ac.ed.inf.OrderValidatorTest" time="0"/>
  <testcase name="testCreditCardNumberOnlyNumbers[31]" classname="uk.ac.ed.inf.OrderValidatorTest" time="0"/>
  <testcase name="testCreditCardNumberOnlyNumbers[32]" classname="uk.ac.ed.inf.OrderValidatorTest" time="0.001"/>
  <testcase name="testCreditCardNumberOnlyNumbers[33]" classname="uk.ac.ed.inf.OrderValidatorTest" time="0"/>
  <testcase name="testCreditCardNumberOnlyNumbers[34]" classname="uk.ac.ed.inf.OrderValidatorTest" time="0.001"/>
  <testcase name="testCreditCardNumberOnlyNumbers[35]" classname="uk.ac.ed.inf.OrderValidatorTest" time="0"/>
  <testcase name="testCreditCardNumberOnlyNumbers[36]" classname="uk.ac.ed.inf.OrderValidatorTest" time="0"/>
  <testcase name="testCreditCardNumberOnlyNumbers[37]" classname="uk.ac.ed.inf.OrderValidatorTest" time="0.001"/>
  <testcase name="testCreditCardNumberOnlyNumbers[38]" classname="uk.ac.ed.inf.OrderValidatorTest" time="0"/>
  <testcase name="testCreditCardNumberOnlyNumbers[39]" classname="uk.ac.ed.inf.OrderValidatorTest" time="0"/>
  <testcase name="testCreditCardNumberOnlyNumbers[40]" classname="uk.ac.ed.inf.OrderValidatorTest" time="0.001"/>
  <testcase name="testCreditCardNumberOnlyNumbers[41]" classname="uk.ac.ed.inf.OrderValidatorTest" time="0"/>
  <testcase name="testCreditCardNumberOnlyNumbers[42]" classname="uk.ac.ed.inf.OrderValidatorTest" time="0"/>
  <testcase name="testCreditCardNumberOnlyNumbers[43]" classname="uk.ac.ed.inf.OrderValidatorTest" time="0.001"/>
  <testcase name="testCreditCardNumberOnlyNumbers[44]" classname="uk.ac.ed.inf.OrderValidatorTest" time="0"/>
  <testcase name="testCreditCardNumberOnlyNumbers[45]" classname="uk.ac.ed.inf.OrderValidatorTest" time="0"/>
  <testcase name="testCreditCardNumberOnlyNumbers[46]" classname="uk.ac.ed.inf.OrderValidatorTest" time="0.001"/>
  <testcase name="testCreditCardNumberOnlyNumbers[47]" classname="uk.ac.ed.inf.OrderValidatorTest" time="0"/>
  <testcase name="testCreditCardNumberOnlyNumbers[48]" classname="uk.ac.ed.inf.OrderValidatorTest" time="0"/>
  <testcase name="testCreditCardNumberOnlyNumbers[49]" classname="uk.ac.ed.inf.OrderValidatorTest" time="0.001"/>
  <testcase name="testCreditCardNumberOnlyNumbers[50]" classname="uk.ac.ed.inf.OrderValidatorTest" time="0"/>
  <testcase name="testCreditCardNumberOnlyNumbers[51]" classname="uk.ac.ed.inf.OrderValidatorTest" time="0.001"/>
  <testcase name="testCreditCardNumberOnlyNumbers[52]" classname="uk.ac.ed.inf.OrderValidatorTest" time="0"/>
  <testcase name="testCreditCardNumberOnlyNumbers[53]" classname="uk.ac.ed.inf.OrderValidatorTest" time="0"/>
  <testcase name="testCreditCardNumberOnlyNumbers[54]" classname="uk.ac.ed.inf.OrderValidatorTest" time="0.001"/>
  <testcase name="testCreditCardNumberOnlyNumbers[55]" classname="uk.ac.ed.inf.OrderValidatorTest" time="0"/>
  <testcase name="testCreditCardNumberOnlyNumbers[56]" classname="uk.ac.ed.inf.OrderValidatorTest" time="0"/>
  <testcase name="testCreditCardNumberOnlyNumbers[57]" classname="uk.ac.ed.inf.OrderValidatorTest" time="0.001"/>
  <testcase name="testCreditCardNumberOnlyNumbers[58]" classname="uk.ac.ed.inf.OrderValidatorTest" time="0"/>
  <testcase name="testCreditCardNumberOnlyNumbers[59]" classname="uk.ac.ed.inf.OrderValidatorTest" time="0"/>
  <testcase name="testCreditCardNumberOnlyNumbers[60]" classname="uk.ac.ed.inf.OrderValidatorTest" time="0.001"/>
  <testcase name="testCreditCardNumberOnlyNumbers[61]" classname="uk.ac.ed.inf.OrderValidatorTest" time="0"/>
  <testcase name="testCreditCardNumberOnlyNumbers[62]" classname="uk.ac.ed.inf.OrderValidatorTest" time="0"/>
  <testcase name="testCreditCardNumberOnlyNumbers[63]" classname="uk.ac.ed.inf.OrderValidatorTest" time="0.001"/>
  <testcase name="testCreditCardNumberOnlyNumbers[64]" classname="uk.ac.ed.inf.OrderValidatorTest" time="0"/>
  <testcase name="testCreditCardNumberOnlyNumbers[65]" classname="uk.ac.ed.inf.OrderValidatorTest" time="0"/>
  <testcase name="testCreditCardNumberOnlyNumbers[66]" classname="uk.ac.ed.inf.OrderValidatorTest" time="0.001"/>
  <testcase name="testCreditCardNumberOnlyNumbers[67]" classname="uk.ac.ed.inf.OrderValidatorTest" time="0"/>
  <testcase name="testCreditCardNumberOnlyNumbers[68]" classname="uk.ac.ed.inf.OrderValidatorTest" time="0"/>
  <testcase name="testCreditCardNumberOnlyNumbers[69]" classname="uk.ac.ed.inf.OrderValidatorTest" time="0.001"/>
  <testcase name="testCreditCardNumberOnlyNumbers[70]" classname="uk.ac.ed.inf.OrderValidatorTest" time="0"/>
  <testcase name="testCreditCardNumberOnlyNumbers[71]" classname="uk.ac.ed.inf.OrderValidatorTest" time="0"/>
  <testcase name="testCreditCardNumberOnlyNumbers[72]" classname="uk.ac.ed.inf.OrderValidatorTest" time="0.001"/>
  <testcase name="testCreditCardNumberOnlyNumbers[73]" classname="uk.ac.ed.inf.OrderValidatorTest" time="0"/>
  <testcase name="testCreditCardNumberOnlyNumbers[74]" classname="uk.ac.ed.inf.OrderValidatorTest" time="0"/>
  <testcase name="testCreditCardNumberOnlyNumbers[75]" classname="uk.ac.ed.inf.OrderValidatorTest" time="0.001"/>
  <testcase name="testCreditCardNumberOnlyNumbers[76]" classname="uk.ac.ed.inf.OrderValidatorTest" time="0"/>
  <testcase name="testCreditCardNumberOnlyNumbers[77]" classname="uk.ac.ed.inf.OrderValidatorTest" time="0"/>
  <testcase name="testCreditCardNumberOnlyNumbers[78]" classname="uk.ac.ed.inf.OrderValidatorTest" time="0.001"/>
  <testcase name="testCreditCardNumberOnlyNumbers[79]" classname="uk.ac.ed.inf.OrderValidatorTest" time="0"/>
  <testcase name="testCreditCardNumberOnlyNumbers[80]" classname="uk.ac.ed.inf.OrderValidatorTest" time="0"/>
  <testcase name="testCreditCardNumberOnlyNumbers[81]" classname="uk.ac.ed.inf.OrderValidatorTest" time="0.001"/>
  <testcase name="testCreditCardNumberOnlyNumbers[82]" classname="uk.ac.ed.inf.OrderValidatorTest" time="0"/>
  <testcase name="testCreditCardNumberOnlyNumbers[83]" classname="uk.ac.ed.inf.OrderValidatorTest" time="0"/>
  <testcase name="testCreditCardNumberOnlyNumbers[84]" classname="uk.ac.ed.inf.OrderValidatorTest" time="0.001"/>
  <testcase name="testCreditCardNumberOnlyNumbers[85]" classname="uk.ac.ed.inf.OrderValidatorTest" time="0"/>
  <testcase name="testCreditCardNumberOnlyNumbers[86]" classname="uk.ac.ed.inf.OrderValidatorTest" time="0.001"/>
  <testcase name="testCreditCardNumberOnlyNumbers[87]" classname="uk.ac.ed.inf.OrderValidatorTest" time="0"/>
  <testcase name="testCreditCardNumberOnlyNumbers[88]" classname="uk.ac.ed.inf.OrderValidatorTest" time="0"/>
  <testcase name="testCreditCardNumberOnlyNumbers[89]" classname="uk.ac.ed.inf.OrderValidatorTest" time="0.001"/>
  <testcase name="testCreditCardNumberOnlyNumbers[90]" classname="uk.ac.ed.inf.OrderValidatorTest" time="0"/>
  <testcase name="testCreditCardNumberOnlyNumbers[91]" classname="uk.ac.ed.inf.OrderValidatorTest" time="0"/>
  <testcase name="testCreditCardNumberOnlyNumbers[92]" classname="uk.ac.ed.inf.OrderValidatorTest" time="0.001"/>
  <testcase name="testCreditCardNumberOnlyNumbers[93]" classname="uk.ac.ed.inf.OrderValidatorTest" time="0"/>
  <testcase name="testCreditCardNumberOnlyNumbers[94]" classname="uk.ac.ed.inf.OrderValidatorTest" time="0"/>
  <testcase name="testCreditCardNumberOnlyNumbers[95]" classname="uk.ac.ed.inf.OrderValidatorTest" time="0.001"/>
  <testcase name="testCreditCardNumberOnlyNumbers[96]" classname="uk.ac.ed.inf.OrderValidatorTest" time="0"/>
  <testcase name="testCreditCardNumberOnlyNumbers[97]" classname="uk.ac.ed.inf.OrderValidatorTest" time="0"/>
  <testcase name="testCreditCardNumberOnlyNumbers[98]" classname="uk.ac.ed.inf.OrderValidatorTest" time="0.001"/>
  <testcase name="testCreditCardNumberOnlyNumbers[99]" classname="uk.ac.ed.inf.OrderValidatorTest" time="0"/>
  <testcase name="testCreditCardNumberOnlyNumbers[100]" classname="uk.ac.ed.inf.OrderValidatorTest" time="0"/>
  <testcase name="testCreditCardCExpiryDateInvalidMonthInFuture[1]" classname="uk.ac.ed.inf.OrderValidatorTest" time="0.001"/>
  <testcase name="testCreditCardCExpiryDateInvalidMonthInFuture[2]" classname="uk.ac.ed.inf.OrderValidatorTest" time="0"/>
  <testcase name="testCreditCardCExpiryDateInvalidMonthInFuture[3]" classname="uk.ac.ed.inf.OrderValidatorTest" time="0"/>
  <testcase name="testCreditCardCExpiryDateInvalidMonthInFuture[4]" classname="uk.ac.ed.inf.OrderValidatorTest" time="0.001"/>
  <testcase name="testCreditCardCExpiryDateInvalidMonthInFuture[5]" classname="uk.ac.ed.inf.OrderValidatorTest" time="0"/>
  <testcase name="testCreditCardCExpiryDateInvalidMonthInFuture[6]" classname="uk.ac.ed.inf.OrderValidatorTest" time="0"/>
  <testcase name="testCreditCardCExpiryDateInvalidMonthInFuture[7]" classname="uk.ac.ed.inf.OrderValidatorTest" time="0"/>
  <testcase name="testCreditCardCExpiryDateInvalidMonthInFuture[8]" classname="uk.ac.ed.inf.OrderValidatorTest" time="0.001"/>
  <testcase name="testCreditCardCExpiryDateInvalidMonthInFuture[9]" classname="uk.ac.ed.inf.OrderValidatorTest" time="0"/>
  <testcase name="testCreditCardCExpiryDateInvalidMonthInFuture[10]" classname="uk.ac.ed.inf.OrderValidatorTest" time="0"/>
  <testcase name="testCreditCardCExpiryDateInvalidMonthInFuture[11]" classname="uk.ac.ed.inf.OrderValidatorTest" time="0.001"/>
  <testcase name="testCreditCardCExpiryDateInvalidMonthInFuture[12]" classname="uk.ac.ed.inf.OrderValidatorTest" time="0"/>
  <testcase name="testCreditCardCExpiryDateInvalidMonthInFuture[13]" classname="uk.ac.ed.inf.OrderValidatorTest" time="0"/>
  <testcase name="testCreditCardCExpiryDateInvalidMonthInFuture[14]" classname="uk.ac.ed.inf.OrderValidatorTest" time="0.001"/>
  <testcase name="testCreditCardCExpiryDateInvalidMonthInFuture[15]" classname="uk.ac.ed.inf.OrderValidatorTest" time="0"/>
  <testcase name="testCreditCardCExpiryDateInvalidMonthInFuture[16]" classname="uk.ac.ed.inf.OrderValidatorTest" time="0"/>
  <testcase name="testCreditCardCExpiryDateInvalidMonthInFuture[17]" classname="uk.ac.ed.inf.OrderValidatorTest" time="0.001"/>
  <testcase name="testCreditCardCExpiryDateInvalidMonthInFuture[18]" classname="uk.ac.ed.inf.OrderValidatorTest" time="0"/>
  <testcase name="testCreditCardCExpiryDateInvalidMonthInFuture[19]" classname="uk.ac.ed.inf.OrderValidatorTest" time="0"/>
  <testcase name="testCreditCardCExpiryDateInvalidMonthInFuture[20]" classname="uk.ac.ed.inf.OrderValidatorTest" time="0"/>
  <testcase name="testCreditCardCExpiryDateInvalidMonthInFuture[21]" classname="uk.ac.ed.inf.OrderValidatorTest" time="0.001"/>
  <testcase name="testCreditCardCExpiryDateInvalidMonthInFuture[22]" classname="uk.ac.ed.inf.OrderValidatorTest" time="0"/>
  <testcase name="testCreditCardCExpiryDateInvalidMonthInFuture[23]" classname="uk.ac.ed.inf.OrderValidatorTest" time="0"/>
  <testcase name="testCreditCardCExpiryDateInvalidMonthInFuture[24]" classname="uk.ac.ed.inf.OrderValidatorTest" time="0.001"/>
  <testcase name="testCreditCardCExpiryDateInvalidMonthInFuture[25]" classname="uk.ac.ed.inf.OrderValidatorTest" time="0"/>
  <testcase name="testCreditCardCExpiryDateInvalidMonthInFuture[26]" classname="uk.ac.ed.inf.OrderValidatorTest" time="0"/>
  <testcase name="testCreditCardCExpiryDateInvalidMonthInFuture[27]" classname="uk.ac.ed.inf.OrderValidatorTest" time="0.001"/>
  <testcase name="testCreditCardCExpiryDateInvalidMonthInFuture[28]" classname="uk.ac.ed.inf.OrderValidatorTest" time="0"/>
  <testcase name="testCreditCardCExpiryDateInvalidMonthInFuture[29]" classname="uk.ac.ed.inf.OrderValidatorTest" time="0"/>
  <testcase name="testCreditCardCExpiryDateInvalidMonthInFuture[30]" classname="uk.ac.ed.inf.OrderValidatorTest" time="0"/>
  <testcase name="testCreditCardCExpiryDateInvalidMonthInFuture[31]" classname="uk.ac.ed.inf.OrderValidatorTest" time="0"/>
  <testcase name="testCreditCardCExpiryDateInvalidMonthInFuture[32]" classname="uk.ac.ed.inf.OrderValidatorTest" time="0"/>
  <testcase name="testCreditCardCExpiryDateInvalidMonthInFuture[33]" classname="uk.ac.ed.inf.OrderValidatorTest" time="0"/>
  <testcase name="testCreditCardCExpiryDateInvalidMonthInFuture[34]" classname="uk.ac.ed.inf.OrderValidatorTest" time="0.001"/>
  <testcase name="testCreditCardCExpiryDateInvalidMonthInFuture[35]" classname="uk.ac.ed.inf.OrderValidatorTest" time="0"/>
  <testcase name="testCreditCardCExpiryDateInvalidMonthInFuture[36]" classname="uk.ac.ed.inf.OrderValidatorTest" time="0"/>
  <testcase name="testCreditCardCExpiryDateInvalidMonthInFuture[37]" classname="uk.ac.ed.inf.OrderValidatorTest" time="0.001"/>
  <testcase name="testCreditCardCExpiryDateInvalidMonthInFuture[38]" classname="uk.ac.ed.inf.OrderValidatorTest" time="0"/>
  <testcase name="testCreditCardCExpiryDateInvalidMonthInFuture[39]" classname="uk.ac.ed.inf.OrderValidatorTest" time="0"/>
  <testcase name="testCreditCardCExpiryDateInvalidMonthInFuture[40]" classname="uk.ac.ed.inf.OrderValidatorTest" time="0"/>
  <testcase name="testCreditCardCExpiryDateInvalidMonthInFuture[41]" classname="uk.ac.ed.inf.OrderValidatorTest" time="0.001"/>
  <testcase name="testCreditCardCExpiryDateInvalidMonthInFuture[42]" classname="uk.ac.ed.inf.OrderValidatorTest" time="0"/>
  <testcase name="testCreditCardCExpiryDateInvalidMonthInFuture[43]" classname="uk.ac.ed.inf.OrderValidatorTest" time="0"/>
  <testcase name="testCreditCardCExpiryDateInvalidMonthInFuture[44]" classname="uk.ac.ed.inf.OrderValidatorTest" time="0.001"/>
  <testcase name="testCreditCardCExpiryDateInvalidMonthInFuture[45]" classname="uk.ac.ed.inf.OrderValidatorTest" time="0"/>
  <testcase name="testCreditCardCExpiryDateInvalidMonthInFuture[46]" classname="uk.ac.ed.inf.OrderValidatorTest" time="0"/>
  <testcase name="testCreditCardCExpiryDateInvalidMonthInFuture[47]" classname="uk.ac.ed.inf.OrderValidatorTest" time="0.001"/>
  <testcase name="testCreditCardCExpiryDateInvalidMonthInFuture[48]" classname="uk.ac.ed.inf.OrderValidatorTest" time="0"/>
  <testcase name="testCreditCardCExpiryDateInvalidMonthInFuture[49]" classname="uk.ac.ed.inf.OrderValidatorTest" time="0"/>
  <testcase name="testCreditCardCExpiryDateInvalidMonthInFuture[50]" classname="uk.ac.ed.inf.OrderValidatorTest" time="0"/>
  <testcase name="testCreditCardCExpiryDateInvalidMonthInFuture[51]" classname="uk.ac.ed.inf.OrderValidatorTest" time="0.001"/>
  <testcase name="testCreditCardCExpiryDateInvalidMonthInFuture[52]" classname="uk.ac.ed.inf.OrderValidatorTest" time="0"/>
  <testcase name="testCreditCardCExpiryDateInvalidMonthInFuture[53]" classname="uk.ac.ed.inf.OrderValidatorTest" time="0"/>
  <testcase name="testCreditCardCExpiryDateInvalidMonthInFuture[54]" classname="uk.ac.ed.inf.OrderValidatorTest" time="0.001"/>
  <testcase name="testCreditCardCExpiryDateInvalidMonthInFuture[55]" classname="uk.ac.ed.inf.OrderValidatorTest" time="0"/>
  <testcase name="testCreditCardCExpiryDateInvalidMonthInFuture[56]" classname="uk.ac.ed.inf.OrderValidatorTest" time="0"/>
  <testcase name="testCreditCardCExpiryDateInvalidMonthInFuture[57]" classname="uk.ac.ed.inf.OrderValidatorTest" time="0.001"/>
  <testcase name="testCreditCardCExpiryDateInvalidMonthInFuture[58]" classname="uk.ac.ed.inf.OrderValidatorTest" time="0"/>
  <testcase name="testCreditCardCExpiryDateInvalidMonthInFuture[59]" classname="uk.ac.ed.inf.OrderValidatorTest" time="0"/>
  <testcase name="testCreditCardCExpiryDateInvalidMonthInFuture[60]" classname="uk.ac.ed.inf.OrderValidatorTest" time="0"/>
  <testcase name="testCreditCardCExpiryDateInvalidMonthInFuture[61]" classname="uk.ac.ed.inf.OrderValidatorTest" time="0.001"/>
  <testcase name="testCreditCardCExpiryDateInvalidMonthInFuture[62]" classname="uk.ac.ed.inf.OrderValidatorTest" time="0"/>
  <testcase name="testCreditCardCExpiryDateInvalidMonthInFuture[63]" classname="uk.ac.ed.inf.OrderValidatorTest" time="0"/>
  <testcase name="testCreditCardCExpiryDateInvalidMonthInFuture[64]" classname="uk.ac.ed.inf.OrderValidatorTest" time="0.001"/>
  <testcase name="testCreditCardCExpiryDateInvalidMonthInFuture[65]" classname="uk.ac.ed.inf.OrderValidatorTest" time="0"/>
  <testcase name="testCreditCardCExpiryDateInvalidMonthInFuture[66]" classname="uk.ac.ed.inf.OrderValidatorTest" time="0"/>
  <testcase name="testCreditCardCExpiryDateInvalidMonthInFuture[67]" classname="uk.ac.ed.inf.OrderValidatorTest" time="0.001"/>
  <testcase name="testCreditCardCExpiryDateInvalidMonthInFuture[68]" classname="uk.ac.ed.inf.OrderValidatorTest" time="0"/>
  <testcase name="testCreditCardCExpiryDateInvalidMonthInFuture[69]" classname="uk.ac.ed.inf.OrderValidatorTest" time="0"/>
  <testcase name="testCreditCardCExpiryDateInvalidMonthInFuture[70]" classname="uk.ac.ed.inf.OrderValidatorTest" time="0.001"/>
  <testcase name="testCreditCardCExpiryDateInvalidMonthInFuture[71]" classname="uk.ac.ed.inf.OrderValidatorTest" time="0"/>
  <testcase name="testCreditCardCExpiryDateInvalidMonthInFuture[72]" classname="uk.ac.ed.inf.OrderValidatorTest" time="0"/>
  <testcase name="testCreditCardCExpiryDateInvalidMonthInFuture[73]" classname="uk.ac.ed.inf.OrderValidatorTest" time="0"/>
  <testcase name="testCreditCardCExpiryDateInvalidMonthInFuture[74]" classname="uk.ac.ed.inf.OrderValidatorTest" time="0.001"/>
  <testcase name="testCreditCardCExpiryDateInvalidMonthInFuture[75]" classname="uk.ac.ed.inf.OrderValidatorTest" time="0"/>
  <testcase name="testCreditCardCExpiryDateInvalidMonthInFuture[76]" classname="uk.ac.ed.inf.OrderValidatorTest" time="0"/>
  <testcase name="testCreditCardCExpiryDateInvalidMonthInFuture[77]" classname="uk.ac.ed.inf.OrderValidatorTest" time="0.001"/>
  <testcase name="testCreditCardCExpiryDateInvalidMonthInFuture[78]" classname="uk.ac.ed.inf.OrderValidatorTest" time="0"/>
  <testcase name="testCreditCardCExpiryDateInvalidMonthInFuture[79]" classname="uk.ac.ed.inf.OrderValidatorTest" time="0"/>
  <testcase name="testCreditCardCExpiryDateInvalidMonthInFuture[80]" classname="uk.ac.ed.inf.OrderValidatorTest" time="0.001"/>
  <testcase name="testCreditCardCExpiryDateInvalidMonthInFuture[81]" classname="uk.ac.ed.inf.OrderValidatorTest" time="0"/>
  <testcase name="testCreditCardCExpiryDateInvalidMonthInFuture[82]" classname="uk.ac.ed.inf.OrderValidatorTest" time="0"/>
  <testcase name="testCreditCardCExpiryDateInvalidMonthInFuture[83]" classname="uk.ac.ed.inf.OrderValidatorTest" time="0.001"/>
  <testcase name="testCreditCardCExpiryDateInvalidMonthInFuture[84]" classname="uk.ac.ed.inf.OrderValidatorTest" time="0"/>
  <testcase name="testCreditCardCExpiryDateInvalidMonthInFuture[85]" classname="uk.ac.ed.inf.OrderValidatorTest" time="0"/>
  <testcase name="testCreditCardCExpiryDateInvalidMonthInFuture[86]" classname="uk.ac.ed.inf.OrderValidatorTest" time="0.001"/>
  <testcase name="testCreditCardCExpiryDateInvalidMonthInFuture[87]" classname="uk.ac.ed.inf.OrderValidatorTest" time="0"/>
  <testcase name="testCreditCardCExpiryDateInvalidMonthInFuture[88]" classname="uk.ac.ed.inf.OrderValidatorTest" time="0"/>
  <testcase name="testCreditCardCExpiryDateInvalidMonthInFuture[89]" classname="uk.ac.ed.inf.OrderValidatorTest" time="0"/>
  <testcase name="testCreditCardCExpiryDateInvalidMonthInFuture[90]" classname="uk.ac.ed.inf.OrderValidatorTest" time="0.001"/>
  <testcase name="testCreditCardCExpiryDateInvalidMonthInFuture[91]" classname="uk.ac.ed.inf.OrderValidatorTest" time="0"/>
  <testcase name="testCreditCardCExpiryDateInvalidMonthInFuture[92]" classname="uk.ac.ed.inf.OrderValidatorTest" time="0"/>
  <testcase name="testCreditCardCExpiryDateInvalidMonthInFuture[93]" classname="uk.ac.ed.inf.OrderValidatorTest" time="0.001"/>
  <testcase name="testCreditCardCExpiryDateInvalidMonthInFuture[94]" classname="uk.ac.ed.inf.OrderValidatorTest" time="0"/>
  <testcase name="testCreditCardCExpiryDateInvalidMonthInFuture[95]" classname="uk.ac.ed.inf.OrderValidatorTest" time="0"/>
  <testcase name="testCreditCardCExpiryDateInvalidMonthInFuture[96]" classname="uk.ac.ed.inf.OrderValidatorTest" time="0.001"/>
  <testcase name="testCreditCardCExpiryDateInvalidMonthInFuture[97]" classname="uk.ac.ed.inf.OrderValidatorTest" time="0"/>
  <testcase name="testCreditCardCExpiryDateInvalidMonthInFuture[98]" classname="uk.ac.ed.inf.OrderValidatorTest" time="0"/>
  <testcase name="testCreditCardCExpiryDateInvalidMonthInFuture[99]" classname="uk.ac.ed.inf.OrderValidatorTest" time="0.001"/>
  <testcase name="testCreditCardCExpiryDateInvalidMonthInFuture[100]" classname="uk.ac.ed.inf.OrderValidatorTest" time="0"/>
  <testcase name="testCreditCardCExpiryDateInvalidMonthCurrentYear[1]" classname="uk.ac.ed.inf.OrderValidatorTest" time="0"/>
  <testcase name="testCreditCardCExpiryDateInvalidMonthCurrentYear[2]" classname="uk.ac.ed.inf.OrderValidatorTest" time="0.001"/>
  <testcase name="testCreditCardCExpiryDateInvalidMonthCurrentYear[3]" classname="uk.ac.ed.inf.OrderValidatorTest" time="0"/>
  <testcase name="testCreditCardCExpiryDateInvalidMonthCurrentYear[4]" classname="uk.ac.ed.inf.OrderValidatorTest" time="0"/>
  <testcase name="testCreditCardCExpiryDateInvalidMonthCurrentYear[5]" classname="uk.ac.ed.inf.OrderValidatorTest" time="0"/>
  <testcase name="testCreditCardCExpiryDateInvalidMonthCurrentYear[6]" classname="uk.ac.ed.inf.OrderValidatorTest" time="0.001"/>
  <testcase name="testCreditCardCExpiryDateInvalidMonthCurrentYear[7]" classname="uk.ac.ed.inf.OrderValidatorTest" time="0"/>
  <testcase name="testCreditCardCExpiryDateInvalidMonthCurrentYear[8]" classname="uk.ac.ed.inf.OrderValidatorTest" time="0"/>
  <testcase name="testCreditCardCExpiryDateInvalidMonthCurrentYear[9]" classname="uk.ac.ed.inf.OrderValidatorTest" time="0.001"/>
  <testcase name="testCreditCardCExpiryDateInvalidMonthCurrentYear[10]" classname="uk.ac.ed.inf.OrderValidatorTest" time="0"/>
  <testcase name="testCreditCardCExpiryDateInvalidMonthCurrentYear[11]" classname="uk.ac.ed.inf.OrderValidatorTest" time="0"/>
  <testcase name="testCreditCardCExpiryDateInvalidMonthCurrentYear[12]" classname="uk.ac.ed.inf.OrderValidatorTest" time="0.001"/>
  <testcase name="testCreditCardCExpiryDateInvalidMonthCurrentYear[13]" classname="uk.ac.ed.inf.OrderValidatorTest" time="0"/>
  <testcase name="testCreditCardCExpiryDateInvalidMonthCurrentYear[14]" classname="uk.ac.ed.inf.OrderValidatorTest" time="0"/>
  <testcase name="testCreditCardCExpiryDateInvalidMonthCurrentYear[15]" classname="uk.ac.ed.inf.OrderValidatorTest" time="0"/>
  <testcase name="testCreditCardCExpiryDateInvalidMonthCurrentYear[16]" classname="uk.ac.ed.inf.OrderValidatorTest" time="0.001"/>
  <testcase name="testCreditCardCExpiryDateInvalidMonthCurrentYear[17]" classname="uk.ac.ed.inf.OrderValidatorTest" time="0"/>
  <testcase name="testCreditCardCExpiryDateInvalidMonthCurrentYear[18]" classname="uk.ac.ed.inf.OrderValidatorTest" time="0"/>
  <testcase name="testCreditCardCExpiryDateInvalidMonthCurrentYear[19]" classname="uk.ac.ed.inf.OrderValidatorTest" time="0.001"/>
  <testcase name="testCreditCardCExpiryDateInvalidMonthCurrentYear[20]" classname="uk.ac.ed.inf.OrderValidatorTest" time="0"/>
  <testcase name="testCreditCardCExpiryDateInvalidMonthCurrentYear[21]" classname="uk.ac.ed.inf.OrderValidatorTest" time="0"/>
  <testcase name="testCreditCardCExpiryDateInvalidMonthCurrentYear[22]" classname="uk.ac.ed.inf.OrderValidatorTest" time="0.001"/>
  <testcase name="testCreditCardCExpiryDateInvalidMonthCurrentYear[23]" classname="uk.ac.ed.inf.OrderValidatorTest" time="0"/>
  <testcase name="testCreditCardCExpiryDateInvalidMonthCurrentYear[24]" classname="uk.ac.ed.inf.OrderValidatorTest" time="0"/>
  <testcase name="testCreditCardCExpiryDateInvalidMonthCurrentYear[25]" classname="uk.ac.ed.inf.OrderValidatorTest" time="0"/>
  <testcase name="testCreditCardCExpiryDateInvalidMonthCurrentYear[26]" classname="uk.ac.ed.inf.OrderValidatorTest" time="0.001"/>
  <testcase name="testCreditCardCExpiryDateInvalidMonthCurrentYear[27]" classname="uk.ac.ed.inf.OrderValidatorTest" time="0"/>
  <testcase name="testCreditCardCExpiryDateInvalidMonthCurrentYear[28]" classname="uk.ac.ed.inf.OrderValidatorTest" time="0"/>
  <testcase name="testCreditCardCExpiryDateInvalidMonthCurrentYear[29]" classname="uk.ac.ed.inf.OrderValidatorTest" time="0.001"/>
  <testcase name="testCreditCardCExpiryDateInvalidMonthCurrentYear[30]" classname="uk.ac.ed.inf.OrderValidatorTest" time="0"/>
  <testcase name="testCreditCardCExpiryDateInvalidMonthCurrentYear[31]" classname="uk.ac.ed.inf.OrderValidatorTest" time="0"/>
  <testcase name="testCreditCardCExpiryDateInvalidMonthCurrentYear[32]" classname="uk.ac.ed.inf.OrderValidatorTest" time="0.001"/>
  <testcase name="testCreditCardCExpiryDateInvalidMonthCurrentYear[33]" classname="uk.ac.ed.inf.OrderValidatorTest" time="0"/>
  <testcase name="testCreditCardCExpiryDateInvalidMonthCurrentYear[34]" classname="uk.ac.ed.inf.OrderValidatorTest" time="0"/>
  <testcase name="testCreditCardCExpiryDateInvalidMonthCurrentYear[35]" classname="uk.ac.ed.inf.OrderValidatorTest" time="0.001"/>
  <testcase name="testCreditCardCExpiryDateInvalidMonthCurrentYear[36]" classname="uk.ac.ed.inf.OrderValidatorTest" time="0"/>
  <testcase name="testCreditCardCExpiryDateInvalidMonthCurrentYear[37]" classname="uk.ac.ed.inf.OrderValidatorTest" time="0"/>
  <testcase name="testCreditCardCExpiryDateInvalidMonthCurrentYear[38]" classname="uk.ac.ed.inf.OrderValidatorTest" time="0.001"/>
  <testcase name="testCreditCardCExpiryDateInvalidMonthCurrentYear[39]" classname="uk.ac.ed.inf.OrderValidatorTest" time="0"/>
  <testcase name="testCreditCardCExpiryDateInvalidMonthCurrentYear[40]" classname="uk.ac.ed.inf.OrderValidatorTest" time="0"/>
  <testcase name="testCreditCardCExpiryDateInvalidMonthCurrentYear[41]" classname="uk.ac.ed.inf.OrderValidatorTest" time="0.001"/>
  <testcase name="testCreditCardCExpiryDateInvalidMonthCurrentYear[42]" classname="uk.ac.ed.inf.OrderValidatorTest" time="0"/>
  <testcase name="testCreditCardCExpiryDateInvalidMonthCurrentYear[43]" classname="uk.ac.ed.inf.OrderValidatorTest" time="0"/>
  <testcase name="testCreditCardCExpiryDateInvalidMonthCurrentYear[44]" classname="uk.ac.ed.inf.OrderValidatorTest" time="0"/>
  <testcase name="testCreditCardCExpiryDateInvalidMonthCurrentYear[45]" classname="uk.ac.ed.inf.OrderValidatorTest" time="0.001"/>
  <testcase name="testCreditCardCExpiryDateInvalidMonthCurrentYear[46]" classname="uk.ac.ed.inf.OrderValidatorTest" time="0"/>
  <testcase name="testCreditCardCExpiryDateInvalidMonthCurrentYear[47]" classname="uk.ac.ed.inf.OrderValidatorTest" time="0"/>
  <testcase name="testCreditCardCExpiryDateInvalidMonthCurrentYear[48]" classname="uk.ac.ed.inf.OrderValidatorTest" time="0.001"/>
  <testcase name="testCreditCardCExpiryDateInvalidMonthCurrentYear[49]" classname="uk.ac.ed.inf.OrderValidatorTest" time="0"/>
  <testcase name="testCreditCardCExpiryDateInvalidMonthCurrentYear[50]" classname="uk.ac.ed.inf.OrderValidatorTest" time="0"/>
  <testcase name="testCreditCardCExpiryDateInvalidMonthCurrentYear[51]" classname="uk.ac.ed.inf.OrderValidatorTest" time="0.001"/>
  <testcase name="testCreditCardCExpiryDateInvalidMonthCurrentYear[52]" classname="uk.ac.ed.inf.OrderValidatorTest" time="0"/>
  <testcase name="testCreditCardCExpiryDateInvalidMonthCurrentYear[53]" classname="uk.ac.ed.inf.OrderValidatorTest" time="0"/>
  <testcase name="testCreditCardCExpiryDateInvalidMonthCurrentYear[54]" classname="uk.ac.ed.inf.OrderValidatorTest" time="0.001"/>
  <testcase name="testCreditCardCExpiryDateInvalidMonthCurrentYear[55]" classname="uk.ac.ed.inf.OrderValidatorTest" time="0"/>
  <testcase name="testCreditCardCExpiryDateInvalidMonthCurrentYear[56]" classname="uk.ac.ed.inf.OrderValidatorTest" time="0"/>
  <testcase name="testCreditCardCExpiryDateInvalidMonthCurrentYear[57]" classname="uk.ac.ed.inf.OrderValidatorTest" time="0"/>
  <testcase name="testCreditCardCExpiryDateInvalidMonthCurrentYear[58]" classname="uk.ac.ed.inf.OrderValidatorTest" time="0.001"/>
  <testcase name="testCreditCardCExpiryDateInvalidMonthCurrentYear[59]" classname="uk.ac.ed.inf.OrderValidatorTest" time="0"/>
  <testcase name="testCreditCardCExpiryDateInvalidMonthCurrentYear[60]" classname="uk.ac.ed.inf.OrderValidatorTest" time="0"/>
  <testcase name="testCreditCardCExpiryDateInvalidMonthCurrentYear[61]" classname="uk.ac.ed.inf.OrderValidatorTest" time="0.001"/>
  <testcase name="testCreditCardCExpiryDateInvalidMonthCurrentYear[62]" classname="uk.ac.ed.inf.OrderValidatorTest" time="0"/>
  <testcase name="testCreditCardCExpiryDateInvalidMonthCurrentYear[63]" classname="uk.ac.ed.inf.OrderValidatorTest" time="0"/>
  <testcase name="testCreditCardCExpiryDateInvalidMonthCurrentYear[64]" classname="uk.ac.ed.inf.OrderValidatorTest" time="0.001"/>
  <testcase name="testCreditCardCExpiryDateInvalidMonthCurrentYear[65]" classname="uk.ac.ed.inf.OrderValidatorTest" time="0"/>
  <testcase name="testCreditCardCExpiryDateInvalidMonthCurrentYear[66]" classname="uk.ac.ed.inf.OrderValidatorTest" time="0"/>
  <testcase name="testCreditCardCExpiryDateInvalidMonthCurrentYear[67]" classname="uk.ac.ed.inf.OrderValidatorTest" time="0.001"/>
  <testcase name="testCreditCardCExpiryDateInvalidMonthCurrentYear[68]" classname="uk.ac.ed.inf.OrderValidatorTest" time="0"/>
  <testcase name="testCreditCardCExpiryDateInvalidMonthCurrentYear[69]" classname="uk.ac.ed.inf.OrderValidatorTest" time="0"/>
  <testcase name="testCreditCardCExpiryDateInvalidMonthCurrentYear[70]" classname="uk.ac.ed.inf.OrderValidatorTest" time="0.001"/>
  <testcase name="testCreditCardCExpiryDateInvalidMonthCurrentYear[71]" classname="uk.ac.ed.inf.OrderValidatorTest" time="0"/>
  <testcase name="testCreditCardCExpiryDateInvalidMonthCurrentYear[72]" classname="uk.ac.ed.inf.OrderValidatorTest" time="0"/>
  <testcase name="testCreditCardCExpiryDateInvalidMonthCurrentYear[73]" classname="uk.ac.ed.inf.OrderValidatorTest" time="0.001"/>
  <testcase name="testCreditCardCExpiryDateInvalidMonthCurrentYear[74]" classname="uk.ac.ed.inf.OrderValidatorTest" time="0"/>
  <testcase name="testCreditCardCExpiryDateInvalidMonthCurrentYear[75]" classname="uk.ac.ed.inf.OrderValidatorTest" time="0"/>
  <testcase name="testCreditCardCExpiryDateInvalidMonthCurrentYear[76]" classname="uk.ac.ed.inf.OrderValidatorTest" time="0"/>
  <testcase name="testCreditCardCExpiryDateInvalidMonthCurrentYear[77]" classname="uk.ac.ed.inf.OrderValidatorTest" time="0.001"/>
  <testcase name="testCreditCardCExpiryDateInvalidMonthCurrentYear[78]" classname="uk.ac.ed.inf.OrderValidatorTest" time="0"/>
  <testcase name="testCreditCardCExpiryDateInvalidMonthCurrentYear[79]" classname="uk.ac.ed.inf.OrderValidatorTest" time="0"/>
  <testcase name="testCreditCardCExpiryDateInvalidMonthCurrentYear[80]" classname="uk.ac.ed.inf.OrderValidatorTest" time="0.001"/>
  <testcase name="testCreditCardCExpiryDateInvalidMonthCurrentYear[81]" classname="uk.ac.ed.inf.OrderValidatorTest" time="0"/>
  <testcase name="testCreditCardCExpiryDateInvalidMonthCurrentYear[82]" classname="uk.ac.ed.inf.OrderValidatorTest" time="0"/>
  <testcase name="testCreditCardCExpiryDateInvalidMonthCurrentYear[83]" classname="uk.ac.ed.inf.OrderValidatorTest" time="0.001"/>
  <testcase name="testCreditCardCExpiryDateInvalidMonthCurrentYear[84]" classname="uk.ac.ed.inf.OrderValidatorTest" time="0"/>
  <testcase name="testCreditCardCExpiryDateInvalidMonthCurrentYear[85]" classname="uk.ac.ed.inf.OrderValidatorTest" time="0"/>
  <testcase name="testCreditCardCExpiryDateInvalidMonthCurrentYear[86]" classname="uk.ac.ed.inf.OrderValidatorTest" time="0"/>
  <testcase name="testCreditCardCExpiryDateInvalidMonthCurrentYear[87]" classname="uk.ac.ed.inf.OrderValidatorTest" time="0.001"/>
  <testcase name="testCreditCardCExpiryDateInvalidMonthCurrentYear[88]" classname="uk.ac.ed.inf.OrderValidatorTest" time="0"/>
  <testcase name="testCreditCardCExpiryDateInvalidMonthCurrentYear[89]" classname="uk.ac.ed.inf.OrderValidatorTest" time="0"/>
  <testcase name="testCreditCardCExpiryDateInvalidMonthCurrentYear[90]" classname="uk.ac.ed.inf.OrderValidatorTest" time="0.001"/>
  <testcase name="testCreditCardCExpiryDateInvalidMonthCurrentYear[91]" classname="uk.ac.ed.inf.OrderValidatorTest" time="0"/>
  <testcase name="testCreditCardCExpiryDateInvalidMonthCurrentYear[92]" classname="uk.ac.ed.inf.OrderValidatorTest" time="0"/>
  <testcase name="testCreditCardCExpiryDateInvalidMonthCurrentYear[93]" classname="uk.ac.ed.inf.OrderValidatorTest" time="0"/>
  <testcase name="testCreditCardCExpiryDateInvalidMonthCurrentYear[94]" classname="uk.ac.ed.inf.OrderValidatorTest" time="0.001"/>
  <testcase name="testCreditCardCExpiryDateInvalidMonthCurrentYear[95]" classname="uk.ac.ed.inf.OrderValidatorTest" time="0"/>
  <testcase name="testCreditCardCExpiryDateInvalidMonthCurrentYear[96]" classname="uk.ac.ed.inf.OrderValidatorTest" time="0"/>
  <testcase name="testCreditCardCExpiryDateInvalidMonthCurrentYear[97]" classname="uk.ac.ed.inf.OrderValidatorTest" time="0.001"/>
  <testcase name="testCreditCardCExpiryDateInvalidMonthCurrentYear[98]" classname="uk.ac.ed.inf.OrderValidatorTest" time="0"/>
  <testcase name="testCreditCardCExpiryDateInvalidMonthCurrentYear[99]" classname="uk.ac.ed.inf.OrderValidatorTest" time="0.001"/>
  <testcase name="testCreditCardCExpiryDateInvalidMonthCurrentYear[100]" classname="uk.ac.ed.inf.OrderValidatorTest" time="0"/>
  <testcase name="test4PizzasInOneOrder[1]" classname="uk.ac.ed.inf.OrderValidatorTest" time="0"/>
  <testcase name="test4PizzasInOneOrder[2]" classname="uk.ac.ed.inf.OrderValidatorTest" time="0.001"/>
  <testcase name="test4PizzasInOneOrder[3]" classname="uk.ac.ed.inf.OrderValidatorTest" time="0"/>
  <testcase name="test4PizzasInOneOrder[4]" classname="uk.ac.ed.inf.OrderValidatorTest" time="0.001"/>
  <testcase name="test4PizzasInOneOrder[5]" classname="uk.ac.ed.inf.OrderValidatorTest" time="0"/>
  <testcase name="test4PizzasInOneOrder[6]" classname="uk.ac.ed.inf.OrderValidatorTest" time="0.001"/>
  <testcase name="test4PizzasInOneOrder[7]" classname="uk.ac.ed.inf.OrderValidatorTest" time="0"/>
  <testcase name="test4PizzasInOneOrder[8]" classname="uk.ac.ed.inf.OrderValidatorTest" time="0.001"/>
  <testcase name="test4PizzasInOneOrder[9]" classname="uk.ac.ed.inf.OrderValidatorTest" time="0"/>
  <testcase name="test4PizzasInOneOrder[10]" classname="uk.ac.ed.inf.OrderValidatorTest" time="0"/>
  <testcase name="test4PizzasInOneOrder[11]" classname="uk.ac.ed.inf.OrderValidatorTest" time="0.001"/>
  <testcase name="test4PizzasInOneOrder[12]" classname="uk.ac.ed.inf.OrderValidatorTest" time="0"/>
  <testcase name="test4PizzasInOneOrder[13]" classname="uk.ac.ed.inf.OrderValidatorTest" time="0.001"/>
  <testcase name="test4PizzasInOneOrder[14]" classname="uk.ac.ed.inf.OrderValidatorTest" time="0"/>
  <testcase name="test4PizzasInOneOrder[15]" classname="uk.ac.ed.inf.OrderValidatorTest" time="0.001"/>
  <testcase name="test4PizzasInOneOrder[16]" classname="uk.ac.ed.inf.OrderValidatorTest" time="0"/>
  <testcase name="test4PizzasInOneOrder[17]" classname="uk.ac.ed.inf.OrderValidatorTest" time="0.001"/>
  <testcase name="test4PizzasInOneOrder[18]" classname="uk.ac.ed.inf.OrderValidatorTest" time="0"/>
  <testcase name="test4PizzasInOneOrder[19]" classname="uk.ac.ed.inf.OrderValidatorTest" time="0.001"/>
  <testcase name="test4PizzasInOneOrder[20]" classname="uk.ac.ed.inf.OrderValidatorTest" time="0"/>
  <testcase name="test4PizzasInOneOrder[21]" classname="uk.ac.ed.inf.OrderValidatorTest" time="0.001"/>
  <testcase name="test4PizzasInOneOrder[22]" classname="uk.ac.ed.inf.OrderValidatorTest" time="0"/>
  <testcase name="test4PizzasInOneOrder[23]" classname="uk.ac.ed.inf.OrderValidatorTest" time="0.001"/>
  <testcase name="test4PizzasInOneOrder[24]" classname="uk.ac.ed.inf.OrderValidatorTest" time="0"/>
  <testcase name="test4PizzasInOneOrder[25]" classname="uk.ac.ed.inf.OrderValidatorTest" time="0"/>
  <testcase name="test4PizzasInOneOrder[26]" classname="uk.ac.ed.inf.OrderValidatorTest" time="0.001"/>
  <testcase name="test4PizzasInOneOrder[27]" classname="uk.ac.ed.inf.OrderValidatorTest" time="0"/>
  <testcase name="test4PizzasInOneOrder[28]" classname="uk.ac.ed.inf.OrderValidatorTest" time="0.001"/>
  <testcase name="test4PizzasInOneOrder[29]" classname="uk.ac.ed.inf.OrderValidatorTest" time="0"/>
  <testcase name="test4PizzasInOneOrder[30]" classname="uk.ac.ed.inf.OrderValidatorTest" time="0.001"/>
  <testcase name="test4PizzasInOneOrder[31]" classname="uk.ac.ed.inf.OrderValidatorTest" time="0"/>
  <testcase name="test4PizzasInOneOrder[32]" classname="uk.ac.ed.inf.OrderValidatorTest" time="0"/>
  <testcase name="test4PizzasInOneOrder[33]" classname="uk.ac.ed.inf.OrderValidatorTest" time="0.001"/>
  <testcase name="test4PizzasInOneOrder[34]" classname="uk.ac.ed.inf.OrderValidatorTest" time="0"/>
  <testcase name="test4PizzasInOneOrder[35]" classname="uk.ac.ed.inf.OrderValidatorTest" time="0.001"/>
  <testcase name="test4PizzasInOneOrder[36]" classname="uk.ac.ed.inf.OrderValidatorTest" time="0"/>
  <testcase name="test4PizzasInOneOrder[37]" classname="uk.ac.ed.inf.OrderValidatorTest" time="0.001"/>
  <testcase name="test4PizzasInOneOrder[38]" classname="uk.ac.ed.inf.OrderValidatorTest" time="0"/>
  <testcase name="test4PizzasInOneOrder[39]" classname="uk.ac.ed.inf.OrderValidatorTest" time="0"/>
  <testcase name="test4PizzasInOneOrder[40]" classname="uk.ac.ed.inf.OrderValidatorTest" time="0.001"/>
  <testcase name="test4PizzasInOneOrder[41]" classname="uk.ac.ed.inf.OrderValidatorTest" time="0"/>
  <testcase name="test4PizzasInOneOrder[42]" classname="uk.ac.ed.inf.OrderValidatorTest" time="0.001"/>
  <testcase name="test4PizzasInOneOrder[43]" classname="uk.ac.ed.inf.OrderValidatorTest" time="0"/>
  <testcase name="test4PizzasInOneOrder[44]" classname="uk.ac.ed.inf.OrderValidatorTest" time="0.001"/>
  <testcase name="test4PizzasInOneOrder[45]" classname="uk.ac.ed.inf.OrderValidatorTest" time="0"/>
  <testcase name="test4PizzasInOneOrder[46]" classname="uk.ac.ed.inf.OrderValidatorTest" time="0.001"/>
  <testcase name="test4PizzasInOneOrder[47]" classname="uk.ac.ed.inf.OrderValidatorTest" time="0"/>
  <testcase name="test4PizzasInOneOrder[48]" classname="uk.ac.ed.inf.OrderValidatorTest" time="0.001"/>
  <testcase name="test4PizzasInOneOrder[49]" classname="uk.ac.ed.inf.OrderValidatorTest" time="0"/>
  <testcase name="test4PizzasInOneOrder[50]" classname="uk.ac.ed.inf.OrderValidatorTest" time="0.001"/>
  <testcase name="test4PizzasInOneOrder[51]" classname="uk.ac.ed.inf.OrderValidatorTest" time="0"/>
  <testcase name="test4PizzasInOneOrder[52]" classname="uk.ac.ed.inf.OrderValidatorTest" time="0.001"/>
  <testcase name="test4PizzasInOneOrder[53]" classname="uk.ac.ed.inf.OrderValidatorTest" time="0"/>
  <testcase name="test4PizzasInOneOrder[54]" classname="uk.ac.ed.inf.OrderValidatorTest" time="0.001"/>
  <testcase name="test4PizzasInOneOrder[55]" classname="uk.ac.ed.inf.OrderValidatorTest" time="0"/>
  <testcase name="test4PizzasInOneOrder[56]" classname="uk.ac.ed.inf.OrderValidatorTest" time="0.001"/>
  <testcase name="test4PizzasInOneOrder[57]" classname="uk.ac.ed.inf.OrderValidatorTest" time="0"/>
  <testcase name="test4PizzasInOneOrder[58]" classname="uk.ac.ed.inf.OrderValidatorTest" time="0.001"/>
  <testcase name="test4PizzasInOneOrder[59]" classname="uk.ac.ed.inf.OrderValidatorTest" time="0"/>
  <testcase name="test4PizzasInOneOrder[60]" classname="uk.ac.ed.inf.OrderValidatorTest" time="0"/>
  <testcase name="test4PizzasInOneOrder[61]" classname="uk.ac.ed.inf.OrderValidatorTest" time="0.001"/>
  <testcase name="test4PizzasInOneOrder[62]" classname="uk.ac.ed.inf.OrderValidatorTest" time="0"/>
  <testcase name="test4PizzasInOneOrder[63]" classname="uk.ac.ed.inf.OrderValidatorTest" time="0.001"/>
  <testcase name="test4PizzasInOneOrder[64]" classname="uk.ac.ed.inf.OrderValidatorTest" time="0"/>
  <testcase name="test4PizzasInOneOrder[65]" classname="uk.ac.ed.inf.OrderValidatorTest" time="0.001"/>
  <testcase name="test4PizzasInOneOrder[66]" classname="uk.ac.ed.inf.OrderValidatorTest" time="0"/>
  <testcase name="test4PizzasInOneOrder[67]" classname="uk.ac.ed.inf.OrderValidatorTest" time="0.001"/>
  <testcase name="test4PizzasInOneOrder[68]" classname="uk.ac.ed.inf.OrderValidatorTest" time="0"/>
  <testcase name="test4PizzasInOneOrder[69]" classname="uk.ac.ed.inf.OrderValidatorTest" time="0"/>
  <testcase name="test4PizzasInOneOrder[70]" classname="uk.ac.ed.inf.OrderValidatorTest" time="0.001"/>
  <testcase name="test4PizzasInOneOrder[71]" classname="uk.ac.ed.inf.OrderValidatorTest" time="0"/>
  <testcase name="test4PizzasInOneOrder[72]" classname="uk.ac.ed.inf.OrderValidatorTest" time="0.001"/>
  <testcase name="test4PizzasInOneOrder[73]" classname="uk.ac.ed.inf.OrderValidatorTest" time="0"/>
  <testcase name="test4PizzasInOneOrder[74]" classname="uk.ac.ed.inf.OrderValidatorTest" time="0.001"/>
  <testcase name="test4PizzasInOneOrder[75]" classname="uk.ac.ed.inf.OrderValidatorTest" time="0"/>
  <testcase name="test4PizzasInOneOrder[76]" classname="uk.ac.ed.inf.OrderValidatorTest" time="0.001"/>
  <testcase name="test4PizzasInOneOrder[77]" classname="uk.ac.ed.inf.OrderValidatorTest" time="0"/>
  <testcase name="test4PizzasInOneOrder[78]" classname="uk.ac.ed.inf.OrderValidatorTest" time="0.001"/>
  <testcase name="test4PizzasInOneOrder[79]" classname="uk.ac.ed.inf.OrderValidatorTest" time="0"/>
  <testcase name="test4PizzasInOneOrder[80]" classname="uk.ac.ed.inf.OrderValidatorTest" time="0"/>
  <testcase name="test4PizzasInOneOrder[81]" classname="uk.ac.ed.inf.OrderValidatorTest" time="0.001"/>
  <testcase name="test4PizzasInOneOrder[82]" classname="uk.ac.ed.inf.OrderValidatorTest" time="0"/>
  <testcase name="test4PizzasInOneOrder[83]" classname="uk.ac.ed.inf.OrderValidatorTest" time="0.001"/>
  <testcase name="test4PizzasInOneOrder[84]" classname="uk.ac.ed.inf.OrderValidatorTest" time="0"/>
  <testcase name="test4PizzasInOneOrder[85]" classname="uk.ac.ed.inf.OrderValidatorTest" time="0.001"/>
  <testcase name="test4PizzasInOneOrder[86]" classname="uk.ac.ed.inf.OrderValidatorTest" time="0"/>
  <testcase name="test4PizzasInOneOrder[87]" classname="uk.ac.ed.inf.OrderValidatorTest" time="0.001"/>
  <testcase name="test4PizzasInOneOrder[88]" classname="uk.ac.ed.inf.OrderValidatorTest" time="0"/>
  <testcase name="test4PizzasInOneOrder[89]" classname="uk.ac.ed.inf.OrderValidatorTest" time="0.001"/>
  <testcase name="test4PizzasInOneOrder[90]" classname="uk.ac.ed.inf.OrderValidatorTest" time="0"/>
  <testcase name="test4PizzasInOneOrder[91]" classname="uk.ac.ed.inf.OrderValidatorTest" time="0.001"/>
  <testcase name="test4PizzasInOneOrder[92]" classname="uk.ac.ed.inf.OrderValidatorTest" time="0"/>
  <testcase name="test4PizzasInOneOrder[93]" classname="uk.ac.ed.inf.OrderValidatorTest" time="0.001"/>
  <testcase name="test4PizzasInOneOrder[94]" classname="uk.ac.ed.inf.OrderValidatorTest" time="0"/>
  <testcase name="test4PizzasInOneOrder[95]" classname="uk.ac.ed.inf.OrderValidatorTest" time="0"/>
  <testcase name="test4PizzasInOneOrder[96]" classname="uk.ac.ed.inf.OrderValidatorTest" time="0.001"/>
  <testcase name="test4PizzasInOneOrder[97]" classname="uk.ac.ed.inf.OrderValidatorTest" time="0"/>
  <testcase name="test4PizzasInOneOrder[98]" classname="uk.ac.ed.inf.OrderValidatorTest" time="0.001"/>
  <testcase name="test4PizzasInOneOrder[99]" classname="uk.ac.ed.inf.OrderValidatorTest" time="0"/>
  <testcase name="test4PizzasInOneOrder[100]" classname="uk.ac.ed.inf.OrderValidatorTest" time="0.001"/>
  <testcase name="testCreditCardNumberEmptyString[1]" classname="uk.ac.ed.inf.OrderValidatorTest" time="0"/>
  <testcase name="testCreditCardNumberEmptyString[2]" classname="uk.ac.ed.inf.OrderValidatorTest" time="0"/>
  <testcase name="testCreditCardNumberEmptyString[3]" classname="uk.ac.ed.inf.OrderValidatorTest" time="0.001"/>
  <testcase name="testCreditCardNumberEmptyString[4]" classname="uk.ac.ed.inf.OrderValidatorTest" time="0"/>
  <testcase name="testCreditCardNumberEmptyString[5]" classname="uk.ac.ed.inf.OrderValidatorTest" time="0"/>
  <testcase name="testCreditCardNumberEmptyString[6]" classname="uk.ac.ed.inf.OrderValidatorTest" time="0.001"/>
  <testcase name="testCreditCardNumberEmptyString[7]" classname="uk.ac.ed.inf.OrderValidatorTest" time="0"/>
  <testcase name="testCreditCardNumberEmptyString[8]" classname="uk.ac.ed.inf.OrderValidatorTest" time="0"/>
  <testcase name="testCreditCardNumberEmptyString[9]" classname="uk.ac.ed.inf.OrderValidatorTest" time="0"/>
  <testcase name="testCreditCardNumberEmptyString[10]" classname="uk.ac.ed.inf.OrderValidatorTest" time="0"/>
  <testcase name="testCreditCardNumberEmptyString[11]" classname="uk.ac.ed.inf.OrderValidatorTest" time="0"/>
  <testcase name="testCreditCardNumberEmptyString[12]" classname="uk.ac.ed.inf.OrderValidatorTest" time="0"/>
  <testcase name="testCreditCardNumberEmptyString[13]" classname="uk.ac.ed.inf.OrderValidatorTest" time="0.001"/>
  <testcase name="testCreditCardNumberEmptyString[14]" classname="uk.ac.ed.inf.OrderValidatorTest" time="0"/>
  <testcase name="testCreditCardNumberEmptyString[15]" classname="uk.ac.ed.inf.OrderValidatorTest" time="0"/>
  <testcase name="testCreditCardNumberEmptyString[16]" classname="uk.ac.ed.inf.OrderValidatorTest" time="0.001"/>
  <testcase name="testCreditCardNumberEmptyString[17]" classname="uk.ac.ed.inf.OrderValidatorTest" time="0"/>
  <testcase name="testCreditCardNumberEmptyString[18]" classname="uk.ac.ed.inf.OrderValidatorTest" time="0"/>
  <testcase name="testCreditCardNumberEmptyString[19]" classname="uk.ac.ed.inf.OrderValidatorTest" time="0.001"/>
  <testcase name="testCreditCardNumberEmptyString[20]" classname="uk.ac.ed.inf.OrderValidatorTest" time="0"/>
  <testcase name="testCreditCardNumberEmptyString[21]" classname="uk.ac.ed.inf.OrderValidatorTest" time="0"/>
  <testcase name="testCreditCardNumberEmptyString[22]" classname="uk.ac.ed.inf.OrderValidatorTest" time="0"/>
  <testcase name="testCreditCardNumberEmptyString[23]" classname="uk.ac.ed.inf.OrderValidatorTest" time="0.001"/>
  <testcase name="testCreditCardNumberEmptyString[24]" classname="uk.ac.ed.inf.OrderValidatorTest" time="0"/>
  <testcase name="testCreditCardNumberEmptyString[25]" classname="uk.ac.ed.inf.OrderValidatorTest" time="0"/>
  <testcase name="testCreditCardNumberEmptyString[26]" classname="uk.ac.ed.inf.OrderValidatorTest" time="0"/>
  <testcase name="testCreditCardNumberEmptyString[27]" classname="uk.ac.ed.inf.OrderValidatorTest" time="0.001"/>
  <testcase name="testCreditCardNumberEmptyString[28]" classname="uk.ac.ed.inf.OrderValidatorTest" time="0"/>
  <testcase name="testCreditCardNumberEmptyString[29]" classname="uk.ac.ed.inf.OrderValidatorTest" time="0"/>
  <testcase name="testCreditCardNumberEmptyString[30]" classname="uk.ac.ed.inf.OrderValidatorTest" time="0"/>
  <testcase name="testCreditCardNumberEmptyString[31]" classname="uk.ac.ed.inf.OrderValidatorTest" time="0.001"/>
  <testcase name="testCreditCardNumberEmptyString[32]" classname="uk.ac.ed.inf.OrderValidatorTest" time="0"/>
  <testcase name="testCreditCardNumberEmptyString[33]" classname="uk.ac.ed.inf.OrderValidatorTest" time="0"/>
  <testcase name="testCreditCardNumberEmptyString[34]" classname="uk.ac.ed.inf.OrderValidatorTest" time="0.001"/>
  <testcase name="testCreditCardNumberEmptyString[35]" classname="uk.ac.ed.inf.OrderValidatorTest" time="0"/>
  <testcase name="testCreditCardNumberEmptyString[36]" classname="uk.ac.ed.inf.OrderValidatorTest" time="0"/>
  <testcase name="testCreditCardNumberEmptyString[37]" classname="uk.ac.ed.inf.OrderValidatorTest" time="0.001"/>
  <testcase name="testCreditCardNumberEmptyString[38]" classname="uk.ac.ed.inf.OrderValidatorTest" time="0"/>
  <testcase name="testCreditCardNumberEmptyString[39]" classname="uk.ac.ed.inf.OrderValidatorTest" time="0"/>
  <testcase name="testCreditCardNumberEmptyString[40]" classname="uk.ac.ed.inf.OrderValidatorTest" time="0.001"/>
  <testcase name="testCreditCardNumberEmptyString[41]" classname="uk.ac.ed.inf.OrderValidatorTest" time="0"/>
  <testcase name="testCreditCardNumberEmptyString[42]" classname="uk.ac.ed.inf.OrderValidatorTest" time="0"/>
  <testcase name="testCreditCardNumberEmptyString[43]" classname="uk.ac.ed.inf.OrderValidatorTest" time="0"/>
  <testcase name="testCreditCardNumberEmptyString[44]" classname="uk.ac.ed.inf.OrderValidatorTest" time="0.001"/>
  <testcase name="testCreditCardNumberEmptyString[45]" classname="uk.ac.ed.inf.OrderValidatorTest" time="0"/>
  <testcase name="testCreditCardNumberEmptyString[46]" classname="uk.ac.ed.inf.OrderValidatorTest" time="0"/>
  <testcase name="testCreditCardNumberEmptyString[47]" classname="uk.ac.ed.inf.OrderValidatorTest" time="0.001"/>
  <testcase name="testCreditCardNumberEmptyString[48]" classname="uk.ac.ed.inf.OrderValidatorTest" time="0"/>
  <testcase name="testCreditCardNumberEmptyString[49]" classname="uk.ac.ed.inf.OrderValidatorTest" time="0"/>
  <testcase name="testCreditCardNumberEmptyString[50]" classname="uk.ac.ed.inf.OrderValidatorTest" time="0"/>
  <testcase name="testCreditCardNumberEmptyString[51]" classname="uk.ac.ed.inf.OrderValidatorTest" time="0.001"/>
  <testcase name="testCreditCardNumberEmptyString[52]" classname="uk.ac.ed.inf.OrderValidatorTest" time="0"/>
  <testcase name="testCreditCardNumberEmptyString[53]" classname="uk.ac.ed.inf.OrderValidatorTest" time="0"/>
  <testcase name="testCreditCardNumberEmptyString[54]" classname="uk.ac.ed.inf.OrderValidatorTest" time="0"/>
  <testcase name="testCreditCardNumberEmptyString[55]" classname="uk.ac.ed.inf.OrderValidatorTest" time="0"/>
  <testcase name="testCreditCardNumberEmptyString[56]" classname="uk.ac.ed.inf.OrderValidatorTest" time="0"/>
  <testcase name="testCreditCardNumberEmptyString[57]" classname="uk.ac.ed.inf.OrderValidatorTest" time="0"/>
  <testcase name="testCreditCardNumberEmptyString[58]" classname="uk.ac.ed.inf.OrderValidatorTest" time="0.001"/>
  <testcase name="testCreditCardNumberEmptyString[59]" classname="uk.ac.ed.inf.OrderValidatorTest" time="0"/>
  <testcase name="testCreditCardNumberEmptyString[60]" classname="uk.ac.ed.inf.OrderValidatorTest" time="0"/>
  <testcase name="testCreditCardNumberEmptyString[61]" classname="uk.ac.ed.inf.OrderValidatorTest" time="0.001"/>
  <testcase name="testCreditCardNumberEmptyString[62]" classname="uk.ac.ed.inf.OrderValidatorTest" time="0"/>
  <testcase name="testCreditCardNumberEmptyString[63]" classname="uk.ac.ed.inf.OrderValidatorTest" time="0"/>
  <testcase name="testCreditCardNumberEmptyString[64]" classname="uk.ac.ed.inf.OrderValidatorTest" time="0"/>
  <testcase name="testCreditCardNumberEmptyString[65]" classname="uk.ac.ed.inf.OrderValidatorTest" time="0.001"/>
  <testcase name="testCreditCardNumberEmptyString[66]" classname="uk.ac.ed.inf.OrderValidatorTest" time="0"/>
  <testcase name="testCreditCardNumberEmptyString[67]" classname="uk.ac.ed.inf.OrderValidatorTest" time="0"/>
  <testcase name="testCreditCardNumberEmptyString[68]" classname="uk.ac.ed.inf.OrderValidatorTest" time="0"/>
  <testcase name="testCreditCardNumberEmptyString[69]" classname="uk.ac.ed.inf.OrderValidatorTest" time="0.001"/>
  <testcase name="testCreditCardNumberEmptyString[70]" classname="uk.ac.ed.inf.OrderValidatorTest" time="0"/>
  <testcase name="testCreditCardNumberEmptyString[71]" classname="uk.ac.ed.inf.OrderValidatorTest" time="0"/>
  <testcase name="testCreditCardNumberEmptyString[72]" classname="uk.ac.ed.inf.OrderValidatorTest" time="0.001"/>
  <testcase name="testCreditCardNumberEmptyString[73]" classname="uk.ac.ed.inf.OrderValidatorTest" time="0"/>
  <testcase name="testCreditCardNumberEmptyString[74]" classname="uk.ac.ed.inf.OrderValidatorTest" time="0"/>
  <testcase name="testCreditCardNumberEmptyString[75]" classname="uk.ac.ed.inf.OrderValidatorTest" time="0"/>
  <testcase name="testCreditCardNumberEmptyString[76]" classname="uk.ac.ed.inf.OrderValidatorTest" time="0.001"/>
  <testcase name="testCreditCardNumberEmptyString[77]" classname="uk.ac.ed.inf.OrderValidatorTest" time="0"/>
  <testcase name="testCreditCardNumberEmptyString[78]" classname="uk.ac.ed.inf.OrderValidatorTest" time="0"/>
  <testcase name="testCreditCardNumberEmptyString[79]" classname="uk.ac.ed.inf.OrderValidatorTest" time="0.001"/>
  <testcase name="testCreditCardNumberEmptyString[80]" classname="uk.ac.ed.inf.OrderValidatorTest" time="0"/>
  <testcase name="testCreditCardNumberEmptyString[81]" classname="uk.ac.ed.inf.OrderValidatorTest" time="0"/>
  <testcase name="testCreditCardNumberEmptyString[82]" classname="uk.ac.ed.inf.OrderValidatorTest" time="0"/>
  <testcase name="testCreditCardNumberEmptyString[83]" classname="uk.ac.ed.inf.OrderValidatorTest" time="0.001"/>
  <testcase name="testCreditCardNumberEmptyString[84]" classname="uk.ac.ed.inf.OrderValidatorTest" time="0"/>
  <testcase name="testCreditCardNumberEmptyString[85]" classname="uk.ac.ed.inf.OrderValidatorTest" time="0"/>
  <testcase name="testCreditCardNumberEmptyString[86]" classname="uk.ac.ed.inf.OrderValidatorTest" time="0.001"/>
  <testcase name="testCreditCardNumberEmptyString[87]" classname="uk.ac.ed.inf.OrderValidatorTest" time="0"/>
  <testcase name="testCreditCardNumberEmptyString[88]" classname="uk.ac.ed.inf.OrderValidatorTest" time="0"/>
  <testcase name="testCreditCardNumberEmptyString[89]" classname="uk.ac.ed.inf.OrderValidatorTest" time="0"/>
  <testcase name="testCreditCardNumberEmptyString[90]" classname="uk.ac.ed.inf.OrderValidatorTest" time="0.001"/>
  <testcase name="testCreditCardNumberEmptyString[91]" classname="uk.ac.ed.inf.OrderValidatorTest" time="0"/>
  <testcase name="testCreditCardNumberEmptyString[92]" classname="uk.ac.ed.inf.OrderValidatorTest" time="0"/>
  <testcase name="testCreditCardNumberEmptyString[93]" classname="uk.ac.ed.inf.OrderValidatorTest" time="0.001"/>
  <testcase name="testCreditCardNumberEmptyString[94]" classname="uk.ac.ed.inf.OrderValidatorTest" time="0"/>
  <testcase name="testCreditCardNumberEmptyString[95]" classname="uk.ac.ed.inf.OrderValidatorTest" time="0"/>
  <testcase name="testCreditCardNumberEmptyString[96]" classname="uk.ac.ed.inf.OrderValidatorTest" time="0.001"/>
  <testcase name="testCreditCardNumberEmptyString[97]" classname="uk.ac.ed.inf.OrderValidatorTest" time="0"/>
  <testcase name="testCreditCardNumberEmptyString[98]" classname="uk.ac.ed.inf.OrderValidatorTest" time="0"/>
  <testcase name="testCreditCardNumberEmptyString[99]" classname="uk.ac.ed.inf.OrderValidatorTest" time="0.001"/>
  <testcase name="testCreditCardNumberEmptyString[100]" classname="uk.ac.ed.inf.OrderValidatorTest" time="0"/>
  <testcase name="testCreditCardNumber16Numbers[1]" classname="uk.ac.ed.inf.OrderValidatorTest" time="0"/>
  <testcase name="testCreditCardNumber16Numbers[2]" classname="uk.ac.ed.inf.OrderValidatorTest" time="0.001"/>
  <testcase name="testCreditCardNumber16Numbers[3]" classname="uk.ac.ed.inf.OrderValidatorTest" time="0"/>
  <testcase name="testCreditCardNumber16Numbers[4]" classname="uk.ac.ed.inf.OrderValidatorTest" time="0"/>
  <testcase name="testCreditCardNumber16Numbers[5]" classname="uk.ac.ed.inf.OrderValidatorTest" time="0"/>
  <testcase name="testCreditCardNumber16Numbers[6]" classname="uk.ac.ed.inf.OrderValidatorTest" time="0.001"/>
  <testcase name="testCreditCardNumber16Numbers[7]" classname="uk.ac.ed.inf.OrderValidatorTest" time="0"/>
  <testcase name="testCreditCardNumber16Numbers[8]" classname="uk.ac.ed.inf.OrderValidatorTest" time="0.001"/>
  <testcase name="testCreditCardNumber16Numbers[9]" classname="uk.ac.ed.inf.OrderValidatorTest" time="0"/>
  <testcase name="testCreditCardNumber16Numbers[10]" classname="uk.ac.ed.inf.OrderValidatorTest" time="0"/>
  <testcase name="testCreditCardNumber16Numbers[11]" classname="uk.ac.ed.inf.OrderValidatorTest" time="0"/>
  <testcase name="testCreditCardNumber16Numbers[12]" classname="uk.ac.ed.inf.OrderValidatorTest" time="0.001"/>
  <testcase name="testCreditCardNumber16Numbers[13]" classname="uk.ac.ed.inf.OrderValidatorTest" time="0"/>
  <testcase name="testCreditCardNumber16Numbers[14]" classname="uk.ac.ed.inf.OrderValidatorTest" time="0"/>
  <testcase name="testCreditCardNumber16Numbers[15]" classname="uk.ac.ed.inf.OrderValidatorTest" time="0.001"/>
  <testcase name="testCreditCardNumber16Numbers[16]" classname="uk.ac.ed.inf.OrderValidatorTest" time="0"/>
  <testcase name="testCreditCardNumber16Numbers[17]" classname="uk.ac.ed.inf.OrderValidatorTest" time="0"/>
  <testcase name="testCreditCardNumber16Numbers[18]" classname="uk.ac.ed.inf.OrderValidatorTest" time="0"/>
  <testcase name="testCreditCardNumber16Numbers[19]" classname="uk.ac.ed.inf.OrderValidatorTest" time="0.001"/>
  <testcase name="testCreditCardNumber16Numbers[20]" classname="uk.ac.ed.inf.OrderValidatorTest" time="0"/>
  <testcase name="testCreditCardNumber16Numbers[21]" classname="uk.ac.ed.inf.OrderValidatorTest" time="0"/>
  <testcase name="testCreditCardNumber16Numbers[22]" classname="uk.ac.ed.inf.OrderValidatorTest" time="0.001"/>
  <testcase name="testCreditCardNumber16Numbers[23]" classname="uk.ac.ed.inf.OrderValidatorTest" time="0"/>
  <testcase name="testCreditCardNumber16Numbers[24]" classname="uk.ac.ed.inf.OrderValidatorTest" time="0"/>
  <testcase name="testCreditCardNumber16Numbers[25]" classname="uk.ac.ed.inf.OrderValidatorTest" time="0.001"/>
  <testcase name="testCreditCardNumber16Numbers[26]" classname="uk.ac.ed.inf.OrderValidatorTest" time="0"/>
  <testcase name="testCreditCardNumber16Numbers[27]" classname="uk.ac.ed.inf.OrderValidatorTest" time="0"/>
  <testcase name="testCreditCardNumber16Numbers[28]" classname="uk.ac.ed.inf.OrderValidatorTest" time="0.001"/>
  <testcase name="testCreditCardNumber16Numbers[29]" classname="uk.ac.ed.inf.OrderValidatorTest" time="0"/>
  <testcase name="testCreditCardNumber16Numbers[30]" classname="uk.ac.ed.inf.OrderValidatorTest" time="0"/>
  <testcase name="testCreditCardNumber16Numbers[31]" classname="uk.ac.ed.inf.OrderValidatorTest" time="0.001"/>
  <testcase name="testCreditCardNumber16Numbers[32]" classname="uk.ac.ed.inf.OrderValidatorTest" time="0"/>
  <testcase name="testCreditCardNumber16Numbers[33]" classname="uk.ac.ed.inf.OrderValidatorTest" time="0"/>
  <testcase name="testCreditCardNumber16Numbers[34]" classname="uk.ac.ed.inf.OrderValidatorTest" time="0.001"/>
  <testcase name="testCreditCardNumber16Numbers[35]" classname="uk.ac.ed.inf.OrderValidatorTest" time="0"/>
  <testcase name="testCreditCardNumber16Numbers[36]" classname="uk.ac.ed.inf.OrderValidatorTest" time="0"/>
  <testcase name="testCreditCardNumber16Numbers[37]" classname="uk.ac.ed.inf.OrderValidatorTest" time="0.001"/>
  <testcase name="testCreditCardNumber16Numbers[38]" classname="uk.ac.ed.inf.OrderValidatorTest" time="0"/>
  <testcase name="testCreditCardNumber16Numbers[39]" classname="uk.ac.ed.inf.OrderValidatorTest" time="0"/>
  <testcase name="testCreditCardNumber16Numbers[40]" classname="uk.ac.ed.inf.OrderValidatorTest" time="0.001"/>
  <testcase name="testCreditCardNumber16Numbers[41]" classname="uk.ac.ed.inf.OrderValidatorTest" time="0"/>
  <testcase name="testCreditCardNumber16Numbers[42]" classname="uk.ac.ed.inf.OrderValidatorTest" time="0"/>
  <testcase name="testCreditCardNumber16Numbers[43]" classname="uk.ac.ed.inf.OrderValidatorTest" time="0.001"/>
  <testcase name="testCreditCardNumber16Numbers[44]" classname="uk.ac.ed.inf.OrderValidatorTest" time="0"/>
  <testcase name="testCreditCardNumber16Numbers[45]" classname="uk.ac.ed.inf.OrderValidatorTest" time="0"/>
  <testcase name="testCreditCardNumber16Numbers[46]" classname="uk.ac.ed.inf.OrderValidatorTest" time="0.001"/>
  <testcase name="testCreditCardNumber16Numbers[47]" classname="uk.ac.ed.inf.OrderValidatorTest" time="0"/>
  <testcase name="testCreditCardNumber16Numbers[48]" classname="uk.ac.ed.inf.OrderValidatorTest" time="0"/>
  <testcase name="testCreditCardNumber16Numbers[49]" classname="uk.ac.ed.inf.OrderValidatorTest" time="0.001"/>
  <testcase name="testCreditCardNumber16Numbers[50]" classname="uk.ac.ed.inf.OrderValidatorTest" time="0"/>
  <testcase name="testCreditCardNumber16Numbers[51]" classname="uk.ac.ed.inf.OrderValidatorTest" time="0"/>
  <testcase name="testCreditCardNumber16Numbers[52]" classname="uk.ac.ed.inf.OrderValidatorTest" time="0.001"/>
  <testcase name="testCreditCardNumber16Numbers[53]" classname="uk.ac.ed.inf.OrderValidatorTest" time="0"/>
  <testcase name="testCreditCardNumber16Numbers[54]" classname="uk.ac.ed.inf.OrderValidatorTest" time="0"/>
  <testcase name="testCreditCardNumber16Numbers[55]" classname="uk.ac.ed.inf.OrderValidatorTest" time="0"/>
  <testcase name="testCreditCardNumber16Numbers[56]" classname="uk.ac.ed.inf.OrderValidatorTest" time="0"/>
  <testcase name="testCreditCardNumber16Numbers[57]" classname="uk.ac.ed.inf.OrderValidatorTest" time="0"/>
  <testcase name="testCreditCardNumber16Numbers[58]" classname="uk.ac.ed.inf.OrderValidatorTest" time="0"/>
  <testcase name="testCreditCardNumber16Numbers[59]" classname="uk.ac.ed.inf.OrderValidatorTest" time="0.001"/>
  <testcase name="testCreditCardNumber16Numbers[60]" classname="uk.ac.ed.inf.OrderValidatorTest" time="0"/>
  <testcase name="testCreditCardNumber16Numbers[61]" classname="uk.ac.ed.inf.OrderValidatorTest" time="0"/>
  <testcase name="testCreditCardNumber16Numbers[62]" classname="uk.ac.ed.inf.OrderValidatorTest" time="0.001"/>
  <testcase name="testCreditCardNumber16Numbers[63]" classname="uk.ac.ed.inf.OrderValidatorTest" time="0"/>
  <testcase name="testCreditCardNumber16Numbers[64]" classname="uk.ac.ed.inf.OrderValidatorTest" time="0"/>
  <testcase name="testCreditCardNumber16Numbers[65]" classname="uk.ac.ed.inf.OrderValidatorTest" time="0.001"/>
  <testcase name="testCreditCardNumber16Numbers[66]" classname="uk.ac.ed.inf.OrderValidatorTest" time="0"/>
  <testcase name="testCreditCardNumber16Numbers[67]" classname="uk.ac.ed.inf.OrderValidatorTest" time="0"/>
  <testcase name="testCreditCardNumber16Numbers[68]" classname="uk.ac.ed.inf.OrderValidatorTest" time="0.001"/>
  <testcase name="testCreditCardNumber16Numbers[69]" classname="uk.ac.ed.inf.OrderValidatorTest" time="0"/>
  <testcase name="testCreditCardNumber16Numbers[70]" classname="uk.ac.ed.inf.OrderValidatorTest" time="0"/>
  <testcase name="testCreditCardNumber16Numbers[71]" classname="uk.ac.ed.inf.OrderValidatorTest" time="0"/>
  <testcase name="testCreditCardNumber16Numbers[72]" classname="uk.ac.ed.inf.OrderValidatorTest" time="0.001"/>
  <testcase name="testCreditCardNumber16Numbers[73]" classname="uk.ac.ed.inf.OrderValidatorTest" time="0"/>
  <testcase name="testCreditCardNumber16Numbers[74]" classname="uk.ac.ed.inf.OrderValidatorTest" time="0"/>
  <testcase name="testCreditCardNumber16Numbers[75]" classname="uk.ac.ed.inf.OrderValidatorTest" time="0.001"/>
  <testcase name="testCreditCardNumber16Numbers[76]" classname="uk.ac.ed.inf.OrderValidatorTest" time="0"/>
  <testcase name="testCreditCardNumber16Numbers[77]" classname="uk.ac.ed.inf.OrderValidatorTest" time="0"/>
  <testcase name="testCreditCardNumber16Numbers[78]" classname="uk.ac.ed.inf.OrderValidatorTest" time="0.001"/>
  <testcase name="testCreditCardNumber16Numbers[79]" classname="uk.ac.ed.inf.OrderValidatorTest" time="0"/>
  <testcase name="testCreditCardNumber16Numbers[80]" classname="uk.ac.ed.inf.OrderValidatorTest" time="0"/>
  <testcase name="testCreditCardNumber16Numbers[81]" classname="uk.ac.ed.inf.OrderValidatorTest" time="0.001"/>
  <testcase name="testCreditCardNumber16Numbers[82]" classname="uk.ac.ed.inf.OrderValidatorTest" time="0"/>
  <testcase name="testCreditCardNumber16Numbers[83]" classname="uk.ac.ed.inf.OrderValidatorTest" time="0"/>
  <testcase name="testCreditCardNumber16Numbers[84]" classname="uk.ac.ed.inf.OrderValidatorTest" time="0"/>
  <testcase name="testCreditCardNumber16Numbers[85]" classname="uk.ac.ed.inf.OrderValidatorTest" time="0.001"/>
  <testcase name="testCreditCardNumber16Numbers[86]" classname="uk.ac.ed.inf.OrderValidatorTest" time="0"/>
  <testcase name="testCreditCardNumber16Numbers[87]" classname="uk.ac.ed.inf.OrderValidatorTest" time="0.001"/>
  <testcase name="testCreditCardNumber16Numbers[88]" classname="uk.ac.ed.inf.OrderValidatorTest" time="0"/>
  <testcase name="testCreditCardNumber16Numbers[89]" classname="uk.ac.ed.inf.OrderValidatorTest" time="0"/>
  <testcase name="testCreditCardNumber16Numbers[90]" classname="uk.ac.ed.inf.OrderValidatorTest" time="0"/>
  <testcase name="testCreditCardNumber16Numbers[91]" classname="uk.ac.ed.inf.OrderValidatorTest" time="0.001"/>
  <testcase name="testCreditCardNumber16Numbers[92]" classname="uk.ac.ed.inf.OrderValidatorTest" time="0"/>
  <testcase name="testCreditCardNumber16Numbers[93]" classname="uk.ac.ed.inf.OrderValidatorTest" time="0"/>
  <testcase name="testCreditCardNumber16Numbers[94]" classname="uk.ac.ed.inf.OrderValidatorTest" time="0.001"/>
  <testcase name="testCreditCardNumber16Numbers[95]" classname="uk.ac.ed.inf.OrderValidatorTest" time="0"/>
  <testcase name="testCreditCardNumber16Numbers[96]" classname="uk.ac.ed.inf.OrderValidatorTest" time="0"/>
  <testcase name="testCreditCardNumber16Numbers[97]" classname="uk.ac.ed.inf.OrderValidatorTest" time="0.001"/>
  <testcase name="testCreditCardNumber16Numbers[98]" classname="uk.ac.ed.inf.OrderValidatorTest" time="0"/>
  <testcase name="testCreditCardNumber16Numbers[99]" classname="uk.ac.ed.inf.OrderValidatorTest" time="0"/>
  <testcase name="testCreditCardNumber16Numbers[100]" classname="uk.ac.ed.inf.OrderValidatorTest" time="0.001"/>
  <testcase name="testTotalPriceIsNegative[1]" classname="uk.ac.ed.inf.OrderValidatorTest" time="0"/>
  <testcase name="testTotalPriceIsNegative[2]" classname="uk.ac.ed.inf.OrderValidatorTest" time="0"/>
  <testcase name="testTotalPriceIsNegative[3]" classname="uk.ac.ed.inf.OrderValidatorTest" time="0.001"/>
  <testcase name="testTotalPriceIsNegative[4]" classname="uk.ac.ed.inf.OrderValidatorTest" time="0"/>
  <testcase name="testTotalPriceIsNegative[5]" classname="uk.ac.ed.inf.OrderValidatorTest" time="0"/>
  <testcase name="testTotalPriceIsNegative[6]" classname="uk.ac.ed.inf.OrderValidatorTest" time="0.001"/>
  <testcase name="testTotalPriceIsNegative[7]" classname="uk.ac.ed.inf.OrderValidatorTest" time="0"/>
  <testcase name="testTotalPriceIsNegative[8]" classname="uk.ac.ed.inf.OrderValidatorTest" time="0"/>
  <testcase name="testTotalPriceIsNegative[9]" classname="uk.ac.ed.inf.OrderValidatorTest" time="0"/>
  <testcase name="testTotalPriceIsNegative[10]" classname="uk.ac.ed.inf.OrderValidatorTest" time="0.001"/>
  <testcase name="testTotalPriceIsNegative[11]" classname="uk.ac.ed.inf.OrderValidatorTest" time="0"/>
  <testcase name="testTotalPriceIsNegative[12]" classname="uk.ac.ed.inf.OrderValidatorTest" time="0"/>
  <testcase name="testTotalPriceIsNegative[13]" classname="uk.ac.ed.inf.OrderValidatorTest" time="0.001"/>
  <testcase name="testTotalPriceIsNegative[14]" classname="uk.ac.ed.inf.OrderValidatorTest" time="0"/>
  <testcase name="testTotalPriceIsNegative[15]" classname="uk.ac.ed.inf.OrderValidatorTest" time="0"/>
  <testcase name="testTotalPriceIsNegative[16]" classname="uk.ac.ed.inf.OrderValidatorTest" time="0"/>
  <testcase name="testTotalPriceIsNegative[17]" classname="uk.ac.ed.inf.OrderValidatorTest" time="0.001"/>
  <testcase name="testTotalPriceIsNegative[18]" classname="uk.ac.ed.inf.OrderValidatorTest" time="0"/>
  <testcase name="testTotalPriceIsNegative[19]" classname="uk.ac.ed.inf.OrderValidatorTest" time="0"/>
  <testcase name="testTotalPriceIsNegative[20]" classname="uk.ac.ed.inf.OrderValidatorTest" time="0.001"/>
  <testcase name="testTotalPriceIsNegative[21]" classname="uk.ac.ed.inf.OrderValidatorTest" time="0"/>
  <testcase name="testTotalPriceIsNegative[22]" classname="uk.ac.ed.inf.OrderValidatorTest" time="0"/>
  <testcase name="testTotalPriceIsNegative[23]" classname="uk.ac.ed.inf.OrderValidatorTest" time="0.001"/>
  <testcase name="testTotalPriceIsNegative[24]" classname="uk.ac.ed.inf.OrderValidatorTest" time="0"/>
  <testcase name="testTotalPriceIsNegative[25]" classname="uk.ac.ed.inf.OrderValidatorTest" time="0"/>
  <testcase name="testTotalPriceIsNegative[26]" classname="uk.ac.ed.inf.OrderValidatorTest" time="0.001"/>
  <testcase name="testTotalPriceIsNegative[27]" classname="uk.ac.ed.inf.OrderValidatorTest" time="0"/>
  <testcase name="testTotalPriceIsNegative[28]" classname="uk.ac.ed.inf.OrderValidatorTest" time="0"/>
  <testcase name="testTotalPriceIsNegative[29]" classname="uk.ac.ed.inf.OrderValidatorTest" time="0"/>
  <testcase name="testTotalPriceIsNegative[30]" classname="uk.ac.ed.inf.OrderValidatorTest" time="0.001"/>
  <testcase name="testTotalPriceIsNegative[31]" classname="uk.ac.ed.inf.OrderValidatorTest" time="0"/>
  <testcase name="testTotalPriceIsNegative[32]" classname="uk.ac.ed.inf.OrderValidatorTest" time="0"/>
  <testcase name="testTotalPriceIsNegative[33]" classname="uk.ac.ed.inf.OrderValidatorTest" time="0.001"/>
  <testcase name="testTotalPriceIsNegative[34]" classname="uk.ac.ed.inf.OrderValidatorTest" time="0"/>
  <testcase name="testTotalPriceIsNegative[35]" classname="uk.ac.ed.inf.OrderValidatorTest" time="0"/>
  <testcase name="testTotalPriceIsNegative[36]" classname="uk.ac.ed.inf.OrderValidatorTest" time="0.001"/>
  <testcase name="testTotalPriceIsNegative[37]" classname="uk.ac.ed.inf.OrderValidatorTest" time="0"/>
  <testcase name="testTotalPriceIsNegative[38]" classname="uk.ac.ed.inf.OrderValidatorTest" time="0"/>
  <testcase name="testTotalPriceIsNegative[39]" classname="uk.ac.ed.inf.OrderValidatorTest" time="0.001"/>
  <testcase name="testTotalPriceIsNegative[40]" classname="uk.ac.ed.inf.OrderValidatorTest" time="0"/>
  <testcase name="testTotalPriceIsNegative[41]" classname="uk.ac.ed.inf.OrderValidatorTest" time="0"/>
  <testcase name="testTotalPriceIsNegative[42]" classname="uk.ac.ed.inf.OrderValidatorTest" time="0"/>
  <testcase name="testTotalPriceIsNegative[43]" classname="uk.ac.ed.inf.OrderValidatorTest" time="0.001"/>
  <testcase name="testTotalPriceIsNegative[44]" classname="uk.ac.ed.inf.OrderValidatorTest" time="0"/>
  <testcase name="testTotalPriceIsNegative[45]" classname="uk.ac.ed.inf.OrderValidatorTest" time="0"/>
  <testcase name="testTotalPriceIsNegative[46]" classname="uk.ac.ed.inf.OrderValidatorTest" time="0.001"/>
  <testcase name="testTotalPriceIsNegative[47]" classname="uk.ac.ed.inf.OrderValidatorTest" time="0"/>
  <testcase name="testTotalPriceIsNegative[48]" classname="uk.ac.ed.inf.OrderValidatorTest" time="0"/>
  <testcase name="testTotalPriceIsNegative[49]" classname="uk.ac.ed.inf.OrderValidatorTest" time="0.001"/>
  <testcase name="testTotalPriceIsNegative[50]" classname="uk.ac.ed.inf.OrderValidatorTest" time="0"/>
  <testcase name="testTotalPriceIsNegative[51]" classname="uk.ac.ed.inf.OrderValidatorTest" time="0"/>
  <testcase name="testTotalPriceIsNegative[52]" classname="uk.ac.ed.inf.OrderValidatorTest" time="0"/>
  <testcase name="testTotalPriceIsNegative[53]" classname="uk.ac.ed.inf.OrderValidatorTest" time="0.001"/>
  <testcase name="testTotalPriceIsNegative[54]" classname="uk.ac.ed.inf.OrderValidatorTest" time="0"/>
  <testcase name="testTotalPriceIsNegative[55]" classname="uk.ac.ed.inf.OrderValidatorTest" time="0"/>
  <testcase name="testTotalPriceIsNegative[56]" classname="uk.ac.ed.inf.OrderValidatorTest" time="0.001"/>
  <testcase name="testTotalPriceIsNegative[57]" classname="uk.ac.ed.inf.OrderValidatorTest" time="0"/>
  <testcase name="testTotalPriceIsNegative[58]" classname="uk.ac.ed.inf.OrderValidatorTest" time="0"/>
  <testcase name="testTotalPriceIsNegative[59]" classname="uk.ac.ed.inf.OrderValidatorTest" time="0.001"/>
  <testcase name="testTotalPriceIsNegative[60]" classname="uk.ac.ed.inf.OrderValidatorTest" time="0"/>
  <testcase name="testTotalPriceIsNegative[61]" classname="uk.ac.ed.inf.OrderValidatorTest" time="0"/>
  <testcase name="testTotalPriceIsNegative[62]" classname="uk.ac.ed.inf.OrderValidatorTest" time="0.001"/>
  <testcase name="testTotalPriceIsNegative[63]" classname="uk.ac.ed.inf.OrderValidatorTest" time="0"/>
  <testcase name="testTotalPriceIsNegative[64]" classname="uk.ac.ed.inf.OrderValidatorTest" time="0"/>
  <testcase name="testTotalPriceIsNegative[65]" classname="uk.ac.ed.inf.OrderValidatorTest" time="0.001"/>
  <testcase name="testTotalPriceIsNegative[66]" classname="uk.ac.ed.inf.OrderValidatorTest" time="0"/>
  <testcase name="testTotalPriceIsNegative[67]" classname="uk.ac.ed.inf.OrderValidatorTest" time="0"/>
  <testcase name="testTotalPriceIsNegative[68]" classname="uk.ac.ed.inf.OrderValidatorTest" time="0"/>
  <testcase name="testTotalPriceIsNegative[69]" classname="uk.ac.ed.inf.OrderValidatorTest" time="0.001"/>
  <testcase name="testTotalPriceIsNegative[70]" classname="uk.ac.ed.inf.OrderValidatorTest" time="0"/>
  <testcase name="testTotalPriceIsNegative[71]" classname="uk.ac.ed.inf.OrderValidatorTest" time="0"/>
  <testcase name="testTotalPriceIsNegative[72]" classname="uk.ac.ed.inf.OrderValidatorTest" time="0.001"/>
  <testcase name="testTotalPriceIsNegative[73]" classname="uk.ac.ed.inf.OrderValidatorTest" time="0"/>
  <testcase name="testTotalPriceIsNegative[74]" classname="uk.ac.ed.inf.OrderValidatorTest" time="0"/>
  <testcase name="testTotalPriceIsNegative[75]" classname="uk.ac.ed.inf.OrderValidatorTest" time="0"/>
  <testcase name="testTotalPriceIsNegative[76]" classname="uk.ac.ed.inf.OrderValidatorTest" time="0.001"/>
  <testcase name="testTotalPriceIsNegative[77]" classname="uk.ac.ed.inf.OrderValidatorTest" time="0"/>
  <testcase name="testTotalPriceIsNegative[78]" classname="uk.ac.ed.inf.OrderValidatorTest" time="0"/>
  <testcase name="testTotalPriceIsNegative[79]" classname="uk.ac.ed.inf.OrderValidatorTest" time="0.001"/>
  <testcase name="testTotalPriceIsNegative[80]" classname="uk.ac.ed.inf.OrderValidatorTest" time="0"/>
  <testcase name="testTotalPriceIsNegative[81]" classname="uk.ac.ed.inf.OrderValidatorTest" time="0"/>
  <testcase name="testTotalPriceIsNegative[82]" classname="uk.ac.ed.inf.OrderValidatorTest" time="0.001"/>
  <testcase name="testTotalPriceIsNegative[83]" classname="uk.ac.ed.inf.OrderValidatorTest" time="0"/>
  <testcase name="testTotalPriceIsNegative[84]" classname="uk.ac.ed.inf.OrderValidatorTest" time="0"/>
  <testcase name="testTotalPriceIsNegative[85]" classname="uk.ac.ed.inf.OrderValidatorTest" time="0"/>
  <testcase name="testTotalPriceIsNegative[86]" classname="uk.ac.ed.inf.OrderValidatorTest" time="0.001"/>
  <testcase name="testTotalPriceIsNegative[87]" classname="uk.ac.ed.inf.OrderValidatorTest" time="0"/>
  <testcase name="testTotalPriceIsNegative[88]" classname="uk.ac.ed.inf.OrderValidatorTest" time="0"/>
  <testcase name="testTotalPriceIsNegative[89]" classname="uk.ac.ed.inf.OrderValidatorTest" time="0.001"/>
  <testcase name="testTotalPriceIsNegative[90]" classname="uk.ac.ed.inf.OrderValidatorTest" time="0"/>
  <testcase name="testTotalPriceIsNegative[91]" classname="uk.ac.ed.inf.OrderValidatorTest" time="0.001"/>
  <testcase name="testTotalPriceIsNegative[92]" classname="uk.ac.ed.inf.OrderValidatorTest" time="0"/>
  <testcase name="testTotalPriceIsNegative[93]" classname="uk.ac.ed.inf.OrderValidatorTest" time="0"/>
  <testcase name="testTotalPriceIsNegative[94]" classname="uk.ac.ed.inf.OrderValidatorTest" time="0.001"/>
  <testcase name="testTotalPriceIsNegative[95]" classname="uk.ac.ed.inf.OrderValidatorTest" time="0"/>
  <testcase name="testTotalPriceIsNegative[96]" classname="uk.ac.ed.inf.OrderValidatorTest" time="0"/>
  <testcase name="testTotalPriceIsNegative[97]" classname="uk.ac.ed.inf.OrderValidatorTest" time="0"/>
  <testcase name="testTotalPriceIsNegative[98]" classname="uk.ac.ed.inf.OrderValidatorTest" time="0.001"/>
  <testcase name="testTotalPriceIsNegative[99]" classname="uk.ac.ed.inf.OrderValidatorTest" time="0"/>
  <testcase name="testTotalPriceIsNegative[100]" classname="uk.ac.ed.inf.OrderValidatorTest" time="0"/>
  <testcase name="testCreditCardCExpiryDate5Numbers[1]" classname="uk.ac.ed.inf.OrderValidatorTest" time="0.001"/>
  <testcase name="testCreditCardCExpiryDate5Numbers[2]" classname="uk.ac.ed.inf.OrderValidatorTest" time="0"/>
  <testcase name="testCreditCardCExpiryDate5Numbers[3]" classname="uk.ac.ed.inf.OrderValidatorTest" time="0"/>
  <testcase name="testCreditCardCExpiryDate5Numbers[4]" classname="uk.ac.ed.inf.OrderValidatorTest" time="0"/>
  <testcase name="testCreditCardCExpiryDate5Numbers[5]" classname="uk.ac.ed.inf.OrderValidatorTest" time="0.001"/>
  <testcase name="testCreditCardCExpiryDate5Numbers[6]" classname="uk.ac.ed.inf.OrderValidatorTest" time="0"/>
  <testcase name="testCreditCardCExpiryDate5Numbers[7]" classname="uk.ac.ed.inf.OrderValidatorTest" time="0"/>
  <testcase name="testCreditCardCExpiryDate5Numbers[8]" classname="uk.ac.ed.inf.OrderValidatorTest" time="0.001"/>
  <testcase name="testCreditCardCExpiryDate5Numbers[9]" classname="uk.ac.ed.inf.OrderValidatorTest" time="0"/>
  <testcase name="testCreditCardCExpiryDate5Numbers[10]" classname="uk.ac.ed.inf.OrderValidatorTest" time="0"/>
  <testcase name="testCreditCardCExpiryDate5Numbers[11]" classname="uk.ac.ed.inf.OrderValidatorTest" time="0.001"/>
  <testcase name="testCreditCardCExpiryDate5Numbers[12]" classname="uk.ac.ed.inf.OrderValidatorTest" time="0"/>
  <testcase name="testCreditCardCExpiryDate5Numbers[13]" classname="uk.ac.ed.inf.OrderValidatorTest" time="0"/>
  <testcase name="testCreditCardCExpiryDate5Numbers[14]" classname="uk.ac.ed.inf.OrderValidatorTest" time="0"/>
  <testcase name="testCreditCardCExpiryDate5Numbers[15]" classname="uk.ac.ed.inf.OrderValidatorTest" time="0.001"/>
  <testcase name="testCreditCardCExpiryDate5Numbers[16]" classname="uk.ac.ed.inf.OrderValidatorTest" time="0"/>
  <testcase name="testCreditCardCExpiryDate5Numbers[17]" classname="uk.ac.ed.inf.OrderValidatorTest" time="0"/>
  <testcase name="testCreditCardCExpiryDate5Numbers[18]" classname="uk.ac.ed.inf.OrderValidatorTest" time="0.001"/>
  <testcase name="testCreditCardCExpiryDate5Numbers[19]" classname="uk.ac.ed.inf.OrderValidatorTest" time="0"/>
  <testcase name="testCreditCardCExpiryDate5Numbers[20]" classname="uk.ac.ed.inf.OrderValidatorTest" time="0"/>
  <testcase name="testCreditCardCExpiryDate5Numbers[21]" classname="uk.ac.ed.inf.OrderValidatorTest" time="0.001"/>
  <testcase name="testCreditCardCExpiryDate5Numbers[22]" classname="uk.ac.ed.inf.OrderValidatorTest" time="0"/>
  <testcase name="testCreditCardCExpiryDate5Numbers[23]" classname="uk.ac.ed.inf.OrderValidatorTest" time="0"/>
  <testcase name="testCreditCardCExpiryDate5Numbers[24]" classname="uk.ac.ed.inf.OrderValidatorTest" time="0"/>
  <testcase name="testCreditCardCExpiryDate5Numbers[25]" classname="uk.ac.ed.inf.OrderValidatorTest" time="0.001"/>
  <testcase name="testCreditCardCExpiryDate5Numbers[26]" classname="uk.ac.ed.inf.OrderValidatorTest" time="0"/>
  <testcase name="testCreditCardCExpiryDate5Numbers[27]" classname="uk.ac.ed.inf.OrderValidatorTest" time="0"/>
  <testcase name="testCreditCardCExpiryDate5Numbers[28]" classname="uk.ac.ed.inf.OrderValidatorTest" time="0.001"/>
  <testcase name="testCreditCardCExpiryDate5Numbers[29]" classname="uk.ac.ed.inf.OrderValidatorTest" time="0"/>
  <testcase name="testCreditCardCExpiryDate5Numbers[30]" classname="uk.ac.ed.inf.OrderValidatorTest" time="0"/>
  <testcase name="testCreditCardCExpiryDate5Numbers[31]" classname="uk.ac.ed.inf.OrderValidatorTest" time="0"/>
  <testcase name="testCreditCardCExpiryDate5Numbers[32]" classname="uk.ac.ed.inf.OrderValidatorTest" time="0.001"/>
  <testcase name="testCreditCardCExpiryDate5Numbers[33]" classname="uk.ac.ed.inf.OrderValidatorTest" time="0"/>
  <testcase name="testCreditCardCExpiryDate5Numbers[34]" classname="uk.ac.ed.inf.OrderValidatorTest" time="0"/>
  <testcase name="testCreditCardCExpiryDate5Numbers[35]" classname="uk.ac.ed.inf.OrderValidatorTest" time="0.001"/>
  <testcase name="testCreditCardCExpiryDate5Numbers[36]" classname="uk.ac.ed.inf.OrderValidatorTest" time="0"/>
  <testcase name="testCreditCardCExpiryDate5Numbers[37]" classname="uk.ac.ed.inf.OrderValidatorTest" time="0"/>
  <testcase name="testCreditCardCExpiryDate5Numbers[38]" classname="uk.ac.ed.inf.OrderValidatorTest" time="0.001"/>
  <testcase name="testCreditCardCExpiryDate5Numbers[39]" classname="uk.ac.ed.inf.OrderValidatorTest" time="0"/>
  <testcase name="testCreditCardCExpiryDate5Numbers[40]" classname="uk.ac.ed.inf.OrderValidatorTest" time="0"/>
  <testcase name="testCreditCardCExpiryDate5Numbers[41]" classname="uk.ac.ed.inf.OrderValidatorTest" time="0"/>
  <testcase name="testCreditCardCExpiryDate5Numbers[42]" classname="uk.ac.ed.inf.OrderValidatorTest" time="0.001"/>
  <testcase name="testCreditCardCExpiryDate5Numbers[43]" classname="uk.ac.ed.inf.OrderValidatorTest" time="0"/>
  <testcase name="testCreditCardCExpiryDate5Numbers[44]" classname="uk.ac.ed.inf.OrderValidatorTest" time="0"/>
  <testcase name="testCreditCardCExpiryDate5Numbers[45]" classname="uk.ac.ed.inf.OrderValidatorTest" time="0.001"/>
  <testcase name="testCreditCardCExpiryDate5Numbers[46]" classname="uk.ac.ed.inf.OrderValidatorTest" time="0"/>
  <testcase name="testCreditCardCExpiryDate5Numbers[47]" classname="uk.ac.ed.inf.OrderValidatorTest" time="0"/>
  <testcase name="testCreditCardCExpiryDate5Numbers[48]" classname="uk.ac.ed.inf.OrderValidatorTest" time="0.001"/>
  <testcase name="testCreditCardCExpiryDate5Numbers[49]" classname="uk.ac.ed.inf.OrderValidatorTest" time="0"/>
  <testcase name="testCreditCardCExpiryDate5Numbers[50]" classname="uk.ac.ed.inf.OrderValidatorTest" time="0"/>
  <testcase name="testCreditCardCExpiryDate5Numbers[51]" classname="uk.ac.ed.inf.OrderValidatorTest" time="0"/>
  <testcase name="testCreditCardCExpiryDate5Numbers[52]" classname="uk.ac.ed.inf.OrderValidatorTest" time="0.001"/>
  <testcase name="testCreditCardCExpiryDate5Numbers[53]" classname="uk.ac.ed.inf.OrderValidatorTest" time="0"/>
  <testcase name="testCreditCardCExpiryDate5Numbers[54]" classname="uk.ac.ed.inf.OrderValidatorTest" time="0"/>
  <testcase name="testCreditCardCExpiryDate5Numbers[55]" classname="uk.ac.ed.inf.OrderValidatorTest" time="0.001"/>
  <testcase name="testCreditCardCExpiryDate5Numbers[56]" classname="uk.ac.ed.inf.OrderValidatorTest" time="0"/>
  <testcase name="testCreditCardCExpiryDate5Numbers[57]" classname="uk.ac.ed.inf.OrderValidatorTest" time="0"/>
  <testcase name="testCreditCardCExpiryDate5Numbers[58]" classname="uk.ac.ed.inf.OrderValidatorTest" time="0.001"/>
  <testcase name="testCreditCardCExpiryDate5Numbers[59]" classname="uk.ac.ed.inf.OrderValidatorTest" time="0"/>
  <testcase name="testCreditCardCExpiryDate5Numbers[60]" classname="uk.ac.ed.inf.OrderValidatorTest" time="0"/>
  <testcase name="testCreditCardCExpiryDate5Numbers[61]" classname="uk.ac.ed.inf.OrderValidatorTest" time="0"/>
  <testcase name="testCreditCardCExpiryDate5Numbers[62]" classname="uk.ac.ed.inf.OrderValidatorTest" time="0.001"/>
  <testcase name="testCreditCardCExpiryDate5Numbers[63]" classname="uk.ac.ed.inf.OrderValidatorTest" time="0"/>
  <testcase name="testCreditCardCExpiryDate5Numbers[64]" classname="uk.ac.ed.inf.OrderValidatorTest" time="0"/>
  <testcase name="testCreditCardCExpiryDate5Numbers[65]" classname="uk.ac.ed.inf.OrderValidatorTest" time="0.001"/>
  <testcase name="testCreditCardCExpiryDate5Numbers[66]" classname="uk.ac.ed.inf.OrderValidatorTest" time="0"/>
  <testcase name="testCreditCardCExpiryDate5Numbers[67]" classname="uk.ac.ed.inf.OrderValidatorTest" time="0"/>
  <testcase name="testCreditCardCExpiryDate5Numbers[68]" classname="uk.ac.ed.inf.OrderValidatorTest" time="0.001"/>
  <testcase name="testCreditCardCExpiryDate5Numbers[69]" classname="uk.ac.ed.inf.OrderValidatorTest" time="0"/>
  <testcase name="testCreditCardCExpiryDate5Numbers[70]" classname="uk.ac.ed.inf.OrderValidatorTest" time="0"/>
  <testcase name="testCreditCardCExpiryDate5Numbers[71]" classname="uk.ac.ed.inf.OrderValidatorTest" time="0"/>
  <testcase name="testCreditCardCExpiryDate5Numbers[72]" classname="uk.ac.ed.inf.OrderValidatorTest" time="0.001"/>
  <testcase name="testCreditCardCExpiryDate5Numbers[73]" classname="uk.ac.ed.inf.OrderValidatorTest" time="0"/>
  <testcase name="testCreditCardCExpiryDate5Numbers[74]" classname="uk.ac.ed.inf.OrderValidatorTest" time="0"/>
  <testcase name="testCreditCardCExpiryDate5Numbers[75]" classname="uk.ac.ed.inf.OrderValidatorTest" time="0.001"/>
  <testcase name="testCreditCardCExpiryDate5Numbers[76]" classname="uk.ac.ed.inf.OrderValidatorTest" time="0"/>
  <testcase name="testCreditCardCExpiryDate5Numbers[77]" classname="uk.ac.ed.inf.OrderValidatorTest" time="0"/>
  <testcase name="testCreditCardCExpiryDate5Numbers[78]" classname="uk.ac.ed.inf.OrderValidatorTest" time="0"/>
  <testcase name="testCreditCardCExpiryDate5Numbers[79]" classname="uk.ac.ed.inf.OrderValidatorTest" time="0.001"/>
  <testcase name="testCreditCardCExpiryDate5Numbers[80]" classname="uk.ac.ed.inf.OrderValidatorTest" time="0"/>
  <testcase name="testCreditCardCExpiryDate5Numbers[81]" classname="uk.ac.ed.inf.OrderValidatorTest" time="0"/>
  <testcase name="testCreditCardCExpiryDate5Numbers[82]" classname="uk.ac.ed.inf.OrderValidatorTest" time="0.001"/>
  <testcase name="testCreditCardCExpiryDate5Numbers[83]" classname="uk.ac.ed.inf.OrderValidatorTest" time="0"/>
  <testcase name="testCreditCardCExpiryDate5Numbers[84]" classname="uk.ac.ed.inf.OrderValidatorTest" time="0"/>
  <testcase name="testCreditCardCExpiryDate5Numbers[85]" classname="uk.ac.ed.inf.OrderValidatorTest" time="0.001"/>
  <testcase name="testCreditCardCExpiryDate5Numbers[86]" classname="uk.ac.ed.inf.OrderValidatorTest" time="0"/>
  <testcase name="testCreditCardCExpiryDate5Numbers[87]" classname="uk.ac.ed.inf.OrderValidatorTest" time="0"/>
  <testcase name="testCreditCardCExpiryDate5Numbers[88]" classname="uk.ac.ed.inf.OrderValidatorTest" time="0"/>
  <testcase name="testCreditCardCExpiryDate5Numbers[89]" classname="uk.ac.ed.inf.OrderValidatorTest" time="0.001"/>
  <testcase name="testCreditCardCExpiryDate5Numbers[90]" classname="uk.ac.ed.inf.OrderValidatorTest" time="0"/>
  <testcase name="testCreditCardCExpiryDate5Numbers[91]" classname="uk.ac.ed.inf.OrderValidatorTest" time="0"/>
  <testcase name="testCreditCardCExpiryDate5Numbers[92]" classname="uk.ac.ed.inf.OrderValidatorTest" time="0.001"/>
  <testcase name="testCreditCardCExpiryDate5Numbers[93]" classname="uk.ac.ed.inf.OrderValidatorTest" time="0"/>
  <testcase name="testCreditCardCExpiryDate5Numbers[94]" classname="uk.ac.ed.inf.OrderValidatorTest" time="0"/>
  <testcase name="testCreditCardCExpiryDate5Numbers[95]" classname="uk.ac.ed.inf.OrderValidatorTest" time="0.001"/>
  <testcase name="testCreditCardCExpiryDate5Numbers[96]" classname="uk.ac.ed.inf.OrderValidatorTest" time="0"/>
  <testcase name="testCreditCardCExpiryDate5Numbers[97]" classname="uk.ac.ed.inf.OrderValidatorTest" time="0"/>
  <testcase name="testCreditCardCExpiryDate5Numbers[98]" classname="uk.ac.ed.inf.OrderValidatorTest" time="0"/>
  <testcase name="testCreditCardCExpiryDate5Numbers[99]" classname="uk.ac.ed.inf.OrderValidatorTest" time="0.001"/>
  <testcase name="testCreditCardCExpiryDate5Numbers[100]" classname="uk.ac.ed.inf.OrderValidatorTest" time="0"/>
  <testcase name="testTotalPriceTwoPizzas[1]" classname="uk.ac.ed.inf.OrderValidatorTest" time="0"/>
  <testcase name="testTotalPriceTwoPizzas[2]" classname="uk.ac.ed.inf.OrderValidatorTest" time="0.001"/>
  <testcase name="testTotalPriceTwoPizzas[3]" classname="uk.ac.ed.inf.OrderValidatorTest" time="0"/>
  <testcase name="testTotalPriceTwoPizzas[4]" classname="uk.ac.ed.inf.OrderValidatorTest" time="0"/>
  <testcase name="testTotalPriceTwoPizzas[5]" classname="uk.ac.ed.inf.OrderValidatorTest" time="0.001"/>
  <testcase name="testTotalPriceTwoPizzas[6]" classname="uk.ac.ed.inf.OrderValidatorTest" time="0"/>
  <testcase name="testTotalPriceTwoPizzas[7]" classname="uk.ac.ed.inf.OrderValidatorTest" time="0"/>
  <testcase name="testTotalPriceTwoPizzas[8]" classname="uk.ac.ed.inf.OrderValidatorTest" time="0.001"/>
  <testcase name="testTotalPriceTwoPizzas[9]" classname="uk.ac.ed.inf.OrderValidatorTest" time="0"/>
  <testcase name="testTotalPriceTwoPizzas[10]" classname="uk.ac.ed.inf.OrderValidatorTest" time="0"/>
  <testcase name="testTotalPriceTwoPizzas[11]" classname="uk.ac.ed.inf.OrderValidatorTest" time="0.001"/>
  <testcase name="testTotalPriceTwoPizzas[12]" classname="uk.ac.ed.inf.OrderValidatorTest" time="0"/>
  <testcase name="testTotalPriceTwoPizzas[13]" classname="uk.ac.ed.inf.OrderValidatorTest" time="0.001"/>
  <testcase name="testTotalPriceTwoPizzas[14]" classname="uk.ac.ed.inf.OrderValidatorTest" time="0"/>
  <testcase name="testTotalPriceTwoPizzas[15]" classname="uk.ac.ed.inf.OrderValidatorTest" time="0"/>
  <testcase name="testTotalPriceTwoPizzas[16]" classname="uk.ac.ed.inf.OrderValidatorTest" time="0.001"/>
  <testcase name="testTotalPriceTwoPizzas[17]" classname="uk.ac.ed.inf.OrderValidatorTest" time="0"/>
  <testcase name="testTotalPriceTwoPizzas[18]" classname="uk.ac.ed.inf.OrderValidatorTest" time="0"/>
  <testcase name="testTotalPriceTwoPizzas[19]" classname="uk.ac.ed.inf.OrderValidatorTest" time="0.001"/>
  <testcase name="testTotalPriceTwoPizzas[20]" classname="uk.ac.ed.inf.OrderValidatorTest" time="0"/>
  <testcase name="testTotalPriceTwoPizzas[21]" classname="uk.ac.ed.inf.OrderValidatorTest" time="0"/>
  <testcase name="testTotalPriceTwoPizzas[22]" classname="uk.ac.ed.inf.OrderValidatorTest" time="0.001"/>
  <testcase name="testTotalPriceTwoPizzas[23]" classname="uk.ac.ed.inf.OrderValidatorTest" time="0"/>
  <testcase name="testTotalPriceTwoPizzas[24]" classname="uk.ac.ed.inf.OrderValidatorTest" time="0"/>
  <testcase name="testTotalPriceTwoPizzas[25]" classname="uk.ac.ed.inf.OrderValidatorTest" time="0"/>
  <testcase name="testTotalPriceTwoPizzas[26]" classname="uk.ac.ed.inf.OrderValidatorTest" time="0.001"/>
  <testcase name="testTotalPriceTwoPizzas[27]" classname="uk.ac.ed.inf.OrderValidatorTest" time="0"/>
  <testcase name="testTotalPriceTwoPizzas[28]" classname="uk.ac.ed.inf.OrderValidatorTest" time="0"/>
  <testcase name="testTotalPriceTwoPizzas[29]" classname="uk.ac.ed.inf.OrderValidatorTest" time="0.001"/>
  <testcase name="testTotalPriceTwoPizzas[30]" classname="uk.ac.ed.inf.OrderValidatorTest" time="0"/>
  <testcase name="testTotalPriceTwoPizzas[31]" classname="uk.ac.ed.inf.OrderValidatorTest" time="0"/>
  <testcase name="testTotalPriceTwoPizzas[32]" classname="uk.ac.ed.inf.OrderValidatorTest" time="0.001"/>
  <testcase name="testTotalPriceTwoPizzas[33]" classname="uk.ac.ed.inf.OrderValidatorTest" time="0"/>
  <testcase name="testTotalPriceTwoPizzas[34]" classname="uk.ac.ed.inf.OrderValidatorTest" time="0"/>
  <testcase name="testTotalPriceTwoPizzas[35]" classname="uk.ac.ed.inf.OrderValidatorTest" time="0.001"/>
  <testcase name="testTotalPriceTwoPizzas[36]" classname="uk.ac.ed.inf.OrderValidatorTest" time="0"/>
  <testcase name="testTotalPriceTwoPizzas[37]" classname="uk.ac.ed.inf.OrderValidatorTest" time="0"/>
  <testcase name="testTotalPriceTwoPizzas[38]" classname="uk.ac.ed.inf.OrderValidatorTest" time="0.001"/>
  <testcase name="testTotalPriceTwoPizzas[39]" classname="uk.ac.ed.inf.OrderValidatorTest" time="0"/>
  <testcase name="testTotalPriceTwoPizzas[40]" classname="uk.ac.ed.inf.OrderValidatorTest" time="0"/>
  <testcase name="testTotalPriceTwoPizzas[41]" classname="uk.ac.ed.inf.OrderValidatorTest" time="0.001"/>
  <testcase name="testTotalPriceTwoPizzas[42]" classname="uk.ac.ed.inf.OrderValidatorTest" time="0"/>
  <testcase name="testTotalPriceTwoPizzas[43]" classname="uk.ac.ed.inf.OrderValidatorTest" time="0"/>
  <testcase name="testTotalPriceTwoPizzas[44]" classname="uk.ac.ed.inf.OrderValidatorTest" time="0.001"/>
  <testcase name="testTotalPriceTwoPizzas[45]" classname="uk.ac.ed.inf.OrderValidatorTest" time="0"/>
  <testcase name="testTotalPriceTwoPizzas[46]" classname="uk.ac.ed.inf.OrderValidatorTest" time="0"/>
  <testcase name="testTotalPriceTwoPizzas[47]" classname="uk.ac.ed.inf.OrderValidatorTest" time="0.001"/>
  <testcase name="testTotalPriceTwoPizzas[48]" classname="uk.ac.ed.inf.OrderValidatorTest" time="0"/>
  <testcase name="testTotalPriceTwoPizzas[49]" classname="uk.ac.ed.inf.OrderValidatorTest" time="0"/>
  <testcase name="testTotalPriceTwoPizzas[50]" classname="uk.ac.ed.inf.OrderValidatorTest" time="0.001"/>
  <testcase name="testTotalPriceTwoPizzas[51]" classname="uk.ac.ed.inf.OrderValidatorTest" time="0"/>
  <testcase name="testTotalPriceTwoPizzas[52]" classname="uk.ac.ed.inf.OrderValidatorTest" time="0"/>
  <testcase name="testTotalPriceTwoPizzas[53]" classname="uk.ac.ed.inf.OrderValidatorTest" time="0.001"/>
  <testcase name="testTotalPriceTwoPizzas[54]" classname="uk.ac.ed.inf.OrderValidatorTest" time="0"/>
  <testcase name="testTotalPriceTwoPizzas[55]" classname="uk.ac.ed.inf.OrderValidatorTest" time="0"/>
  <testcase name="testTotalPriceTwoPizzas[56]" classname="uk.ac.ed.inf.OrderValidatorTest" time="0.001"/>
  <testcase name="testTotalPriceTwoPizzas[57]" classname="uk.ac.ed.inf.OrderValidatorTest" time="0"/>
  <testcase name="testTotalPriceTwoPizzas[58]" classname="uk.ac.ed.inf.OrderValidatorTest" time="0"/>
  <testcase name="testTotalPriceTwoPizzas[59]" classname="uk.ac.ed.inf.OrderValidatorTest" time="0.001"/>
  <testcase name="testTotalPriceTwoPizzas[60]" classname="uk.ac.ed.inf.OrderValidatorTest" time="0"/>
  <testcase name="testTotalPriceTwoPizzas[61]" classname="uk.ac.ed.inf.OrderValidatorTest" time="0"/>
  <testcase name="testTotalPriceTwoPizzas[62]" classname="uk.ac.ed.inf.OrderValidatorTest" time="0.001"/>
  <testcase name="testTotalPriceTwoPizzas[63]" classname="uk.ac.ed.inf.OrderValidatorTest" time="0"/>
  <testcase name="testTotalPriceTwoPizzas[64]" classname="uk.ac.ed.inf.OrderValidatorTest" time="0"/>
  <testcase name="testTotalPriceTwoPizzas[65]" classname="uk.ac.ed.inf.OrderValidatorTest" time="0.001"/>
  <testcase name="testTotalPriceTwoPizzas[66]" classname="uk.ac.ed.inf.OrderValidatorTest" time="0"/>
  <testcase name="testTotalPriceTwoPizzas[67]" classname="uk.ac.ed.inf.OrderValidatorTest" time="0"/>
  <testcase name="testTotalPriceTwoPizzas[68]" classname="uk.ac.ed.inf.OrderValidatorTest" time="0.001"/>
  <testcase name="testTotalPriceTwoPizzas[69]" classname="uk.ac.ed.inf.OrderValidatorTest" time="0"/>
  <testcase name="testTotalPriceTwoPizzas[70]" classname="uk.ac.ed.inf.OrderValidatorTest" time="0"/>
  <testcase name="testTotalPriceTwoPizzas[71]" classname="uk.ac.ed.inf.OrderValidatorTest" time="0.001"/>
  <testcase name="testTotalPriceTwoPizzas[72]" classname="uk.ac.ed.inf.OrderValidatorTest" time="0"/>
  <testcase name="testTotalPriceTwoPizzas[73]" classname="uk.ac.ed.inf.OrderValidatorTest" time="0"/>
  <testcase name="testTotalPriceTwoPizzas[74]" classname="uk.ac.ed.inf.OrderValidatorTest" time="0.001"/>
  <testcase name="testTotalPriceTwoPizzas[75]" classname="uk.ac.ed.inf.OrderValidatorTest" time="0"/>
  <testcase name="testTotalPriceTwoPizzas[76]" classname="uk.ac.ed.inf.OrderValidatorTest" time="0"/>
  <testcase name="testTotalPriceTwoPizzas[77]" classname="uk.ac.ed.inf.OrderValidatorTest" time="0.001"/>
  <testcase name="testTotalPriceTwoPizzas[78]" classname="uk.ac.ed.inf.OrderValidatorTest" time="0"/>
  <testcase name="testTotalPriceTwoPizzas[79]" classname="uk.ac.ed.inf.OrderValidatorTest" time="0"/>
  <testcase name="testTotalPriceTwoPizzas[80]" classname="uk.ac.ed.inf.OrderValidatorTest" time="0.001"/>
  <testcase name="testTotalPriceTwoPizzas[81]" classname="uk.ac.ed.inf.OrderValidatorTest" time="0"/>
  <testcase name="testTotalPriceTwoPizzas[82]" classname="uk.ac.ed.inf.OrderValidatorTest" time="0.001"/>
  <testcase name="testTotalPriceTwoPizzas[83]" classname="uk.ac.ed.inf.OrderValidatorTest" time="0"/>
  <testcase name="testTotalPriceTwoPizzas[84]" classname="uk.ac.ed.inf.OrderValidatorTest" time="0"/>
  <testcase name="testTotalPriceTwoPizzas[85]" classname="uk.ac.ed.inf.OrderValidatorTest" time="0.001"/>
  <testcase name="testTotalPriceTwoPizzas[86]" classname="uk.ac.ed.inf.OrderValidatorTest" time="0"/>
  <testcase name="testTotalPriceTwoPizzas[87]" classname="uk.ac.ed.inf.OrderValidatorTest" time="0"/>
  <testcase name="testTotalPriceTwoPizzas[88]" classname="uk.ac.ed.inf.OrderValidatorTest" time="0.001"/>
  <testcase name="testTotalPriceTwoPizzas[89]" classname="uk.ac.ed.inf.OrderValidatorTest" time="0"/>
  <testcase name="testTotalPriceTwoPizzas[90]" classname="uk.ac.ed.inf.OrderValidatorTest" time="0"/>
  <testcase name="testTotalPriceTwoPizzas[91]" classname="uk.ac.ed.inf.OrderValidatorTest" time="0.001"/>
  <testcase name="testTotalPriceTwoPizzas[92]" classname="uk.ac.ed.inf.OrderValidatorTest" time="0"/>
  <testcase name="testTotalPriceTwoPizzas[93]" classname="uk.ac.ed.inf.OrderValidatorTest" time="0"/>
  <testcase name="testTotalPriceTwoPizzas[94]" classname="uk.ac.ed.inf.OrderValidatorTest" time="0.001"/>
  <testcase name="testTotalPriceTwoPizzas[95]" classname="uk.ac.ed.inf.OrderValidatorTest" time="0"/>
  <testcase name="testTotalPriceTwoPizzas[96]" classname="uk.ac.ed.inf.OrderValidatorTest" time="0"/>
  <testcase name="testTotalPriceTwoPizzas[97]" classname="uk.ac.ed.inf.OrderValidatorTest" time="0.001"/>
  <testcase name="testTotalPriceTwoPizzas[98]" classname="uk.ac.ed.inf.OrderValidatorTest" time="0"/>
  <testcase name="testTotalPriceTwoPizzas[99]" classname="uk.ac.ed.inf.OrderValidatorTest" time="0"/>
  <testcase name="testTotalPriceTwoPizzas[100]" classname="uk.ac.ed.inf.OrderValidatorTest" time="0.001"/>
  <testcase name="testPizzasFromSameRestaurant[1]" classname="uk.ac.ed.inf.OrderValidatorTest" time="0"/>
  <testcase name="testPizzasFromSameRestaurant[2]" classname="uk.ac.ed.inf.OrderValidatorTest" time="0"/>
  <testcase name="testPizzasFromSameRestaurant[3]" classname="uk.ac.ed.inf.OrderValidatorTest" time="0.001"/>
  <testcase name="testPizzasFromSameRestaurant[4]" classname="uk.ac.ed.inf.OrderValidatorTest" time="0"/>
  <testcase name="testPizzasFromSameRestaurant[5]" classname="uk.ac.ed.inf.OrderValidatorTest" time="0.001"/>
  <testcase name="testPizzasFromSameRestaurant[6]" classname="uk.ac.ed.inf.OrderValidatorTest" time="0"/>
  <testcase name="testPizzasFromSameRestaurant[7]" classname="uk.ac.ed.inf.OrderValidatorTest" time="0"/>
  <testcase name="testPizzasFromSameRestaurant[8]" classname="uk.ac.ed.inf.OrderValidatorTest" time="0.001"/>
  <testcase name="testPizzasFromSameRestaurant[9]" classname="uk.ac.ed.inf.OrderValidatorTest" time="0"/>
  <testcase name="testPizzasFromSameRestaurant[10]" classname="uk.ac.ed.inf.OrderValidatorTest" time="0"/>
  <testcase name="testPizzasFromSameRestaurant[11]" classname="uk.ac.ed.inf.OrderValidatorTest" time="0.001"/>
  <testcase name="testPizzasFromSameRestaurant[12]" classname="uk.ac.ed.inf.OrderValidatorTest" time="0"/>
  <testcase name="testPizzasFromSameRestaurant[13]" classname="uk.ac.ed.inf.OrderValidatorTest" time="0.001"/>
  <testcase name="testPizzasFromSameRestaurant[14]" classname="uk.ac.ed.inf.OrderValidatorTest" time="0.001"/>
  <testcase name="testPizzasFromSameRestaurant[15]" classname="uk.ac.ed.inf.OrderValidatorTest" time="0.001"/>
  <testcase name="testPizzasFromSameRestaurant[16]" classname="uk.ac.ed.inf.OrderValidatorTest" time="0"/>
  <testcase name="testPizzasFromSameRestaurant[17]" classname="uk.ac.ed.inf.OrderValidatorTest" time="0"/>
  <testcase name="testPizzasFromSameRestaurant[18]" classname="uk.ac.ed.inf.OrderValidatorTest" time="0.001"/>
  <testcase name="testPizzasFromSameRestaurant[19]" classname="uk.ac.ed.inf.OrderValidatorTest" time="0"/>
  <testcase name="testPizzasFromSameRestaurant[20]" classname="uk.ac.ed.inf.OrderValidatorTest" time="0.001"/>
  <testcase name="testPizzasFromSameRestaurant[21]" classname="uk.ac.ed.inf.OrderValidatorTest" time="0"/>
  <testcase name="testPizzasFromSameRestaurant[22]" classname="uk.ac.ed.inf.OrderValidatorTest" time="0"/>
  <testcase name="testPizzasFromSameRestaurant[23]" classname="uk.ac.ed.inf.OrderValidatorTest" time="0.001"/>
  <testcase name="testPizzasFromSameRestaurant[24]" classname="uk.ac.ed.inf.OrderValidatorTest" time="0"/>
  <testcase name="testPizzasFromSameRestaurant[25]" classname="uk.ac.ed.inf.OrderValidatorTest" time="0.001"/>
  <testcase name="testPizzasFromSameRestaurant[26]" classname="uk.ac.ed.inf.OrderValidatorTest" time="0"/>
  <testcase name="testPizzasFromSameRestaurant[27]" classname="uk.ac.ed.inf.OrderValidatorTest" time="0.001"/>
  <testcase name="testPizzasFromSameRestaurant[28]" classname="uk.ac.ed.inf.OrderValidatorTest" time="0"/>
  <testcase name="testPizzasFromSameRestaurant[29]" classname="uk.ac.ed.inf.OrderValidatorTest" time="0"/>
  <testcase name="testPizzasFromSameRestaurant[30]" classname="uk.ac.ed.inf.OrderValidatorTest" time="0"/>
  <testcase name="testPizzasFromSameRestaurant[31]" classname="uk.ac.ed.inf.OrderValidatorTest" time="0.001"/>
  <testcase name="testPizzasFromSameRestaurant[32]" classname="uk.ac.ed.inf.OrderValidatorTest" time="0"/>
  <testcase name="testPizzasFromSameRestaurant[33]" classname="uk.ac.ed.inf.OrderValidatorTest" time="0"/>
  <testcase name="testPizzasFromSameRestaurant[34]" classname="uk.ac.ed.inf.OrderValidatorTest" time="0.001"/>
  <testcase name="testPizzasFromSameRestaurant[35]" classname="uk.ac.ed.inf.OrderValidatorTest" time="0"/>
  <testcase name="testPizzasFromSameRestaurant[36]" classname="uk.ac.ed.inf.OrderValidatorTest" time="0"/>
  <testcase name="testPizzasFromSameRestaurant[37]" classname="uk.ac.ed.inf.OrderValidatorTest" time="0.001"/>
  <testcase name="testPizzasFromSameRestaurant[38]" classname="uk.ac.ed.inf.OrderValidatorTest" time="0"/>
  <testcase name="testPizzasFromSameRestaurant[39]" classname="uk.ac.ed.inf.OrderValidatorTest" time="0"/>
  <testcase name="testPizzasFromSameRestaurant[40]" classname="uk.ac.ed.inf.OrderValidatorTest" time="0.001"/>
  <testcase name="testPizzasFromSameRestaurant[41]" classname="uk.ac.ed.inf.OrderValidatorTest" time="0"/>
  <testcase name="testPizzasFromSameRestaurant[42]" classname="uk.ac.ed.inf.OrderValidatorTest" time="0"/>
  <testcase name="testPizzasFromSameRestaurant[43]" classname="uk.ac.ed.inf.OrderValidatorTest" time="0.001"/>
  <testcase name="testPizzasFromSameRestaurant[44]" classname="uk.ac.ed.inf.OrderValidatorTest" time="0"/>
  <testcase name="testPizzasFromSameRestaurant[45]" classname="uk.ac.ed.inf.OrderValidatorTest" time="0.001"/>
  <testcase name="testPizzasFromSameRestaurant[46]" classname="uk.ac.ed.inf.OrderValidatorTest" time="0"/>
  <testcase name="testPizzasFromSameRestaurant[47]" classname="uk.ac.ed.inf.OrderValidatorTest" time="0.001"/>
  <testcase name="testPizzasFromSameRestaurant[48]" classname="uk.ac.ed.inf.OrderValidatorTest" time="0"/>
  <testcase name="testPizzasFromSameRestaurant[49]" classname="uk.ac.ed.inf.OrderValidatorTest" time="0"/>
  <testcase name="testPizzasFromSameRestaurant[50]" classname="uk.ac.ed.inf.OrderValidatorTest" time="0.001"/>
  <testcase name="testPizzasFromSameRestaurant[51]" classname="uk.ac.ed.inf.OrderValidatorTest" time="0"/>
  <testcase name="testPizzasFromSameRestaurant[52]" classname="uk.ac.ed.inf.OrderValidatorTest" time="0"/>
  <testcase name="testPizzasFromSameRestaurant[53]" classname="uk.ac.ed.inf.OrderValidatorTest" time="0.001"/>
  <testcase name="testPizzasFromSameRestaurant[54]" classname="uk.ac.ed.inf.OrderValidatorTest" time="0"/>
  <testcase name="testPizzasFromSameRestaurant[55]" classname="uk.ac.ed.inf.OrderValidatorTest" time="0.001"/>
  <testcase name="testPizzasFromSameRestaurant[56]" classname="uk.ac.ed.inf.OrderValidatorTest" time="0"/>
  <testcase name="testPizzasFromSameRestaurant[57]" classname="uk.ac.ed.inf.OrderValidatorTest" time="0"/>
  <testcase name="testPizzasFromSameRestaurant[58]" classname="uk.ac.ed.inf.OrderValidatorTest" time="0.001"/>
  <testcase name="testPizzasFromSameRestaurant[59]" classname="uk.ac.ed.inf.OrderValidatorTest" time="0"/>
  <testcase name="testPizzasFromSameRestaurant[60]" classname="uk.ac.ed.inf.OrderValidatorTest" time="0.001"/>
  <testcase name="testPizzasFromSameRestaurant[61]" classname="uk.ac.ed.inf.OrderValidatorTest" time="0"/>
  <testcase name="testPizzasFromSameRestaurant[62]" classname="uk.ac.ed.inf.OrderValidatorTest" time="0"/>
  <testcase name="testPizzasFromSameRestaurant[63]" classname="uk.ac.ed.inf.OrderValidatorTest" time="0.001"/>
  <testcase name="testPizzasFromSameRestaurant[64]" classname="uk.ac.ed.inf.OrderValidatorTest" time="0"/>
  <testcase name="testPizzasFromSameRestaurant[65]" classname="uk.ac.ed.inf.OrderValidatorTest" time="0"/>
  <testcase name="testPizzasFromSameRestaurant[66]" classname="uk.ac.ed.inf.OrderValidatorTest" time="0.001"/>
  <testcase name="testPizzasFromSameRestaurant[67]" classname="uk.ac.ed.inf.OrderValidatorTest" time="0"/>
  <testcase name="testPizzasFromSameRestaurant[68]" classname="uk.ac.ed.inf.OrderValidatorTest" time="0"/>
  <testcase name="testPizzasFromSameRestaurant[69]" classname="uk.ac.ed.inf.OrderValidatorTest" time="0"/>
  <testcase name="testPizzasFromSameRestaurant[70]" classname="uk.ac.ed.inf.OrderValidatorTest" time="0"/>
  <testcase name="testPizzasFromSameRestaurant[71]" classname="uk.ac.ed.inf.OrderValidatorTest" time="0.001"/>
  <testcase name="testPizzasFromSameRestaurant[72]" classname="uk.ac.ed.inf.OrderValidatorTest" time="0"/>
  <testcase name="testPizzasFromSameRestaurant[73]" classname="uk.ac.ed.inf.OrderValidatorTest" time="0"/>
  <testcase name="testPizzasFromSameRestaurant[74]" classname="uk.ac.ed.inf.OrderValidatorTest" time="0.001"/>
  <testcase name="testPizzasFromSameRestaurant[75]" classname="uk.ac.ed.inf.OrderValidatorTest" time="0"/>
  <testcase name="testPizzasFromSameRestaurant[76]" classname="uk.ac.ed.inf.OrderValidatorTest" time="0.001"/>
  <testcase name="testPizzasFromSameRestaurant[77]" classname="uk.ac.ed.inf.OrderValidatorTest" time="0"/>
  <testcase name="testPizzasFromSameRestaurant[78]" classname="uk.ac.ed.inf.OrderValidatorTest" time="0"/>
  <testcase name="testPizzasFromSameRestaurant[79]" classname="uk.ac.ed.inf.OrderValidatorTest" time="0.001"/>
  <testcase name="testPizzasFromSameRestaurant[80]" classname="uk.ac.ed.inf.OrderValidatorTest" time="0"/>
  <testcase name="testPizzasFromSameRestaurant[81]" classname="uk.ac.ed.inf.OrderValidatorTest" time="0"/>
  <testcase name="testPizzasFromSameRestaurant[82]" classname="uk.ac.ed.inf.OrderValidatorTest" time="0.001"/>
  <testcase name="testPizzasFromSameRestaurant[83]" classname="uk.ac.ed.inf.OrderValidatorTest" time="0"/>
  <testcase name="testPizzasFromSameRestaurant[84]" classname="uk.ac.ed.inf.OrderValidatorTest" time="0"/>
  <testcase name="testPizzasFromSameRestaurant[85]" classname="uk.ac.ed.inf.OrderValidatorTest" time="0.001"/>
  <testcase name="testPizzasFromSameRestaurant[86]" classname="uk.ac.ed.inf.OrderValidatorTest" time="0"/>
  <testcase name="testPizzasFromSameRestaurant[87]" classname="uk.ac.ed.inf.OrderValidatorTest" time="0.001"/>
  <testcase name="testPizzasFromSameRestaurant[88]" classname="uk.ac.ed.inf.OrderValidatorTest" time="0"/>
  <testcase name="testPizzasFromSameRestaurant[89]" classname="uk.ac.ed.inf.OrderValidatorTest" time="0"/>
  <testcase name="testPizzasFromSameRestaurant[90]" classname="uk.ac.ed.inf.OrderValidatorTest" time="0.001"/>
  <testcase name="testPizzasFromSameRestaurant[91]" classname="uk.ac.ed.inf.OrderValidatorTest" time="0"/>
  <testcase name="testPizzasFromSameRestaurant[92]" classname="uk.ac.ed.inf.OrderValidatorTest" time="0"/>
  <testcase name="testPizzasFromSameRestaurant[93]" classname="uk.ac.ed.inf.OrderValidatorTest" time="0.001"/>
  <testcase name="testPizzasFromSameRestaurant[94]" classname="uk.ac.ed.inf.OrderValidatorTest" time="0"/>
  <testcase name="testPizzasFromSameRestaurant[95]" classname="uk.ac.ed.inf.OrderValidatorTest" time="0"/>
  <testcase name="testPizzasFromSameRestaurant[96]" classname="uk.ac.ed.inf.OrderValidatorTest" time="0.001"/>
  <testcase name="testPizzasFromSameRestaurant[97]" classname="uk.ac.ed.inf.OrderValidatorTest" time="0"/>
  <testcase name="testPizzasFromSameRestaurant[98]" classname="uk.ac.ed.inf.OrderValidatorTest" time="0"/>
  <testcase name="testPizzasFromSameRestaurant[99]" classname="uk.ac.ed.inf.OrderValidatorTest" time="0.001"/>
  <testcase name="testPizzasFromSameRestaurant[100]" classname="uk.ac.ed.inf.OrderValidatorTest" time="0"/>
  <testcase name="testCreditCardExpiryDateEmptyString[1]" classname="uk.ac.ed.inf.OrderValidatorTest" time="0.001"/>
  <testcase name="testCreditCardExpiryDateEmptyString[2]" classname="uk.ac.ed.inf.OrderValidatorTest" time="0"/>
  <testcase name="testCreditCardExpiryDateEmptyString[3]" classname="uk.ac.ed.inf.OrderValidatorTest" time="0"/>
  <testcase name="testCreditCardExpiryDateEmptyString[4]" classname="uk.ac.ed.inf.OrderValidatorTest" time="0"/>
  <testcase name="testCreditCardExpiryDateEmptyString[5]" classname="uk.ac.ed.inf.OrderValidatorTest" time="0.001"/>
  <testcase name="testCreditCardExpiryDateEmptyString[6]" classname="uk.ac.ed.inf.OrderValidatorTest" time="0"/>
  <testcase name="testCreditCardExpiryDateEmptyString[7]" classname="uk.ac.ed.inf.OrderValidatorTest" time="0"/>
  <testcase name="testCreditCardExpiryDateEmptyString[8]" classname="uk.ac.ed.inf.OrderValidatorTest" time="0.001"/>
  <testcase name="testCreditCardExpiryDateEmptyString[9]" classname="uk.ac.ed.inf.OrderValidatorTest" time="0"/>
  <testcase name="testCreditCardExpiryDateEmptyString[10]" classname="uk.ac.ed.inf.OrderValidatorTest" time="0"/>
  <testcase name="testCreditCardExpiryDateEmptyString[11]" classname="uk.ac.ed.inf.OrderValidatorTest" time="0.001"/>
  <testcase name="testCreditCardExpiryDateEmptyString[12]" classname="uk.ac.ed.inf.OrderValidatorTest" time="0"/>
  <testcase name="testCreditCardExpiryDateEmptyString[13]" classname="uk.ac.ed.inf.OrderValidatorTest" time="0"/>
  <testcase name="testCreditCardExpiryDateEmptyString[14]" classname="uk.ac.ed.inf.OrderValidatorTest" time="0.001"/>
  <testcase name="testCreditCardExpiryDateEmptyString[15]" classname="uk.ac.ed.inf.OrderValidatorTest" time="0"/>
  <testcase name="testCreditCardExpiryDateEmptyString[16]" classname="uk.ac.ed.inf.OrderValidatorTest" time="0"/>
  <testcase name="testCreditCardExpiryDateEmptyString[17]" classname="uk.ac.ed.inf.OrderValidatorTest" time="0"/>
  <testcase name="testCreditCardExpiryDateEmptyString[18]" classname="uk.ac.ed.inf.OrderValidatorTest" time="0.001"/>
  <testcase name="testCreditCardExpiryDateEmptyString[19]" classname="uk.ac.ed.inf.OrderValidatorTest" time="0"/>
  <testcase name="testCreditCardExpiryDateEmptyString[20]" classname="uk.ac.ed.inf.OrderValidatorTest" time="0"/>
  <testcase name="testCreditCardExpiryDateEmptyString[21]" classname="uk.ac.ed.inf.OrderValidatorTest" time="0.001"/>
  <testcase name="testCreditCardExpiryDateEmptyString[22]" classname="uk.ac.ed.inf.OrderValidatorTest" time="0"/>
  <testcase name="testCreditCardExpiryDateEmptyString[23]" classname="uk.ac.ed.inf.OrderValidatorTest" time="0"/>
  <testcase name="testCreditCardExpiryDateEmptyString[24]" classname="uk.ac.ed.inf.OrderValidatorTest" time="0.001"/>
  <testcase name="testCreditCardExpiryDateEmptyString[25]" classname="uk.ac.ed.inf.OrderValidatorTest" time="0"/>
  <testcase name="testCreditCardExpiryDateEmptyString[26]" classname="uk.ac.ed.inf.OrderValidatorTest" time="0"/>
  <testcase name="testCreditCardExpiryDateEmptyString[27]" classname="uk.ac.ed.inf.OrderValidatorTest" time="0"/>
  <testcase name="testCreditCardExpiryDateEmptyString[28]" classname="uk.ac.ed.inf.OrderValidatorTest" time="0.001"/>
  <testcase name="testCreditCardExpiryDateEmptyString[29]" classname="uk.ac.ed.inf.OrderValidatorTest" time="0"/>
  <testcase name="testCreditCardExpiryDateEmptyString[30]" classname="uk.ac.ed.inf.OrderValidatorTest" time="0"/>
  <testcase name="testCreditCardExpiryDateEmptyString[31]" classname="uk.ac.ed.inf.OrderValidatorTest" time="0.001"/>
  <testcase name="testCreditCardExpiryDateEmptyString[32]" classname="uk.ac.ed.inf.OrderValidatorTest" time="0"/>
  <testcase name="testCreditCardExpiryDateEmptyString[33]" classname="uk.ac.ed.inf.OrderValidatorTest" time="0"/>
  <testcase name="testCreditCardExpiryDateEmptyString[34]" classname="uk.ac.ed.inf.OrderValidatorTest" time="0"/>
  <testcase name="testCreditCardExpiryDateEmptyString[35]" classname="uk.ac.ed.inf.OrderValidatorTest" time="0.001"/>
  <testcase name="testCreditCardExpiryDateEmptyString[36]" classname="uk.ac.ed.inf.OrderValidatorTest" time="0"/>
  <testcase name="testCreditCardExpiryDateEmptyString[37]" classname="uk.ac.ed.inf.OrderValidatorTest" time="0.001"/>
  <testcase name="testCreditCardExpiryDateEmptyString[38]" classname="uk.ac.ed.inf.OrderValidatorTest" time="0"/>
  <testcase name="testCreditCardExpiryDateEmptyString[39]" classname="uk.ac.ed.inf.OrderValidatorTest" time="0"/>
  <testcase name="testCreditCardExpiryDateEmptyString[40]" classname="uk.ac.ed.inf.OrderValidatorTest" time="0"/>
  <testcase name="testCreditCardExpiryDateEmptyString[41]" classname="uk.ac.ed.inf.OrderValidatorTest" time="0.001"/>
  <testcase name="testCreditCardExpiryDateEmptyString[42]" classname="uk.ac.ed.inf.OrderValidatorTest" time="0"/>
  <testcase name="testCreditCardExpiryDateEmptyString[43]" classname="uk.ac.ed.inf.OrderValidatorTest" time="0"/>
  <testcase name="testCreditCardExpiryDateEmptyString[44]" classname="uk.ac.ed.inf.OrderValidatorTest" time="0.001"/>
  <testcase name="testCreditCardExpiryDateEmptyString[45]" classname="uk.ac.ed.inf.OrderValidatorTest" time="0"/>
  <testcase name="testCreditCardExpiryDateEmptyString[46]" classname="uk.ac.ed.inf.OrderValidatorTest" time="0"/>
  <testcase name="testCreditCardExpiryDateEmptyString[47]" classname="uk.ac.ed.inf.OrderValidatorTest" time="0"/>
  <testcase name="testCreditCardExpiryDateEmptyString[48]" classname="uk.ac.ed.inf.OrderValidatorTest" time="0.001"/>
  <testcase name="testCreditCardExpiryDateEmptyString[49]" classname="uk.ac.ed.inf.OrderValidatorTest" time="0"/>
  <testcase name="testCreditCardExpiryDateEmptyString[50]" classname="uk.ac.ed.inf.OrderValidatorTest" time="0"/>
  <testcase name="testCreditCardExpiryDateEmptyString[51]" classname="uk.ac.ed.inf.OrderValidatorTest" time="0.001"/>
  <testcase name="testCreditCardExpiryDateEmptyString[52]" classname="uk.ac.ed.inf.OrderValidatorTest" time="0"/>
  <testcase name="testCreditCardExpiryDateEmptyString[53]" classname="uk.ac.ed.inf.OrderValidatorTest" time="0"/>
  <testcase name="testCreditCardExpiryDateEmptyString[54]" classname="uk.ac.ed.inf.OrderValidatorTest" time="0"/>
  <testcase name="testCreditCardExpiryDateEmptyString[55]" classname="uk.ac.ed.inf.OrderValidatorTest" time="0.001"/>
  <testcase name="testCreditCardExpiryDateEmptyString[56]" classname="uk.ac.ed.inf.OrderValidatorTest" time="0"/>
  <testcase name="testCreditCardExpiryDateEmptyString[57]" classname="uk.ac.ed.inf.OrderValidatorTest" time="0"/>
  <testcase name="testCreditCardExpiryDateEmptyString[58]" classname="uk.ac.ed.inf.OrderValidatorTest" time="0.001"/>
  <testcase name="testCreditCardExpiryDateEmptyString[59]" classname="uk.ac.ed.inf.OrderValidatorTest" time="0"/>
  <testcase name="testCreditCardExpiryDateEmptyString[60]" classname="uk.ac.ed.inf.OrderValidatorTest" time="0"/>
  <testcase name="testCreditCardExpiryDateEmptyString[61]" classname="uk.ac.ed.inf.OrderValidatorTest" time="0.001"/>
  <testcase name="testCreditCardExpiryDateEmptyString[62]" classname="uk.ac.ed.inf.OrderValidatorTest" time="0"/>
  <testcase name="testCreditCardExpiryDateEmptyString[63]" classname="uk.ac.ed.inf.OrderValidatorTest" time="0"/>
  <testcase name="testCreditCardExpiryDateEmptyString[64]" classname="uk.ac.ed.inf.OrderValidatorTest" time="0.001"/>
  <testcase name="testCreditCardExpiryDateEmptyString[65]" classname="uk.ac.ed.inf.OrderValidatorTest" time="0"/>
  <testcase name="testCreditCardExpiryDateEmptyString[66]" classname="uk.ac.ed.inf.OrderValidatorTest" time="0"/>
  <testcase name="testCreditCardExpiryDateEmptyString[67]" classname="uk.ac.ed.inf.OrderValidatorTest" time="0"/>
  <testcase name="testCreditCardExpiryDateEmptyString[68]" classname="uk.ac.ed.inf.OrderValidatorTest" time="0.001"/>
  <testcase name="testCreditCardExpiryDateEmptyString[69]" classname="uk.ac.ed.inf.OrderValidatorTest" time="0"/>
  <testcase name="testCreditCardExpiryDateEmptyString[70]" classname="uk.ac.ed.inf.OrderValidatorTest" time="0"/>
  <testcase name="testCreditCardExpiryDateEmptyString[71]" classname="uk.ac.ed.inf.OrderValidatorTest" time="0.001"/>
  <testcase name="testCreditCardExpiryDateEmptyString[72]" classname="uk.ac.ed.inf.OrderValidatorTest" time="0"/>
  <testcase name="testCreditCardExpiryDateEmptyString[73]" classname="uk.ac.ed.inf.OrderValidatorTest" time="0"/>
  <testcase name="testCreditCardExpiryDateEmptyString[74]" classname="uk.ac.ed.inf.OrderValidatorTest" time="0.001"/>
  <testcase name="testCreditCardExpiryDateEmptyString[75]" classname="uk.ac.ed.inf.OrderValidatorTest" time="0"/>
  <testcase name="testCreditCardExpiryDateEmptyString[76]" classname="uk.ac.ed.inf.OrderValidatorTest" time="0"/>
  <testcase name="testCreditCardExpiryDateEmptyString[77]" classname="uk.ac.ed.inf.OrderValidatorTest" time="0.001"/>
  <testcase name="testCreditCardExpiryDateEmptyString[78]" classname="uk.ac.ed.inf.OrderValidatorTest" time="0"/>
  <testcase name="testCreditCardExpiryDateEmptyString[79]" classname="uk.ac.ed.inf.OrderValidatorTest" time="0"/>
  <testcase name="testCreditCardExpiryDateEmptyString[80]" classname="uk.ac.ed.inf.OrderValidatorTest" time="0.001"/>
  <testcase name="testCreditCardExpiryDateEmptyString[81]" classname="uk.ac.ed.inf.OrderValidatorTest" time="0"/>
  <testcase name="testCreditCardExpiryDateEmptyString[82]" classname="uk.ac.ed.inf.OrderValidatorTest" time="0"/>
  <testcase name="testCreditCardExpiryDateEmptyString[83]" classname="uk.ac.ed.inf.OrderValidatorTest" time="0"/>
  <testcase name="testCreditCardExpiryDateEmptyString[84]" classname="uk.ac.ed.inf.OrderValidatorTest" time="0.001"/>
  <testcase name="testCreditCardExpiryDateEmptyString[85]" classname="uk.ac.ed.inf.OrderValidatorTest" time="0"/>
  <testcase name="testCreditCardExpiryDateEmptyString[86]" classname="uk.ac.ed.inf.OrderValidatorTest" time="0"/>
  <testcase name="testCreditCardExpiryDateEmptyString[87]" classname="uk.ac.ed.inf.OrderValidatorTest" time="0.001"/>
  <testcase name="testCreditCardExpiryDateEmptyString[88]" classname="uk.ac.ed.inf.OrderValidatorTest" time="0"/>
  <testcase name="testCreditCardExpiryDateEmptyString[89]" classname="uk.ac.ed.inf.OrderValidatorTest" time="0"/>
  <testcase name="testCreditCardExpiryDateEmptyString[90]" classname="uk.ac.ed.inf.OrderValidatorTest" time="0"/>
  <testcase name="testCreditCardExpiryDateEmptyString[91]" classname="uk.ac.ed.inf.OrderValidatorTest" time="0.001"/>
  <testcase name="testCreditCardExpiryDateEmptyString[92]" classname="uk.ac.ed.inf.OrderValidatorTest" time="0"/>
  <testcase name="testCreditCardExpiryDateEmptyString[93]" classname="uk.ac.ed.inf.OrderValidatorTest" time="0"/>
  <testcase name="testCreditCardExpiryDateEmptyString[94]" classname="uk.ac.ed.inf.OrderValidatorTest" time="0.001"/>
  <testcase name="testCreditCardExpiryDateEmptyString[95]" classname="uk.ac.ed.inf.OrderValidatorTest" time="0"/>
  <testcase name="testCreditCardExpiryDateEmptyString[96]" classname="uk.ac.ed.inf.OrderValidatorTest" time="0"/>
  <testcase name="testCreditCardExpiryDateEmptyString[97]" classname="uk.ac.ed.inf.OrderValidatorTest" time="0.001"/>
  <testcase name="testCreditCardExpiryDateEmptyString[98]" classname="uk.ac.ed.inf.OrderValidatorTest" time="0"/>
  <testcase name="testCreditCardExpiryDateEmptyString[99]" classname="uk.ac.ed.inf.OrderValidatorTest" time="0"/>
  <testcase name="testCreditCardExpiryDateEmptyString[100]" classname="uk.ac.ed.inf.OrderValidatorTest" time="0"/>
  <testcase name="testCreditCardCExpiryDate4NumbersRandomSeparator[1]" classname="uk.ac.ed.inf.OrderValidatorTest" time="0.001"/>
  <testcase name="testCreditCardCExpiryDate4NumbersRandomSeparator[2]" classname="uk.ac.ed.inf.OrderValidatorTest" time="0"/>
  <testcase name="testCreditCardCExpiryDate4NumbersRandomSeparator[3]" classname="uk.ac.ed.inf.OrderValidatorTest" time="0"/>
  <testcase name="testCreditCardCExpiryDate4NumbersRandomSeparator[4]" classname="uk.ac.ed.inf.OrderValidatorTest" time="0.001"/>
  <testcase name="testCreditCardCExpiryDate4NumbersRandomSeparator[5]" classname="uk.ac.ed.inf.OrderValidatorTest" time="0"/>
  <testcase name="testCreditCardCExpiryDate4NumbersRandomSeparator[6]" classname="uk.ac.ed.inf.OrderValidatorTest" time="0"/>
  <testcase name="testCreditCardCExpiryDate4NumbersRandomSeparator[7]" classname="uk.ac.ed.inf.OrderValidatorTest" time="0.001"/>
  <testcase name="testCreditCardCExpiryDate4NumbersRandomSeparator[8]" classname="uk.ac.ed.inf.OrderValidatorTest" time="0"/>
  <testcase name="testCreditCardCExpiryDate4NumbersRandomSeparator[9]" classname="uk.ac.ed.inf.OrderValidatorTest" time="0"/>
  <testcase name="testCreditCardCExpiryDate4NumbersRandomSeparator[10]" classname="uk.ac.ed.inf.OrderValidatorTest" time="0"/>
  <testcase name="testCreditCardCExpiryDate4NumbersRandomSeparator[11]" classname="uk.ac.ed.inf.OrderValidatorTest" time="0.001"/>
  <testcase name="testCreditCardCExpiryDate4NumbersRandomSeparator[12]" classname="uk.ac.ed.inf.OrderValidatorTest" time="0"/>
  <testcase name="testCreditCardCExpiryDate4NumbersRandomSeparator[13]" classname="uk.ac.ed.inf.OrderValidatorTest" time="0.001"/>
  <testcase name="testCreditCardCExpiryDate4NumbersRandomSeparator[14]" classname="uk.ac.ed.inf.OrderValidatorTest" time="0"/>
  <testcase name="testCreditCardCExpiryDate4NumbersRandomSeparator[15]" classname="uk.ac.ed.inf.OrderValidatorTest" time="0"/>
  <testcase name="testCreditCardCExpiryDate4NumbersRandomSeparator[16]" classname="uk.ac.ed.inf.OrderValidatorTest" time="0"/>
  <testcase name="testCreditCardCExpiryDate4NumbersRandomSeparator[17]" classname="uk.ac.ed.inf.OrderValidatorTest" time="0.001"/>
  <testcase name="testCreditCardCExpiryDate4NumbersRandomSeparator[18]" classname="uk.ac.ed.inf.OrderValidatorTest" time="0"/>
  <testcase name="testCreditCardCExpiryDate4NumbersRandomSeparator[19]" classname="uk.ac.ed.inf.OrderValidatorTest" time="0"/>
  <testcase name="testCreditCardCExpiryDate4NumbersRandomSeparator[20]" classname="uk.ac.ed.inf.OrderValidatorTest" time="0.001"/>
  <testcase name="testCreditCardCExpiryDate4NumbersRandomSeparator[21]" classname="uk.ac.ed.inf.OrderValidatorTest" time="0"/>
  <testcase name="testCreditCardCExpiryDate4NumbersRandomSeparator[22]" classname="uk.ac.ed.inf.OrderValidatorTest" time="0"/>
  <testcase name="testCreditCardCExpiryDate4NumbersRandomSeparator[23]" classname="uk.ac.ed.inf.OrderValidatorTest" time="0.001"/>
  <testcase name="testCreditCardCExpiryDate4NumbersRandomSeparator[24]" classname="uk.ac.ed.inf.OrderValidatorTest" time="0"/>
  <testcase name="testCreditCardCExpiryDate4NumbersRandomSeparator[25]" classname="uk.ac.ed.inf.OrderValidatorTest" time="0"/>
  <testcase name="testCreditCardCExpiryDate4NumbersRandomSeparator[26]" classname="uk.ac.ed.inf.OrderValidatorTest" time="0.001"/>
  <testcase name="testCreditCardCExpiryDate4NumbersRandomSeparator[27]" classname="uk.ac.ed.inf.OrderValidatorTest" time="0"/>
  <testcase name="testCreditCardCExpiryDate4NumbersRandomSeparator[28]" classname="uk.ac.ed.inf.OrderValidatorTest" time="0"/>
  <testcase name="testCreditCardCExpiryDate4NumbersRandomSeparator[29]" classname="uk.ac.ed.inf.OrderValidatorTest" time="0.001"/>
  <testcase name="testCreditCardCExpiryDate4NumbersRandomSeparator[30]" classname="uk.ac.ed.inf.OrderValidatorTest" time="0"/>
  <testcase name="testCreditCardCExpiryDate4NumbersRandomSeparator[31]" classname="uk.ac.ed.inf.OrderValidatorTest" time="0"/>
  <testcase name="testCreditCardCExpiryDate4NumbersRandomSeparator[32]" classname="uk.ac.ed.inf.OrderValidatorTest" time="0.001"/>
  <testcase name="testCreditCardCExpiryDate4NumbersRandomSeparator[33]" classname="uk.ac.ed.inf.OrderValidatorTest" time="0"/>
  <testcase name="testCreditCardCExpiryDate4NumbersRandomSeparator[34]" classname="uk.ac.ed.inf.OrderValidatorTest" time="0"/>
  <testcase name="testCreditCardCExpiryDate4NumbersRandomSeparator[35]" classname="uk.ac.ed.inf.OrderValidatorTest" time="0.001"/>
  <testcase name="testCreditCardCExpiryDate4NumbersRandomSeparator[36]" classname="uk.ac.ed.inf.OrderValidatorTest" time="0"/>
  <testcase name="testCreditCardCExpiryDate4NumbersRandomSeparator[37]" classname="uk.ac.ed.inf.OrderValidatorTest" time="0"/>
  <testcase name="testCreditCardCExpiryDate4NumbersRandomSeparator[38]" classname="uk.ac.ed.inf.OrderValidatorTest" time="0"/>
  <testcase name="testCreditCardCExpiryDate4NumbersRandomSeparator[39]" classname="uk.ac.ed.inf.OrderValidatorTest" time="0.001"/>
  <testcase name="testCreditCardCExpiryDate4NumbersRandomSeparator[40]" classname="uk.ac.ed.inf.OrderValidatorTest" time="0"/>
  <testcase name="testCreditCardCExpiryDate4NumbersRandomSeparator[41]" classname="uk.ac.ed.inf.OrderValidatorTest" time="0"/>
  <testcase name="testCreditCardCExpiryDate4NumbersRandomSeparator[42]" classname="uk.ac.ed.inf.OrderValidatorTest" time="0.001"/>
  <testcase name="testCreditCardCExpiryDate4NumbersRandomSeparator[43]" classname="uk.ac.ed.inf.OrderValidatorTest" time="0"/>
  <testcase name="testCreditCardCExpiryDate4NumbersRandomSeparator[44]" classname="uk.ac.ed.inf.OrderValidatorTest" time="0"/>
  <testcase name="testCreditCardCExpiryDate4NumbersRandomSeparator[45]" classname="uk.ac.ed.inf.OrderValidatorTest" time="0.001"/>
  <testcase name="testCreditCardCExpiryDate4NumbersRandomSeparator[46]" classname="uk.ac.ed.inf.OrderValidatorTest" time="0"/>
  <testcase name="testCreditCardCExpiryDate4NumbersRandomSeparator[47]" classname="uk.ac.ed.inf.OrderValidatorTest" time="0"/>
  <testcase name="testCreditCardCExpiryDate4NumbersRandomSeparator[48]" classname="uk.ac.ed.inf.OrderValidatorTest" time="0.001"/>
  <testcase name="testCreditCardCExpiryDate4NumbersRandomSeparator[49]" classname="uk.ac.ed.inf.OrderValidatorTest" time="0"/>
  <testcase name="testCreditCardCExpiryDate4NumbersRandomSeparator[50]" classname="uk.ac.ed.inf.OrderValidatorTest" time="0"/>
  <testcase name="testCreditCardCExpiryDate4NumbersRandomSeparator[51]" classname="uk.ac.ed.inf.OrderValidatorTest" time="0"/>
  <testcase name="testCreditCardCExpiryDate4NumbersRandomSeparator[52]" classname="uk.ac.ed.inf.OrderValidatorTest" time="0.001"/>
  <testcase name="testCreditCardCExpiryDate4NumbersRandomSeparator[53]" classname="uk.ac.ed.inf.OrderValidatorTest" time="0"/>
  <testcase name="testCreditCardCExpiryDate4NumbersRandomSeparator[54]" classname="uk.ac.ed.inf.OrderValidatorTest" time="0"/>
  <testcase name="testCreditCardCExpiryDate4NumbersRandomSeparator[55]" classname="uk.ac.ed.inf.OrderValidatorTest" time="0.001"/>
  <testcase name="testCreditCardCExpiryDate4NumbersRandomSeparator[56]" classname="uk.ac.ed.inf.OrderValidatorTest" time="0"/>
  <testcase name="testCreditCardCExpiryDate4NumbersRandomSeparator[57]" classname="uk.ac.ed.inf.OrderValidatorTest" time="0"/>
  <testcase name="testCreditCardCExpiryDate4NumbersRandomSeparator[58]" classname="uk.ac.ed.inf.OrderValidatorTest" time="0.001"/>
  <testcase name="testCreditCardCExpiryDate4NumbersRandomSeparator[59]" classname="uk.ac.ed.inf.OrderValidatorTest" time="0"/>
  <testcase name="testCreditCardCExpiryDate4NumbersRandomSeparator[60]" classname="uk.ac.ed.inf.OrderValidatorTest" time="0"/>
  <testcase name="testCreditCardCExpiryDate4NumbersRandomSeparator[61]" classname="uk.ac.ed.inf.OrderValidatorTest" time="0"/>
  <testcase name="testCreditCardCExpiryDate4NumbersRandomSeparator[62]" classname="uk.ac.ed.inf.OrderValidatorTest" time="0"/>
  <testcase name="testCreditCardCExpiryDate4NumbersRandomSeparator[63]" classname="uk.ac.ed.inf.OrderValidatorTest" time="0"/>
  <testcase name="testCreditCardCExpiryDate4NumbersRandomSeparator[64]" classname="uk.ac.ed.inf.OrderValidatorTest" time="0.001"/>
  <testcase name="testCreditCardCExpiryDate4NumbersRandomSeparator[65]" classname="uk.ac.ed.inf.OrderValidatorTest" time="0"/>
  <testcase name="testCreditCardCExpiryDate4NumbersRandomSeparator[66]" classname="uk.ac.ed.inf.OrderValidatorTest" time="0"/>
  <testcase name="testCreditCardCExpiryDate4NumbersRandomSeparator[67]" classname="uk.ac.ed.inf.OrderValidatorTest" time="0"/>
  <testcase name="testCreditCardCExpiryDate4NumbersRandomSeparator[68]" classname="uk.ac.ed.inf.OrderValidatorTest" time="0.001"/>
  <testcase name="testCreditCardCExpiryDate4NumbersRandomSeparator[69]" classname="uk.ac.ed.inf.OrderValidatorTest" time="0"/>
  <testcase name="testCreditCardCExpiryDate4NumbersRandomSeparator[70]" classname="uk.ac.ed.inf.OrderValidatorTest" time="0"/>
  <testcase name="testCreditCardCExpiryDate4NumbersRandomSeparator[71]" classname="uk.ac.ed.inf.OrderValidatorTest" time="0.001"/>
  <testcase name="testCreditCardCExpiryDate4NumbersRandomSeparator[72]" classname="uk.ac.ed.inf.OrderValidatorTest" time="0"/>
  <testcase name="testCreditCardCExpiryDate4NumbersRandomSeparator[73]" classname="uk.ac.ed.inf.OrderValidatorTest" time="0"/>
  <testcase name="testCreditCardCExpiryDate4NumbersRandomSeparator[74]" classname="uk.ac.ed.inf.OrderValidatorTest" time="0.001"/>
  <testcase name="testCreditCardCExpiryDate4NumbersRandomSeparator[75]" classname="uk.ac.ed.inf.OrderValidatorTest" time="0"/>
  <testcase name="testCreditCardCExpiryDate4NumbersRandomSeparator[76]" classname="uk.ac.ed.inf.OrderValidatorTest" time="0"/>
  <testcase name="testCreditCardCExpiryDate4NumbersRandomSeparator[77]" classname="uk.ac.ed.inf.OrderValidatorTest" time="0.001"/>
  <testcase name="testCreditCardCExpiryDate4NumbersRandomSeparator[78]" classname="uk.ac.ed.inf.OrderValidatorTest" time="0"/>
  <testcase name="testCreditCardCExpiryDate4NumbersRandomSeparator[79]" classname="uk.ac.ed.inf.OrderValidatorTest" time="0"/>
  <testcase name="testCreditCardCExpiryDate4NumbersRandomSeparator[80]" classname="uk.ac.ed.inf.OrderValidatorTest" time="0"/>
  <testcase name="testCreditCardCExpiryDate4NumbersRandomSeparator[81]" classname="uk.ac.ed.inf.OrderValidatorTest" time="0.001"/>
  <testcase name="testCreditCardCExpiryDate4NumbersRandomSeparator[82]" classname="uk.ac.ed.inf.OrderValidatorTest" time="0"/>
  <testcase name="testCreditCardCExpiryDate4NumbersRandomSeparator[83]" classname="uk.ac.ed.inf.OrderValidatorTest" time="0"/>
  <testcase name="testCreditCardCExpiryDate4NumbersRandomSeparator[84]" classname="uk.ac.ed.inf.OrderValidatorTest" time="0.001"/>
  <testcase name="testCreditCardCExpiryDate4NumbersRandomSeparator[85]" classname="uk.ac.ed.inf.OrderValidatorTest" time="0"/>
  <testcase name="testCreditCardCExpiryDate4NumbersRandomSeparator[86]" classname="uk.ac.ed.inf.OrderValidatorTest" time="0"/>
  <testcase name="testCreditCardCExpiryDate4NumbersRandomSeparator[87]" classname="uk.ac.ed.inf.OrderValidatorTest" time="0"/>
  <testcase name="testCreditCardCExpiryDate4NumbersRandomSeparator[88]" classname="uk.ac.ed.inf.OrderValidatorTest" time="0.001"/>
  <testcase name="testCreditCardCExpiryDate4NumbersRandomSeparator[89]" classname="uk.ac.ed.inf.OrderValidatorTest" time="0"/>
  <testcase name="testCreditCardCExpiryDate4NumbersRandomSeparator[90]" classname="uk.ac.ed.inf.OrderValidatorTest" time="0"/>
  <testcase name="testCreditCardCExpiryDate4NumbersRandomSeparator[91]" classname="uk.ac.ed.inf.OrderValidatorTest" time="0.001"/>
  <testcase name="testCreditCardCExpiryDate4NumbersRandomSeparator[92]" classname="uk.ac.ed.inf.OrderValidatorTest" time="0"/>
  <testcase name="testCreditCardCExpiryDate4NumbersRandomSeparator[93]" classname="uk.ac.ed.inf.OrderValidatorTest" time="0"/>
  <testcase name="testCreditCardCExpiryDate4NumbersRandomSeparator[94]" classname="uk.ac.ed.inf.OrderValidatorTest" time="0.001"/>
  <testcase name="testCreditCardCExpiryDate4NumbersRandomSeparator[95]" classname="uk.ac.ed.inf.OrderValidatorTest" time="0"/>
  <testcase name="testCreditCardCExpiryDate4NumbersRandomSeparator[96]" classname="uk.ac.ed.inf.OrderValidatorTest" time="0"/>
  <testcase name="testCreditCardCExpiryDate4NumbersRandomSeparator[97]" classname="uk.ac.ed.inf.OrderValidatorTest" time="0"/>
  <testcase name="testCreditCardCExpiryDate4NumbersRandomSeparator[98]" classname="uk.ac.ed.inf.OrderValidatorTest" time="0.001"/>
  <testcase name="testCreditCardCExpiryDate4NumbersRandomSeparator[99]" classname="uk.ac.ed.inf.OrderValidatorTest" time="0"/>
  <testcase name="testCreditCardCExpiryDate4NumbersRandomSeparator[100]" classname="uk.ac.ed.inf.OrderValidatorTest" time="0"/>
</testsuite>